Clock: clk
Sources: clk 
Generated: no
Virtual: yes
Propagated: no
Period: 5.200000

===========================================================================
report_clock_properties
============================================================================
Clock                   Period          Waveform
----------------------------------------------------
clk                   5.200000    0.000000  2.600000

===========================================================================
report_clock_latency
============================================================================
Clock clk
rise -> rise
    min     max
0.000000 0.000000 source latency
1.270098         network latency mem_i0/clk1
        1.319079 network latency mem_i1/clk1
---------------
1.270098 1.319079 latency
        0.048981 skew

fall -> fall
    min     max
0.000000 0.000000 source latency
1.046075         network latency mem_i0/clk1
        1.084149 network latency mem_i1/clk1
---------------
1.046075 1.084149 latency
        0.038074 skew



===========================================================================
report_clock_min_period
============================================================================
clk period_min = 3.32 fmax = 300.88
