89. Printing statistics.

=== counter ===

   Number of wires:                 18
   Number of wire bits:             91
   Number of public wires:           8
   Number of public wire bits:      67
   Number of ports:                  6
   Number of port bits:             43
   Number of memories:               0
   Number of memory bits:            0
   Number of processes:              0
   Number of cells:                 41
     $_ANDNOT_                       3
     $_DFF_PP0_                     24
     $_NAND_                         3
     $_NOT_                          1
     $_OR_                           2
     $_XNOR_                         3
     $_XOR_                          4
     ram_256x16                      1

   Area for cell type $_NOT_ is unknown!
   Area for cell type $_NAND_ is unknown!
   Area for cell type $_OR_ is unknown!
   Area for cell type $_XOR_ is unknown!
   Area for cell type $_XNOR_ is unknown!
   Area for cell type $_ANDNOT_ is unknown!
   Area for cell type $_DFF_PP0_ is unknown!
   Area for cell type \ram_256x16 is unknown!

