Using 8 threads…
Using a tile size of (500 µm)²…
Reading /home/lroot/NCO2ram/runs/RUN_2025-03-04_18-59-06/57-magic-streamout/counter.magic.gds ..
Reading /home/lroot/NCO2ram/runs/RUN_2025-03-04_18-59-06/58-klayout-streamout/counter.klayout.gds ..
--- Running XOR for layer 122/16 ---
"input" in: xor.drc:109
    Polygons (raw): 10721 (flat)  31 (hierarchical)
    Elapsed: 0.000s  Memory: 605.00M
"input" in: xor.drc:109
    Polygons (raw): 10721 (flat)  31 (hierarchical)
    Elapsed: 0.000s  Memory: 605.00M
"^" in: xor.drc:109
    Polygons (raw): 0 (flat)  0 (hierarchical)
    Elapsed: 0.110s  Memory: 1149.00M
XOR differences: 0
"output" in: xor.drc:86
    Polygons (raw): 0 (flat)  0 (hierarchical)
    Elapsed: 0.000s  Memory: 1149.00M
--- Running XOR for layer 22/21 ---
"input" in: xor.drc:109
    Polygons (raw): 120152 (flat)  35 (hierarchical)
    Elapsed: 0.000s  Memory: 1149.00M
"input" in: xor.drc:109
    Polygons (raw): 120152 (flat)  35 (hierarchical)
    Elapsed: 0.000s  Memory: 1149.00M
"^" in: xor.drc:109
    Polygons (raw): 0 (flat)  0 (hierarchical)
    Elapsed: 0.560s  Memory: 1149.00M
XOR differences: 0
"output" in: xor.drc:86
    Polygons (raw): 0 (flat)  0 (hierarchical)
    Elapsed: 0.020s  Memory: 1149.00M
--- Running XOR for layer 22/22 ---
"input" in: xor.drc:109
    Polygons (raw): 34848 (flat)  12 (hierarchical)
    Elapsed: 0.000s  Memory: 1149.00M
"input" in: xor.drc:109
    Polygons (raw): 34848 (flat)  12 (hierarchical)
    Elapsed: 0.010s  Memory: 1149.00M
"^" in: xor.drc:109
    Polygons (raw): 0 (flat)  0 (hierarchical)
    Elapsed: 0.150s  Memory: 1173.00M
XOR differences: 0
"output" in: xor.drc:86
    Polygons (raw): 0 (flat)  0 (hierarchical)
    Elapsed: 0.000s  Memory: 1149.00M
--- Running XOR for layer 235/0 ---
"input" in: xor.drc:109
    Polygons (raw): 52272 (flat)  18 (hierarchical)
    Elapsed: 0.000s  Memory: 1149.00M
"input" in: xor.drc:109
    Polygons (raw): 52272 (flat)  18 (hierarchical)
    Elapsed: 0.000s  Memory: 1149.00M
"^" in: xor.drc:109
    Polygons (raw): 0 (flat)  0 (hierarchical)
    Elapsed: 0.600s  Memory: 1149.00M
XOR differences: 0
"output" in: xor.drc:86
    Polygons (raw): 0 (flat)  0 (hierarchical)
    Elapsed: 0.020s  Memory: 1149.00M
--- Running XOR for layer 235/4 ---
"input" in: xor.drc:109
    Polygons (raw): 56437 (flat)  166 (hierarchical)
    Elapsed: 0.000s  Memory: 1149.00M
"input" in: xor.drc:109
    Polygons (raw): 56437 (flat)  166 (hierarchical)
    Elapsed: 0.010s  Memory: 1149.00M
"^" in: xor.drc:109
    Polygons (raw): 0 (flat)  0 (hierarchical)
    Elapsed: 2.480s  Memory: 1157.00M
XOR differences: 0
"output" in: xor.drc:86
    Polygons (raw): 0 (flat)  0 (hierarchical)
    Elapsed: 0.060s  Memory: 1149.00M
--- Running XOR for layer 236/0 ---
"input" in: xor.drc:109
    Polygons (raw): 9130 (flat)  28 (hierarchical)
    Elapsed: 0.000s  Memory: 1149.00M
"input" in: xor.drc:109
    Polygons (raw): 9130 (flat)  28 (hierarchical)
    Elapsed: 0.010s  Memory: 1149.00M
"^" in: xor.drc:109
    Polygons (raw): 0 (flat)  0 (hierarchical)
    Elapsed: 0.390s  Memory: 1157.00M
XOR differences: 0
"output" in: xor.drc:86
    Polygons (raw): 0 (flat)  0 (hierarchical)
    Elapsed: 0.000s  Memory: 1149.00M
--- Running XOR for layer 33/42 ---
"input" in: xor.drc:109
    Polygons (raw): 421080 (flat)  155 (hierarchical)
    Elapsed: 0.000s  Memory: 1149.00M
"input" in: xor.drc:109
    Polygons (raw): 421080 (flat)  155 (hierarchical)
    Elapsed: 0.000s  Memory: 1149.00M
"^" in: xor.drc:109
    Polygons (raw): 0 (flat)  0 (hierarchical)
    Elapsed: 3.770s  Memory: 1157.00M
XOR differences: 0
"output" in: xor.drc:86
    Polygons (raw): 0 (flat)  0 (hierarchical)
    Elapsed: 0.020s  Memory: 1149.00M
--- Running XOR for layer 33/43 ---
"input" in: xor.drc:109
    Polygons (raw): 517968 (flat)  192 (hierarchical)
    Elapsed: 0.000s  Memory: 1149.00M
"input" in: xor.drc:109
    Polygons (raw): 517968 (flat)  192 (hierarchical)
    Elapsed: 0.000s  Memory: 1149.00M
"^" in: xor.drc:109
    Polygons (raw): 0 (flat)  0 (hierarchical)
    Elapsed: 4.630s  Memory: 1149.00M
XOR differences: 0
"output" in: xor.drc:86
    Polygons (raw): 0 (flat)  0 (hierarchical)
    Elapsed: 0.020s  Memory: 1149.00M
--- Running XOR for layer 64/16 ---
"input" in: xor.drc:109
    Polygons (raw): 10721 (flat)  31 (hierarchical)
    Elapsed: 0.000s  Memory: 1149.00M
"input" in: xor.drc:109
    Polygons (raw): 10721 (flat)  31 (hierarchical)
    Elapsed: 0.010s  Memory: 1149.00M
"^" in: xor.drc:109
    Polygons (raw): 0 (flat)  0 (hierarchical)
    Elapsed: 0.120s  Memory: 1157.00M
XOR differences: 0
"output" in: xor.drc:86
    Polygons (raw): 0 (flat)  0 (hierarchical)
    Elapsed: 0.000s  Memory: 1149.00M
--- Running XOR for layer 64/18 ---
"input" in: xor.drc:109
    Polygons (raw): 2 (flat)  1 (hierarchical)
    Elapsed: 0.000s  Memory: 1149.00M
"input" in: xor.drc:109
    Polygons (raw): 2 (flat)  1 (hierarchical)
    Elapsed: 0.000s  Memory: 1149.00M
"^" in: xor.drc:109
    Polygons (raw): 0 (flat)  0 (hierarchical)
    Elapsed: 0.020s  Memory: 1157.00M
XOR differences: 0
"output" in: xor.drc:86
    Polygons (raw): 0 (flat)  0 (hierarchical)
    Elapsed: 0.000s  Memory: 1149.00M
--- Running XOR for layer 64/20 ---
"input" in: xor.drc:109
    Polygons (raw): 31178 (flat)  90 (hierarchical)
    Elapsed: 0.000s  Memory: 1149.00M
"input" in: xor.drc:109
    Polygons (raw): 31178 (flat)  90 (hierarchical)
    Elapsed: 0.000s  Memory: 1149.00M
"^" in: xor.drc:109
    Polygons (raw): 0 (flat)  0 (hierarchical)
    Elapsed: 0.550s  Memory: 1149.00M
XOR differences: 0
"output" in: xor.drc:86
    Polygons (raw): 0 (flat)  0 (hierarchical)
    Elapsed: 0.000s  Memory: 1149.00M
--- Running XOR for layer 64/5 ---
"input" in: xor.drc:109
    Polygons (raw): 0 (flat)  0 (hierarchical)
    Elapsed: 0.000s  Memory: 1149.00M
"input" in: xor.drc:109
    Polygons (raw): 0 (flat)  0 (hierarchical)
    Elapsed: 0.000s  Memory: 1149.00M
"^" in: xor.drc:109
    Polygons (raw): 0 (flat)  0 (hierarchical)
    Elapsed: 0.070s  Memory: 1149.00M
XOR differences: 0
"output" in: xor.drc:86
    Polygons (raw): 0 (flat)  0 (hierarchical)
    Elapsed: 0.000s  Memory: 1149.00M
--- Running XOR for layer 64/59 ---
"input" in: xor.drc:109
    Polygons (raw): 0 (flat)  0 (hierarchical)
    Elapsed: 0.000s  Memory: 1149.00M
"input" in: xor.drc:109
    Polygons (raw): 0 (flat)  0 (hierarchical)
    Elapsed: 0.000s  Memory: 1149.00M
"^" in: xor.drc:109
    Polygons (raw): 0 (flat)  0 (hierarchical)
    Elapsed: 0.070s  Memory: 1149.00M
XOR differences: 0
"output" in: xor.drc:86
    Polygons (raw): 0 (flat)  0 (hierarchical)
    Elapsed: 0.000s  Memory: 1149.00M
--- Running XOR for layer 65/20 ---
"input" in: xor.drc:109
    Polygons (raw): 99878 (flat)  151 (hierarchical)
    Elapsed: 0.000s  Memory: 1149.00M
"input" in: xor.drc:109
    Polygons (raw): 99878 (flat)  151 (hierarchical)
    Elapsed: 0.000s  Memory: 1149.00M
"^" in: xor.drc:109
    Polygons (raw): 0 (flat)  0 (hierarchical)
    Elapsed: 1.020s  Memory: 1157.00M
XOR differences: 0
"output" in: xor.drc:86
    Polygons (raw): 0 (flat)  0 (hierarchical)
    Elapsed: 0.020s  Memory: 1149.00M
--- Running XOR for layer 65/44 ---
"input" in: xor.drc:109
    Polygons (raw): 34600 (flat)  31 (hierarchical)
    Elapsed: 0.000s  Memory: 1149.00M
"input" in: xor.drc:109
    Polygons (raw): 34600 (flat)  31 (hierarchical)
    Elapsed: 0.000s  Memory: 1149.00M
"^" in: xor.drc:109
    Polygons (raw): 0 (flat)  0 (hierarchical)
    Elapsed: 0.380s  Memory: 1165.00M
XOR differences: 0
"output" in: xor.drc:86
    Polygons (raw): 0 (flat)  0 (hierarchical)
    Elapsed: 0.000s  Memory: 1149.00M
--- Running XOR for layer 65/5 ---
"input" in: xor.drc:109
    Polygons (raw): 0 (flat)  0 (hierarchical)
    Elapsed: 0.000s  Memory: 1149.00M
"input" in: xor.drc:109
    Polygons (raw): 0 (flat)  0 (hierarchical)
    Elapsed: 0.000s  Memory: 1149.00M
"^" in: xor.drc:109
    Polygons (raw): 0 (flat)  0 (hierarchical)
    Elapsed: 0.030s  Memory: 1149.00M
XOR differences: 0
"output" in: xor.drc:86
    Polygons (raw): 0 (flat)  0 (hierarchical)
    Elapsed: 0.000s  Memory: 1149.00M
--- Running XOR for layer 66/15 ---
"input" in: xor.drc:109
    Polygons (raw): 4 (flat)  2 (hierarchical)
    Elapsed: 0.000s  Memory: 1149.00M
"input" in: xor.drc:109
    Polygons (raw): 4 (flat)  2 (hierarchical)
    Elapsed: 0.000s  Memory: 1149.00M
"^" in: xor.drc:109
    Polygons (raw): 0 (flat)  0 (hierarchical)
    Elapsed: 0.020s  Memory: 1149.00M
XOR differences: 0
"output" in: xor.drc:86
    Polygons (raw): 0 (flat)  0 (hierarchical)
    Elapsed: 0.000s  Memory: 1149.00M
--- Running XOR for layer 66/20 ---
"input" in: xor.drc:109
    Polygons (raw): 183419 (flat)  1055 (hierarchical)
    Elapsed: 0.000s  Memory: 1149.00M
"input" in: xor.drc:109
    Polygons (raw): 183419 (flat)  1055 (hierarchical)
    Elapsed: 0.000s  Memory: 1149.00M
"^" in: xor.drc:109
    Polygons (raw): 0 (flat)  0 (hierarchical)
    Elapsed: 2.280s  Memory: 1149.00M
XOR differences: 0
"output" in: xor.drc:86
    Polygons (raw): 0 (flat)  0 (hierarchical)
    Elapsed: 0.030s  Memory: 1149.00M
--- Running XOR for layer 66/44 ---
"input" in: xor.drc:109
    Polygons (raw): 434193 (flat)  856 (hierarchical)
    Elapsed: 0.000s  Memory: 1149.00M
"input" in: xor.drc:109
    Polygons (raw): 434193 (flat)  856 (hierarchical)
    Elapsed: 0.000s  Memory: 1149.00M
"^" in: xor.drc:109
    Polygons (raw): 0 (flat)  0 (hierarchical)
    Elapsed: 3.230s  Memory: 1149.00M
XOR differences: 0
"output" in: xor.drc:86
    Polygons (raw): 0 (flat)  0 (hierarchical)
    Elapsed: 0.020s  Memory: 1149.00M
--- Running XOR for layer 66/5 ---
"input" in: xor.drc:109
    Polygons (raw): 0 (flat)  0 (hierarchical)
    Elapsed: 0.000s  Memory: 1149.00M
"input" in: xor.drc:109
    Polygons (raw): 0 (flat)  0 (hierarchical)
    Elapsed: 0.000s  Memory: 1149.00M
"^" in: xor.drc:109
    Polygons (raw): 0 (flat)  0 (hierarchical)
    Elapsed: 0.060s  Memory: 1149.00M
XOR differences: 0
"output" in: xor.drc:86
    Polygons (raw): 0 (flat)  0 (hierarchical)
    Elapsed: 0.000s  Memory: 1149.00M
--- Running XOR for layer 66/83 ---
"input" in: xor.drc:109
    Polygons (raw): 0 (flat)  0 (hierarchical)
    Elapsed: 0.000s  Memory: 1149.00M
"input" in: xor.drc:109
    Polygons (raw): 0 (flat)  0 (hierarchical)
    Elapsed: 0.000s  Memory: 1149.00M
"^" in: xor.drc:109
    Polygons (raw): 0 (flat)  0 (hierarchical)
    Elapsed: 0.060s  Memory: 1149.00M
XOR differences: 0
"output" in: xor.drc:86
    Polygons (raw): 0 (flat)  0 (hierarchical)
    Elapsed: 0.000s  Memory: 1149.00M
--- Running XOR for layer 67/16 ---
"input" in: xor.drc:109
    Polygons (raw): 5087 (flat)  179 (hierarchical)
    Elapsed: 0.000s  Memory: 1149.00M
"input" in: xor.drc:109
    Polygons (raw): 5087 (flat)  179 (hierarchical)
    Elapsed: 0.000s  Memory: 1149.00M
"^" in: xor.drc:109
    Polygons (raw): 0 (flat)  0 (hierarchical)
    Elapsed: 0.070s  Memory: 1149.00M
XOR differences: 0
"output" in: xor.drc:86
    Polygons (raw): 0 (flat)  0 (hierarchical)
    Elapsed: 0.000s  Memory: 1149.00M
--- Running XOR for layer 67/20 ---
"input" in: xor.drc:109
    Polygons (raw): 392335 (flat)  3726 (hierarchical)
    Elapsed: 0.000s  Memory: 1149.00M
"input" in: xor.drc:109
    Polygons (raw): 392335 (flat)  2912 (hierarchical)
    Elapsed: 0.000s  Memory: 1149.00M
"^" in: xor.drc:109
    Polygons (raw): 0 (flat)  0 (hierarchical)
    Elapsed: 4.260s  Memory: 1157.00M
XOR differences: 0
"output" in: xor.drc:86
    Polygons (raw): 0 (flat)  0 (hierarchical)
    Elapsed: 0.020s  Memory: 1149.00M
--- Running XOR for layer 67/44 ---
"input" in: xor.drc:109
    Polygons (raw): 409963 (flat)  1325 (hierarchical)
    Elapsed: 0.000s  Memory: 1149.00M
"input" in: xor.drc:109
    Polygons (raw): 409963 (flat)  511 (hierarchical)
    Elapsed: 0.000s  Memory: 1149.00M
"^" in: xor.drc:109
    Polygons (raw): 0 (flat)  0 (hierarchical)
    Elapsed: 3.250s  Memory: 1149.00M
XOR differences: 0
"output" in: xor.drc:86
    Polygons (raw): 0 (flat)  0 (hierarchical)
    Elapsed: 0.030s  Memory: 1149.00M
--- Running XOR for layer 67/5 ---
"input" in: xor.drc:109
    Polygons (raw): 0 (flat)  0 (hierarchical)
    Elapsed: 0.000s  Memory: 1149.00M
"input" in: xor.drc:109
    Polygons (raw): 0 (flat)  0 (hierarchical)
    Elapsed: 0.000s  Memory: 1149.00M
"^" in: xor.drc:109
    Polygons (raw): 0 (flat)  0 (hierarchical)
    Elapsed: 0.100s  Memory: 1149.00M
XOR differences: 0
"output" in: xor.drc:86
    Polygons (raw): 0 (flat)  0 (hierarchical)
    Elapsed: 0.000s  Memory: 1149.00M
--- Running XOR for layer 68/16 ---
"input" in: xor.drc:109
    Polygons (raw): 78958 (flat)  90 (hierarchical)
    Elapsed: 0.000s  Memory: 1149.00M
"input" in: xor.drc:109
    Polygons (raw): 78958 (flat)  90 (hierarchical)
    Elapsed: 0.000s  Memory: 1149.00M
"^" in: xor.drc:109
    Polygons (raw): 0 (flat)  0 (hierarchical)
    Elapsed: 0.790s  Memory: 1149.00M
XOR differences: 0
"output" in: xor.drc:86
    Polygons (raw): 0 (flat)  0 (hierarchical)
    Elapsed: 0.000s  Memory: 1149.00M
--- Running XOR for layer 68/20 ---
"input" in: xor.drc:109
    Polygons (raw): 402666 (flat)  19884 (hierarchical)
    Elapsed: 0.000s  Memory: 1149.00M
"input" in: xor.drc:109
    Polygons (raw): 402591 (flat)  17546 (hierarchical)
    Elapsed: 0.000s  Memory: 1149.00M
"^" in: xor.drc:109
    Polygons (raw): 0 (flat)  0 (hierarchical)
    Elapsed: 10.300s  Memory: 1149.00M
XOR differences: 0
"output" in: xor.drc:86
    Polygons (raw): 0 (flat)  0 (hierarchical)
    Elapsed: 0.030s  Memory: 1149.00M
--- Running XOR for layer 68/44 ---
"input" in: xor.drc:109
    Polygons (raw): 115705 (flat)  4128 (hierarchical)
    Elapsed: 0.000s  Memory: 1149.00M
"input" in: xor.drc:109
    Polygons (raw): 115705 (flat)  59 (hierarchical)
    Elapsed: 0.000s  Memory: 1149.00M
"^" in: xor.drc:109
    Polygons (raw): 0 (flat)  0 (hierarchical)
    Elapsed: 1.100s  Memory: 1157.00M
XOR differences: 0
"output" in: xor.drc:86
    Polygons (raw): 0 (flat)  0 (hierarchical)
    Elapsed: 0.000s  Memory: 1149.00M
--- Running XOR for layer 68/5 ---
"input" in: xor.drc:109
    Polygons (raw): 75232 (flat)  11350 (hierarchical)
    Elapsed: 0.000s  Memory: 1149.00M
"input" in: xor.drc:109
    Polygons (raw): 75232 (flat)  11350 (hierarchical)
    Elapsed: 0.000s  Memory: 1149.00M
"^" in: xor.drc:109
    Polygons (raw): 0 (flat)  0 (hierarchical)
    Elapsed: 1.540s  Memory: 1157.00M
XOR differences: 0
"output" in: xor.drc:86
    Polygons (raw): 0 (flat)  0 (hierarchical)
    Elapsed: 0.020s  Memory: 1149.00M
--- Running XOR for layer 69/16 ---
"input" in: xor.drc:109
    Polygons (raw): 36180 (flat)  29 (hierarchical)
    Elapsed: 0.000s  Memory: 1149.00M
"input" in: xor.drc:109
    Polygons (raw): 36180 (flat)  29 (hierarchical)
    Elapsed: 0.000s  Memory: 1149.00M
"^" in: xor.drc:109
    Polygons (raw): 0 (flat)  0 (hierarchical)
    Elapsed: 0.260s  Memory: 1149.00M
XOR differences: 0
"output" in: xor.drc:86
    Polygons (raw): 0 (flat)  0 (hierarchical)
    Elapsed: 0.000s  Memory: 1149.00M
--- Running XOR for layer 69/20 ---
"input" in: xor.drc:109
    Polygons (raw): 278594 (flat)  19843 (hierarchical)
    Elapsed: 0.000s  Memory: 1149.00M
"input" in: xor.drc:109
    Polygons (raw): 279926 (flat)  18867 (hierarchical)
    Elapsed: 0.000s  Memory: 1149.00M
"^" in: xor.drc:109
    Polygons (raw): 0 (flat)  0 (hierarchical)
    Elapsed: 4.720s  Memory: 1205.00M
XOR differences: 0
"output" in: xor.drc:86
    Polygons (raw): 0 (flat)  0 (hierarchical)
    Elapsed: 0.020s  Memory: 1205.00M
--- Running XOR for layer 69/44 ---
"input" in: xor.drc:109
    Polygons (raw): 9843 (flat)  2833 (hierarchical)
    Elapsed: 0.000s  Memory: 1205.00M
"input" in: xor.drc:109
    Polygons (raw): 9843 (flat)  9 (hierarchical)
    Elapsed: 0.000s  Memory: 1205.00M
"^" in: xor.drc:109
    Polygons (raw): 0 (flat)  0 (hierarchical)
    Elapsed: 0.160s  Memory: 1205.00M
XOR differences: 0
"output" in: xor.drc:86
    Polygons (raw): 0 (flat)  0 (hierarchical)
    Elapsed: 0.000s  Memory: 1205.00M
--- Running XOR for layer 69/5 ---
"input" in: xor.drc:109
    Polygons (raw): 65716 (flat)  14408 (hierarchical)
    Elapsed: 0.000s  Memory: 1205.00M
"input" in: xor.drc:109
    Polygons (raw): 65716 (flat)  14408 (hierarchical)
    Elapsed: 0.000s  Memory: 1205.00M
"^" in: xor.drc:109
    Polygons (raw): 0 (flat)  0 (hierarchical)
    Elapsed: 0.690s  Memory: 1205.00M
XOR differences: 0
"output" in: xor.drc:86
    Polygons (raw): 0 (flat)  0 (hierarchical)
    Elapsed: 0.000s  Memory: 1205.00M
--- Running XOR for layer 70/16 ---
"input" in: xor.drc:109
    Polygons (raw): 56 (flat)  56 (hierarchical)
    Elapsed: 0.000s  Memory: 1205.00M
"input" in: xor.drc:109
    Polygons (raw): 56 (flat)  56 (hierarchical)
    Elapsed: 0.000s  Memory: 1205.00M
"^" in: xor.drc:109
    Polygons (raw): 0 (flat)  0 (hierarchical)
    Elapsed: 0.010s  Memory: 1205.00M
XOR differences: 0
"output" in: xor.drc:86
    Polygons (raw): 0 (flat)  0 (hierarchical)
    Elapsed: 0.000s  Memory: 1205.00M
--- Running XOR for layer 70/20 ---
"input" in: xor.drc:109
    Polygons (raw): 19710 (flat)  4020 (hierarchical)
    Elapsed: 0.000s  Memory: 1205.00M
"input" in: xor.drc:109
    Polygons (raw): 20740 (flat)  3452 (hierarchical)
    Elapsed: 0.000s  Memory: 1205.00M
"^" in: xor.drc:109
    Polygons (raw): 0 (flat)  0 (hierarchical)
    Elapsed: 0.400s  Memory: 1205.00M
XOR differences: 0
"output" in: xor.drc:86
    Polygons (raw): 0 (flat)  0 (hierarchical)
    Elapsed: 0.000s  Memory: 1205.00M
--- Running XOR for layer 70/44 ---
"input" in: xor.drc:109
    Polygons (raw): 7537 (flat)  2711 (hierarchical)
    Elapsed: 0.000s  Memory: 1205.00M
"input" in: xor.drc:109
    Polygons (raw): 7537 (flat)  7 (hierarchical)
    Elapsed: 0.000s  Memory: 1205.00M
"^" in: xor.drc:109
    Polygons (raw): 0 (flat)  0 (hierarchical)
    Elapsed: 0.120s  Memory: 1221.00M
XOR differences: 0
"output" in: xor.drc:86
    Polygons (raw): 0 (flat)  0 (hierarchical)
    Elapsed: 0.000s  Memory: 1205.00M
--- Running XOR for layer 70/5 ---
"input" in: xor.drc:109
    Polygons (raw): 708 (flat)  263 (hierarchical)
    Elapsed: 0.000s  Memory: 1205.00M
"input" in: xor.drc:109
    Polygons (raw): 708 (flat)  263 (hierarchical)
    Elapsed: 0.000s  Memory: 1205.00M
"^" in: xor.drc:109
    Polygons (raw): 0 (flat)  0 (hierarchical)
    Elapsed: 0.050s  Memory: 1205.00M
XOR differences: 0
"output" in: xor.drc:86
    Polygons (raw): 0 (flat)  0 (hierarchical)
    Elapsed: 0.000s  Memory: 1205.00M
--- Running XOR for layer 71/16 ---
"input" in: xor.drc:109
    Polygons (raw): 24 (flat)  24 (hierarchical)
    Elapsed: 0.000s  Memory: 1205.00M
"input" in: xor.drc:109
    Polygons (raw): 24 (flat)  24 (hierarchical)
    Elapsed: 0.000s  Memory: 1205.00M
"^" in: xor.drc:109
    Polygons (raw): 0 (flat)  0 (hierarchical)
    Elapsed: 0.020s  Memory: 1205.00M
XOR differences: 0
"output" in: xor.drc:86
    Polygons (raw): 0 (flat)  0 (hierarchical)
    Elapsed: 0.000s  Memory: 1205.00M
--- Running XOR for layer 71/20 ---
"input" in: xor.drc:109
    Polygons (raw): 5932 (flat)  674 (hierarchical)
    Elapsed: 0.000s  Memory: 1205.00M
"input" in: xor.drc:109
    Polygons (raw): 6648 (flat)  605 (hierarchical)
    Elapsed: 0.000s  Memory: 1205.00M
"^" in: xor.drc:109
    Polygons (raw): 0 (flat)  0 (hierarchical)
    Elapsed: 0.210s  Memory: 1213.00M
XOR differences: 0
"output" in: xor.drc:86
    Polygons (raw): 0 (flat)  0 (hierarchical)
    Elapsed: 0.020s  Memory: 1205.00M
--- Running XOR for layer 71/44 ---
"input" in: xor.drc:109
    Polygons (raw): 48 (flat)  48 (hierarchical)
    Elapsed: 0.000s  Memory: 1205.00M
"input" in: xor.drc:109
    Polygons (raw): 48 (flat)  2 (hierarchical)
    Elapsed: 0.000s  Memory: 1205.00M
"^" in: xor.drc:109
    Polygons (raw): 0 (flat)  0 (hierarchical)
    Elapsed: 0.020s  Memory: 1205.00M
XOR differences: 0
"output" in: xor.drc:86
    Polygons (raw): 0 (flat)  0 (hierarchical)
    Elapsed: 0.000s  Memory: 1205.00M
--- Running XOR for layer 71/5 ---
"input" in: xor.drc:109
    Polygons (raw): 262 (flat)  116 (hierarchical)
    Elapsed: 0.000s  Memory: 1205.00M
"input" in: xor.drc:109
    Polygons (raw): 262 (flat)  116 (hierarchical)
    Elapsed: 0.000s  Memory: 1205.00M
"^" in: xor.drc:109
    Polygons (raw): 0 (flat)  0 (hierarchical)
    Elapsed: 0.040s  Memory: 1229.00M
XOR differences: 0
"output" in: xor.drc:86
    Polygons (raw): 0 (flat)  0 (hierarchical)
    Elapsed: 0.000s  Memory: 1205.00M
--- Running XOR for layer 72/16 ---
"input" in: xor.drc:109
    Polygons (raw): 12 (flat)  12 (hierarchical)
    Elapsed: 0.000s  Memory: 1205.00M
"input" in: xor.drc:109
    Polygons (raw): 12 (flat)  12 (hierarchical)
    Elapsed: 0.000s  Memory: 1205.00M
"^" in: xor.drc:109
    Polygons (raw): 0 (flat)  0 (hierarchical)
    Elapsed: 0.020s  Memory: 1205.00M
XOR differences: 0
"output" in: xor.drc:86
    Polygons (raw): 0 (flat)  0 (hierarchical)
    Elapsed: 0.000s  Memory: 1205.00M
--- Running XOR for layer 72/20 ---
"input" in: xor.drc:109
    Polygons (raw): 12 (flat)  12 (hierarchical)
    Elapsed: 0.000s  Memory: 1205.00M
"input" in: xor.drc:109
    Polygons (raw): 72 (flat)  26 (hierarchical)
    Elapsed: 0.000s  Memory: 1205.00M
"^" in: xor.drc:109
    Polygons (raw): 0 (flat)  0 (hierarchical)
    Elapsed: 0.020s  Memory: 1213.00M
XOR differences: 0
"output" in: xor.drc:86
    Polygons (raw): 0 (flat)  0 (hierarchical)
    Elapsed: 0.000s  Memory: 1205.00M
--- Running XOR for layer 72/5 ---
"input" in: xor.drc:109
    Polygons (raw): 0 (flat)  0 (hierarchical)
    Elapsed: 0.000s  Memory: 1205.00M
"input" in: xor.drc:109
    Polygons (raw): 0 (flat)  0 (hierarchical)
    Elapsed: 0.000s  Memory: 1205.00M
"^" in: xor.drc:109
    Polygons (raw): 0 (flat)  0 (hierarchical)
    Elapsed: 0.000s  Memory: 1205.00M
XOR differences: 0
"output" in: xor.drc:86
    Polygons (raw): 0 (flat)  0 (hierarchical)
    Elapsed: 0.000s  Memory: 1205.00M
--- Running XOR for layer 78/44 ---
"input" in: xor.drc:109
    Polygons (raw): 21064 (flat)  36 (hierarchical)
    Elapsed: 0.000s  Memory: 1205.00M
"input" in: xor.drc:109
    Polygons (raw): 21064 (flat)  36 (hierarchical)
    Elapsed: 0.000s  Memory: 1205.00M
"^" in: xor.drc:109
    Polygons (raw): 0 (flat)  0 (hierarchical)
    Elapsed: 0.350s  Memory: 1213.00M
XOR differences: 0
"output" in: xor.drc:86
    Polygons (raw): 0 (flat)  0 (hierarchical)
    Elapsed: 0.010s  Memory: 1205.00M
Warning: --- Skipping 81/14… ---
--- Running XOR for layer 81/2 ---
"input" in: xor.drc:109
    Polygons (raw): 8976 (flat)  4 (hierarchical)
    Elapsed: 0.000s  Memory: 1205.00M
"input" in: xor.drc:109
    Polygons (raw): 8976 (flat)  4 (hierarchical)
    Elapsed: 0.000s  Memory: 1205.00M
"^" in: xor.drc:109
    Polygons (raw): 0 (flat)  0 (hierarchical)
    Elapsed: 0.120s  Memory: 1213.00M
XOR differences: 0
"output" in: xor.drc:86
    Polygons (raw): 0 (flat)  0 (hierarchical)
    Elapsed: 0.000s  Memory: 1205.00M
--- Running XOR for layer 81/23 ---
"input" in: xor.drc:109
    Polygons (raw): 322 (flat)  1 (hierarchical)
    Elapsed: 0.010s  Memory: 1205.00M
"input" in: xor.drc:109
    Polygons (raw): 322 (flat)  1 (hierarchical)
    Elapsed: 0.000s  Memory: 1205.00M
"^" in: xor.drc:109
    Polygons (raw): 0 (flat)  0 (hierarchical)
    Elapsed: 0.020s  Memory: 1205.00M
XOR differences: 0
"output" in: xor.drc:86
    Polygons (raw): 0 (flat)  0 (hierarchical)
    Elapsed: 0.000s  Memory: 1205.00M
--- Running XOR for layer 81/4 ---
"input" in: xor.drc:109
    Polygons (raw): 59110 (flat)  189 (hierarchical)
    Elapsed: 0.000s  Memory: 1205.00M
"input" in: xor.drc:109
    Polygons (raw): 59110 (flat)  189 (hierarchical)
    Elapsed: 0.000s  Memory: 1205.00M
"^" in: xor.drc:109
    Polygons (raw): 0 (flat)  0 (hierarchical)
    Elapsed: 1.330s  Memory: 1205.00M
XOR differences: 0
"output" in: xor.drc:86
    Polygons (raw): 0 (flat)  0 (hierarchical)
    Elapsed: 0.030s  Memory: 1205.00M
--- Running XOR for layer 83/44 ---
"input" in: xor.drc:109
    Polygons (raw): 0 (flat)  0 (hierarchical)
    Elapsed: 0.000s  Memory: 1205.00M
"input" in: xor.drc:109
    Polygons (raw): 0 (flat)  0 (hierarchical)
    Elapsed: 0.000s  Memory: 1205.00M
"^" in: xor.drc:109
    Polygons (raw): 0 (flat)  0 (hierarchical)
    Elapsed: 0.260s  Memory: 1205.00M
XOR differences: 0
"output" in: xor.drc:86
    Polygons (raw): 0 (flat)  0 (hierarchical)
    Elapsed: 0.000s  Memory: 1205.00M
--- Running XOR for layer 93/44 ---
"input" in: xor.drc:109
    Polygons (raw): 67928 (flat)  126 (hierarchical)
    Elapsed: 0.010s  Memory: 1205.00M
"input" in: xor.drc:109
    Polygons (raw): 67928 (flat)  126 (hierarchical)
    Elapsed: 0.000s  Memory: 1205.00M
"^" in: xor.drc:109
    Polygons (raw): 0 (flat)  0 (hierarchical)
    Elapsed: 0.940s  Memory: 1221.00M
XOR differences: 0
"output" in: xor.drc:86
    Polygons (raw): 0 (flat)  0 (hierarchical)
    Elapsed: 0.000s  Memory: 1205.00M
--- Running XOR for layer 94/20 ---
"input" in: xor.drc:109
    Polygons (raw): 49696 (flat)  116 (hierarchical)
    Elapsed: 0.000s  Memory: 1205.00M
"input" in: xor.drc:109
    Polygons (raw): 49696 (flat)  116 (hierarchical)
    Elapsed: 0.000s  Memory: 1205.00M
"^" in: xor.drc:109
    Polygons (raw): 0 (flat)  0 (hierarchical)
    Elapsed: 0.680s  Memory: 1221.00M
XOR differences: 0
"output" in: xor.drc:86
    Polygons (raw): 0 (flat)  0 (hierarchical)
    Elapsed: 0.020s  Memory: 1205.00M
--- Running XOR for layer 95/20 ---
"input" in: xor.drc:109
    Polygons (raw): 57899 (flat)  94 (hierarchical)
    Elapsed: 0.000s  Memory: 1205.00M
"input" in: xor.drc:109
    Polygons (raw): 57899 (flat)  94 (hierarchical)
    Elapsed: 0.000s  Memory: 1205.00M
"^" in: xor.drc:109
    Polygons (raw): 0 (flat)  0 (hierarchical)
    Elapsed: 0.590s  Memory: 1205.00M
XOR differences: 0
"output" in: xor.drc:86
    Polygons (raw): 0 (flat)  0 (hierarchical)
    Elapsed: 0.000s  Memory: 1205.00M
---
Total XOR differences: 0
Writing report database: /home/lroot/NCO2ram/runs/RUN_2025-03-04_18-59-06/61-klayout-xor/xor.xml ..
Total elapsed: 54.340s  Memory: 1205.00M
/home/lroot/NCO2ram/runs/RUN_2025-03-04_18-59-06/57-magic-streamout/counter.magic.gds
/home/lroot/NCO2ram/runs/RUN_2025-03-04_18-59-06/58-klayout-streamout/counter.klayout.gds
%OL_METRIC_I design__xor_difference__count 0
