Clock: clk
Sources: clk 
Generated: no
Virtual: yes
Propagated: no
Period: 5.000000

===========================================================================
report_clock_properties
============================================================================
Clock                   Period          Waveform
----------------------------------------------------
clk                   5.000000    0.000000  2.500000

===========================================================================
report_clock_latency
============================================================================
Clock clk
rise -> rise
    min     max
0.000000 0.000000 source latency
1.226538         network latency mem_i0/clk1
        1.269586 network latency mem_i1/clk1
---------------
1.226538 1.269586 latency
        0.043048 skew

fall -> fall
    min     max
0.000000 0.000000 source latency
1.014655         network latency mem_i0/clk1
        1.047958 network latency mem_i1/clk1
---------------
1.014655 1.047958 latency
        0.033303 skew



===========================================================================
report_clock_min_period
============================================================================
clk period_min = 3.93 fmax = 254.62
