
===========================================================================
report_checks -unconstrained
===========================================================================
======================= nom_ff_n40C_1v95 Corner ===================================

Startpoint: rst (input port clocked by clk)
Endpoint: _130_ (recovery check against rising-edge clock clk)
Path Group: asynchronous
Path Type: max

Fanout         Cap        Slew       Delay        Time   Description
---------------------------------------------------------------------------------------------
                                  0.000000    0.000000   clock clk (rise edge)
                                  0.000000    0.000000   clock network delay (propagated)
                                  2.500000    2.500000 v input external delay
     2    0.003638    0.005951    0.003012    2.503012 v rst (in)
                                                         rst (net)
                      0.005952    0.000000    2.503012 v input51/A (sky130_fd_sc_hd__buf_1)
     1    0.009488    0.041928    0.068061    2.571073 v input51/X (sky130_fd_sc_hd__buf_1)
                                                         net51 (net)
                      0.041933    0.000504    2.571577 v fanout114/A (sky130_fd_sc_hd__buf_6)
    21    0.131677    0.081107    0.115996    2.687574 v fanout114/X (sky130_fd_sc_hd__buf_6)
                                                         net114 (net)
                      0.081130    0.001545    2.689119 v fanout113/A (sky130_fd_sc_hd__buf_4)
    15    0.079066    0.076889    0.158661    2.847780 v fanout113/X (sky130_fd_sc_hd__buf_4)
                                                         net113 (net)
                      0.079560    0.011254    2.859034 v fanout112/A (sky130_fd_sc_hd__buf_4)
    10    0.048701    0.054362    0.141956    3.000989 v fanout112/X (sky130_fd_sc_hd__buf_4)
                                                         net112 (net)
                      0.054392    0.001180    3.002169 v _105_/A (sky130_fd_sc_hd__inv_2)
     1    0.014032    0.052769    0.063547    3.065716 ^ _105_/Y (sky130_fd_sc_hd__inv_2)
                                                         _035_ (net)
                      0.052792    0.000908    3.066624 ^ _130_/RESET_B (sky130_fd_sc_hd__dfrtp_1)
                                              3.066624   data arrival time

                                  5.000000    5.000000   clock clk (rise edge)
                                  0.000000    5.000000   clock source latency
     2    0.099910    0.339971    0.242666    5.242666 ^ clk (in)
                                                         clk (net)
                      0.343851    0.000000    5.242666 ^ clkbuf_0_clk/A (sky130_fd_sc_hd__clkbuf_16)
     9    0.127116    0.110683    0.192260    5.434926 ^ clkbuf_0_clk/X (sky130_fd_sc_hd__clkbuf_16)
                                                         clknet_0_clk (net)
                      0.111164    0.005794    5.440720 ^ clkbuf_2_3__f_clk/A (sky130_fd_sc_hd__clkbuf_16)
    15    0.093046    0.084644    0.144038    5.584758 ^ clkbuf_2_3__f_clk/X (sky130_fd_sc_hd__clkbuf_16)
                                                         clknet_2_3__leaf_clk (net)
                      0.085198    0.005430    5.590188 ^ _130_/CLK (sky130_fd_sc_hd__dfrtp_1)
                                 -0.250000    5.340188   clock uncertainty
                                  0.000000    5.340188   clock reconvergence pessimism
                                  0.147729    5.487917   library recovery time
                                              5.487917   data required time
---------------------------------------------------------------------------------------------
                                              5.487917   data required time
                                             -3.066624   data arrival time
---------------------------------------------------------------------------------------------
                                              2.421293   slack (MET)


Startpoint: _139_ (rising edge-triggered flip-flop clocked by clk)
Endpoint: sine_out[2] (output port clocked by clk)
Path Group: clk
Path Type: max

Fanout         Cap        Slew       Delay        Time   Description
---------------------------------------------------------------------------------------------
                                  0.000000    0.000000   clock clk (rise edge)
                                  0.000000    0.000000   clock source latency
     2    0.099910    0.339971    0.242666    0.242666 ^ clk (in)
                                                         clk (net)
                      0.343851    0.000000    0.242666 ^ clkbuf_0_clk/A (sky130_fd_sc_hd__clkbuf_16)
     9    0.127116    0.110683    0.192260    0.434926 ^ clkbuf_0_clk/X (sky130_fd_sc_hd__clkbuf_16)
                                                         clknet_0_clk (net)
                      0.111265    0.006367    0.441294 ^ clkbuf_2_0__f_clk/A (sky130_fd_sc_hd__clkbuf_16)
    17    0.081875    0.075802    0.139688    0.580982 ^ clkbuf_2_0__f_clk/X (sky130_fd_sc_hd__clkbuf_16)
                                                         clknet_2_0__leaf_clk (net)
                      0.075828    0.001218    0.582200 ^ _139_/CLK (sky130_fd_sc_hd__dfrtp_1)
     3    0.029753    0.106898    0.313511    0.895711 v _139_/Q (sky130_fd_sc_hd__dfrtp_1)
                                                         net60 (net)
                      0.106973    0.002614    0.898326 v output60/A (sky130_fd_sc_hd__buf_1)
     1    0.000594    0.013377    0.074239    0.972565 v output60/X (sky130_fd_sc_hd__buf_1)
                                                         sine_out[2] (net)
                      0.013377    0.000007    0.972571 v sine_out[2] (out)
                                              0.972571   data arrival time

                                  5.000000    5.000000   clock clk (rise edge)
                                  0.000000    5.000000   clock network delay (propagated)
                                 -0.250000    4.750000   clock uncertainty
                                  0.000000    4.750000   clock reconvergence pessimism
                                 -2.500000    2.250000   output external delay
                                              2.250000   data required time
---------------------------------------------------------------------------------------------
                                              2.250000   data required time
                                             -0.972571   data arrival time
---------------------------------------------------------------------------------------------
                                              1.277429   slack (MET)




===========================================================================
report_checks --slack_max -0.01
============================================================================
======================= nom_ff_n40C_1v95 Corner ===================================

No paths found.


===========================================================================
 report_check_types -max_slew -max_cap -max_fanout -violators
============================================================================
======================= nom_ff_n40C_1v95 Corner ===================================

max slew

Pin                                        Limit        Slew       Slack
------------------------------------------------------------------------
mem_i1/addr0[1]                         0.040000    0.332892   -0.292892 (VIOLATED)
mem_i0/addr1[7]                         0.045000    0.266563   -0.221563 (VIOLATED)
mem_i1/addr1[1]                         0.045000    0.238906   -0.193906 (VIOLATED)
mem_i0/addr1[5]                         0.045000    0.234171   -0.189171 (VIOLATED)
mem_i0/addr1[6]                         0.045000    0.227620   -0.182620 (VIOLATED)
mem_i1/addr1[0]                         0.045000    0.223045   -0.178045 (VIOLATED)
mem_i1/addr0[0]                         0.040000    0.193486   -0.153486 (VIOLATED)
mem_i1/addr1[6]                         0.045000    0.196473   -0.151473 (VIOLATED)
mem_i0/addr1[2]                         0.045000    0.186073   -0.141073 (VIOLATED)
mem_i1/addr1[5]                         0.045000    0.181871   -0.136871 (VIOLATED)
mem_i0/addr1[3]                         0.045000    0.179194   -0.134194 (VIOLATED)
mem_i0/addr1[1]                         0.045000    0.165059   -0.120059 (VIOLATED)
mem_i0/addr0[3]                         0.040000    0.157018   -0.117018 (VIOLATED)
mem_i0/addr1[0]                         0.045000    0.161825   -0.116825 (VIOLATED)
mem_i1/addr1[2]                         0.045000    0.161136   -0.116136 (VIOLATED)
mem_i0/addr0[2]                         0.040000    0.152410   -0.112410 (VIOLATED)
mem_i0/addr0[6]                         0.040000    0.151972   -0.111972 (VIOLATED)
mem_i1/addr0[4]                         0.040000    0.147120   -0.107120 (VIOLATED)
mem_i1/addr0[3]                         0.040000    0.146607   -0.106607 (VIOLATED)
mem_i1/addr0[7]                         0.040000    0.146276   -0.106276 (VIOLATED)
mem_i1/addr0[2]                         0.040000    0.146259   -0.106259 (VIOLATED)
mem_i1/addr0[6]                         0.040000    0.145708   -0.105708 (VIOLATED)
mem_i0/addr0[4]                         0.040000    0.145687   -0.105687 (VIOLATED)
mem_i1/addr0[5]                         0.040000    0.145523   -0.105523 (VIOLATED)
mem_i0/addr0[5]                         0.040000    0.143378   -0.103378 (VIOLATED)
mem_i0/addr0[7]                         0.040000    0.142383   -0.102383 (VIOLATED)
mem_i0/addr1[4]                         0.045000    0.146408   -0.101408 (VIOLATED)
mem_i0/addr0[1]                         0.040000    0.130149   -0.090149 (VIOLATED)
mem_i0/addr0[0]                         0.040000    0.129372   -0.089372 (VIOLATED)
mem_i1/addr1[7]                         0.045000    0.110699   -0.065699 (VIOLATED)
mem_i1/addr1[4]                         0.045000    0.105575   -0.060575 (VIOLATED)
mem_i1/addr1[3]                         0.045000    0.097757   -0.052757 (VIOLATED)

max fanout

Pin                                   Limit Fanout  Slack
---------------------------------------------------------
clkbuf_2_2__f_clk/X                      10     23    -13 (VIOLATED)
fanout114/X                              10     21    -11 (VIOLATED)
fanout84/X                               10     21    -11 (VIOLATED)
clkbuf_2_0__f_clk/X                      10     17     -7 (VIOLATED)
clkbuf_2_3__f_clk/X                      10     15     -5 (VIOLATED)
fanout113/X                              10     15     -5 (VIOLATED)
_083_/X                                  10     13     -3 (VIOLATED)
clkbuf_2_1__f_clk/X                      10     13     -3 (VIOLATED)



===========================================================================
report_parasitic_annotation -report_unannotated
============================================================================
Found 5 unannotated drivers.
 clkload0/Y
 clkload1/Y
 clkload2/Y
 mem_i0_115/HI
 mem_i1_116/HI
Found 0 partially unannotated drivers.

===========================================================================
max slew violation count 32
max fanout violation count 8
max cap violation count 0
============================================================================

===========================================================================
check_setup -verbose -unconstrained_endpoints -multiple_clock -no_clock -no_input_delay -loops -generated_clocks
===========================================================================
Warning: There are 50 input ports missing set_input_delay.
  addr00[0]
  addr00[1]
  addr00[2]
  addr00[3]
  addr00[4]
  addr00[5]
  addr00[6]
  addr00[7]
  addr01[0]
  addr01[1]
  addr01[2]
  addr01[3]
  addr01[4]
  addr01[5]
  addr01[6]
  addr01[7]
  csb00
  csb01
  din00[0]
  din00[10]
  din00[11]
  din00[12]
  din00[13]
  din00[14]
  din00[15]
  din00[1]
  din00[2]
  din00[3]
  din00[4]
  din00[5]
  din00[6]
  din00[7]
  din00[8]
  din00[9]
  din01[0]
  din01[10]
  din01[11]
  din01[12]
  din01[13]
  din01[14]
  din01[15]
  din01[1]
  din01[2]
  din01[3]
  din01[4]
  din01[5]
  din01[6]
  din01[7]
  din01[8]
  din01[9]
Warning: There are 52 unconstrained endpoints.
  mem_i0/addr0[0]
  mem_i0/addr0[1]
  mem_i0/addr0[2]
  mem_i0/addr0[3]
  mem_i0/addr0[4]
  mem_i0/addr0[5]
  mem_i0/addr0[6]
  mem_i0/addr0[7]
  mem_i0/csb0
  mem_i0/csb1
  mem_i0/din0[0]
  mem_i0/din0[10]
  mem_i0/din0[11]
  mem_i0/din0[12]
  mem_i0/din0[13]
  mem_i0/din0[14]
  mem_i0/din0[15]
  mem_i0/din0[1]
  mem_i0/din0[2]
  mem_i0/din0[3]
  mem_i0/din0[4]
  mem_i0/din0[5]
  mem_i0/din0[6]
  mem_i0/din0[7]
  mem_i0/din0[8]
  mem_i0/din0[9]
  mem_i1/addr0[0]
  mem_i1/addr0[1]
  mem_i1/addr0[2]
  mem_i1/addr0[3]
  mem_i1/addr0[4]
  mem_i1/addr0[5]
  mem_i1/addr0[6]
  mem_i1/addr0[7]
  mem_i1/csb0
  mem_i1/csb1
  mem_i1/din0[0]
  mem_i1/din0[10]
  mem_i1/din0[11]
  mem_i1/din0[12]
  mem_i1/din0[13]
  mem_i1/din0[14]
  mem_i1/din0[15]
  mem_i1/din0[1]
  mem_i1/din0[2]
  mem_i1/din0[3]
  mem_i1/din0[4]
  mem_i1/din0[5]
  mem_i1/din0[6]
  mem_i1/din0[7]
  mem_i1/din0[8]
  mem_i1/din0[9]
