Clock: clk
Sources: clk 
Generated: no
Virtual: yes
Propagated: no
Period: 5.000000

===========================================================================
report_clock_properties
============================================================================
Clock                   Period          Waveform
----------------------------------------------------
clk                   5.000000    0.000000  2.500000

===========================================================================
report_clock_latency
============================================================================
Clock clk
rise -> rise
    min     max
0.000000 0.000000 source latency
0.580095         network latency _134_/CLK
        0.596087 network latency mem_i1/clk1
---------------
0.580095 0.596087 latency
        0.015992 skew

fall -> fall
    min     max
0.000000 0.000000 source latency
0.453824         network latency _134_/CLK
        0.466818 network latency mem_i1/clk1
---------------
0.453824 0.466818 latency
        0.012994 skew



===========================================================================
report_clock_min_period
============================================================================
clk period_min = 1.47 fmax = 681.91
