Clock: clk
Sources: clk 
Generated: no
Virtual: yes
Propagated: no
Period: 5.000000

===========================================================================
report_clock_properties
============================================================================
Clock                   Period          Waveform
----------------------------------------------------
clk                   5.000000    0.000000  2.500000

===========================================================================
report_clock_latency
============================================================================
Clock clk
rise -> rise
    min     max
0.000000 0.000000 source latency
0.914095         network latency mem_i0/clk1
        0.957417 network latency _123_/CLK
---------------
0.914095 0.957417 latency
        0.043323 skew

fall -> fall
    min     max
0.000000 0.000000 source latency
0.703512         network latency mem_i0/clk1
        0.738515 network latency _139_/CLK
---------------
0.703512 0.738515 latency
        0.035003 skew



===========================================================================
report_clock_min_period
============================================================================
clk period_min = 1.77 fmax = 564.25
