Clock: clk
Sources: clk 
Generated: no
Virtual: yes
Propagated: no
Period: 5.000000

===========================================================================
report_clock_properties
============================================================================
Clock                   Period          Waveform
----------------------------------------------------
clk                   5.000000    0.000000  2.500000

===========================================================================
report_clock_latency
============================================================================
Clock clk
rise -> rise
    min     max
0.000000 0.000000 source latency
0.462563         network latency _134_/CLK
        0.566434 network latency mem_i1/clk1
---------------
0.462563 0.566434 latency
        0.103871 skew

fall -> fall
    min     max
0.000000 0.000000 source latency
0.368194         network latency _134_/CLK
        0.436139 network latency mem_i1/clk1
---------------
0.368194 0.436139 latency
        0.067945 skew



===========================================================================
report_clock_min_period
============================================================================
clk period_min = 1.48 fmax = 676.77
