
===========================================================================
report_checks -unconstrained
===========================================================================
======================= max_ff_n40C_1v95 Corner ===================================

Startpoint: rst (input port clocked by clk)
Endpoint: _130_ (recovery check against rising-edge clock clk)
Path Group: asynchronous
Path Type: max

Fanout         Cap        Slew       Delay        Time   Description
---------------------------------------------------------------------------------------------
                                  0.000000    0.000000   clock clk (rise edge)
                                  0.000000    0.000000   clock network delay (propagated)
                                  2.500000    2.500000 v input external delay
     2    0.003706    0.006044    0.003118    2.503118 v rst (in)
                                                         rst (net)
                      0.006052    0.000000    2.503118 v input51/A (sky130_fd_sc_hd__buf_1)
     1    0.009928    0.043473    0.069077    2.572195 v input51/X (sky130_fd_sc_hd__buf_1)
                                                         net51 (net)
                      0.043523    0.000994    2.573189 v fanout114/A (sky130_fd_sc_hd__buf_6)
    21    0.135619    0.077293    0.110356    2.683545 v fanout114/X (sky130_fd_sc_hd__buf_6)
                                                         net114 (net)
                      0.077401    0.003515    2.687060 v fanout113/A (sky130_fd_sc_hd__buf_4)
    15    0.082925    0.080328    0.156222    2.843282 v fanout113/X (sky130_fd_sc_hd__buf_4)
                                                         net113 (net)
                      0.086327    0.016986    2.860267 v fanout112/A (sky130_fd_sc_hd__buf_4)
    10    0.049584    0.056038    0.144106    3.004373 v fanout112/X (sky130_fd_sc_hd__buf_4)
                                                         net112 (net)
                      0.056235    0.002893    3.007266 v _105_/A (sky130_fd_sc_hd__inv_2)
     1    0.014681    0.054762    0.065455    3.072721 ^ _105_/Y (sky130_fd_sc_hd__inv_2)
                                                         _035_ (net)
                      0.054842    0.001696    3.074417 ^ _130_/RESET_B (sky130_fd_sc_hd__dfrtp_1)
                                              3.074417   data arrival time

                                  5.000000    5.000000   clock clk (rise edge)
                                  0.000000    5.000000   clock source latency
     2    0.103946    0.354285    0.254310    5.254310 ^ clk (in)
                                                         clk (net)
                      0.360335    0.000000    5.254310 ^ clkbuf_0_clk/A (sky130_fd_sc_hd__clkbuf_16)
     9    0.130820    0.113344    0.192423    5.446733 ^ clkbuf_0_clk/X (sky130_fd_sc_hd__clkbuf_16)
                                                         clknet_0_clk (net)
                      0.114809    0.010194    5.456927 ^ clkbuf_2_3__f_clk/A (sky130_fd_sc_hd__clkbuf_16)
    15    0.097566    0.088460    0.144096    5.601023 ^ clkbuf_2_3__f_clk/X (sky130_fd_sc_hd__clkbuf_16)
                                                         clknet_2_3__leaf_clk (net)
                      0.090675    0.010889    5.611912 ^ _130_/CLK (sky130_fd_sc_hd__dfrtp_1)
                                 -0.250000    5.361911   clock uncertainty
                                  0.000000    5.361911   clock reconvergence pessimism
                                  0.148173    5.510085   library recovery time
                                              5.510085   data required time
---------------------------------------------------------------------------------------------
                                              5.510085   data required time
                                             -3.074417   data arrival time
---------------------------------------------------------------------------------------------
                                              2.435668   slack (MET)


Startpoint: _139_ (rising edge-triggered flip-flop clocked by clk)
Endpoint: sine_out[2] (output port clocked by clk)
Path Group: clk
Path Type: max

Fanout         Cap        Slew       Delay        Time   Description
---------------------------------------------------------------------------------------------
                                  0.000000    0.000000   clock clk (rise edge)
                                  0.000000    0.000000   clock source latency
     2    0.103946    0.354285    0.254310    0.254310 ^ clk (in)
                                                         clk (net)
                      0.360335    0.000000    0.254310 ^ clkbuf_0_clk/A (sky130_fd_sc_hd__clkbuf_16)
     9    0.130820    0.113344    0.192423    0.446733 ^ clkbuf_0_clk/X (sky130_fd_sc_hd__clkbuf_16)
                                                         clknet_0_clk (net)
                      0.114783    0.010104    0.456837 ^ clkbuf_2_0__f_clk/A (sky130_fd_sc_hd__clkbuf_16)
    17    0.084612    0.078162    0.140413    0.597249 ^ clkbuf_2_0__f_clk/X (sky130_fd_sc_hd__clkbuf_16)
                                                         clknet_2_0__leaf_clk (net)
                      0.078305    0.002754    0.600004 ^ _139_/CLK (sky130_fd_sc_hd__dfrtp_1)
     3    0.030741    0.110216    0.315763    0.915766 v _139_/Q (sky130_fd_sc_hd__dfrtp_1)
                                                         net60 (net)
                      0.110415    0.004147    0.919913 v output60/A (sky130_fd_sc_hd__buf_1)
     1    0.000635    0.013662    0.075569    0.995483 v output60/X (sky130_fd_sc_hd__buf_1)
                                                         sine_out[2] (net)
                      0.013662    0.000017    0.995500 v sine_out[2] (out)
                                              0.995500   data arrival time

                                  5.000000    5.000000   clock clk (rise edge)
                                  0.000000    5.000000   clock network delay (propagated)
                                 -0.250000    4.750000   clock uncertainty
                                  0.000000    4.750000   clock reconvergence pessimism
                                 -2.500000    2.250000   output external delay
                                              2.250000   data required time
---------------------------------------------------------------------------------------------
                                              2.250000   data required time
                                             -0.995500   data arrival time
---------------------------------------------------------------------------------------------
                                              1.254500   slack (MET)




===========================================================================
report_checks --slack_max -0.01
============================================================================
======================= max_ff_n40C_1v95 Corner ===================================

No paths found.


===========================================================================
 report_check_types -max_slew -max_cap -max_fanout -violators
============================================================================
======================= max_ff_n40C_1v95 Corner ===================================

max slew

Pin                                        Limit        Slew       Slack
------------------------------------------------------------------------
mem_i1/addr0[1]                         0.040000    0.344500   -0.304500 (VIOLATED)
mem_i0/addr1[7]                         0.045000    0.282285   -0.237285 (VIOLATED)
mem_i1/addr1[1]                         0.045000    0.250784   -0.205784 (VIOLATED)
mem_i0/addr1[5]                         0.045000    0.241189   -0.196189 (VIOLATED)
mem_i0/addr1[6]                         0.045000    0.239601   -0.194601 (VIOLATED)
mem_i1/addr1[0]                         0.045000    0.232359   -0.187359 (VIOLATED)
mem_i1/addr0[0]                         0.040000    0.201237   -0.161237 (VIOLATED)
mem_i1/addr1[6]                         0.045000    0.202184   -0.157184 (VIOLATED)
mem_i0/addr1[2]                         0.045000    0.193642   -0.148642 (VIOLATED)
mem_i0/addr1[3]                         0.045000    0.186094   -0.141094 (VIOLATED)
mem_i1/addr1[5]                         0.045000    0.185238   -0.140238 (VIOLATED)
mem_i0/addr1[1]                         0.045000    0.169571   -0.124571 (VIOLATED)
mem_i1/addr1[2]                         0.045000    0.168648   -0.123648 (VIOLATED)
mem_i0/addr1[0]                         0.045000    0.165239   -0.120239 (VIOLATED)
mem_i0/addr0[3]                         0.040000    0.159884   -0.119884 (VIOLATED)
mem_i0/addr0[2]                         0.040000    0.155060   -0.115060 (VIOLATED)
mem_i0/addr0[6]                         0.040000    0.154630   -0.114630 (VIOLATED)
mem_i1/addr0[4]                         0.040000    0.150824   -0.110824 (VIOLATED)
mem_i1/addr0[3]                         0.040000    0.150023   -0.110023 (VIOLATED)
mem_i1/addr0[7]                         0.040000    0.149987   -0.109987 (VIOLATED)
mem_i1/addr0[2]                         0.040000    0.149876   -0.109876 (VIOLATED)
mem_i0/addr1[4]                         0.045000    0.154098   -0.109098 (VIOLATED)
mem_i0/addr0[4]                         0.040000    0.148671   -0.108671 (VIOLATED)
mem_i1/addr0[6]                         0.040000    0.148640   -0.108640 (VIOLATED)
mem_i1/addr0[5]                         0.040000    0.148594   -0.108594 (VIOLATED)
mem_i0/addr0[5]                         0.040000    0.146342   -0.106342 (VIOLATED)
mem_i0/addr0[7]                         0.040000    0.145207   -0.105207 (VIOLATED)
mem_i0/addr0[1]                         0.040000    0.133693   -0.093693 (VIOLATED)
mem_i0/addr0[0]                         0.040000    0.132867   -0.092867 (VIOLATED)
mem_i1/addr1[7]                         0.045000    0.112650   -0.067650 (VIOLATED)
mem_i1/addr1[4]                         0.045000    0.109627   -0.064627 (VIOLATED)
mem_i1/addr1[3]                         0.045000    0.102331   -0.057331 (VIOLATED)

max fanout

Pin                                   Limit Fanout  Slack
---------------------------------------------------------
clkbuf_2_2__f_clk/X                      10     23    -13 (VIOLATED)
fanout114/X                              10     21    -11 (VIOLATED)
fanout84/X                               10     21    -11 (VIOLATED)
clkbuf_2_0__f_clk/X                      10     17     -7 (VIOLATED)
clkbuf_2_3__f_clk/X                      10     15     -5 (VIOLATED)
fanout113/X                              10     15     -5 (VIOLATED)
_083_/X                                  10     13     -3 (VIOLATED)
clkbuf_2_1__f_clk/X                      10     13     -3 (VIOLATED)



===========================================================================
report_parasitic_annotation -report_unannotated
============================================================================
Found 5 unannotated drivers.
 clkload0/Y
 clkload1/Y
 clkload2/Y
 mem_i0_115/HI
 mem_i1_116/HI
Found 0 partially unannotated drivers.

===========================================================================
max slew violation count 32
max fanout violation count 8
max cap violation count 0
============================================================================

===========================================================================
check_setup -verbose -unconstrained_endpoints -multiple_clock -no_clock -no_input_delay -loops -generated_clocks
===========================================================================
Warning: There are 50 input ports missing set_input_delay.
  addr00[0]
  addr00[1]
  addr00[2]
  addr00[3]
  addr00[4]
  addr00[5]
  addr00[6]
  addr00[7]
  addr01[0]
  addr01[1]
  addr01[2]
  addr01[3]
  addr01[4]
  addr01[5]
  addr01[6]
  addr01[7]
  csb00
  csb01
  din00[0]
  din00[10]
  din00[11]
  din00[12]
  din00[13]
  din00[14]
  din00[15]
  din00[1]
  din00[2]
  din00[3]
  din00[4]
  din00[5]
  din00[6]
  din00[7]
  din00[8]
  din00[9]
  din01[0]
  din01[10]
  din01[11]
  din01[12]
  din01[13]
  din01[14]
  din01[15]
  din01[1]
  din01[2]
  din01[3]
  din01[4]
  din01[5]
  din01[6]
  din01[7]
  din01[8]
  din01[9]
Warning: There are 52 unconstrained endpoints.
  mem_i0/addr0[0]
  mem_i0/addr0[1]
  mem_i0/addr0[2]
  mem_i0/addr0[3]
  mem_i0/addr0[4]
  mem_i0/addr0[5]
  mem_i0/addr0[6]
  mem_i0/addr0[7]
  mem_i0/csb0
  mem_i0/csb1
  mem_i0/din0[0]
  mem_i0/din0[10]
  mem_i0/din0[11]
  mem_i0/din0[12]
  mem_i0/din0[13]
  mem_i0/din0[14]
  mem_i0/din0[15]
  mem_i0/din0[1]
  mem_i0/din0[2]
  mem_i0/din0[3]
  mem_i0/din0[4]
  mem_i0/din0[5]
  mem_i0/din0[6]
  mem_i0/din0[7]
  mem_i0/din0[8]
  mem_i0/din0[9]
  mem_i1/addr0[0]
  mem_i1/addr0[1]
  mem_i1/addr0[2]
  mem_i1/addr0[3]
  mem_i1/addr0[4]
  mem_i1/addr0[5]
  mem_i1/addr0[6]
  mem_i1/addr0[7]
  mem_i1/csb0
  mem_i1/csb1
  mem_i1/din0[0]
  mem_i1/din0[10]
  mem_i1/din0[11]
  mem_i1/din0[12]
  mem_i1/din0[13]
  mem_i1/din0[14]
  mem_i1/din0[15]
  mem_i1/din0[1]
  mem_i1/din0[2]
  mem_i1/din0[3]
  mem_i1/din0[4]
  mem_i1/din0[5]
  mem_i1/din0[6]
  mem_i1/din0[7]
  mem_i1/din0[8]
  mem_i1/din0[9]
