Clock: clk
Sources: clk 
Generated: no
Virtual: yes
Propagated: no
Period: 5.000000

===========================================================================
report_clock_properties
============================================================================
Clock                   Period          Waveform
----------------------------------------------------
clk                   5.000000    0.000000  2.500000

===========================================================================
report_clock_latency
============================================================================
Clock clk
rise -> rise
    min     max
0.000000 0.000000 source latency
0.488192         network latency mem_i0/clk1
        0.512945 network latency mem_i1/clk1
---------------
0.488192 0.512945 latency
        0.024753 skew

fall -> fall
    min     max
0.000000 0.000000 source latency
0.391676         network latency mem_i0/clk1
        0.410771 network latency mem_i1/clk1
---------------
0.391676 0.410771 latency
        0.019095 skew



===========================================================================
report_clock_min_period
============================================================================
clk period_min = 1.40 fmax = 715.25
