Reading timing models for corner min_ss_100C_1v60…
Reading timing library for the 'min_ss_100C_1v60' corner at '/home/lroot/.volare/volare/sky130/versions/0fe599b2afb6708d281543108caf8310912f54af/sky130A/libs.ref/sky130_fd_sc_hd/lib/sky130_fd_sc_hd__ss_100C_1v60.lib'…
Reading timing library for the 'min_ss_100C_1v60' corner at '/home/lroot/NCO2ram/ram_256x16/ram_256x16_TT_1p8V_25C.lib'…
Reading OpenROAD database at '/home/lroot/NCO2ram/runs/RUN_2025-03-04_16-11-53/34-openroad-cts/counter.odb'…
Reading design constraints file at '/home/lroot/NCO2ram/counter.sdc'…
[WARNING STA-0366] port 'addr0[0]' not found.
[WARNING STA-0366] port 'addr0[1]' not found.
[WARNING STA-0366] port 'addr0[2]' not found.
[WARNING STA-0366] port 'addr0[3]' not found.
[WARNING STA-0366] port 'addr0[4]' not found.
[WARNING STA-0366] port 'addr0[5]' not found.
[WARNING STA-0366] port 'addr0[6]' not found.
[WARNING STA-0366] port 'addr0[7]' not found.
[WARNING STA-0366] port 'csb0' not found.
[WARNING STA-0366] port 'din0[0]' not found.
[WARNING STA-0366] port 'din0[10]' not found.
[WARNING STA-0366] port 'din0[11]' not found.
[WARNING STA-0366] port 'din0[12]' not found.
[WARNING STA-0366] port 'din0[13]' not found.
[WARNING STA-0366] port 'din0[14]' not found.
[WARNING STA-0366] port 'din0[15]' not found.
[WARNING STA-0366] port 'din0[1]' not found.
[WARNING STA-0366] port 'din0[2]' not found.
[WARNING STA-0366] port 'din0[3]' not found.
[WARNING STA-0366] port 'din0[4]' not found.
[WARNING STA-0366] port 'din0[5]' not found.
[WARNING STA-0366] port 'din0[6]' not found.
[WARNING STA-0366] port 'din0[7]' not found.
[WARNING STA-0366] port 'din0[8]' not found.
[WARNING STA-0366] port 'din0[9]' not found.
[WARNING STA-0366] port 'csb0' not found.
[WARNING STA-0366] port 'addr0[7]' not found.
[WARNING STA-0366] port 'addr0[6]' not found.
[WARNING STA-0366] port 'addr0[5]' not found.
[WARNING STA-0366] port 'addr0[4]' not found.
[WARNING STA-0366] port 'addr0[3]' not found.
[WARNING STA-0366] port 'addr0[2]' not found.
[WARNING STA-0366] port 'addr0[1]' not found.
[WARNING STA-0366] port 'addr0[0]' not found.
[WARNING STA-0366] port 'din0[15]' not found.
[WARNING STA-0366] port 'din0[14]' not found.
[WARNING STA-0366] port 'din0[13]' not found.
[WARNING STA-0366] port 'din0[12]' not found.
[WARNING STA-0366] port 'din0[11]' not found.
[WARNING STA-0366] port 'din0[10]' not found.
[WARNING STA-0366] port 'din0[9]' not found.
[WARNING STA-0366] port 'din0[8]' not found.
[WARNING STA-0366] port 'din0[7]' not found.
[WARNING STA-0366] port 'din0[6]' not found.
[WARNING STA-0366] port 'din0[5]' not found.
[WARNING STA-0366] port 'din0[4]' not found.
[WARNING STA-0366] port 'din0[3]' not found.
[WARNING STA-0366] port 'din0[2]' not found.
[WARNING STA-0366] port 'din0[1]' not found.
[WARNING STA-0366] port 'din0[0]' not found.
[INFO] Setting RC values…
[INFO RSZ-0098] No setup violations found
[INFO RSZ-0033] No hold violations found.
Placement Analysis
---------------------------------
total displacement          0.0 u
average displacement        0.0 u
max displacement            0.0 u
original HPWL           24458.4 u
legalized HPWL          24663.2 u
delta HPWL                    1 %

[INFO DPL-0020] Mirrored 85 instances
[INFO DPL-0021] HPWL before           24663.2 u
[INFO DPL-0022] HPWL after            24458.4 u
[INFO DPL-0023] HPWL delta               -0.8 %
[INFO] Setting RC values…
Setting global connections for newly added cells…
[INFO] Setting global connections...
mem_i.* matched with mem_i1_115
mem_i.* matched with mem_i0
mem_i.* matched with mem_i1
mem_i.* matched with mem_i0_114
Updating metrics…
Cell type report:                       Count       Area
  Macro                                     2  247030.69
  Fill cell                               962    3610.96
  Tap cell                               1530    1914.34
  Clock buffer                              6     132.63
  Timing Repair Buffer                    113     534.26
  Inverter                                 26      97.59
  Clock inverter                            1       8.76
  Sequential cell                          25     625.60
  Multi-Input combinational cell           35     302.79
  Total                                  2700  254257.62
Writing OpenROAD database to '/home/lroot/NCO2ram/runs/RUN_2025-03-04_16-11-53/36-openroad-resizertimingpostcts/counter.odb'…
Writing netlist to '/home/lroot/NCO2ram/runs/RUN_2025-03-04_16-11-53/36-openroad-resizertimingpostcts/counter.nl.v'…
Writing powered netlist to '/home/lroot/NCO2ram/runs/RUN_2025-03-04_16-11-53/36-openroad-resizertimingpostcts/counter.pnl.v'…
Writing layout to '/home/lroot/NCO2ram/runs/RUN_2025-03-04_16-11-53/36-openroad-resizertimingpostcts/counter.def'…
Writing timing constraints to '/home/lroot/NCO2ram/runs/RUN_2025-03-04_16-11-53/36-openroad-resizertimingpostcts/counter.sdc'…
