Clock: clk
Sources: clk 
Generated: no
Virtual: yes
Propagated: no
Period: 5.000000

===========================================================================
report_clock_properties
============================================================================
Clock                   Period          Waveform
----------------------------------------------------
clk                   5.000000    0.000000  2.500000

===========================================================================
report_clock_latency
============================================================================
Clock clk
rise -> rise
    min     max
0.000000 0.000000 source latency
0.542808         network latency _094_/CLK
        0.549357 network latency _100_/CLK
---------------
0.542808 0.549357 latency
        0.006549 skew

fall -> fall
    min     max
0.000000 0.000000 source latency
0.452175         network latency _094_/CLK
        0.456422 network latency _100_/CLK
---------------
0.452175 0.456422 latency
        0.004248 skew



===========================================================================
report_clock_min_period
============================================================================
clk period_min = 2.03 fmax = 492.92
