Clock: clk
Sources: clk 
Generated: no
Virtual: yes
Propagated: no
Period: 5.000000

===========================================================================
report_clock_properties
============================================================================
Clock                   Period          Waveform
----------------------------------------------------
clk                   5.000000    0.000000  2.500000

===========================================================================
report_clock_latency
============================================================================
Clock clk
rise -> rise
    min     max
0.000000 0.000000 source latency
1.183742         network latency _094_/CLK
        1.197270 network latency _100_/CLK
---------------
1.183742 1.197270 latency
        0.013528 skew

fall -> fall
    min     max
0.000000 0.000000 source latency
0.989043         network latency _094_/CLK
        0.996743 network latency _090_/CLK
---------------
0.989043 0.996743 latency
        0.007700 skew



===========================================================================
report_clock_min_period
============================================================================
clk period_min = 4.01 fmax = 249.48
