Reading OpenROAD database at '/home/lroot/NCO2ram/runs/RUN_2025-03-04_15-11-40/20-openroad-generatepdn/counter.odb'…
Reading library file at '/home/lroot/.volare/volare/sky130/versions/0fe599b2afb6708d281543108caf8310912f54af/sky130A/libs.ref/sky130_fd_sc_hd/lib/sky130_fd_sc_hd__tt_025C_1v80.lib'…
Reading library file at '/home/lroot/NCO2ram/ram_256x16/ram_256x16_TT_1p8V_25C.lib'…
Reading macro library file at '/home/lroot/NCO2ram/ram_256x16/ram_256x16_TT_1p8V_25C.lib'…
[WARNING STA-1140] /home/lroot/NCO2ram/ram_256x16/ram_256x16_TT_1p8V_25C.lib line 1, library ram_256x16_TT_1p8V_25C_lib already exists.
Reading design constraints file at '/home/lroot/NCO2ram/counter.sdc'…
[WARNING STA-0366] port 'addr0[0]' not found.
[WARNING STA-0366] port 'addr0[1]' not found.
[WARNING STA-0366] port 'addr0[2]' not found.
[WARNING STA-0366] port 'addr0[3]' not found.
[WARNING STA-0366] port 'addr0[4]' not found.
[WARNING STA-0366] port 'addr0[5]' not found.
[WARNING STA-0366] port 'addr0[6]' not found.
[WARNING STA-0366] port 'addr0[7]' not found.
[WARNING STA-0366] port 'csb0' not found.
[WARNING STA-0366] port 'din0[0]' not found.
[WARNING STA-0366] port 'din0[10]' not found.
[WARNING STA-0366] port 'din0[11]' not found.
[WARNING STA-0366] port 'din0[12]' not found.
[WARNING STA-0366] port 'din0[13]' not found.
[WARNING STA-0366] port 'din0[14]' not found.
[WARNING STA-0366] port 'din0[15]' not found.
[WARNING STA-0366] port 'din0[1]' not found.
[WARNING STA-0366] port 'din0[2]' not found.
[WARNING STA-0366] port 'din0[3]' not found.
[WARNING STA-0366] port 'din0[4]' not found.
[WARNING STA-0366] port 'din0[5]' not found.
[WARNING STA-0366] port 'din0[6]' not found.
[WARNING STA-0366] port 'din0[7]' not found.
[WARNING STA-0366] port 'din0[8]' not found.
[WARNING STA-0366] port 'din0[9]' not found.
[WARNING STA-0366] port 'csb0' not found.
[WARNING STA-0366] port 'addr0[7]' not found.
[WARNING STA-0366] port 'addr0[6]' not found.
[WARNING STA-0366] port 'addr0[5]' not found.
[WARNING STA-0366] port 'addr0[4]' not found.
[WARNING STA-0366] port 'addr0[3]' not found.
[WARNING STA-0366] port 'addr0[2]' not found.
[WARNING STA-0366] port 'addr0[1]' not found.
[WARNING STA-0366] port 'addr0[0]' not found.
[WARNING STA-0366] port 'din0[15]' not found.
[WARNING STA-0366] port 'din0[14]' not found.
[WARNING STA-0366] port 'din0[13]' not found.
[WARNING STA-0366] port 'din0[12]' not found.
[WARNING STA-0366] port 'din0[11]' not found.
[WARNING STA-0366] port 'din0[10]' not found.
[WARNING STA-0366] port 'din0[9]' not found.
[WARNING STA-0366] port 'din0[8]' not found.
[WARNING STA-0366] port 'din0[7]' not found.
[WARNING STA-0366] port 'din0[6]' not found.
[WARNING STA-0366] port 'din0[5]' not found.
[WARNING STA-0366] port 'din0[4]' not found.
[WARNING STA-0366] port 'din0[3]' not found.
[WARNING STA-0366] port 'din0[2]' not found.
[WARNING STA-0366] port 'din0[1]' not found.
[WARNING STA-0366] port 'din0[0]' not found.
+ global_placement -density 0.38091 -skip_io -pad_right 0 -pad_left 0 -init_wirelength_coef 0.25
[INFO GPL-0002] DBU: 1000
[INFO GPL-0003] SiteSize: (  0.460  2.720 ) um
[INFO GPL-0004] CoreBBox: (  5.520 10.880 ) ( 1194.160 788.800 ) um
[INFO GPL-0006] NumInstances:             10777
[INFO GPL-0007] NumPlaceInstances:           86
[INFO GPL-0008] NumFixedInstances:        10277
[INFO GPL-0009] NumDummyInstances:          414
[INFO GPL-0010] NumNets:                    170
[INFO GPL-0011] NumPins:                    384
[INFO GPL-0012] DieBBox:  (  0.000  0.000 ) ( 1200.000 800.000 ) um
[INFO GPL-0013] CoreBBox: (  5.520 10.880 ) ( 1194.160 788.800 ) um
[INFO GPL-0016] CoreArea:            924666.829 um^2
[INFO GPL-0017] NonPlaceInstsArea:   295030.458 um^2
[INFO GPL-0018] PlaceInstsArea:        1112.317 um^2
[INFO GPL-0019] Util:                     0.177 %
[INFO GPL-0020] StdInstsArea:          1112.317 um^2
[INFO GPL-0021] MacroInstsArea:           0.000 um^2
[INFO GPL-0031] FillerInit:NumGCells:     19119
[INFO GPL-0032] FillerInit:NumGNets:        170
[INFO GPL-0033] FillerInit:NumGPins:        384
[INFO GPL-0023] TargetDensity:            0.381
[INFO GPL-0024] AvrgPlaceInstArea:       12.934 um^2
[INFO GPL-0025] IdealBinArea:            33.955 um^2
[INFO GPL-0026] IdealBinCnt:              27231
[INFO GPL-0027] TotalBinArea:        924666.829 um^2
[INFO GPL-0028] BinCnt:       128    128
[INFO GPL-0029] BinSize: (  9.287  6.078 )
[INFO GPL-0030] NumBins: 16384
[NesterovSolve] Iter:    1 overflow: 0.514 HPWL: 21101208
[NesterovSolve] Iter:   10 overflow: 0.495 HPWL: 18602243
[NesterovSolve] Iter:   20 overflow: 0.508 HPWL: 18620289
[NesterovSolve] Iter:   30 overflow: 0.513 HPWL: 18525441
[NesterovSolve] Iter:   40 overflow: 0.487 HPWL: 18573842
[NesterovSolve] Iter:   50 overflow: 0.505 HPWL: 18549386
[NesterovSolve] Iter:   60 overflow: 0.502 HPWL: 18561449
[NesterovSolve] Iter:   70 overflow: 0.502 HPWL: 18557338
[NesterovSolve] Iter:   80 overflow: 0.503 HPWL: 18556954
[NesterovSolve] Iter:   90 overflow: 0.502 HPWL: 18559003
[NesterovSolve] Iter:  100 overflow: 0.503 HPWL: 18556944
[NesterovSolve] Iter:  110 overflow: 0.503 HPWL: 18558162
[NesterovSolve] Iter:  120 overflow: 0.503 HPWL: 18559804
[NesterovSolve] Iter:  130 overflow: 0.503 HPWL: 18563890
[NesterovSolve] Iter:  140 overflow: 0.503 HPWL: 18569795
[NesterovSolve] Iter:  150 overflow: 0.503 HPWL: 18578425
[NesterovSolve] Iter:  160 overflow: 0.503 HPWL: 18598156
[NesterovSolve] Iter:  170 overflow: 0.504 HPWL: 18638208
[NesterovSolve] Iter:  180 overflow: 0.504 HPWL: 18711018
[NesterovSolve] Iter:  190 overflow: 0.505 HPWL: 18818805
[NesterovSolve] Iter:  200 overflow: 0.505 HPWL: 18975364
[NesterovSolve] Iter:  210 overflow: 0.507 HPWL: 19186299
[NesterovSolve] Iter:  220 overflow: 0.508 HPWL: 19469970
[NesterovSolve] Iter:  230 overflow: 0.509 HPWL: 19741875
[NesterovSolve] Iter:  240 overflow: 0.509 HPWL: 19792424
[NesterovSolve] Iter:  250 overflow: 0.508 HPWL: 19549576
[NesterovSolve] Iter:  260 overflow: 0.506 HPWL: 19625647
[NesterovSolve] Iter:  270 overflow: 0.506 HPWL: 20025885
[NesterovSolve] Iter:  280 overflow: 0.492 HPWL: 19793425
[NesterovSolve] Iter:  290 overflow: 0.504 HPWL: 19966543
[NesterovSolve] Iter:  300 overflow: 0.509 HPWL: 19498076
[NesterovSolve] Iter:  310 overflow: 0.503 HPWL: 19519919
[NesterovSolve] Iter:  320 overflow: 0.488 HPWL: 19464690
[NesterovSolve] Iter:  330 overflow: 0.501 HPWL: 19237792
[NesterovSolve] Iter:  340 overflow: 0.490 HPWL: 19126629
[NesterovSolve] Iter:  350 overflow: 0.491 HPWL: 18998632
[NesterovSolve] Iter:  360 overflow: 0.491 HPWL: 18876920
[NesterovSolve] Iter:  370 overflow: 0.477 HPWL: 18794125
[NesterovSolve] Iter:  380 overflow: 0.460 HPWL: 18758207
[NesterovSolve] Iter:  390 overflow: 0.443 HPWL: 18723688
[NesterovSolve] Iter:  400 overflow: 0.417 HPWL: 18590807
[NesterovSolve] Iter:  410 overflow: 0.398 HPWL: 18608792
[NesterovSolve] Iter:  420 overflow: 0.349 HPWL: 18642824
[NesterovSolve] Iter:  430 overflow: 0.226 HPWL: 18605067
[NesterovSolve] Iter:  440 overflow: 0.132 HPWL: 18514070
[NesterovSolve] Iter:  450 overflow: 0.098 HPWL: 18482629
[NesterovSolve] Finished with Overflow: 0.098107
[INFO] Setting RC values…
Setting global connections for newly added cells…
[INFO] Setting global connections...
mem_i.* matched with mem_i0
mem_i.* matched with mem_i1
Updating metrics…
Cell type report:                       Count       Area
  Macro                                     2  247030.69
  Fill cell                              1000    3753.60
  Tap cell                               9275   11604.88
  Inverter                                 26      97.59
  Sequential cell                          25     656.88
  Multi-Input combinational cell           35     357.84
  Total                                 10363  263501.48
Writing OpenROAD database to '/home/lroot/NCO2ram/runs/RUN_2025-03-04_15-11-40/23-openroad-globalplacementskipio/counter.odb'…
Writing netlist to '/home/lroot/NCO2ram/runs/RUN_2025-03-04_15-11-40/23-openroad-globalplacementskipio/counter.nl.v'…
Writing powered netlist to '/home/lroot/NCO2ram/runs/RUN_2025-03-04_15-11-40/23-openroad-globalplacementskipio/counter.pnl.v'…
Writing layout to '/home/lroot/NCO2ram/runs/RUN_2025-03-04_15-11-40/23-openroad-globalplacementskipio/counter.def'…
Writing timing constraints to '/home/lroot/NCO2ram/runs/RUN_2025-03-04_15-11-40/23-openroad-globalplacementskipio/counter.sdc'…
