Reading OpenROAD database at '/home/lroot/NCO2ram/runs/RUN_2025-03-04_18-59-06/41-odb-heuristicdiodeinsertion/3-openroad-globalrouting/counter.odb'…
Reading library file at '/home/lroot/.volare/volare/sky130/versions/0fe599b2afb6708d281543108caf8310912f54af/sky130A/libs.ref/sky130_fd_sc_hd/lib/sky130_fd_sc_hd__tt_025C_1v80.lib'…
Reading library file at '/home/lroot/NCO2ram/ram_256x16/ram_256x16_TT_1p8V_25C.lib'…
Reading macro library file at '/home/lroot/NCO2ram/ram_256x16/ram_256x16_TT_1p8V_25C.lib'…
[WARNING STA-1140] /home/lroot/NCO2ram/ram_256x16/ram_256x16_TT_1p8V_25C.lib line 1, library ram_256x16_TT_1p8V_25C_lib already exists.
Reading design constraints file at '/home/lroot/NCO2ram/counter.sdc'…
[WARNING STA-0366] port 'addr0[0]' not found.
[WARNING STA-0366] port 'addr0[1]' not found.
[WARNING STA-0366] port 'addr0[2]' not found.
[WARNING STA-0366] port 'addr0[3]' not found.
[WARNING STA-0366] port 'addr0[4]' not found.
[WARNING STA-0366] port 'addr0[5]' not found.
[WARNING STA-0366] port 'addr0[6]' not found.
[WARNING STA-0366] port 'addr0[7]' not found.
[WARNING STA-0366] port 'csb0' not found.
[WARNING STA-0366] port 'din0[0]' not found.
[WARNING STA-0366] port 'din0[10]' not found.
[WARNING STA-0366] port 'din0[11]' not found.
[WARNING STA-0366] port 'din0[12]' not found.
[WARNING STA-0366] port 'din0[13]' not found.
[WARNING STA-0366] port 'din0[14]' not found.
[WARNING STA-0366] port 'din0[15]' not found.
[WARNING STA-0366] port 'din0[1]' not found.
[WARNING STA-0366] port 'din0[2]' not found.
[WARNING STA-0366] port 'din0[3]' not found.
[WARNING STA-0366] port 'din0[4]' not found.
[WARNING STA-0366] port 'din0[5]' not found.
[WARNING STA-0366] port 'din0[6]' not found.
[WARNING STA-0366] port 'din0[7]' not found.
[WARNING STA-0366] port 'din0[8]' not found.
[WARNING STA-0366] port 'din0[9]' not found.
[WARNING STA-0366] port 'csb0' not found.
[WARNING STA-0366] port 'addr0[7]' not found.
[WARNING STA-0366] port 'addr0[6]' not found.
[WARNING STA-0366] port 'addr0[5]' not found.
[WARNING STA-0366] port 'addr0[4]' not found.
[WARNING STA-0366] port 'addr0[3]' not found.
[WARNING STA-0366] port 'addr0[2]' not found.
[WARNING STA-0366] port 'addr0[1]' not found.
[WARNING STA-0366] port 'addr0[0]' not found.
[WARNING STA-0366] port 'din0[15]' not found.
[WARNING STA-0366] port 'din0[14]' not found.
[WARNING STA-0366] port 'din0[13]' not found.
[WARNING STA-0366] port 'din0[12]' not found.
[WARNING STA-0366] port 'din0[11]' not found.
[WARNING STA-0366] port 'din0[10]' not found.
[WARNING STA-0366] port 'din0[9]' not found.
[WARNING STA-0366] port 'din0[8]' not found.
[WARNING STA-0366] port 'din0[7]' not found.
[WARNING STA-0366] port 'din0[6]' not found.
[WARNING STA-0366] port 'din0[5]' not found.
[WARNING STA-0366] port 'din0[4]' not found.
[WARNING STA-0366] port 'din0[3]' not found.
[WARNING STA-0366] port 'din0[2]' not found.
[WARNING STA-0366] port 'din0[1]' not found.
[WARNING STA-0366] port 'din0[0]' not found.
[INFO] Setting signal min routing layer to: met1 and clock min routing layer to met1. 
[INFO] Setting signal max routing layer to: met5 and clock max routing layer to met5. 
-congestion_iterations 50 -verbose
[INFO GRT-0020] Min routing layer: met1
[INFO GRT-0021] Max routing layer: met5
[INFO GRT-0022] Global adjustment: 30%
[INFO GRT-0023] Grid origin: (0, 0)
[INFO GRT-0043] No OR_DEFAULT vias defined.
[INFO GRT-0088] Layer li1     Track-Pitch = 0.4600  line-2-Via Pitch: 0.3400
[INFO GRT-0088] Layer met1    Track-Pitch = 0.3400  line-2-Via Pitch: 0.3400
[INFO GRT-0088] Layer met2    Track-Pitch = 0.4600  line-2-Via Pitch: 0.3500
[INFO GRT-0088] Layer met3    Track-Pitch = 0.6800  line-2-Via Pitch: 0.6150
[INFO GRT-0088] Layer met4    Track-Pitch = 0.9200  line-2-Via Pitch: 1.0400
[INFO GRT-0088] Layer met5    Track-Pitch = 3.4000  line-2-Via Pitch: 3.1100
[INFO GRT-0019] Found 6 clock nets.
[INFO GRT-0001] Minimum degree: 2
[INFO GRT-0002] Maximum degree: 22
[INFO GRT-0003] Macros: 2
[INFO GRT-0043] No OR_DEFAULT vias defined.
[INFO GRT-0004] Blockages: 544

[INFO GRT-0053] Routing resources analysis:
          Routing      Original      Derated      Resource
Layer     Direction    Resources     Resources    Reduction (%)
---------------------------------------------------------------
li1        Vertical            0             0          0.00%
met1       Horizontal     171166         36648          78.59%
met2       Vertical       129495         33666          74.00%
met3       Horizontal      85583         23062          73.05%
met4       Vertical        52014         12704          75.58%
met5       Horizontal      17085          2976          82.58%
---------------------------------------------------------------

[INFO GRT-0101] Running extra iterations to remove overflow.
[INFO GRT-0197] Via related to pin nodes: 1363
[INFO GRT-0198] Via related Steiner nodes: 21
[INFO GRT-0199] Via filling finished.
[INFO GRT-0111] Final number of vias: 1938
[INFO GRT-0112] Final usage 3D: 10324

[INFO GRT-0096] Final congestion report:
Layer         Resource        Demand        Usage (%)    Max H / Max V / Total Overflow
---------------------------------------------------------------------------------------
li1                  0             0            0.00%             0 /  0 /  0
met1             36648          2206            6.02%             0 /  0 /  0
met2             33666          1829            5.43%             0 /  0 /  0
met3             23062           404            1.75%             0 /  0 /  0
met4             12704            71            0.56%             0 /  0 /  0
met5              2976             0            0.00%             0 /  0 /  0
---------------------------------------------------------------------------------------
Total           109056          4510            4.14%             0 /  0 /  0

[INFO GRT-0018] Total wirelength: 36556 um
[INFO GRT-0014] Routed nets: 288
[INFO GRT-0006] Repairing antennas, iteration 1.
[INFO GRT-0043] No OR_DEFAULT vias defined.
[INFO GRT-0012] Found 1 antenna violations.
[INFO GRT-0015] Inserted 1 diodes.
[INFO GRT-0009] rerouting 43 nets.
[INFO GRT-0001] Minimum degree: 2
[INFO GRT-0002] Maximum degree: 20
[INFO GRT-0006] Repairing antennas, iteration 2.
[INFO GRT-0043] No OR_DEFAULT vias defined.
[INFO GRT-0012] Found 0 antenna violations.
Placement Analysis
---------------------------------
total displacement          0.0 u
average displacement        0.0 u
max displacement            0.0 u
original HPWL           25267.0 u
legalized HPWL          25272.9 u
delta HPWL                    0 %

[INFO DPL-0020] Mirrored 275 instances
[INFO DPL-0021] HPWL before           25272.9 u
[INFO DPL-0022] HPWL after            25137.0 u
[INFO DPL-0023] HPWL delta               -0.5 %
-congestion_iterations 50 -verbose
[INFO GRT-0020] Min routing layer: met1
[INFO GRT-0021] Max routing layer: met5
[INFO GRT-0022] Global adjustment: 30%
[INFO GRT-0023] Grid origin: (0, 0)
[INFO GRT-0043] No OR_DEFAULT vias defined.
[INFO GRT-0088] Layer li1     Track-Pitch = 0.4600  line-2-Via Pitch: 0.3400
[INFO GRT-0088] Layer met1    Track-Pitch = 0.3400  line-2-Via Pitch: 0.3400
[INFO GRT-0088] Layer met2    Track-Pitch = 0.4600  line-2-Via Pitch: 0.3500
[INFO GRT-0088] Layer met3    Track-Pitch = 0.6800  line-2-Via Pitch: 0.6150
[INFO GRT-0088] Layer met4    Track-Pitch = 0.9200  line-2-Via Pitch: 1.0400
[INFO GRT-0088] Layer met5    Track-Pitch = 3.4000  line-2-Via Pitch: 3.1100
[INFO GRT-0019] Found 6 clock nets.
[INFO GRT-0001] Minimum degree: 2
[INFO GRT-0002] Maximum degree: 22
[INFO GRT-0003] Macros: 2
[INFO GRT-0043] No OR_DEFAULT vias defined.
[INFO GRT-0004] Blockages: 544

[INFO GRT-0053] Routing resources analysis:
          Routing      Original      Derated      Resource
Layer     Direction    Resources     Resources    Reduction (%)
---------------------------------------------------------------
li1        Vertical            0             0          0.00%
met1       Horizontal     171166         36648          78.59%
met2       Vertical       129495         33666          74.00%
met3       Horizontal      85583         23062          73.05%
met4       Vertical        52014         12704          75.58%
met5       Horizontal      17085          2976          82.58%
---------------------------------------------------------------

[INFO GRT-0101] Running extra iterations to remove overflow.
[INFO GRT-0197] Via related to pin nodes: 1366
[INFO GRT-0198] Via related Steiner nodes: 21
[INFO GRT-0199] Via filling finished.
[INFO GRT-0111] Final number of vias: 1942
[INFO GRT-0112] Final usage 3D: 10337

[INFO GRT-0096] Final congestion report:
Layer         Resource        Demand        Usage (%)    Max H / Max V / Total Overflow
---------------------------------------------------------------------------------------
li1                  0             0            0.00%             0 /  0 /  0
met1             36648          2190            5.98%             0 /  0 /  0
met2             33666          1829            5.43%             0 /  0 /  0
met3             23062           421            1.83%             0 /  0 /  0
met4             12704            71            0.56%             0 /  0 /  0
met5              2976             0            0.00%             0 /  0 /  0
---------------------------------------------------------------------------------------
Total           109056          4511            4.14%             0 /  0 /  0

[INFO GRT-0018] Total wirelength: 36576 um
[INFO GRT-0014] Routed nets: 288
[INFO] Setting RC values…
Setting global connections for newly added cells…
[INFO] Setting global connections...
mem_i.* matched with mem_i1_115
mem_i.* matched with mem_i0
mem_i.* matched with mem_i1
mem_i.* matched with mem_i0_114
Updating metrics…
Cell type report:                       Count       Area
  Macro                                     2  247030.69
  Fill cell                               962    3610.96
  Tap cell                               1530    1914.34
  Antenna cell                            322     805.77
  Clock buffer                              6     132.63
  Timing Repair Buffer                    113     534.26
  Inverter                                 26      97.59
  Clock inverter                            1       8.76
  Sequential cell                          25     625.60
  Multi-Input combinational cell           35     302.79
  Total                                  3022  255063.39
Writing OpenROAD database to '/home/lroot/NCO2ram/runs/RUN_2025-03-04_18-59-06/42-openroad-repairantennas/1-diodeinsertion/counter.odb'…
Writing layout to '/home/lroot/NCO2ram/runs/RUN_2025-03-04_18-59-06/42-openroad-repairantennas/1-diodeinsertion/counter.def'…
