                                                                       Cells by Function                                                                        
┏━━━━━━━━━━━━━━━━━━━━━━━━━━━━━━━━━━━━━━━━━━━━━━━━━━━━━━━━━━━━━━━━━━━━━━━━━━━━━━━━━━━━━━━━━━━━━━━━━━━━━━━━━━━━━━━━━━━━━━━━━━━━━━━━━┳━━━━━━━━━━━━━━━━━━━━━━━━━━━━┓
┃ Cell Function                                                                                                                   ┃ Count                      ┃
┡━━━━━━━━━━━━━━━━━━━━━━━━━━━━━━━━━━━━━━━━━━━━━━━━━━━━━━━━━━━━━━━━━━━━━━━━━━━━━━━━━━━━━━━━━━━━━━━━━━━━━━━━━━━━━━━━━━━━━━━━━━━━━━━━━╇━━━━━━━━━━━━━━━━━━━━━━━━━━━━┩
│ sky130_ef_sc_hd__decap                                                                                                          │ 4386                       │
│ sky130_fd_sc_hd__a21oi                                                                                                          │ 2                          │
│ sky130_fd_sc_hd__a41o                                                                                                           │ 1                          │
│ sky130_fd_sc_hd__and2                                                                                                           │ 1                          │
│ sky130_fd_sc_hd__and2b                                                                                                          │ 1                          │
│ sky130_fd_sc_hd__and3                                                                                                           │ 2                          │
│ sky130_fd_sc_hd__and4                                                                                                           │ 2                          │
│ sky130_fd_sc_hd__buf                                                                                                            │ 60                         │
│ sky130_fd_sc_hd__clkbuf                                                                                                         │ 57                         │
│ sky130_fd_sc_hd__conb                                                                                                           │ 2                          │
│ sky130_fd_sc_hd__decap                                                                                                          │ 2296                       │
│ sky130_fd_sc_hd__dfrtp                                                                                                          │ 25                         │
│ sky130_fd_sc_hd__diode                                                                                                          │ 295                        │
│ sky130_fd_sc_hd__dlygate4sd3                                                                                                    │ 6                          │
│ sky130_fd_sc_hd__dlymetal6s2s                                                                                                   │ 2                          │
│ sky130_fd_sc_hd__fill                                                                                                           │ 1226                       │
│ sky130_fd_sc_hd__inv                                                                                                            │ 27                         │
│ sky130_fd_sc_hd__mux2                                                                                                           │ 16                         │
│ sky130_fd_sc_hd__nor2                                                                                                           │ 4                          │
│ sky130_fd_sc_hd__tapvpwrvgnd                                                                                                    │ 1161                       │
│ sky130_fd_sc_hd__xor2                                                                                                           │ 4                          │
└─────────────────────────────────────────────────────────────────────────────────────────────────────────────────────────────────┴────────────────────────────┘
