┏━━━━━━━┳━━━━━━━━━┳━━━━━━━━━━┳━━━━━━━━━━━━━━━━━━━━━┳━━━━━━━━━━━━┳━━━━━━━┓
┃ P / R ┃ Partial ┃ Required ┃ Net                 ┃ Pin        ┃ Layer ┃
┡━━━━━━━╇━━━━━━━━━╇━━━━━━━━━━╇━━━━━━━━━━━━━━━━━━━━━╇━━━━━━━━━━━━╇━━━━━━━┩
│ 4.62  │ 1848.95 │ 400.00   │ sine_out_temp1[0\]  │ _063_/A1   │ met3  │
│ 3.95  │ 1579.03 │ 400.00   │ sine_out_temp1[0\]  │ _063_/A1   │ met2  │
│ 2.38  │ 953.78  │ 400.00   │ sine_out_temp0[6\]  │ _069_/A0   │ met4  │
│ 2.36  │ 943.75  │ 400.00   │ sine_out_temp0[12\] │ _075_/A0   │ met4  │
│ 2.35  │ 939.94  │ 400.00   │ sine_out_temp0[7\]  │ _070_/A0   │ met4  │
│ 2.33  │ 933.21  │ 400.00   │ sine_out_temp0[10\] │ _073_/A0   │ met4  │
│ 2.32  │ 926.98  │ 400.00   │ sine_out_temp0[13\] │ _076_/A0   │ met4  │
│ 2.31  │ 923.17  │ 400.00   │ sine_out_temp0[8\]  │ _071_/A0   │ met4  │
│ 2.29  │ 916.44  │ 400.00   │ sine_out_temp0[9\]  │ _072_/A0   │ met4  │
│ 2.28  │ 912.63  │ 400.00   │ sine_out_temp0[14\] │ _077_/A0   │ met4  │
│ 1.68  │ 670.11  │ 400.00   │ sine_out_temp1[0\]  │ _063_/A1   │ met1  │
│ 1.34  │ 534.67  │ 400.00   │ sine_out_temp0[10\] │ _073_/A0   │ met3  │
│ 1.34  │ 534.67  │ 400.00   │ sine_out_temp0[12\] │ _075_/A0   │ met3  │
│ 1.34  │ 534.67  │ 400.00   │ sine_out_temp0[13\] │ _076_/A0   │ met3  │
│ 1.34  │ 534.67  │ 400.00   │ sine_out_temp0[14\] │ _077_/A0   │ met3  │
│ 1.34  │ 534.67  │ 400.00   │ sine_out_temp0[6\]  │ _069_/A0   │ met3  │
│ 1.34  │ 534.67  │ 400.00   │ sine_out_temp0[7\]  │ _070_/A0   │ met3  │
│ 1.34  │ 534.67  │ 400.00   │ sine_out_temp0[8\]  │ _071_/A0   │ met3  │
│ 1.34  │ 534.67  │ 400.00   │ sine_out_temp0[9\]  │ _072_/A0   │ met3  │
│ 1.12  │ 447.05  │ 400.00   │ sine_out_temp0[11\] │ _074_/A0   │ met3  │
│ 1.12  │ 447.05  │ 400.00   │ sine_out_temp0[15\] │ _078_/A0   │ met3  │
│ 1.01  │ 403.33  │ 400.00   │ net65               │ output65/A │ met1  │
└───────┴─────────┴──────────┴─────────────────────┴────────────┴───────┘
