Clock: clk
Sources: clk 
Generated: no
Virtual: yes
Propagated: no
Period: 5.000000

===========================================================================
report_clock_properties
============================================================================
Clock                   Period          Waveform
----------------------------------------------------
clk                   5.000000    0.000000  2.500000

===========================================================================
report_clock_latency
============================================================================
Clock clk
rise -> rise
    min     max
0.000000 0.000000 source latency
1.258823         network latency _134_/CLK
        1.484861 network latency mem_i1/clk1
---------------
1.258823 1.484861 latency
        0.226038 skew

fall -> fall
    min     max
0.000000 0.000000 source latency
1.029245         network latency _134_/CLK
        1.195419 network latency mem_i1/clk1
---------------
1.029245 1.195419 latency
        0.166174 skew



===========================================================================
report_clock_min_period
============================================================================
clk period_min = 4.26 fmax = 234.79
