
===========================================================================
report_checks -unconstrained
===========================================================================
======================= nom_tt_025C_1v80 Corner ===================================

Startpoint: rst (input port clocked by clk)
Endpoint: _130_ (recovery check against rising-edge clock clk)
Path Group: asynchronous
Path Type: max

Fanout         Cap        Slew       Delay        Time   Description
---------------------------------------------------------------------------------------------
                                  0.000000    0.000000   clock clk (rise edge)
                                  0.000000    0.000000   clock network delay (propagated)
                                  2.500000    2.500000 v input external delay
    25    0.175878    0.385343    0.286044    2.786044 v rst (in)
                                                         rst (net)
                      0.385777    0.000000    2.786044 v _105_/A (sky130_fd_sc_hd__inv_2)
     1    0.007822    0.099920    0.156757    2.942801 ^ _105_/Y (sky130_fd_sc_hd__inv_2)
                                                         _035_ (net)
                      0.099920    0.000107    2.942909 ^ _130_/RESET_B (sky130_fd_sc_hd__dfrtp_2)
                                              2.942909   data arrival time

                                  5.000000    5.000000   clock clk (rise edge)
                                  0.000000    5.000000   clock source latency
    29    0.172740    0.776942    0.539062    5.539062 ^ clk (in)
                                                         clk (net)
                      0.778178    0.000000    5.539062 ^ _130_/CLK (sky130_fd_sc_hd__dfrtp_2)
                                 -0.250000    5.289062   clock uncertainty
                                  0.000000    5.289062   clock reconvergence pessimism
                                  0.379187    5.668248   library recovery time
                                              5.668248   data required time
---------------------------------------------------------------------------------------------
                                              5.668248   data required time
                                             -2.942909   data arrival time
---------------------------------------------------------------------------------------------
                                              2.725339   slack (MET)


Startpoint: _143_ (rising edge-triggered flip-flop clocked by clk)
Endpoint: sine_out[6] (output port clocked by clk)
Path Group: clk
Path Type: max

Fanout         Cap        Slew       Delay        Time   Description
---------------------------------------------------------------------------------------------
                                  0.000000    0.000000   clock clk (rise edge)
                                  0.000000    0.000000   clock source latency
    29    0.172740    0.776942    0.547959    0.547959 ^ clk (in)
                                                         clk (net)
                      0.779230    0.000000    0.547959 ^ _143_/CLK (sky130_fd_sc_hd__dfrtp_2)
     1    0.014091    0.066158    0.577399    1.125357 v _143_/Q (sky130_fd_sc_hd__dfrtp_2)
                                                         sine_out[6] (net)
                      0.066158    0.000420    1.125778 v sine_out[6] (out)
                                              1.125778   data arrival time

                                  5.000000    5.000000   clock clk (rise edge)
                                  0.000000    5.000000   clock network delay (propagated)
                                 -0.250000    4.750000   clock uncertainty
                                  0.000000    4.750000   clock reconvergence pessimism
                                 -2.500000    2.250000   output external delay
                                              2.250000   data required time
---------------------------------------------------------------------------------------------
                                              2.250000   data required time
                                             -1.125778   data arrival time
---------------------------------------------------------------------------------------------
                                              1.124222   slack (MET)




===========================================================================
report_checks --slack_max -0.01
============================================================================
======================= nom_tt_025C_1v80 Corner ===================================

No paths found.


===========================================================================
 report_check_types -max_slew -max_cap -max_fanout -violators
============================================================================
======================= nom_tt_025C_1v80 Corner ===================================

max slew

Pin                                        Limit        Slew       Slack
------------------------------------------------------------------------
mem_i1/addr1[0]                         0.045000    0.427472   -0.382472 (VIOLATED)
mem_i0/addr1[0]                         0.045000    0.427398   -0.382398 (VIOLATED)
mem_i1/addr1[1]                         0.045000    0.414003   -0.369003 (VIOLATED)
mem_i0/addr1[1]                         0.045000    0.413955   -0.368955 (VIOLATED)
mem_i0/addr1[4]                         0.045000    0.409864   -0.364864 (VIOLATED)
mem_i1/addr1[4]                         0.045000    0.409840   -0.364840 (VIOLATED)
mem_i1/addr1[6]                         0.045000    0.382481   -0.337481 (VIOLATED)
mem_i0/addr1[6]                         0.045000    0.382469   -0.337469 (VIOLATED)
mem_i0/addr1[5]                         0.045000    0.360551   -0.315551 (VIOLATED)
mem_i1/addr1[5]                         0.045000    0.360486   -0.315486 (VIOLATED)
mem_i0/addr1[2]                         0.045000    0.337322   -0.292322 (VIOLATED)
mem_i1/addr1[2]                         0.045000    0.337312   -0.292312 (VIOLATED)
mem_i0/clk0                             0.750000    1.039705   -0.289705 (VIOLATED)
mem_i1/clk0                             0.750000    1.039209   -0.289209 (VIOLATED)
mem_i0/clk1                             0.750000    1.037591   -0.287591 (VIOLATED)
mem_i1/clk1                             0.750000    1.035940   -0.285940 (VIOLATED)
mem_i0/addr1[7]                         0.045000    0.305584   -0.260584 (VIOLATED)
mem_i1/addr1[7]                         0.045000    0.305521   -0.260521 (VIOLATED)
mem_i0/addr1[3]                         0.045000    0.301013   -0.256013 (VIOLATED)
mem_i1/addr1[3]                         0.045000    0.300998   -0.255998 (VIOLATED)
_112_/A                                 0.750000    0.830299   -0.080299 (VIOLATED)
_114_/A                                 0.750000    0.830290   -0.080290 (VIOLATED)
_116_/A                                 0.750000    0.830288   -0.080288 (VIOLATED)
_113_/A                                 0.750000    0.830286   -0.080286 (VIOLATED)
_115_/A                                 0.750000    0.830284   -0.080284 (VIOLATED)
_118_/A                                 0.750000    0.830281   -0.080282 (VIOLATED)
_117_/A                                 0.750000    0.830274   -0.080274 (VIOLATED)
_111_/A                                 0.750000    0.830067   -0.080067 (VIOLATED)
_119_/A                                 0.750000    0.830063   -0.080063 (VIOLATED)
_100_/A                                 0.750000    0.830011   -0.080011 (VIOLATED)
_103_/A                                 0.750000    0.830005   -0.080005 (VIOLATED)
_107_/A                                 0.750000    0.830001   -0.080001 (VIOLATED)
_099_/A                                 0.750000    0.829996   -0.079996 (VIOLATED)
_062_/A                                 0.750000    0.829994   -0.079995 (VIOLATED)
_110_/A                                 0.750000    0.829994   -0.079994 (VIOLATED)
_101_/A                                 0.750000    0.829992   -0.079993 (VIOLATED)
_096_/A                                 0.750000    0.829986   -0.079986 (VIOLATED)
_105_/A                                 0.750000    0.829986   -0.079986 (VIOLATED)
_097_/A                                 0.750000    0.829969   -0.079969 (VIOLATED)
_098_/A                                 0.750000    0.829952   -0.079952 (VIOLATED)
_102_/A                                 0.750000    0.829863   -0.079863 (VIOLATED)
_108_/A                                 0.750000    0.829835   -0.079835 (VIOLATED)
_109_/A                                 0.750000    0.829778   -0.079778 (VIOLATED)
_104_/A                                 0.750000    0.829765   -0.079765 (VIOLATED)
_106_/A                                 0.750000    0.829762   -0.079762 (VIOLATED)
rst                                     0.750000    0.829754   -0.079754 (VIOLATED)
_137_/CLK                               0.750000    0.779370   -0.029370 (VIOLATED)
_141_/CLK                               0.750000    0.779355   -0.029355 (VIOLATED)
_138_/CLK                               0.750000    0.779338   -0.029338 (VIOLATED)
_139_/CLK                               0.750000    0.779323   -0.029323 (VIOLATED)
_140_/CLK                               0.750000    0.779317   -0.029317 (VIOLATED)
_142_/CLK                               0.750000    0.779277   -0.029277 (VIOLATED)
_143_/CLK                               0.750000    0.779230   -0.029230 (VIOLATED)
_136_/CLK                               0.750000    0.778532   -0.028532 (VIOLATED)
_120_/CLK                               0.750000    0.778448   -0.028448 (VIOLATED)
_123_/CLK                               0.750000    0.778433   -0.028433 (VIOLATED)
_144_/CLK                               0.750000    0.778402   -0.028402 (VIOLATED)
_122_/CLK                               0.750000    0.778394   -0.028394 (VIOLATED)
_121_/CLK                               0.750000    0.778377   -0.028377 (VIOLATED)
_125_/CLK                               0.750000    0.778352   -0.028353 (VIOLATED)
_124_/CLK                               0.750000    0.778323   -0.028323 (VIOLATED)
_128_/CLK                               0.750000    0.778317   -0.028317 (VIOLATED)
_127_/CLK                               0.750000    0.778281   -0.028281 (VIOLATED)
_132_/CLK                               0.750000    0.778256   -0.028256 (VIOLATED)
_134_/CLK                               0.750000    0.778247   -0.028247 (VIOLATED)
_135_/CLK                               0.750000    0.778245   -0.028245 (VIOLATED)
_126_/CLK                               0.750000    0.778223   -0.028223 (VIOLATED)
_133_/CLK                               0.750000    0.778212   -0.028212 (VIOLATED)
_130_/CLK                               0.750000    0.778178   -0.028178 (VIOLATED)
_131_/CLK                               0.750000    0.778133   -0.028133 (VIOLATED)
_129_/CLK                               0.750000    0.777832   -0.027832 (VIOLATED)
clk                                     0.750000    0.776942   -0.026942 (VIOLATED)

max fanout

Pin                                   Limit Fanout  Slack
---------------------------------------------------------
clk                                      10     29    -19 (VIOLATED)
rst                                      10     25    -15 (VIOLATED)
_136_/Q                                  10     17     -7 (VIOLATED)

max capacitance

Pin                                        Limit         Cap       Slack
------------------------------------------------------------------------
mem_i1/dout1[7]                         0.027560    0.030074   -0.002514 (VIOLATED)
mem_i1/dout1[15]                        0.027560    0.029148   -0.001588 (VIOLATED)
mem_i1/dout1[8]                         0.027560    0.028512   -0.000952 (VIOLATED)
mem_i1/dout1[9]                         0.027560    0.028499   -0.000939 (VIOLATED)
mem_i1/dout1[10]                        0.027560    0.028102   -0.000542 (VIOLATED)
mem_i1/dout1[3]                         0.027560    0.028063   -0.000503 (VIOLATED)



===========================================================================
report_parasitic_annotation -report_unannotated
============================================================================
Found 2 unannotated drivers.
 _145_/HI
 _146_/HI
Found 0 partially unannotated drivers.

===========================================================================
max slew violation count 72
Writing metric design__max_slew_violation__count__corner:nom_tt_025C_1v80: 72
max fanout violation count 3
Writing metric design__max_fanout_violation__count__corner:nom_tt_025C_1v80: 3
max cap violation count 6
Writing metric design__max_cap_violation__count__corner:nom_tt_025C_1v80: 6
============================================================================

===========================================================================
check_setup -verbose -unconstrained_endpoints -multiple_clock -no_clock -no_input_delay -loops -generated_clocks
===========================================================================
Warning: There are 50 input ports missing set_input_delay.
  addr00[0]
  addr00[1]
  addr00[2]
  addr00[3]
  addr00[4]
  addr00[5]
  addr00[6]
  addr00[7]
  addr01[0]
  addr01[1]
  addr01[2]
  addr01[3]
  addr01[4]
  addr01[5]
  addr01[6]
  addr01[7]
  csb00
  csb01
  din00[0]
  din00[10]
  din00[11]
  din00[12]
  din00[13]
  din00[14]
  din00[15]
  din00[1]
  din00[2]
  din00[3]
  din00[4]
  din00[5]
  din00[6]
  din00[7]
  din00[8]
  din00[9]
  din01[0]
  din01[10]
  din01[11]
  din01[12]
  din01[13]
  din01[14]
  din01[15]
  din01[1]
  din01[2]
  din01[3]
  din01[4]
  din01[5]
  din01[6]
  din01[7]
  din01[8]
  din01[9]
Warning: There are 52 unconstrained endpoints.
  mem_i0/addr0[0]
  mem_i0/addr0[1]
  mem_i0/addr0[2]
  mem_i0/addr0[3]
  mem_i0/addr0[4]
  mem_i0/addr0[5]
  mem_i0/addr0[6]
  mem_i0/addr0[7]
  mem_i0/csb0
  mem_i0/csb1
  mem_i0/din0[0]
  mem_i0/din0[10]
  mem_i0/din0[11]
  mem_i0/din0[12]
  mem_i0/din0[13]
  mem_i0/din0[14]
  mem_i0/din0[15]
  mem_i0/din0[1]
  mem_i0/din0[2]
  mem_i0/din0[3]
  mem_i0/din0[4]
  mem_i0/din0[5]
  mem_i0/din0[6]
  mem_i0/din0[7]
  mem_i0/din0[8]
  mem_i0/din0[9]
  mem_i1/addr0[0]
  mem_i1/addr0[1]
  mem_i1/addr0[2]
  mem_i1/addr0[3]
  mem_i1/addr0[4]
  mem_i1/addr0[5]
  mem_i1/addr0[6]
  mem_i1/addr0[7]
  mem_i1/csb0
  mem_i1/csb1
  mem_i1/din0[0]
  mem_i1/din0[10]
  mem_i1/din0[11]
  mem_i1/din0[12]
  mem_i1/din0[13]
  mem_i1/din0[14]
  mem_i1/din0[15]
  mem_i1/din0[1]
  mem_i1/din0[2]
  mem_i1/din0[3]
  mem_i1/din0[4]
  mem_i1/din0[5]
  mem_i1/din0[6]
  mem_i1/din0[7]
  mem_i1/din0[8]
  mem_i1/din0[9]
