Clock: clk
Sources: clk 
Generated: no
Virtual: yes
Propagated: no
Period: 5.000000

===========================================================================
report_clock_properties
============================================================================
Clock                   Period          Waveform
----------------------------------------------------
clk                   5.000000    0.000000  2.500000

===========================================================================
report_clock_latency
============================================================================
Clock clk
rise -> rise
    min     max
0.000000 0.000000 source latency
0.516065         network latency mem_i1/clk1
        0.548968 network latency _137_/CLK
---------------
0.516065 0.548968 latency
        0.032903 skew

fall -> fall
    min     max
0.000000 0.000000 source latency
0.251878         network latency mem_i1/clk1
        0.283681 network latency _137_/CLK
---------------
0.251878 0.283681 latency
        0.031803 skew



===========================================================================
report_clock_min_period
============================================================================
clk period_min = 1.94 fmax = 516.03
