
===========================================================================
report_checks -unconstrained
===========================================================================
======================= nom_ss_100C_1v60 Corner ===================================

Startpoint: rst (input port clocked by clk)
Endpoint: _134_ (recovery check against rising-edge clock clk)
Path Group: asynchronous
Path Type: max

Fanout         Cap        Slew       Delay        Time   Description
---------------------------------------------------------------------------------------------
                                  0.000000    0.000000   clock clk (rise edge)
                                  0.000000    0.000000   clock network delay (propagated)
                                  2.500000    2.500000 v input external delay
     2    0.003754    0.022164    0.012230    2.512230 v rst (in)
                                                         rst (net)
                      0.022164    0.000000    2.512230 v input51/A (sky130_fd_sc_hd__clkbuf_1)
     3    0.018518    0.216029    0.267336    2.779566 v input51/X (sky130_fd_sc_hd__clkbuf_1)
                                                         net51 (net)
                      0.216033    0.001299    2.780865 v fanout113/A (sky130_fd_sc_hd__buf_4)
    17    0.093732    0.216635    0.464825    3.245690 v fanout113/X (sky130_fd_sc_hd__buf_4)
                                                         net113 (net)
                      0.216640    0.000915    3.246605 v fanout112/A (sky130_fd_sc_hd__buf_4)
    19    0.066047    0.166151    0.425340    3.671946 v fanout112/X (sky130_fd_sc_hd__buf_4)
                                                         net112 (net)
                      0.166167    0.001822    3.673768 v fanout111/A (sky130_fd_sc_hd__buf_4)
    10    0.055998    0.145802    0.386897    4.060665 v fanout111/X (sky130_fd_sc_hd__buf_4)
                                                         net111 (net)
                      0.145816    0.001517    4.062181 v _109_/A (sky130_fd_sc_hd__inv_2)
     1    0.005360    0.064526    0.111677    4.173859 ^ _109_/Y (sky130_fd_sc_hd__inv_2)
                                                         _039_ (net)
                      0.064526    0.000143    4.174002 ^ _134_/RESET_B (sky130_fd_sc_hd__dfrtp_1)
                                              4.174002   data arrival time

                                  5.000000    5.000000   clock clk (rise edge)
                                  0.000000    5.000000   clock source latency
     2    0.073449    0.529687    0.378462    5.378462 ^ clk (in)
                                                         clk (net)
                      0.531302    0.000000    5.378462 ^ clkbuf_0_clk/A (sky130_fd_sc_hd__clkbuf_16)
     9    0.130043    0.222336    0.540540    5.919002 ^ clkbuf_0_clk/X (sky130_fd_sc_hd__clkbuf_16)
                                                         clknet_0_clk (net)
                      0.223220    0.010422    5.929424 ^ clkbuf_2_1__f_clk/A (sky130_fd_sc_hd__clkbuf_16)
    19    0.058544    0.118455    0.339763    6.269187 ^ clkbuf_2_1__f_clk/X (sky130_fd_sc_hd__clkbuf_16)
                                                         clknet_2_1__leaf_clk (net)
                      0.118530    0.002780    6.271967 ^ _134_/CLK (sky130_fd_sc_hd__dfrtp_1)
                                 -0.005000    6.266967   clock uncertainty
                                  0.000000    6.266967   clock reconvergence pessimism
                                  0.480762    6.747729   library recovery time
                                              6.747729   data required time
---------------------------------------------------------------------------------------------
                                              6.747729   data required time
                                             -4.174002   data arrival time
---------------------------------------------------------------------------------------------
                                              2.573728   slack (MET)


Startpoint: _138_ (rising edge-triggered flip-flop clocked by clk)
Endpoint: sine_out[1] (output port clocked by clk)
Path Group: clk
Path Type: max

Fanout         Cap        Slew       Delay        Time   Description
---------------------------------------------------------------------------------------------
                                  0.000000    0.000000   clock clk (rise edge)
                                  0.000000    0.000000   clock source latency
     2    0.073449    0.529687    0.378462    0.378462 ^ clk (in)
                                                         clk (net)
                      0.531302    0.000000    0.378462 ^ clkbuf_0_clk/A (sky130_fd_sc_hd__clkbuf_16)
     9    0.130043    0.222336    0.540540    0.919002 ^ clkbuf_0_clk/X (sky130_fd_sc_hd__clkbuf_16)
                                                         clknet_0_clk (net)
                      0.223389    0.011508    0.930510 ^ clkbuf_2_2__f_clk/A (sky130_fd_sc_hd__clkbuf_16)
    13    0.086172    0.157143    0.368253    1.298763 ^ clkbuf_2_2__f_clk/X (sky130_fd_sc_hd__clkbuf_16)
                                                         clknet_2_2__leaf_clk (net)
                      0.157619    0.005755    1.304518 ^ _138_/CLK (sky130_fd_sc_hd__dfrtp_1)
     3    0.023607    0.249410    0.946584    2.251102 v _138_/Q (sky130_fd_sc_hd__dfrtp_1)
                                                         net59 (net)
                      0.249422    0.002025    2.253127 v output59/A (sky130_fd_sc_hd__clkbuf_1)
     1    0.000645    0.030883    0.218782    2.471909 v output59/X (sky130_fd_sc_hd__clkbuf_1)
                                                         sine_out[1] (net)
                      0.030883    0.000007    2.471916 v sine_out[1] (out)
                                              2.471916   data arrival time

                                  5.000000    5.000000   clock clk (rise edge)
                                  0.000000    5.000000   clock network delay (propagated)
                                 -0.005000    4.995000   clock uncertainty
                                  0.000000    4.995000   clock reconvergence pessimism
                                 -2.500000    2.495000   output external delay
                                              2.495000   data required time
---------------------------------------------------------------------------------------------
                                              2.495000   data required time
                                             -2.471916   data arrival time
---------------------------------------------------------------------------------------------
                                              0.023084   slack (MET)




===========================================================================
report_checks --slack_max -0.01
============================================================================
======================= nom_ss_100C_1v60 Corner ===================================

No paths found.


===========================================================================
 report_check_types -max_slew -max_cap -max_fanout -violators
============================================================================
======================= nom_ss_100C_1v60 Corner ===================================

max slew

Pin                                        Limit        Slew       Slack
------------------------------------------------------------------------
mem_i1/addr1[0]                         0.045000    0.837987   -0.792987 (VIOLATED)
mem_i1/addr1[1]                         0.045000    0.801049   -0.756049 (VIOLATED)
mem_i1/addr0[1]                         0.040000    0.781463   -0.741463 (VIOLATED)
mem_i0/addr1[7]                         0.045000    0.755119   -0.710119 (VIOLATED)
mem_i0/addr1[6]                         0.045000    0.722923   -0.677923 (VIOLATED)
mem_i0/addr1[5]                         0.045000    0.683050   -0.638050 (VIOLATED)
mem_i0/addr1[2]                         0.045000    0.576460   -0.531460 (VIOLATED)
mem_i0/addr1[4]                         0.045000    0.478322   -0.433322 (VIOLATED)
mem_i0/addr0[1]                         0.040000    0.470991   -0.430991 (VIOLATED)
mem_i1/addr1[5]                         0.045000    0.413232   -0.368232 (VIOLATED)
mem_i0/addr1[3]                         0.045000    0.405483   -0.360483 (VIOLATED)
ANTENNA__072__A1/DIODE                  0.750000    1.107051   -0.357051 (VIOLATED)
_072_/A1                                0.750000    1.107051   -0.357051 (VIOLATED)
mem_i1/addr1[4]                         0.045000    0.401151   -0.356151 (VIOLATED)
ANTENNA_wire68_X/DIODE                  0.750000    1.103707   -0.353707 (VIOLATED)
wire68/X                                0.750000    1.103705   -0.353705 (VIOLATED)
mem_i1/addr0[0]                         0.040000    0.390996   -0.350996 (VIOLATED)
mem_i0/addr0[4]                         0.040000    0.386763   -0.346763 (VIOLATED)
ANTENNA__071__A1/DIODE                  0.750000    1.089104   -0.339104 (VIOLATED)
_071_/A1                                0.750000    1.089103   -0.339104 (VIOLATED)
ANTENNA_wire69_X/DIODE                  0.750000    1.085780   -0.335780 (VIOLATED)
wire69/X                                0.750000    1.085778   -0.335778 (VIOLATED)
mem_i1/addr1[2]                         0.045000    0.379615   -0.334615 (VIOLATED)
_067_/A1                                0.750000    1.075663   -0.325663 (VIOLATED)
ANTENNA__067__A1/DIODE                  0.750000    1.075660   -0.325660 (VIOLATED)
mem_i0/addr1[0]                         0.045000    0.368211   -0.323211 (VIOLATED)
ANTENNA_wire73_X/DIODE                  0.750000    1.072854   -0.322854 (VIOLATED)
wire73/X                                0.750000    1.072852   -0.322853 (VIOLATED)
mem_i0/addr0[2]                         0.040000    0.362497   -0.322497 (VIOLATED)
mem_i1/addr1[3]                         0.045000    0.366091   -0.321091 (VIOLATED)
_074_/A1                                0.750000    1.068280   -0.318280 (VIOLATED)
ANTENNA__074__A1/DIODE                  0.750000    1.068278   -0.318278 (VIOLATED)
mem_i0/addr0[6]                         0.040000    0.357921   -0.317921 (VIOLATED)
ANTENNA__075__A1/DIODE                  0.750000    1.067841   -0.317841 (VIOLATED)
_075_/A1                                0.750000    1.067840   -0.317841 (VIOLATED)
ANTENNA_wire81_X/DIODE                  0.750000    1.065287   -0.315287 (VIOLATED)
wire81/X                                0.750000    1.065284   -0.315284 (VIOLATED)
ANTENNA_wire80_X/DIODE                  0.750000    1.064863   -0.314863 (VIOLATED)
wire80/X                                0.750000    1.064861   -0.314861 (VIOLATED)
mem_i0/addr0[3]                         0.040000    0.347662   -0.307662 (VIOLATED)
mem_i0/addr0[5]                         0.040000    0.331561   -0.291561 (VIOLATED)
mem_i0/addr0[7]                         0.040000    0.318212   -0.278212 (VIOLATED)
mem_i1/addr0[4]                         0.040000    0.315001   -0.275001 (VIOLATED)
mem_i1/addr0[3]                         0.040000    0.314840   -0.274840 (VIOLATED)
mem_i0/addr0[0]                         0.040000    0.314625   -0.274625 (VIOLATED)
mem_i1/addr0[2]                         0.040000    0.312761   -0.272761 (VIOLATED)
mem_i1/addr0[7]                         0.040000    0.312559   -0.272559 (VIOLATED)
mem_i1/addr0[5]                         0.040000    0.312325   -0.272325 (VIOLATED)
mem_i1/addr0[6]                         0.040000    0.311738   -0.271738 (VIOLATED)
ANTENNA__073__A1/DIODE                  0.750000    1.014807   -0.264807 (VIOLATED)
_073_/A1                                0.750000    1.014808   -0.264808 (VIOLATED)
ANTENNA_wire82_X/DIODE                  0.750000    1.011592   -0.261592 (VIOLATED)
wire82/X                                0.750000    1.011590   -0.261590 (VIOLATED)
ANTENNA__070__A1/DIODE                  0.750000    1.002503   -0.252503 (VIOLATED)
_070_/A1                                0.750000    1.002503   -0.252503 (VIOLATED)
ANTENNA_wire70_X/DIODE                  0.750000    0.999745   -0.249745 (VIOLATED)
wire70/X                                0.750000    0.999743   -0.249743 (VIOLATED)
ANTENNA__076__A1/DIODE                  0.750000    0.986688   -0.236688 (VIOLATED)
_076_/A1                                0.750000    0.986686   -0.236686 (VIOLATED)
ANTENNA_wire79_X/DIODE                  0.750000    0.984199   -0.234199 (VIOLATED)
wire79/X                                0.750000    0.984197   -0.234197 (VIOLATED)
_077_/A1                                0.750000    0.947503   -0.197503 (VIOLATED)
ANTENNA__077__A1/DIODE                  0.750000    0.947503   -0.197503 (VIOLATED)
ANTENNA_wire78_X/DIODE                  0.750000    0.945176   -0.195176 (VIOLATED)
wire78/X                                0.750000    0.945174   -0.195174 (VIOLATED)
ANTENNA__066__A1/DIODE                  0.750000    0.935550   -0.185550 (VIOLATED)
_066_/A1                                0.750000    0.935550   -0.185550 (VIOLATED)
ANTENNA_wire74_X/DIODE                  0.750000    0.933301   -0.183301 (VIOLATED)
wire74/X                                0.750000    0.933300   -0.183300 (VIOLATED)
mem_i1/addr1[7]                         0.045000    0.211192   -0.166191 (VIOLATED)
mem_i1/addr1[6]                         0.045000    0.197354   -0.152354 (VIOLATED)
mem_i0/addr1[1]                         0.045000    0.167650   -0.122650 (VIOLATED)
ANTENNA__068__A1/DIODE                  0.750000    0.835761   -0.085761 (VIOLATED)
_068_/A1                                0.750000    0.835761   -0.085761 (VIOLATED)
ANTENNA_wire72_X/DIODE                  0.750000    0.833656   -0.083656 (VIOLATED)
wire72/X                                0.750000    0.833655   -0.083655 (VIOLATED)
_078_/A1                                0.750000    0.830085   -0.080085 (VIOLATED)
ANTENNA__078__A1/DIODE                  0.750000    0.830084   -0.080084 (VIOLATED)
ANTENNA_wire77_X/DIODE                  0.750000    0.827925   -0.077925 (VIOLATED)
wire77/X                                0.750000    0.827924   -0.077924 (VIOLATED)
ANTENNA__065__A1/DIODE                  0.750000    0.827479   -0.077479 (VIOLATED)
_065_/A1                                0.750000    0.827479   -0.077479 (VIOLATED)
ANTENNA_wire75_X/DIODE                  0.750000    0.825764   -0.075764 (VIOLATED)
wire75/X                                0.750000    0.825763   -0.075763 (VIOLATED)
_064_/A1                                0.750000    0.793620   -0.043620 (VIOLATED)
ANTENNA__064__A1/DIODE                  0.750000    0.793619   -0.043619 (VIOLATED)
ANTENNA_wire76_X/DIODE                  0.750000    0.791745   -0.041745 (VIOLATED)
wire76/X                                0.750000    0.791744   -0.041744 (VIOLATED)

max fanout

Pin                                   Limit Fanout  Slack
---------------------------------------------------------
fanout83/X                               10     21    -11 (VIOLATED)
clkbuf_2_0__f_clk/X                      10     19     -9 (VIOLATED)
clkbuf_2_1__f_clk/X                      10     19     -9 (VIOLATED)
fanout112/X                              10     19     -9 (VIOLATED)
fanout113/X                              10     17     -7 (VIOLATED)
fanout84/X                               10     17     -7 (VIOLATED)
clkbuf_2_3__f_clk/X                      10     15     -5 (VIOLATED)
clkbuf_2_2__f_clk/X                      10     13     -3 (VIOLATED)

max capacitance

Pin                                        Limit         Cap       Slack
------------------------------------------------------------------------
mem_i1/dout1[0]                         0.027560    0.082882   -0.055322 (VIOLATED)



===========================================================================
report_parasitic_annotation -report_unannotated
============================================================================
Found 4 unannotated drivers.
 clkload0/X
 clkload1/Y
 mem_i0_114/HI
 mem_i1_115/HI
Found 0 partially unannotated drivers.

===========================================================================
max slew violation count 88
max fanout violation count 8
max cap violation count 1
============================================================================

===========================================================================
check_setup -verbose -unconstrained_endpoints -multiple_clock -no_clock -no_input_delay -loops -generated_clocks
===========================================================================
Warning: There are 50 input ports missing set_input_delay.
  addr00[0]
  addr00[1]
  addr00[2]
  addr00[3]
  addr00[4]
  addr00[5]
  addr00[6]
  addr00[7]
  addr01[0]
  addr01[1]
  addr01[2]
  addr01[3]
  addr01[4]
  addr01[5]
  addr01[6]
  addr01[7]
  csb00
  csb01
  din00[0]
  din00[10]
  din00[11]
  din00[12]
  din00[13]
  din00[14]
  din00[15]
  din00[1]
  din00[2]
  din00[3]
  din00[4]
  din00[5]
  din00[6]
  din00[7]
  din00[8]
  din00[9]
  din01[0]
  din01[10]
  din01[11]
  din01[12]
  din01[13]
  din01[14]
  din01[15]
  din01[1]
  din01[2]
  din01[3]
  din01[4]
  din01[5]
  din01[6]
  din01[7]
  din01[8]
  din01[9]
Warning: There are 52 unconstrained endpoints.
  mem_i0/addr0[0]
  mem_i0/addr0[1]
  mem_i0/addr0[2]
  mem_i0/addr0[3]
  mem_i0/addr0[4]
  mem_i0/addr0[5]
  mem_i0/addr0[6]
  mem_i0/addr0[7]
  mem_i0/csb0
  mem_i0/csb1
  mem_i0/din0[0]
  mem_i0/din0[10]
  mem_i0/din0[11]
  mem_i0/din0[12]
  mem_i0/din0[13]
  mem_i0/din0[14]
  mem_i0/din0[15]
  mem_i0/din0[1]
  mem_i0/din0[2]
  mem_i0/din0[3]
  mem_i0/din0[4]
  mem_i0/din0[5]
  mem_i0/din0[6]
  mem_i0/din0[7]
  mem_i0/din0[8]
  mem_i0/din0[9]
  mem_i1/addr0[0]
  mem_i1/addr0[1]
  mem_i1/addr0[2]
  mem_i1/addr0[3]
  mem_i1/addr0[4]
  mem_i1/addr0[5]
  mem_i1/addr0[6]
  mem_i1/addr0[7]
  mem_i1/csb0
  mem_i1/csb1
  mem_i1/din0[0]
  mem_i1/din0[10]
  mem_i1/din0[11]
  mem_i1/din0[12]
  mem_i1/din0[13]
  mem_i1/din0[14]
  mem_i1/din0[15]
  mem_i1/din0[1]
  mem_i1/din0[2]
  mem_i1/din0[3]
  mem_i1/din0[4]
  mem_i1/din0[5]
  mem_i1/din0[6]
  mem_i1/din0[7]
  mem_i1/din0[8]
  mem_i1/din0[9]
