
===========================================================================
report_checks -unconstrained
===========================================================================
======================= max_ff_n40C_1v95 Corner ===================================

Startpoint: rst (input port clocked by clk)
Endpoint: _081_ (recovery check against rising-edge clock clk)
Path Group: asynchronous
Path Type: max

Fanout         Cap        Slew       Delay        Time   Description
---------------------------------------------------------------------------------------------
                                  0.000000    0.000000   clock clk (rise edge)
                                  0.000000    0.000000   clock network delay (propagated)
                                  2.000000    2.000000 v input external delay
     2    0.003540    0.005801    0.002969    2.002969 v rst (in)
                                                         rst (net)
                      0.005809    0.000000    2.002969 v input26/A (sky130_fd_sc_hd__buf_1)
     1    0.008375    0.038430    0.064525    2.067494 v input26/X (sky130_fd_sc_hd__buf_1)
                                                         net26 (net)
                      0.038440    0.000604    2.068098 v fanout56/A (sky130_fd_sc_hd__clkbuf_8)
    21    0.114496    0.089914    0.145688    2.213786 v fanout56/X (sky130_fd_sc_hd__clkbuf_8)
                                                         net56 (net)
                      0.103066    0.026382    2.240168 v fanout54/A (sky130_fd_sc_hd__buf_4)
    10    0.054128    0.059557    0.154987    2.395156 v fanout54/X (sky130_fd_sc_hd__buf_4)
                                                         net54 (net)
                      0.059720    0.002730    2.397885 v _057_/A (sky130_fd_sc_hd__inv_2)
     1    0.007009    0.033346    0.048869    2.446755 ^ _057_/Y (sky130_fd_sc_hd__inv_2)
                                                         _010_ (net)
                      0.033353    0.000454    2.447208 ^ _081_/RESET_B (sky130_fd_sc_hd__dfrtp_1)
                                              2.447208   data arrival time

                                 10.000000   10.000000   clock clk (rise edge)
                                  0.000000   10.000000   clock source latency
     2    0.070940    0.242457    0.178324   10.178325 ^ clk (in)
                                                         clk (net)
                      0.246732    0.000000   10.178325 ^ clkbuf_0_clk/A (sky130_fd_sc_hd__clkbuf_16)
     5    0.076533    0.074494    0.153146   10.331470 ^ clkbuf_0_clk/X (sky130_fd_sc_hd__clkbuf_16)
                                                         clknet_0_clk (net)
                      0.074603    0.002177   10.333647 ^ clkbuf_1_0__f_clk/A (sky130_fd_sc_hd__clkbuf_16)
    31    0.125670    0.106155    0.146401   10.480048 ^ clkbuf_1_0__f_clk/X (sky130_fd_sc_hd__clkbuf_16)
                                                         clknet_1_0__leaf_clk (net)
                      0.107053    0.007454   10.487503 ^ _081_/CLK (sky130_fd_sc_hd__dfrtp_1)
                                 -0.250000   10.237503   clock uncertainty
                                  0.000000   10.237503   clock reconvergence pessimism
                                  0.154580   10.392083   library recovery time
                                             10.392083   data required time
---------------------------------------------------------------------------------------------
                                             10.392083   data required time
                                             -2.447208   data arrival time
---------------------------------------------------------------------------------------------
                                              7.944875   slack (MET)


Startpoint: mem_i (falling edge-triggered flip-flop clocked by clk)
Endpoint: _102_ (rising edge-triggered flip-flop clocked by clk)
Path Group: clk
Path Type: max

Fanout         Cap        Slew       Delay        Time   Description
---------------------------------------------------------------------------------------------
                                  5.000000    5.000000   clock clk (fall edge)
                                  0.000000    5.000000   clock source latency
     2    0.069944    0.110133    0.085032    5.085032 v clk (in)
                                                         clk (net)
                      0.119171    0.000000    5.085032 v clkbuf_0_clk/A (sky130_fd_sc_hd__clkbuf_16)
     5    0.074508    0.049714    0.154298    5.239329 v clkbuf_0_clk/X (sky130_fd_sc_hd__clkbuf_16)
                                                         clknet_0_clk (net)
                      0.059598    0.016958    5.256288 v clkbuf_1_1__f_clk/A (sky130_fd_sc_hd__clkbuf_16)
    25    0.101446    0.063049    0.138864    5.395151 v clkbuf_1_1__f_clk/X (sky130_fd_sc_hd__clkbuf_16)
                                                         clknet_1_1__leaf_clk (net)
                      0.089330    0.012220    5.407371 v mem_i/clk1 (ram_256x16)
     2    0.012687    0.008085    0.354531    5.761902 v mem_i/dout1[2] (ram_256x16)
                                                         sine_out_temp[2] (net)
                      0.006064    0.000530    5.762432 v _102_/D (sky130_fd_sc_hd__dfrtp_1)
                                              5.762432   data arrival time

                                 10.000000   10.000000   clock clk (rise edge)
                                  0.000000   10.000000   clock source latency
     2    0.070940    0.242457    0.178324   10.178325 ^ clk (in)
                                                         clk (net)
                      0.246732    0.000000   10.178325 ^ clkbuf_0_clk/A (sky130_fd_sc_hd__clkbuf_16)
     5    0.076533    0.074494    0.153146   10.331470 ^ clkbuf_0_clk/X (sky130_fd_sc_hd__clkbuf_16)
                                                         clknet_0_clk (net)
                      0.074603    0.002177   10.333647 ^ clkbuf_1_0__f_clk/A (sky130_fd_sc_hd__clkbuf_16)
    31    0.125670    0.106155    0.146401   10.480048 ^ clkbuf_1_0__f_clk/X (sky130_fd_sc_hd__clkbuf_16)
                                                         clknet_1_0__leaf_clk (net)
                      0.108547    0.011910   10.491958 ^ _102_/CLK (sky130_fd_sc_hd__dfrtp_1)
                                 -0.250000   10.241958   clock uncertainty
                                  0.000000   10.241958   clock reconvergence pessimism
                                 -0.055846   10.186111   library setup time
                                             10.186111   data required time
---------------------------------------------------------------------------------------------
                                             10.186111   data required time
                                             -5.762432   data arrival time
---------------------------------------------------------------------------------------------
                                              4.423680   slack (MET)




===========================================================================
report_checks --slack_max -0.01
============================================================================
======================= max_ff_n40C_1v95 Corner ===================================

No paths found.


===========================================================================
 report_check_types -max_slew -max_cap -max_fanout -violators
============================================================================
======================= max_ff_n40C_1v95 Corner ===================================

max slew

Pin                                        Limit        Slew       Slack
------------------------------------------------------------------------
mem_i/addr1[5]                          0.045000    0.192501   -0.147501 (VIOLATED)
mem_i/addr1[1]                          0.045000    0.186166   -0.141166 (VIOLATED)
mem_i/addr1[6]                          0.045000    0.164381   -0.119381 (VIOLATED)
mem_i/addr0[3]                          0.040000    0.159257   -0.119257 (VIOLATED)
mem_i/addr1[0]                          0.045000    0.155568   -0.110568 (VIOLATED)
mem_i/addr0[4]                          0.040000    0.147239   -0.107239 (VIOLATED)
mem_i/addr1[4]                          0.045000    0.152053   -0.107053 (VIOLATED)
mem_i/addr0[5]                          0.040000    0.146212   -0.106212 (VIOLATED)
mem_i/addr0[2]                          0.040000    0.145314   -0.105314 (VIOLATED)
mem_i/addr0[7]                          0.040000    0.145261   -0.105261 (VIOLATED)
mem_i/addr1[7]                          0.045000    0.150086   -0.105086 (VIOLATED)
mem_i/addr0[6]                          0.040000    0.144921   -0.104921 (VIOLATED)
mem_i/addr0[1]                          0.040000    0.133557   -0.093557 (VIOLATED)
mem_i/addr0[0]                          0.040000    0.132731   -0.092731 (VIOLATED)
mem_i/addr1[3]                          0.045000    0.128070   -0.083070 (VIOLATED)
mem_i/addr1[2]                          0.045000    0.123673   -0.078673 (VIOLATED)

max fanout

Pin                                   Limit Fanout  Slack
---------------------------------------------------------
clkbuf_1_0__f_clk/X                      10     31    -21 (VIOLATED)
clkbuf_1_1__f_clk/X                      10     25    -15 (VIOLATED)
fanout56/X                               10     21    -11 (VIOLATED)
_043_/X                                  10     15     -5 (VIOLATED)



===========================================================================
report_parasitic_annotation -report_unannotated
============================================================================
Found 2 unannotated drivers.
 clkload0/Y
 mem_i_57/HI
Found 0 partially unannotated drivers.

===========================================================================
max slew violation count 16
max fanout violation count 4
max cap violation count 0
============================================================================

===========================================================================
check_setup -verbose -unconstrained_endpoints -multiple_clock -no_clock -no_input_delay -loops -generated_clocks
===========================================================================
Warning: There is 1 unconstrained endpoint.
  mem_i/csb1
