
===========================================================================
report_checks -unconstrained
===========================================================================
======================= nom_tt_025C_1v80 Corner ===================================

Startpoint: rst (input port clocked by clk)
Endpoint: _134_ (recovery check against rising-edge clock clk)
Path Group: asynchronous
Path Type: max

Fanout         Cap        Slew       Delay        Time   Description
---------------------------------------------------------------------------------------------
                                  0.000000    0.000000   clock clk (rise edge)
                                  0.000000    0.000000   clock network delay (propagated)
                                  2.500000    2.500000 v input external delay
    25    0.138127    0.303956    0.225826    2.725826 v rst (in)
                                                         rst (net)
                      0.304621    0.000000    2.725826 v _109_/A (sky130_fd_sc_hd__inv_2)
     1    0.004853    0.077000    0.121417    2.847242 ^ _109_/Y (sky130_fd_sc_hd__inv_2)
                                                         _039_ (net)
                      0.077000    0.000027    2.847269 ^ _134_/RESET_B (sky130_fd_sc_hd__dfrtp_2)
                                              2.847269   data arrival time

                                  5.000000    5.000000   clock clk (rise edge)
                                  0.000000    5.000000   clock source latency
    29    0.218724    0.982172    0.690346    5.690347 ^ clk (in)
                                                         clk (net)
                      0.985516    0.000000    5.690347 ^ _134_/CLK (sky130_fd_sc_hd__dfrtp_2)
                                 -0.250000    5.440347   clock uncertainty
                                  0.000000    5.440347   clock reconvergence pessimism
                                  0.411761    5.852108   library recovery time
                                              5.852108   data required time
---------------------------------------------------------------------------------------------
                                              5.852108   data required time
                                             -2.847269   data arrival time
---------------------------------------------------------------------------------------------
                                              3.004838   slack (MET)


Startpoint: _127_ (rising edge-triggered flip-flop clocked by clk)
Endpoint: sine_out[15] (output port clocked by clk)
Path Group: clk
Path Type: max

Fanout         Cap        Slew       Delay        Time   Description
---------------------------------------------------------------------------------------------
                                  0.000000    0.000000   clock clk (rise edge)
                                  0.000000    0.000000   clock source latency
    29    0.218724    0.982172    0.689821    0.689821 ^ clk (in)
                                                         clk (net)
                      0.985439    0.000000    0.689821 ^ _127_/CLK (sky130_fd_sc_hd__dfrtp_2)
     1    0.011281    0.061441    0.589025    1.278846 v _127_/Q (sky130_fd_sc_hd__dfrtp_2)
                                                         sine_out[15] (net)
                      0.061441    0.000404    1.279250 v sine_out[15] (out)
                                              1.279250   data arrival time

                                  5.000000    5.000000   clock clk (rise edge)
                                  0.000000    5.000000   clock network delay (propagated)
                                 -0.250000    4.750000   clock uncertainty
                                  0.000000    4.750000   clock reconvergence pessimism
                                 -2.500000    2.250000   output external delay
                                              2.250000   data required time
---------------------------------------------------------------------------------------------
                                              2.250000   data required time
                                             -1.279250   data arrival time
---------------------------------------------------------------------------------------------
                                              0.970750   slack (MET)




===========================================================================
report_checks --slack_max -0.01
============================================================================
======================= nom_tt_025C_1v80 Corner ===================================

No paths found.


===========================================================================
 report_check_types -max_slew -max_cap -max_fanout -violators
============================================================================
======================= nom_tt_025C_1v80 Corner ===================================

max slew

Pin                                        Limit        Slew       Slack
------------------------------------------------------------------------
mem_i1/addr1[0]                         0.045000    0.647174   -0.602174 (VIOLATED)
mem_i0/addr1[0]                         0.045000    0.647064   -0.602064 (VIOLATED)
mem_i1/addr1[1]                         0.045000    0.616322   -0.571321 (VIOLATED)
mem_i0/addr1[1]                         0.045000    0.616223   -0.571223 (VIOLATED)
mem_i1/clk1                             0.750000    1.315909   -0.565909 (VIOLATED)
mem_i1/clk0                             0.750000    1.314085   -0.564085 (VIOLATED)
mem_i0/clk1                             0.750000    1.313485   -0.563485 (VIOLATED)
mem_i0/clk0                             0.750000    1.309618   -0.559618 (VIOLATED)
mem_i1/addr1[4]                         0.045000    0.566778   -0.521778 (VIOLATED)
mem_i0/addr1[4]                         0.045000    0.566700   -0.521700 (VIOLATED)
mem_i1/addr1[6]                         0.045000    0.526983   -0.481983 (VIOLATED)
mem_i0/addr1[6]                         0.045000    0.526927   -0.481927 (VIOLATED)
mem_i1/addr1[5]                         0.045000    0.523177   -0.478177 (VIOLATED)
mem_i0/addr1[5]                         0.045000    0.523108   -0.478108 (VIOLATED)
mem_i1/addr1[2]                         0.045000    0.519540   -0.474540 (VIOLATED)
mem_i0/addr1[2]                         0.045000    0.519431   -0.474431 (VIOLATED)
mem_i1/addr1[3]                         0.045000    0.504388   -0.459388 (VIOLATED)
mem_i0/addr1[3]                         0.045000    0.504296   -0.459296 (VIOLATED)
mem_i1/addr1[7]                         0.045000    0.478696   -0.433696 (VIOLATED)
mem_i0/addr1[7]                         0.045000    0.478613   -0.433613 (VIOLATED)
_129_/CLK                               0.750000    0.985839   -0.235839 (VIOLATED)
_128_/CLK                               0.750000    0.985796   -0.235796 (VIOLATED)
_130_/CLK                               0.750000    0.985602   -0.235603 (VIOLATED)
_136_/CLK                               0.750000    0.985529   -0.235529 (VIOLATED)
_134_/CLK                               0.750000    0.985516   -0.235516 (VIOLATED)
_133_/CLK                               0.750000    0.985500   -0.235500 (VIOLATED)
_135_/CLK                               0.750000    0.985490   -0.235490 (VIOLATED)
_132_/CLK                               0.750000    0.985465   -0.235465 (VIOLATED)
_127_/CLK                               0.750000    0.985439   -0.235439 (VIOLATED)
_125_/CLK                               0.750000    0.985431   -0.235431 (VIOLATED)
_131_/CLK                               0.750000    0.985418   -0.235418 (VIOLATED)
_126_/CLK                               0.750000    0.985415   -0.235415 (VIOLATED)
_124_/CLK                               0.750000    0.985389   -0.235389 (VIOLATED)
_123_/CLK                               0.750000    0.985339   -0.235339 (VIOLATED)
_122_/CLK                               0.750000    0.985296   -0.235296 (VIOLATED)
_121_/CLK                               0.750000    0.985249   -0.235249 (VIOLATED)
_120_/CLK                               0.750000    0.985210   -0.235210 (VIOLATED)
_144_/CLK                               0.750000    0.985153   -0.235153 (VIOLATED)
_143_/CLK                               0.750000    0.985108   -0.235108 (VIOLATED)
_142_/CLK                               0.750000    0.985051   -0.235051 (VIOLATED)
_141_/CLK                               0.750000    0.984995   -0.234995 (VIOLATED)
_140_/CLK                               0.750000    0.984956   -0.234956 (VIOLATED)
_139_/CLK                               0.750000    0.984919   -0.234919 (VIOLATED)
_138_/CLK                               0.750000    0.984867   -0.234867 (VIOLATED)
_137_/CLK                               0.750000    0.984826   -0.234827 (VIOLATED)
clk                                     0.750000    0.982172   -0.232172 (VIOLATED)

max fanout

Pin                                   Limit Fanout  Slack
---------------------------------------------------------
clk                                      10     29    -19 (VIOLATED)
rst                                      10     25    -15 (VIOLATED)
_136_/Q                                  10     17     -7 (VIOLATED)

max capacitance

Pin                                        Limit         Cap       Slack
------------------------------------------------------------------------
clk                                     0.200000    0.218724   -0.018724 (VIOLATED)
mem_i0/dout1[0]                         0.027560    0.035768   -0.008208 (VIOLATED)
mem_i1/dout1[15]                        0.027560    0.035439   -0.007879 (VIOLATED)
mem_i0/dout1[1]                         0.027560    0.034941   -0.007381 (VIOLATED)
mem_i1/dout1[14]                        0.027560    0.034565   -0.007005 (VIOLATED)
mem_i0/dout1[2]                         0.027560    0.034333   -0.006773 (VIOLATED)
mem_i1/dout1[13]                        0.027560    0.034017   -0.006457 (VIOLATED)
mem_i0/dout1[3]                         0.027560    0.033965   -0.006405 (VIOLATED)
mem_i1/dout1[12]                        0.027560    0.033558   -0.005998 (VIOLATED)
mem_i0/dout1[4]                         0.027560    0.033452   -0.005892 (VIOLATED)
mem_i1/dout1[11]                        0.027560    0.033392   -0.005832 (VIOLATED)
mem_i0/dout1[5]                         0.027560    0.033142   -0.005582 (VIOLATED)
mem_i1/dout1[10]                        0.027560    0.033121   -0.005561 (VIOLATED)
mem_i0/dout1[6]                         0.027560    0.032892   -0.005332 (VIOLATED)
mem_i1/dout1[9]                         0.027560    0.032832   -0.005272 (VIOLATED)
mem_i0/dout1[7]                         0.027560    0.032641   -0.005081 (VIOLATED)
mem_i1/dout1[8]                         0.027560    0.032513   -0.004953 (VIOLATED)
mem_i0/dout1[8]                         0.027560    0.032470   -0.004910 (VIOLATED)
mem_i1/dout1[7]                         0.027560    0.032281   -0.004721 (VIOLATED)
mem_i0/dout1[9]                         0.027560    0.032087   -0.004527 (VIOLATED)
mem_i1/dout1[6]                         0.027560    0.031948   -0.004388 (VIOLATED)
mem_i0/dout1[10]                        0.027560    0.031922   -0.004362 (VIOLATED)
mem_i1/dout1[5]                         0.027560    0.031734   -0.004174 (VIOLATED)
mem_i0/dout1[11]                        0.027560    0.031710   -0.004150 (VIOLATED)
mem_i1/dout1[4]                         0.027560    0.031522   -0.003962 (VIOLATED)
mem_i0/dout1[12]                        0.027560    0.031326   -0.003766 (VIOLATED)
mem_i1/dout1[3]                         0.027560    0.031223   -0.003663 (VIOLATED)
mem_i0/dout1[13]                        0.027560    0.031172   -0.003612 (VIOLATED)
mem_i1/dout1[2]                         0.027560    0.030465   -0.002905 (VIOLATED)
mem_i0/dout1[14]                        0.027560    0.030250   -0.002690 (VIOLATED)
mem_i1/dout1[1]                         0.027560    0.029923   -0.002363 (VIOLATED)
mem_i0/dout1[15]                        0.027560    0.029820   -0.002260 (VIOLATED)
mem_i1/dout1[0]                         0.027560    0.029329   -0.001769 (VIOLATED)



===========================================================================
report_parasitic_annotation -report_unannotated
============================================================================
Found 2 unannotated drivers.
 _145_/HI
 _146_/HI
Found 0 partially unannotated drivers.

===========================================================================
max slew violation count 46
Writing metric design__max_slew_violation__count__corner:nom_tt_025C_1v80: 46
max fanout violation count 3
Writing metric design__max_fanout_violation__count__corner:nom_tt_025C_1v80: 3
max cap violation count 33
Writing metric design__max_cap_violation__count__corner:nom_tt_025C_1v80: 33
============================================================================

===========================================================================
check_setup -verbose -unconstrained_endpoints -multiple_clock -no_clock -no_input_delay -loops -generated_clocks
===========================================================================
Warning: There are 50 input ports missing set_input_delay.
  addr00[0]
  addr00[1]
  addr00[2]
  addr00[3]
  addr00[4]
  addr00[5]
  addr00[6]
  addr00[7]
  addr01[0]
  addr01[1]
  addr01[2]
  addr01[3]
  addr01[4]
  addr01[5]
  addr01[6]
  addr01[7]
  csb00
  csb01
  din00[0]
  din00[10]
  din00[11]
  din00[12]
  din00[13]
  din00[14]
  din00[15]
  din00[1]
  din00[2]
  din00[3]
  din00[4]
  din00[5]
  din00[6]
  din00[7]
  din00[8]
  din00[9]
  din01[0]
  din01[10]
  din01[11]
  din01[12]
  din01[13]
  din01[14]
  din01[15]
  din01[1]
  din01[2]
  din01[3]
  din01[4]
  din01[5]
  din01[6]
  din01[7]
  din01[8]
  din01[9]
Warning: There are 52 unconstrained endpoints.
  mem_i0/addr0[0]
  mem_i0/addr0[1]
  mem_i0/addr0[2]
  mem_i0/addr0[3]
  mem_i0/addr0[4]
  mem_i0/addr0[5]
  mem_i0/addr0[6]
  mem_i0/addr0[7]
  mem_i0/csb0
  mem_i0/csb1
  mem_i0/din0[0]
  mem_i0/din0[10]
  mem_i0/din0[11]
  mem_i0/din0[12]
  mem_i0/din0[13]
  mem_i0/din0[14]
  mem_i0/din0[15]
  mem_i0/din0[1]
  mem_i0/din0[2]
  mem_i0/din0[3]
  mem_i0/din0[4]
  mem_i0/din0[5]
  mem_i0/din0[6]
  mem_i0/din0[7]
  mem_i0/din0[8]
  mem_i0/din0[9]
  mem_i1/addr0[0]
  mem_i1/addr0[1]
  mem_i1/addr0[2]
  mem_i1/addr0[3]
  mem_i1/addr0[4]
  mem_i1/addr0[5]
  mem_i1/addr0[6]
  mem_i1/addr0[7]
  mem_i1/csb0
  mem_i1/csb1
  mem_i1/din0[0]
  mem_i1/din0[10]
  mem_i1/din0[11]
  mem_i1/din0[12]
  mem_i1/din0[13]
  mem_i1/din0[14]
  mem_i1/din0[15]
  mem_i1/din0[1]
  mem_i1/din0[2]
  mem_i1/din0[3]
  mem_i1/din0[4]
  mem_i1/din0[5]
  mem_i1/din0[6]
  mem_i1/din0[7]
  mem_i1/din0[8]
  mem_i1/din0[9]
