Clock: clk
Sources: clk 
Generated: no
Virtual: yes
Propagated: no
Period: 5.000000

===========================================================================
report_clock_properties
============================================================================
Clock                   Period          Waveform
----------------------------------------------------
clk                   5.000000    0.000000  2.500000

===========================================================================
report_clock_latency
============================================================================
Clock clk
rise -> rise
    min     max
0.000000 0.000000 source latency
0.685413         network latency _137_/CLK
        0.699041 network latency mem_i1/clk1
---------------
0.685413 0.699041 latency
        0.013628 skew

fall -> fall
    min     max
0.000000 0.000000 source latency
0.352679         network latency _137_/CLK
        0.365836 network latency mem_i1/clk1
---------------
0.352679 0.365836 latency
        0.013157 skew



===========================================================================
report_clock_min_period
============================================================================
clk period_min = 2.09 fmax = 479.11
