
===========================================================================
report_checks -unconstrained
===========================================================================
======================= nom_tt_025C_1v80 Corner ===================================

Startpoint: rst (input port clocked by clk)
Endpoint: _100_ (recovery check against rising-edge clock clk)
Path Group: asynchronous
Path Type: max

Fanout         Cap        Slew       Delay        Time   Description
---------------------------------------------------------------------------------------------
                                  0.000000    0.000000   clock clk (rise edge)
                                  0.000000    0.000000   clock network delay (propagated)
                                  2.000000    2.000000 v input external delay
    24    0.149543    0.329185    0.248658    2.248658 v rst (in)
                                                         rst (net)
                      0.330668    0.000000    2.248658 v _076_/A (sky130_fd_sc_hd__inv_2)
     1    0.005892    0.084015    0.132819    2.381477 ^ _076_/Y (sky130_fd_sc_hd__inv_2)
                                                         _029_ (net)
                      0.084015    0.000051    2.381528 ^ _100_/RESET_B (sky130_fd_sc_hd__dfrtp_2)
                                              2.381528   data arrival time

                                 10.000000   10.000000   clock clk (rise edge)
                                  0.000000   10.000000   clock source latency
    26    0.152158    0.681039    0.481982   10.481982 ^ clk (in)
                                                         clk (net)
                      0.681796    0.000000   10.481982 ^ _100_/CLK (sky130_fd_sc_hd__dfrtp_2)
                                 -0.250000   10.231982   clock uncertainty
                                  0.000000   10.231982   clock reconvergence pessimism
                                  0.371235   10.603216   library recovery time
                                             10.603216   data required time
---------------------------------------------------------------------------------------------
                                             10.603216   data required time
                                             -2.381528   data arrival time
---------------------------------------------------------------------------------------------
                                              8.221688   slack (MET)


Startpoint: mem_i (falling edge-triggered flip-flop clocked by clk)
Endpoint: _100_ (rising edge-triggered flip-flop clocked by clk)
Path Group: clk
Path Type: max

Fanout         Cap        Slew       Delay        Time   Description
---------------------------------------------------------------------------------------------
                                  5.000000    5.000000   clock clk (fall edge)
                                  0.000000    5.000000   clock source latency
    26    0.148582    0.326482    0.245372    5.245372 v clk (in)
                                                         clk (net)
                      0.436574    0.000000    5.245372 v mem_i/clk1 (ram_256x16)
     1    0.006519    0.004784    0.319917    5.565289 ^ mem_i/dout1[0] (ram_256x16)
                                                         sine_out_temp[0] (net)
                      0.003588    0.000094    5.565383 ^ _100_/D (sky130_fd_sc_hd__dfrtp_2)
                                              5.565383   data arrival time

                                 10.000000   10.000000   clock clk (rise edge)
                                  0.000000   10.000000   clock source latency
    26    0.152158    0.681039    0.481982   10.481982 ^ clk (in)
                                                         clk (net)
                      0.681796    0.000000   10.481982 ^ _100_/CLK (sky130_fd_sc_hd__dfrtp_2)
                                 -0.250000   10.231982   clock uncertainty
                                  0.000000   10.231982   clock reconvergence pessimism
                                  0.020652   10.252634   library setup time
                                             10.252634   data required time
---------------------------------------------------------------------------------------------
                                             10.252634   data required time
                                             -5.565383   data arrival time
---------------------------------------------------------------------------------------------
                                              4.687251   slack (MET)




===========================================================================
report_checks --slack_max -0.01
============================================================================
======================= nom_tt_025C_1v80 Corner ===================================

No paths found.


===========================================================================
 report_check_types -max_slew -max_cap -max_fanout -violators
============================================================================
======================= nom_tt_025C_1v80 Corner ===================================

max slew

Pin                                        Limit        Slew       Slack
------------------------------------------------------------------------
mem_i/addr1[0]                          0.045000    0.266955   -0.221955 (VIOLATED)
mem_i/addr1[1]                          0.045000    0.242047   -0.197047 (VIOLATED)
mem_i/clk1                              0.750000    0.908714   -0.158714 (VIOLATED)
mem_i/addr1[3]                          0.045000    0.203708   -0.158708 (VIOLATED)
mem_i/clk0                              0.750000    0.908163   -0.158163 (VIOLATED)
mem_i/addr1[6]                          0.045000    0.177731   -0.132731 (VIOLATED)
mem_i/addr1[4]                          0.045000    0.175110   -0.130110 (VIOLATED)
mem_i/addr1[5]                          0.045000    0.171317   -0.126317 (VIOLATED)
mem_i/addr1[7]                          0.045000    0.170295   -0.125295 (VIOLATED)
mem_i/addr1[2]                          0.045000    0.166769   -0.121769 (VIOLATED)
mem_i/addr0[7]                          0.040000    0.075470   -0.035470 (VIOLATED)
mem_i/addr0[5]                          0.040000    0.075296   -0.035296 (VIOLATED)
mem_i/addr0[3]                          0.040000    0.075152   -0.035152 (VIOLATED)
mem_i/addr0[2]                          0.040000    0.075037   -0.035037 (VIOLATED)
mem_i/addr0[4]                          0.040000    0.074939   -0.034939 (VIOLATED)
mem_i/addr0[6]                          0.040000    0.074765   -0.034765 (VIOLATED)
mem_i/addr0[0]                          0.040000    0.072721   -0.032721 (VIOLATED)
mem_i/addr0[1]                          0.040000    0.072413   -0.032413 (VIOLATED)

max fanout

Pin                                   Limit Fanout  Slack
---------------------------------------------------------
clk                                      10     26    -16 (VIOLATED)
rst                                      10     24    -14 (VIOLATED)



===========================================================================
report_parasitic_annotation -report_unannotated
============================================================================
Found 1 unannotated drivers.
 _103_/HI
Found 0 partially unannotated drivers.

===========================================================================
max slew violation count 18
Writing metric design__max_slew_violation__count__corner:nom_tt_025C_1v80: 18
max fanout violation count 2
Writing metric design__max_fanout_violation__count__corner:nom_tt_025C_1v80: 2
max cap violation count 0
Writing metric design__max_cap_violation__count__corner:nom_tt_025C_1v80: 0
============================================================================

===========================================================================
check_setup -verbose -unconstrained_endpoints -multiple_clock -no_clock -no_input_delay -loops -generated_clocks
===========================================================================
Warning: There is 1 unconstrained endpoint.
  mem_i/csb1
