Clock: clk
Sources: clk 
Generated: no
Virtual: yes
Propagated: no
Period: 10.000000

===========================================================================
report_clock_properties
============================================================================
Clock                   Period          Waveform
----------------------------------------------------
clk                  10.000000    0.000000  5.000000

===========================================================================
report_clock_latency
============================================================================
Clock clk
rise -> rise
    min     max
0.000000 0.000000 source latency
0.468545         network latency _099_/CLK
        0.481981 network latency _100_/CLK
---------------
0.468545 0.481981 latency
        0.013436 skew

fall -> fall
    min     max
0.000000 0.000000 source latency
0.235819         network latency _099_/CLK
        0.248630 network latency _100_/CLK
---------------
0.235819 0.248630 latency
        0.012812 skew



===========================================================================
report_clock_min_period
============================================================================
clk period_min = 1.65 fmax = 606.25
