Clock: clk
Sources: clk 
Generated: no
Virtual: yes
Propagated: no
Period: 5.000000

===========================================================================
report_clock_properties
============================================================================
Clock                   Period          Waveform
----------------------------------------------------
clk                   5.000000    0.000000  2.500000

===========================================================================
report_clock_latency
============================================================================
Clock clk
rise -> rise
    min     max
0.000000 0.000000 source latency
1.216047         network latency _134_/CLK
        1.431466 network latency mem_i1/clk1
---------------
1.216047 1.431466 latency
        0.215419 skew

fall -> fall
    min     max
0.000000 0.000000 source latency
0.998502         network latency _134_/CLK
        1.156611 network latency mem_i1/clk1
---------------
0.998502 1.156611 latency
        0.158108 skew



===========================================================================
report_clock_min_period
============================================================================
clk period_min = 4.20 fmax = 238.30
