Clock: clk
Sources: clk 
Generated: no
Virtual: no
Propagated: no
Period: 10.000000

===========================================================================
report_clock_properties
============================================================================
Clock                   Period          Waveform
----------------------------------------------------
clk                  10.000000    0.000000  5.000000

===========================================================================
report_clock_latency
============================================================================
Clock clk
rise -> rise
    min     max
0.000000 0.000000 source latency
0.142734         network latency _079_/CLK
        0.142734 network latency _079_/CLK
---------------
0.142734 0.142734 latency
        0.000000 skew

fall -> fall
    min     max
0.000000 0.000000 source latency
0.062315         network latency _079_/CLK
        0.062315 network latency _079_/CLK
---------------
0.062315 0.062315 latency
        0.000000 skew



===========================================================================
report_clock_min_period
============================================================================
clk period_min = 1.07 fmax = 936.55
