Clock: clk
Sources: clk 
Generated: no
Virtual: yes
Propagated: no
Period: 5.000000

===========================================================================
report_clock_properties
============================================================================
Clock                   Period          Waveform
----------------------------------------------------
clk                   5.000000    0.000000  2.500000

===========================================================================
report_clock_latency
============================================================================
Clock clk
rise -> rise
    min     max
0.000000 0.000000 source latency
0.606227         network latency _134_/CLK
        0.684498 network latency mem_i1/clk1
---------------
0.606227 0.684498 latency
        0.078271 skew

fall -> fall
    min     max
0.000000 0.000000 source latency
0.484030         network latency _134_/CLK
        0.540218 network latency mem_i1/clk1
---------------
0.484030 0.540218 latency
        0.056188 skew



===========================================================================
report_clock_min_period
============================================================================
clk period_min = 1.82 fmax = 548.88
