13 Lint warnings found.
'PNR_SDC_FILE' is not defined. Using generic fallback SDC for OpenROAD PnR steps.
'SIGNOFF_SDC_FILE' is not defined. Using generic fallback SDC for OpenROAD PnR steps.
[STA-1140] /home/lroot/NCO2ram/ram_256x16/ram_256x16_TT_1p8V_25C.lib line 1, library ram_256x16_TT_1p8V_25C_lib already exists.
[STA-0366] port 'addr0[0]' not found.
[STA-0366] port 'addr0[1]' not found.
[STA-0366] port 'addr0[2]' not found.
[STA-0366] port 'addr0[3]' not found.
[STA-0366] port 'addr0[4]' not found.
[STA-0366] port 'addr0[5]' not found.
[STA-0366] port 'addr0[6]' not found.
[STA-0366] port 'addr0[7]' not found.
[STA-0366] port 'csb0' not found.
[STA-0366] port 'din0[0]' not found.
[STA-0366] port 'din0[10]' not found.
[STA-0366] port 'din0[11]' not found.
[STA-0366] port 'din0[12]' not found.
[STA-0366] port 'din0[13]' not found.
[STA-0366] port 'din0[14]' not found.
[STA-0366] port 'din0[15]' not found.
[STA-0366] port 'din0[1]' not found.
[STA-0366] port 'din0[2]' not found.
[STA-0366] port 'din0[3]' not found.
[STA-0366] port 'din0[4]' not found.
[STA-0366] port 'din0[5]' not found.
[STA-0366] port 'din0[6]' not found.
[STA-0366] port 'din0[7]' not found.
[STA-0366] port 'din0[8]' not found.
[STA-0366] port 'din0[9]' not found.
[STA-0366] port 'csb0' not found.
[STA-0366] port 'addr0[7]' not found.
[STA-0366] port 'addr0[6]' not found.
[STA-0366] port 'addr0[5]' not found.
[STA-0366] port 'addr0[4]' not found.
[STA-0366] port 'addr0[3]' not found.
[STA-0366] port 'addr0[2]' not found.
[STA-0366] port 'addr0[1]' not found.
[STA-0366] port 'addr0[0]' not found.
[STA-0366] port 'din0[15]' not found.
[STA-0366] port 'din0[14]' not found.
[STA-0366] port 'din0[13]' not found.
[STA-0366] port 'din0[12]' not found.
[STA-0366] port 'din0[11]' not found.
[STA-0366] port 'din0[10]' not found.
[STA-0366] port 'din0[9]' not found.
[STA-0366] port 'din0[8]' not found.
[STA-0366] port 'din0[7]' not found.
[STA-0366] port 'din0[6]' not found.
[STA-0366] port 'din0[5]' not found.
[STA-0366] port 'din0[4]' not found.
[STA-0366] port 'din0[3]' not found.
[STA-0366] port 'din0[2]' not found.
[STA-0366] port 'din0[1]' not found.
[STA-0366] port 'din0[0]' not found.
Cell 'ram_256x16' has (36) input pin(s) without antenna gate information. They might not be connected to a gate.
Cell 'ram_256x16' has (16) output pin(s) without antenna diffusion information. They might not be driven.
[STA-1140] /home/lroot/NCO2ram/ram_256x16/ram_256x16_TT_1p8V_25C.lib line 1, library ram_256x16_TT_1p8V_25C_lib already exists.
[STA-0366] port 'addr0[0]' not found.
[STA-0366] port 'addr0[1]' not found.
[STA-0366] port 'addr0[2]' not found.
[STA-0366] port 'addr0[3]' not found.
[STA-0366] port 'addr0[4]' not found.
[STA-0366] port 'addr0[5]' not found.
[STA-0366] port 'addr0[6]' not found.
[STA-0366] port 'addr0[7]' not found.
[STA-0366] port 'csb0' not found.
[STA-0366] port 'din0[0]' not found.
[STA-0366] port 'din0[10]' not found.
[STA-0366] port 'din0[11]' not found.
[STA-0366] port 'din0[12]' not found.
[STA-0366] port 'din0[13]' not found.
[STA-0366] port 'din0[14]' not found.
[STA-0366] port 'din0[15]' not found.
[STA-0366] port 'din0[1]' not found.
[STA-0366] port 'din0[2]' not found.
[STA-0366] port 'din0[3]' not found.
[STA-0366] port 'din0[4]' not found.
[STA-0366] port 'din0[5]' not found.
[STA-0366] port 'din0[6]' not found.
[STA-0366] port 'din0[7]' not found.
[STA-0366] port 'din0[8]' not found.
[STA-0366] port 'din0[9]' not found.
[STA-0366] port 'csb0' not found.
[STA-0366] port 'addr0[7]' not found.
[STA-0366] port 'addr0[6]' not found.
[STA-0366] port 'addr0[5]' not found.
[STA-0366] port 'addr0[4]' not found.
[STA-0366] port 'addr0[3]' not found.
[STA-0366] port 'addr0[2]' not found.
[STA-0366] port 'addr0[1]' not found.
[STA-0366] port 'addr0[0]' not found.
[STA-0366] port 'din0[15]' not found.
[STA-0366] port 'din0[14]' not found.
[STA-0366] port 'din0[13]' not found.
[STA-0366] port 'din0[12]' not found.
[STA-0366] port 'din0[11]' not found.
[STA-0366] port 'din0[10]' not found.
[STA-0366] port 'din0[9]' not found.
[STA-0366] port 'din0[8]' not found.
[STA-0366] port 'din0[7]' not found.
[STA-0366] port 'din0[6]' not found.
[STA-0366] port 'din0[5]' not found.
[STA-0366] port 'din0[4]' not found.
[STA-0366] port 'din0[3]' not found.
[STA-0366] port 'din0[2]' not found.
[STA-0366] port 'din0[1]' not found.
[STA-0366] port 'din0[0]' not found.
[STA-1140] /home/lroot/NCO2ram/ram_256x16/ram_256x16_TT_1p8V_25C.lib line 1, library ram_256x16_TT_1p8V_25C_lib already exists.
[STA-0366] port 'addr0[0]' not found.
[STA-0366] port 'addr0[1]' not found.
[STA-0366] port 'addr0[2]' not found.
[STA-0366] port 'addr0[3]' not found.
[STA-0366] port 'addr0[4]' not found.
[STA-0366] port 'addr0[5]' not found.
[STA-0366] port 'addr0[6]' not found.
[STA-0366] port 'addr0[7]' not found.
[STA-0366] port 'csb0' not found.
[STA-0366] port 'din0[0]' not found.
[STA-0366] port 'din0[10]' not found.
[STA-0366] port 'din0[11]' not found.
[STA-0366] port 'din0[12]' not found.
[STA-0366] port 'din0[13]' not found.
[STA-0366] port 'din0[14]' not found.
[STA-0366] port 'din0[15]' not found.
[STA-0366] port 'din0[1]' not found.
[STA-0366] port 'din0[2]' not found.
[STA-0366] port 'din0[3]' not found.
[STA-0366] port 'din0[4]' not found.
[STA-0366] port 'din0[5]' not found.
[STA-0366] port 'din0[6]' not found.
[STA-0366] port 'din0[7]' not found.
[STA-0366] port 'din0[8]' not found.
[STA-0366] port 'din0[9]' not found.
[STA-0366] port 'csb0' not found.
[STA-0366] port 'addr0[7]' not found.
[STA-0366] port 'addr0[6]' not found.
[STA-0366] port 'addr0[5]' not found.
[STA-0366] port 'addr0[4]' not found.
[STA-0366] port 'addr0[3]' not found.
[STA-0366] port 'addr0[2]' not found.
[STA-0366] port 'addr0[1]' not found.
[STA-0366] port 'addr0[0]' not found.
[STA-0366] port 'din0[15]' not found.
[STA-0366] port 'din0[14]' not found.
[STA-0366] port 'din0[13]' not found.
[STA-0366] port 'din0[12]' not found.
[STA-0366] port 'din0[11]' not found.
[STA-0366] port 'din0[10]' not found.
[STA-0366] port 'din0[9]' not found.
[STA-0366] port 'din0[8]' not found.
[STA-0366] port 'din0[7]' not found.
[STA-0366] port 'din0[6]' not found.
[STA-0366] port 'din0[5]' not found.
[STA-0366] port 'din0[4]' not found.
[STA-0366] port 'din0[3]' not found.
[STA-0366] port 'din0[2]' not found.
[STA-0366] port 'din0[1]' not found.
[STA-0366] port 'din0[0]' not found.
[STA-1140] /home/lroot/NCO2ram/ram_256x16/ram_256x16_TT_1p8V_25C.lib line 1, library ram_256x16_TT_1p8V_25C_lib already exists.
[STA-0366] port 'addr0[0]' not found.
[STA-0366] port 'addr0[1]' not found.
[STA-0366] port 'addr0[2]' not found.
[STA-0366] port 'addr0[3]' not found.
[STA-0366] port 'addr0[4]' not found.
[STA-0366] port 'addr0[5]' not found.
[STA-0366] port 'addr0[6]' not found.
[STA-0366] port 'addr0[7]' not found.
[STA-0366] port 'csb0' not found.
[STA-0366] port 'din0[0]' not found.
[STA-0366] port 'din0[10]' not found.
[STA-0366] port 'din0[11]' not found.
[STA-0366] port 'din0[12]' not found.
[STA-0366] port 'din0[13]' not found.
[STA-0366] port 'din0[14]' not found.
[STA-0366] port 'din0[15]' not found.
[STA-0366] port 'din0[1]' not found.
[STA-0366] port 'din0[2]' not found.
[STA-0366] port 'din0[3]' not found.
[STA-0366] port 'din0[4]' not found.
[STA-0366] port 'din0[5]' not found.
[STA-0366] port 'din0[6]' not found.
[STA-0366] port 'din0[7]' not found.
[STA-0366] port 'din0[8]' not found.
[STA-0366] port 'din0[9]' not found.
[STA-0366] port 'csb0' not found.
[STA-0366] port 'addr0[7]' not found.
[STA-0366] port 'addr0[6]' not found.
[STA-0366] port 'addr0[5]' not found.
[STA-0366] port 'addr0[4]' not found.
[STA-0366] port 'addr0[3]' not found.
[STA-0366] port 'addr0[2]' not found.
[STA-0366] port 'addr0[1]' not found.
[STA-0366] port 'addr0[0]' not found.
[STA-0366] port 'din0[15]' not found.
[STA-0366] port 'din0[14]' not found.
[STA-0366] port 'din0[13]' not found.
[STA-0366] port 'din0[12]' not found.
[STA-0366] port 'din0[11]' not found.
[STA-0366] port 'din0[10]' not found.
[STA-0366] port 'din0[9]' not found.
[STA-0366] port 'din0[8]' not found.
[STA-0366] port 'din0[7]' not found.
[STA-0366] port 'din0[6]' not found.
[STA-0366] port 'din0[5]' not found.
[STA-0366] port 'din0[4]' not found.
[STA-0366] port 'din0[3]' not found.
[STA-0366] port 'din0[2]' not found.
[STA-0366] port 'din0[1]' not found.
[STA-0366] port 'din0[0]' not found.
[STA-1140] /home/lroot/NCO2ram/ram_256x16/ram_256x16_TT_1p8V_25C.lib line 1, library ram_256x16_TT_1p8V_25C_lib already exists.
[STA-0366] port 'addr0[0]' not found.
[STA-0366] port 'addr0[1]' not found.
[STA-0366] port 'addr0[2]' not found.
[STA-0366] port 'addr0[3]' not found.
[STA-0366] port 'addr0[4]' not found.
[STA-0366] port 'addr0[5]' not found.
[STA-0366] port 'addr0[6]' not found.
[STA-0366] port 'addr0[7]' not found.
[STA-0366] port 'csb0' not found.
[STA-0366] port 'din0[0]' not found.
[STA-0366] port 'din0[10]' not found.
[STA-0366] port 'din0[11]' not found.
[STA-0366] port 'din0[12]' not found.
[STA-0366] port 'din0[13]' not found.
[STA-0366] port 'din0[14]' not found.
[STA-0366] port 'din0[15]' not found.
[STA-0366] port 'din0[1]' not found.
[STA-0366] port 'din0[2]' not found.
[STA-0366] port 'din0[3]' not found.
[STA-0366] port 'din0[4]' not found.
[STA-0366] port 'din0[5]' not found.
[STA-0366] port 'din0[6]' not found.
[STA-0366] port 'din0[7]' not found.
[STA-0366] port 'din0[8]' not found.
[STA-0366] port 'din0[9]' not found.
[STA-0366] port 'csb0' not found.
[STA-0366] port 'addr0[7]' not found.
[STA-0366] port 'addr0[6]' not found.
[STA-0366] port 'addr0[5]' not found.
[STA-0366] port 'addr0[4]' not found.
[STA-0366] port 'addr0[3]' not found.
[STA-0366] port 'addr0[2]' not found.
[STA-0366] port 'addr0[1]' not found.
[STA-0366] port 'addr0[0]' not found.
[STA-0366] port 'din0[15]' not found.
[STA-0366] port 'din0[14]' not found.
[STA-0366] port 'din0[13]' not found.
[STA-0366] port 'din0[12]' not found.
[STA-0366] port 'din0[11]' not found.
[STA-0366] port 'din0[10]' not found.
[STA-0366] port 'din0[9]' not found.
[STA-0366] port 'din0[8]' not found.
[STA-0366] port 'din0[7]' not found.
[STA-0366] port 'din0[6]' not found.
[STA-0366] port 'din0[5]' not found.
[STA-0366] port 'din0[4]' not found.
[STA-0366] port 'din0[3]' not found.
[STA-0366] port 'din0[2]' not found.
[STA-0366] port 'din0[1]' not found.
[STA-0366] port 'din0[0]' not found.
[STA-1140] /home/lroot/NCO2ram/ram_256x16/ram_256x16_TT_1p8V_25C.lib line 1, library ram_256x16_TT_1p8V_25C_lib already exists.
[STA-0366] port 'addr0[0]' not found.
[STA-0366] port 'addr0[1]' not found.
[STA-0366] port 'addr0[2]' not found.
[STA-0366] port 'addr0[3]' not found.
[STA-0366] port 'addr0[4]' not found.
[STA-0366] port 'addr0[5]' not found.
[STA-0366] port 'addr0[6]' not found.
[STA-0366] port 'addr0[7]' not found.
[STA-0366] port 'csb0' not found.
[STA-0366] port 'din0[0]' not found.
[STA-0366] port 'din0[10]' not found.
[STA-0366] port 'din0[11]' not found.
[STA-0366] port 'din0[12]' not found.
[STA-0366] port 'din0[13]' not found.
[STA-0366] port 'din0[14]' not found.
[STA-0366] port 'din0[15]' not found.
[STA-0366] port 'din0[1]' not found.
[STA-0366] port 'din0[2]' not found.
[STA-0366] port 'din0[3]' not found.
[STA-0366] port 'din0[4]' not found.
[STA-0366] port 'din0[5]' not found.
[STA-0366] port 'din0[6]' not found.
[STA-0366] port 'din0[7]' not found.
[STA-0366] port 'din0[8]' not found.
[STA-0366] port 'din0[9]' not found.
[STA-0366] port 'csb0' not found.
[STA-0366] port 'addr0[7]' not found.
[STA-0366] port 'addr0[6]' not found.
[STA-0366] port 'addr0[5]' not found.
[STA-0366] port 'addr0[4]' not found.
[STA-0366] port 'addr0[3]' not found.
[STA-0366] port 'addr0[2]' not found.
[STA-0366] port 'addr0[1]' not found.
[STA-0366] port 'addr0[0]' not found.
[STA-0366] port 'din0[15]' not found.
[STA-0366] port 'din0[14]' not found.
[STA-0366] port 'din0[13]' not found.
[STA-0366] port 'din0[12]' not found.
[STA-0366] port 'din0[11]' not found.
[STA-0366] port 'din0[10]' not found.
[STA-0366] port 'din0[9]' not found.
[STA-0366] port 'din0[8]' not found.
[STA-0366] port 'din0[7]' not found.
[STA-0366] port 'din0[6]' not found.
[STA-0366] port 'din0[5]' not found.
[STA-0366] port 'din0[4]' not found.
[STA-0366] port 'din0[3]' not found.
[STA-0366] port 'din0[2]' not found.
[STA-0366] port 'din0[1]' not found.
[STA-0366] port 'din0[0]' not found.
[STA-1140] /home/lroot/NCO2ram/ram_256x16/ram_256x16_TT_1p8V_25C.lib line 1, library ram_256x16_TT_1p8V_25C_lib already exists.
[STA-0366] port 'addr0[0]' not found.
[STA-0366] port 'addr0[1]' not found.
[STA-0366] port 'addr0[2]' not found.
[STA-0366] port 'addr0[3]' not found.
[STA-0366] port 'addr0[4]' not found.
[STA-0366] port 'addr0[5]' not found.
[STA-0366] port 'addr0[6]' not found.
[STA-0366] port 'addr0[7]' not found.
[STA-0366] port 'csb0' not found.
[STA-0366] port 'din0[0]' not found.
[STA-0366] port 'din0[10]' not found.
[STA-0366] port 'din0[11]' not found.
[STA-0366] port 'din0[12]' not found.
[STA-0366] port 'din0[13]' not found.
[STA-0366] port 'din0[14]' not found.
[STA-0366] port 'din0[15]' not found.
[STA-0366] port 'din0[1]' not found.
[STA-0366] port 'din0[2]' not found.
[STA-0366] port 'din0[3]' not found.
[STA-0366] port 'din0[4]' not found.
[STA-0366] port 'din0[5]' not found.
[STA-0366] port 'din0[6]' not found.
[STA-0366] port 'din0[7]' not found.
[STA-0366] port 'din0[8]' not found.
[STA-0366] port 'din0[9]' not found.
[STA-0366] port 'csb0' not found.
[STA-0366] port 'addr0[7]' not found.
[STA-0366] port 'addr0[6]' not found.
[STA-0366] port 'addr0[5]' not found.
[STA-0366] port 'addr0[4]' not found.
[STA-0366] port 'addr0[3]' not found.
[STA-0366] port 'addr0[2]' not found.
[STA-0366] port 'addr0[1]' not found.
[STA-0366] port 'addr0[0]' not found.
[STA-0366] port 'din0[15]' not found.
[STA-0366] port 'din0[14]' not found.
[STA-0366] port 'din0[13]' not found.
[STA-0366] port 'din0[12]' not found.
[STA-0366] port 'din0[11]' not found.
[STA-0366] port 'din0[10]' not found.
[STA-0366] port 'din0[9]' not found.
[STA-0366] port 'din0[8]' not found.
[STA-0366] port 'din0[7]' not found.
[STA-0366] port 'din0[6]' not found.
[STA-0366] port 'din0[5]' not found.
[STA-0366] port 'din0[4]' not found.
[STA-0366] port 'din0[3]' not found.
[STA-0366] port 'din0[2]' not found.
[STA-0366] port 'din0[1]' not found.
[STA-0366] port 'din0[0]' not found.
[STA-1140] /home/lroot/NCO2ram/ram_256x16/ram_256x16_TT_1p8V_25C.lib line 1, library ram_256x16_TT_1p8V_25C_lib already exists.
[STA-0366] port 'addr0[0]' not found.
[STA-0366] port 'addr0[1]' not found.
[STA-0366] port 'addr0[2]' not found.
[STA-0366] port 'addr0[3]' not found.
[STA-0366] port 'addr0[4]' not found.
[STA-0366] port 'addr0[5]' not found.
[STA-0366] port 'addr0[6]' not found.
[STA-0366] port 'addr0[7]' not found.
[STA-0366] port 'csb0' not found.
[STA-0366] port 'din0[0]' not found.
[STA-0366] port 'din0[10]' not found.
[STA-0366] port 'din0[11]' not found.
[STA-0366] port 'din0[12]' not found.
[STA-0366] port 'din0[13]' not found.
[STA-0366] port 'din0[14]' not found.
[STA-0366] port 'din0[15]' not found.
[STA-0366] port 'din0[1]' not found.
[STA-0366] port 'din0[2]' not found.
[STA-0366] port 'din0[3]' not found.
[STA-0366] port 'din0[4]' not found.
[STA-0366] port 'din0[5]' not found.
[STA-0366] port 'din0[6]' not found.
[STA-0366] port 'din0[7]' not found.
[STA-0366] port 'din0[8]' not found.
[STA-0366] port 'din0[9]' not found.
[STA-0366] port 'csb0' not found.
[STA-0366] port 'addr0[7]' not found.
[STA-0366] port 'addr0[6]' not found.
[STA-0366] port 'addr0[5]' not found.
[STA-0366] port 'addr0[4]' not found.
[STA-0366] port 'addr0[3]' not found.
[STA-0366] port 'addr0[2]' not found.
[STA-0366] port 'addr0[1]' not found.
[STA-0366] port 'addr0[0]' not found.
[STA-0366] port 'din0[15]' not found.
[STA-0366] port 'din0[14]' not found.
[STA-0366] port 'din0[13]' not found.
[STA-0366] port 'din0[12]' not found.
[STA-0366] port 'din0[11]' not found.
[STA-0366] port 'din0[10]' not found.
[STA-0366] port 'din0[9]' not found.
[STA-0366] port 'din0[8]' not found.
[STA-0366] port 'din0[7]' not found.
[STA-0366] port 'din0[6]' not found.
[STA-0366] port 'din0[5]' not found.
[STA-0366] port 'din0[4]' not found.
[STA-0366] port 'din0[3]' not found.
[STA-0366] port 'din0[2]' not found.
[STA-0366] port 'din0[1]' not found.
[STA-0366] port 'din0[0]' not found.
[GRT-0097] No global routing found for nets.
[STA-1140] /home/lroot/NCO2ram/ram_256x16/ram_256x16_TT_1p8V_25C.lib line 1, library ram_256x16_TT_1p8V_25C_lib already exists.
[STA-1140] /home/lroot/NCO2ram/ram_256x16/ram_256x16_TT_1p8V_25C.lib line 1, library ram_256x16_TT_1p8V_25C_lib already exists.
[STA-0366] port 'addr0[0]' not found.
[STA-0366] port 'addr0[1]' not found.
[STA-0366] port 'addr0[2]' not found.
[STA-0366] port 'addr0[3]' not found.
[STA-0366] port 'addr0[4]' not found.
[STA-0366] port 'addr0[5]' not found.
[STA-0366] port 'addr0[6]' not found.
[STA-0366] port 'addr0[7]' not found.
[STA-0366] port 'csb0' not found.
[STA-0366] port 'din0[0]' not found.
[STA-0366] port 'din0[10]' not found.
[STA-0366] port 'din0[11]' not found.
[STA-0366] port 'din0[12]' not found.
[STA-0366] port 'din0[13]' not found.
[STA-0366] port 'din0[14]' not found.
[STA-0366] port 'din0[15]' not found.
[STA-0366] port 'din0[1]' not found.
[STA-0366] port 'din0[2]' not found.
[STA-0366] port 'din0[3]' not found.
[STA-0366] port 'din0[4]' not found.
[STA-0366] port 'din0[5]' not found.
[STA-0366] port 'din0[6]' not found.
[STA-0366] port 'din0[7]' not found.
[STA-0366] port 'din0[8]' not found.
[STA-0366] port 'din0[9]' not found.
[STA-0366] port 'csb0' not found.
[STA-0366] port 'addr0[7]' not found.
[STA-0366] port 'addr0[6]' not found.
[STA-0366] port 'addr0[5]' not found.
[STA-0366] port 'addr0[4]' not found.
[STA-0366] port 'addr0[3]' not found.
[STA-0366] port 'addr0[2]' not found.
[STA-0366] port 'addr0[1]' not found.
[STA-0366] port 'addr0[0]' not found.
[STA-0366] port 'din0[15]' not found.
[STA-0366] port 'din0[14]' not found.
[STA-0366] port 'din0[13]' not found.
[STA-0366] port 'din0[12]' not found.
[STA-0366] port 'din0[11]' not found.
[STA-0366] port 'din0[10]' not found.
[STA-0366] port 'din0[9]' not found.
[STA-0366] port 'din0[8]' not found.
[STA-0366] port 'din0[7]' not found.
[STA-0366] port 'din0[6]' not found.
[STA-0366] port 'din0[5]' not found.
[STA-0366] port 'din0[4]' not found.
[STA-0366] port 'din0[3]' not found.
[STA-0366] port 'din0[2]' not found.
[STA-0366] port 'din0[1]' not found.
[STA-0366] port 'din0[0]' not found.
[STA-1140] /home/lroot/NCO2ram/ram_256x16/ram_256x16_TT_1p8V_25C.lib line 1, library ram_256x16_TT_1p8V_25C_lib already exists.
[STA-0366] port 'addr0[0]' not found.
[STA-0366] port 'addr0[1]' not found.
[STA-0366] port 'addr0[2]' not found.
[STA-0366] port 'addr0[3]' not found.
[STA-0366] port 'addr0[4]' not found.
[STA-0366] port 'addr0[5]' not found.
[STA-0366] port 'addr0[6]' not found.
[STA-0366] port 'addr0[7]' not found.
[STA-0366] port 'csb0' not found.
[STA-0366] port 'din0[0]' not found.
[STA-0366] port 'din0[10]' not found.
[STA-0366] port 'din0[11]' not found.
[STA-0366] port 'din0[12]' not found.
[STA-0366] port 'din0[13]' not found.
[STA-0366] port 'din0[14]' not found.
[STA-0366] port 'din0[15]' not found.
[STA-0366] port 'din0[1]' not found.
[STA-0366] port 'din0[2]' not found.
[STA-0366] port 'din0[3]' not found.
[STA-0366] port 'din0[4]' not found.
[STA-0366] port 'din0[5]' not found.
[STA-0366] port 'din0[6]' not found.
[STA-0366] port 'din0[7]' not found.
[STA-0366] port 'din0[8]' not found.
[STA-0366] port 'din0[9]' not found.
[STA-0366] port 'csb0' not found.
[STA-0366] port 'addr0[7]' not found.
[STA-0366] port 'addr0[6]' not found.
[STA-0366] port 'addr0[5]' not found.
[STA-0366] port 'addr0[4]' not found.
[STA-0366] port 'addr0[3]' not found.
[STA-0366] port 'addr0[2]' not found.
[STA-0366] port 'addr0[1]' not found.
[STA-0366] port 'addr0[0]' not found.
[STA-0366] port 'din0[15]' not found.
[STA-0366] port 'din0[14]' not found.
[STA-0366] port 'din0[13]' not found.
[STA-0366] port 'din0[12]' not found.
[STA-0366] port 'din0[11]' not found.
[STA-0366] port 'din0[10]' not found.
[STA-0366] port 'din0[9]' not found.
[STA-0366] port 'din0[8]' not found.
[STA-0366] port 'din0[7]' not found.
[STA-0366] port 'din0[6]' not found.
[STA-0366] port 'din0[5]' not found.
[STA-0366] port 'din0[4]' not found.
[STA-0366] port 'din0[3]' not found.
[STA-0366] port 'din0[2]' not found.
[STA-0366] port 'din0[1]' not found.
[STA-0366] port 'din0[0]' not found.
[STA-1140] /home/lroot/NCO2ram/ram_256x16/ram_256x16_TT_1p8V_25C.lib line 1, library ram_256x16_TT_1p8V_25C_lib already exists.
[STA-1140] /home/lroot/NCO2ram/ram_256x16/ram_256x16_TT_1p8V_25C.lib line 1, library ram_256x16_TT_1p8V_25C_lib already exists.
[STA-0366] port 'addr0[0]' not found.
[STA-0366] port 'addr0[1]' not found.
[STA-0366] port 'addr0[2]' not found.
[STA-0366] port 'addr0[3]' not found.
[STA-0366] port 'addr0[4]' not found.
[STA-0366] port 'addr0[5]' not found.
[STA-0366] port 'addr0[6]' not found.
[STA-0366] port 'addr0[7]' not found.
[STA-0366] port 'csb0' not found.
[STA-0366] port 'din0[0]' not found.
[STA-0366] port 'din0[10]' not found.
[STA-0366] port 'din0[11]' not found.
[STA-0366] port 'din0[12]' not found.
[STA-0366] port 'din0[13]' not found.
[STA-0366] port 'din0[14]' not found.
[STA-0366] port 'din0[15]' not found.
[STA-0366] port 'din0[1]' not found.
[STA-0366] port 'din0[2]' not found.
[STA-0366] port 'din0[3]' not found.
[STA-0366] port 'din0[4]' not found.
[STA-0366] port 'din0[5]' not found.
[STA-0366] port 'din0[6]' not found.
[STA-0366] port 'din0[7]' not found.
[STA-0366] port 'din0[8]' not found.
[STA-0366] port 'din0[9]' not found.
[STA-0366] port 'csb0' not found.
[STA-0366] port 'addr0[7]' not found.
[STA-0366] port 'addr0[6]' not found.
[STA-0366] port 'addr0[5]' not found.
[STA-0366] port 'addr0[4]' not found.
[STA-0366] port 'addr0[3]' not found.
[STA-0366] port 'addr0[2]' not found.
[STA-0366] port 'addr0[1]' not found.
[STA-0366] port 'addr0[0]' not found.
[STA-0366] port 'din0[15]' not found.
[STA-0366] port 'din0[14]' not found.
[STA-0366] port 'din0[13]' not found.
[STA-0366] port 'din0[12]' not found.
[STA-0366] port 'din0[11]' not found.
[STA-0366] port 'din0[10]' not found.
[STA-0366] port 'din0[9]' not found.
[STA-0366] port 'din0[8]' not found.
[STA-0366] port 'din0[7]' not found.
[STA-0366] port 'din0[6]' not found.
[STA-0366] port 'din0[5]' not found.
[STA-0366] port 'din0[4]' not found.
[STA-0366] port 'din0[3]' not found.
[STA-0366] port 'din0[2]' not found.
[STA-0366] port 'din0[1]' not found.
[STA-0366] port 'din0[0]' not found.
[STA-1140] /home/lroot/NCO2ram/ram_256x16/ram_256x16_TT_1p8V_25C.lib line 1, library ram_256x16_TT_1p8V_25C_lib already exists.
[STA-0366] port 'addr0[0]' not found.
[STA-0366] port 'addr0[1]' not found.
[STA-0366] port 'addr0[2]' not found.
[STA-0366] port 'addr0[3]' not found.
[STA-0366] port 'addr0[4]' not found.
[STA-0366] port 'addr0[5]' not found.
[STA-0366] port 'addr0[6]' not found.
[STA-0366] port 'addr0[7]' not found.
[STA-0366] port 'csb0' not found.
[STA-0366] port 'din0[0]' not found.
[STA-0366] port 'din0[10]' not found.
[STA-0366] port 'din0[11]' not found.
[STA-0366] port 'din0[12]' not found.
[STA-0366] port 'din0[13]' not found.
[STA-0366] port 'din0[14]' not found.
[STA-0366] port 'din0[15]' not found.
[STA-0366] port 'din0[1]' not found.
[STA-0366] port 'din0[2]' not found.
[STA-0366] port 'din0[3]' not found.
[STA-0366] port 'din0[4]' not found.
[STA-0366] port 'din0[5]' not found.
[STA-0366] port 'din0[6]' not found.
[STA-0366] port 'din0[7]' not found.
[STA-0366] port 'din0[8]' not found.
[STA-0366] port 'din0[9]' not found.
[STA-0366] port 'csb0' not found.
[STA-0366] port 'addr0[7]' not found.
[STA-0366] port 'addr0[6]' not found.
[STA-0366] port 'addr0[5]' not found.
[STA-0366] port 'addr0[4]' not found.
[STA-0366] port 'addr0[3]' not found.
[STA-0366] port 'addr0[2]' not found.
[STA-0366] port 'addr0[1]' not found.
[STA-0366] port 'addr0[0]' not found.
[STA-0366] port 'din0[15]' not found.
[STA-0366] port 'din0[14]' not found.
[STA-0366] port 'din0[13]' not found.
[STA-0366] port 'din0[12]' not found.
[STA-0366] port 'din0[11]' not found.
[STA-0366] port 'din0[10]' not found.
[STA-0366] port 'din0[9]' not found.
[STA-0366] port 'din0[8]' not found.
[STA-0366] port 'din0[7]' not found.
[STA-0366] port 'din0[6]' not found.
[STA-0366] port 'din0[5]' not found.
[STA-0366] port 'din0[4]' not found.
[STA-0366] port 'din0[3]' not found.
[STA-0366] port 'din0[2]' not found.
[STA-0366] port 'din0[1]' not found.
[STA-0366] port 'din0[0]' not found.
[GRT-0097] No global routing found for nets.
[STA-1140] /home/lroot/NCO2ram/ram_256x16/ram_256x16_TT_1p8V_25C.lib line 1, library ram_256x16_TT_1p8V_25C_lib already exists.
[STA-1140] /home/lroot/NCO2ram/ram_256x16/ram_256x16_TT_1p8V_25C.lib line 1, library ram_256x16_TT_1p8V_25C_lib already exists.
[STA-0366] port 'addr0[0]' not found.
[STA-0366] port 'addr0[1]' not found.
[STA-0366] port 'addr0[2]' not found.
[STA-0366] port 'addr0[3]' not found.
[STA-0366] port 'addr0[4]' not found.
[STA-0366] port 'addr0[5]' not found.
[STA-0366] port 'addr0[6]' not found.
[STA-0366] port 'addr0[7]' not found.
[STA-0366] port 'csb0' not found.
[STA-0366] port 'din0[0]' not found.
[STA-0366] port 'din0[10]' not found.
[STA-0366] port 'din0[11]' not found.
[STA-0366] port 'din0[12]' not found.
[STA-0366] port 'din0[13]' not found.
[STA-0366] port 'din0[14]' not found.
[STA-0366] port 'din0[15]' not found.
[STA-0366] port 'din0[1]' not found.
[STA-0366] port 'din0[2]' not found.
[STA-0366] port 'din0[3]' not found.
[STA-0366] port 'din0[4]' not found.
[STA-0366] port 'din0[5]' not found.
[STA-0366] port 'din0[6]' not found.
[STA-0366] port 'din0[7]' not found.
[STA-0366] port 'din0[8]' not found.
[STA-0366] port 'din0[9]' not found.
[STA-0366] port 'csb0' not found.
[STA-0366] port 'addr0[7]' not found.
[STA-0366] port 'addr0[6]' not found.
[STA-0366] port 'addr0[5]' not found.
[STA-0366] port 'addr0[4]' not found.
[STA-0366] port 'addr0[3]' not found.
[STA-0366] port 'addr0[2]' not found.
[STA-0366] port 'addr0[1]' not found.
[STA-0366] port 'addr0[0]' not found.
[STA-0366] port 'din0[15]' not found.
[STA-0366] port 'din0[14]' not found.
[STA-0366] port 'din0[13]' not found.
[STA-0366] port 'din0[12]' not found.
[STA-0366] port 'din0[11]' not found.
[STA-0366] port 'din0[10]' not found.
[STA-0366] port 'din0[9]' not found.
[STA-0366] port 'din0[8]' not found.
[STA-0366] port 'din0[7]' not found.
[STA-0366] port 'din0[6]' not found.
[STA-0366] port 'din0[5]' not found.
[STA-0366] port 'din0[4]' not found.
[STA-0366] port 'din0[3]' not found.
[STA-0366] port 'din0[2]' not found.
[STA-0366] port 'din0[1]' not found.
[STA-0366] port 'din0[0]' not found.
[STA-1140] /home/lroot/NCO2ram/ram_256x16/ram_256x16_TT_1p8V_25C.lib line 1, library ram_256x16_TT_1p8V_25C_lib already exists.
[STA-0366] port 'addr0[0]' not found.
[STA-0366] port 'addr0[1]' not found.
[STA-0366] port 'addr0[2]' not found.
[STA-0366] port 'addr0[3]' not found.
[STA-0366] port 'addr0[4]' not found.
[STA-0366] port 'addr0[5]' not found.
[STA-0366] port 'addr0[6]' not found.
[STA-0366] port 'addr0[7]' not found.
[STA-0366] port 'csb0' not found.
[STA-0366] port 'din0[0]' not found.
[STA-0366] port 'din0[10]' not found.
[STA-0366] port 'din0[11]' not found.
[STA-0366] port 'din0[12]' not found.
[STA-0366] port 'din0[13]' not found.
[STA-0366] port 'din0[14]' not found.
[STA-0366] port 'din0[15]' not found.
[STA-0366] port 'din0[1]' not found.
[STA-0366] port 'din0[2]' not found.
[STA-0366] port 'din0[3]' not found.
[STA-0366] port 'din0[4]' not found.
[STA-0366] port 'din0[5]' not found.
[STA-0366] port 'din0[6]' not found.
[STA-0366] port 'din0[7]' not found.
[STA-0366] port 'din0[8]' not found.
[STA-0366] port 'din0[9]' not found.
[STA-0366] port 'csb0' not found.
[STA-0366] port 'addr0[7]' not found.
[STA-0366] port 'addr0[6]' not found.
[STA-0366] port 'addr0[5]' not found.
[STA-0366] port 'addr0[4]' not found.
[STA-0366] port 'addr0[3]' not found.
[STA-0366] port 'addr0[2]' not found.
[STA-0366] port 'addr0[1]' not found.
[STA-0366] port 'addr0[0]' not found.
[STA-0366] port 'din0[15]' not found.
[STA-0366] port 'din0[14]' not found.
[STA-0366] port 'din0[13]' not found.
[STA-0366] port 'din0[12]' not found.
[STA-0366] port 'din0[11]' not found.
[STA-0366] port 'din0[10]' not found.
[STA-0366] port 'din0[9]' not found.
[STA-0366] port 'din0[8]' not found.
[STA-0366] port 'din0[7]' not found.
[STA-0366] port 'din0[6]' not found.
[STA-0366] port 'din0[5]' not found.
[STA-0366] port 'din0[4]' not found.
[STA-0366] port 'din0[3]' not found.
[STA-0366] port 'din0[2]' not found.
[STA-0366] port 'din0[1]' not found.
[STA-0366] port 'din0[0]' not found.
[GRT-0097] No global routing found for nets.
[STA-1140] /home/lroot/NCO2ram/ram_256x16/ram_256x16_TT_1p8V_25C.lib line 1, library ram_256x16_TT_1p8V_25C_lib already exists.
[STA-0366] port 'addr0[0]' not found.
[STA-0366] port 'addr0[1]' not found.
[STA-0366] port 'addr0[2]' not found.
[STA-0366] port 'addr0[3]' not found.
[STA-0366] port 'addr0[4]' not found.
[STA-0366] port 'addr0[5]' not found.
[STA-0366] port 'addr0[6]' not found.
[STA-0366] port 'addr0[7]' not found.
[STA-0366] port 'csb0' not found.
[STA-0366] port 'din0[0]' not found.
[STA-0366] port 'din0[10]' not found.
[STA-0366] port 'din0[11]' not found.
[STA-0366] port 'din0[12]' not found.
[STA-0366] port 'din0[13]' not found.
[STA-0366] port 'din0[14]' not found.
[STA-0366] port 'din0[15]' not found.
[STA-0366] port 'din0[1]' not found.
[STA-0366] port 'din0[2]' not found.
[STA-0366] port 'din0[3]' not found.
[STA-0366] port 'din0[4]' not found.
[STA-0366] port 'din0[5]' not found.
[STA-0366] port 'din0[6]' not found.
[STA-0366] port 'din0[7]' not found.
[STA-0366] port 'din0[8]' not found.
[STA-0366] port 'din0[9]' not found.
[STA-0366] port 'csb0' not found.
[STA-0366] port 'addr0[7]' not found.
[STA-0366] port 'addr0[6]' not found.
[STA-0366] port 'addr0[5]' not found.
[STA-0366] port 'addr0[4]' not found.
[STA-0366] port 'addr0[3]' not found.
[STA-0366] port 'addr0[2]' not found.
[STA-0366] port 'addr0[1]' not found.
[STA-0366] port 'addr0[0]' not found.
[STA-0366] port 'din0[15]' not found.
[STA-0366] port 'din0[14]' not found.
[STA-0366] port 'din0[13]' not found.
[STA-0366] port 'din0[12]' not found.
[STA-0366] port 'din0[11]' not found.
[STA-0366] port 'din0[10]' not found.
[STA-0366] port 'din0[9]' not found.
[STA-0366] port 'din0[8]' not found.
[STA-0366] port 'din0[7]' not found.
[STA-0366] port 'din0[6]' not found.
[STA-0366] port 'din0[5]' not found.
[STA-0366] port 'din0[4]' not found.
[STA-0366] port 'din0[3]' not found.
[STA-0366] port 'din0[2]' not found.
[STA-0366] port 'din0[1]' not found.
[STA-0366] port 'din0[0]' not found.
[STA-1140] /home/lroot/NCO2ram/ram_256x16/ram_256x16_TT_1p8V_25C.lib line 1, library ram_256x16_TT_1p8V_25C_lib already exists.
[STA-0366] port 'addr0[0]' not found.
[STA-0366] port 'addr0[1]' not found.
[STA-0366] port 'addr0[2]' not found.
[STA-0366] port 'addr0[3]' not found.
[STA-0366] port 'addr0[4]' not found.
[STA-0366] port 'addr0[5]' not found.
[STA-0366] port 'addr0[6]' not found.
[STA-0366] port 'addr0[7]' not found.
[STA-0366] port 'csb0' not found.
[STA-0366] port 'din0[0]' not found.
[STA-0366] port 'din0[10]' not found.
[STA-0366] port 'din0[11]' not found.
[STA-0366] port 'din0[12]' not found.
[STA-0366] port 'din0[13]' not found.
[STA-0366] port 'din0[14]' not found.
[STA-0366] port 'din0[15]' not found.
[STA-0366] port 'din0[1]' not found.
[STA-0366] port 'din0[2]' not found.
[STA-0366] port 'din0[3]' not found.
[STA-0366] port 'din0[4]' not found.
[STA-0366] port 'din0[5]' not found.
[STA-0366] port 'din0[6]' not found.
[STA-0366] port 'din0[7]' not found.
[STA-0366] port 'din0[8]' not found.
[STA-0366] port 'din0[9]' not found.
[STA-0366] port 'csb0' not found.
[STA-0366] port 'addr0[7]' not found.
[STA-0366] port 'addr0[6]' not found.
[STA-0366] port 'addr0[5]' not found.
[STA-0366] port 'addr0[4]' not found.
[STA-0366] port 'addr0[3]' not found.
[STA-0366] port 'addr0[2]' not found.
[STA-0366] port 'addr0[1]' not found.
[STA-0366] port 'addr0[0]' not found.
[STA-0366] port 'din0[15]' not found.
[STA-0366] port 'din0[14]' not found.
[STA-0366] port 'din0[13]' not found.
[STA-0366] port 'din0[12]' not found.
[STA-0366] port 'din0[11]' not found.
[STA-0366] port 'din0[10]' not found.
[STA-0366] port 'din0[9]' not found.
[STA-0366] port 'din0[8]' not found.
[STA-0366] port 'din0[7]' not found.
[STA-0366] port 'din0[6]' not found.
[STA-0366] port 'din0[5]' not found.
[STA-0366] port 'din0[4]' not found.
[STA-0366] port 'din0[3]' not found.
[STA-0366] port 'din0[2]' not found.
[STA-0366] port 'din0[1]' not found.
[STA-0366] port 'din0[0]' not found.
'GPL_CELL_PADDING' is set to 0. This step may cause overlap failures.
[STA-1140] /home/lroot/NCO2ram/ram_256x16/ram_256x16_TT_1p8V_25C.lib line 1, library ram_256x16_TT_1p8V_25C_lib already exists.
[STA-0366] port 'addr0[0]' not found.
[STA-0366] port 'addr0[1]' not found.
[STA-0366] port 'addr0[2]' not found.
[STA-0366] port 'addr0[3]' not found.
[STA-0366] port 'addr0[4]' not found.
[STA-0366] port 'addr0[5]' not found.
[STA-0366] port 'addr0[6]' not found.
[STA-0366] port 'addr0[7]' not found.
[STA-0366] port 'csb0' not found.
[STA-0366] port 'din0[0]' not found.
[STA-0366] port 'din0[10]' not found.
[STA-0366] port 'din0[11]' not found.
[STA-0366] port 'din0[12]' not found.
[STA-0366] port 'din0[13]' not found.
[STA-0366] port 'din0[14]' not found.
[STA-0366] port 'din0[15]' not found.
[STA-0366] port 'din0[1]' not found.
[STA-0366] port 'din0[2]' not found.
[STA-0366] port 'din0[3]' not found.
[STA-0366] port 'din0[4]' not found.
[STA-0366] port 'din0[5]' not found.
[STA-0366] port 'din0[6]' not found.
[STA-0366] port 'din0[7]' not found.
[STA-0366] port 'din0[8]' not found.
[STA-0366] port 'din0[9]' not found.
[STA-0366] port 'csb0' not found.
[STA-0366] port 'addr0[7]' not found.
[STA-0366] port 'addr0[6]' not found.
[STA-0366] port 'addr0[5]' not found.
[STA-0366] port 'addr0[4]' not found.
[STA-0366] port 'addr0[3]' not found.
[STA-0366] port 'addr0[2]' not found.
[STA-0366] port 'addr0[1]' not found.
[STA-0366] port 'addr0[0]' not found.
[STA-0366] port 'din0[15]' not found.
[STA-0366] port 'din0[14]' not found.
[STA-0366] port 'din0[13]' not found.
[STA-0366] port 'din0[12]' not found.
[STA-0366] port 'din0[11]' not found.
[STA-0366] port 'din0[10]' not found.
[STA-0366] port 'din0[9]' not found.
[STA-0366] port 'din0[8]' not found.
[STA-0366] port 'din0[7]' not found.
[STA-0366] port 'din0[6]' not found.
[STA-0366] port 'din0[5]' not found.
[STA-0366] port 'din0[4]' not found.
[STA-0366] port 'din0[3]' not found.
[STA-0366] port 'din0[2]' not found.
[STA-0366] port 'din0[1]' not found.
[STA-0366] port 'din0[0]' not found.
[STA-1140] /home/lroot/NCO2ram/ram_256x16/ram_256x16_TT_1p8V_25C.lib line 1, library ram_256x16_TT_1p8V_25C_lib already exists.
[STA-0366] port 'addr0[0]' not found.
[STA-0366] port 'addr0[1]' not found.
[STA-0366] port 'addr0[2]' not found.
[STA-0366] port 'addr0[3]' not found.
[STA-0366] port 'addr0[4]' not found.
[STA-0366] port 'addr0[5]' not found.
[STA-0366] port 'addr0[6]' not found.
[STA-0366] port 'addr0[7]' not found.
[STA-0366] port 'csb0' not found.
[STA-0366] port 'din0[0]' not found.
[STA-0366] port 'din0[10]' not found.
[STA-0366] port 'din0[11]' not found.
[STA-0366] port 'din0[12]' not found.
[STA-0366] port 'din0[13]' not found.
[STA-0366] port 'din0[14]' not found.
[STA-0366] port 'din0[15]' not found.
[STA-0366] port 'din0[1]' not found.
[STA-0366] port 'din0[2]' not found.
[STA-0366] port 'din0[3]' not found.
[STA-0366] port 'din0[4]' not found.
[STA-0366] port 'din0[5]' not found.
[STA-0366] port 'din0[6]' not found.
[STA-0366] port 'din0[7]' not found.
[STA-0366] port 'din0[8]' not found.
[STA-0366] port 'din0[9]' not found.
[STA-0366] port 'csb0' not found.
[STA-0366] port 'addr0[7]' not found.
[STA-0366] port 'addr0[6]' not found.
[STA-0366] port 'addr0[5]' not found.
[STA-0366] port 'addr0[4]' not found.
[STA-0366] port 'addr0[3]' not found.
[STA-0366] port 'addr0[2]' not found.
[STA-0366] port 'addr0[1]' not found.
[STA-0366] port 'addr0[0]' not found.
[STA-0366] port 'din0[15]' not found.
[STA-0366] port 'din0[14]' not found.
[STA-0366] port 'din0[13]' not found.
[STA-0366] port 'din0[12]' not found.
[STA-0366] port 'din0[11]' not found.
[STA-0366] port 'din0[10]' not found.
[STA-0366] port 'din0[9]' not found.
[STA-0366] port 'din0[8]' not found.
[STA-0366] port 'din0[7]' not found.
[STA-0366] port 'din0[6]' not found.
[STA-0366] port 'din0[5]' not found.
[STA-0366] port 'din0[4]' not found.
[STA-0366] port 'din0[3]' not found.
[STA-0366] port 'din0[2]' not found.
[STA-0366] port 'din0[1]' not found.
[STA-0366] port 'din0[0]' not found.
[STA-1140] /home/lroot/NCO2ram/ram_256x16/ram_256x16_TT_1p8V_25C.lib line 1, library ram_256x16_TT_1p8V_25C_lib already exists.
[STA-0366] port 'addr0[0]' not found.
[STA-0366] port 'addr0[1]' not found.
[STA-0366] port 'addr0[2]' not found.
[STA-0366] port 'addr0[3]' not found.
[STA-0366] port 'addr0[4]' not found.
[STA-0366] port 'addr0[5]' not found.
[STA-0366] port 'addr0[6]' not found.
[STA-0366] port 'addr0[7]' not found.
[STA-0366] port 'csb0' not found.
[STA-0366] port 'din0[0]' not found.
[STA-0366] port 'din0[10]' not found.
[STA-0366] port 'din0[11]' not found.
[STA-0366] port 'din0[12]' not found.
[STA-0366] port 'din0[13]' not found.
[STA-0366] port 'din0[14]' not found.
[STA-0366] port 'din0[15]' not found.
[STA-0366] port 'din0[1]' not found.
[STA-0366] port 'din0[2]' not found.
[STA-0366] port 'din0[3]' not found.
[STA-0366] port 'din0[4]' not found.
[STA-0366] port 'din0[5]' not found.
[STA-0366] port 'din0[6]' not found.
[STA-0366] port 'din0[7]' not found.
[STA-0366] port 'din0[8]' not found.
[STA-0366] port 'din0[9]' not found.
[STA-0366] port 'csb0' not found.
[STA-0366] port 'addr0[7]' not found.
[STA-0366] port 'addr0[6]' not found.
[STA-0366] port 'addr0[5]' not found.
[STA-0366] port 'addr0[4]' not found.
[STA-0366] port 'addr0[3]' not found.
[STA-0366] port 'addr0[2]' not found.
[STA-0366] port 'addr0[1]' not found.
[STA-0366] port 'addr0[0]' not found.
[STA-0366] port 'din0[15]' not found.
[STA-0366] port 'din0[14]' not found.
[STA-0366] port 'din0[13]' not found.
[STA-0366] port 'din0[12]' not found.
[STA-0366] port 'din0[11]' not found.
[STA-0366] port 'din0[10]' not found.
[STA-0366] port 'din0[9]' not found.
[STA-0366] port 'din0[8]' not found.
[STA-0366] port 'din0[7]' not found.
[STA-0366] port 'din0[6]' not found.
[STA-0366] port 'din0[5]' not found.
[STA-0366] port 'din0[4]' not found.
[STA-0366] port 'din0[3]' not found.
[STA-0366] port 'din0[2]' not found.
[STA-0366] port 'din0[1]' not found.
[STA-0366] port 'din0[0]' not found.
[STA-1140] /home/lroot/NCO2ram/ram_256x16/ram_256x16_TT_1p8V_25C.lib line 1, library ram_256x16_TT_1p8V_25C_lib already exists.
[STA-0366] port 'addr0[0]' not found.
[STA-0366] port 'addr0[1]' not found.
[STA-0366] port 'addr0[2]' not found.
[STA-0366] port 'addr0[3]' not found.
[STA-0366] port 'addr0[4]' not found.
[STA-0366] port 'addr0[5]' not found.
[STA-0366] port 'addr0[6]' not found.
[STA-0366] port 'addr0[7]' not found.
[STA-0366] port 'csb0' not found.
[STA-0366] port 'din0[0]' not found.
[STA-0366] port 'din0[10]' not found.
[STA-0366] port 'din0[11]' not found.
[STA-0366] port 'din0[12]' not found.
[STA-0366] port 'din0[13]' not found.
[STA-0366] port 'din0[14]' not found.
[STA-0366] port 'din0[15]' not found.
[STA-0366] port 'din0[1]' not found.
[STA-0366] port 'din0[2]' not found.
[STA-0366] port 'din0[3]' not found.
[STA-0366] port 'din0[4]' not found.
[STA-0366] port 'din0[5]' not found.
[STA-0366] port 'din0[6]' not found.
[STA-0366] port 'din0[7]' not found.
[STA-0366] port 'din0[8]' not found.
[STA-0366] port 'din0[9]' not found.
[STA-0366] port 'csb0' not found.
[STA-0366] port 'addr0[7]' not found.
[STA-0366] port 'addr0[6]' not found.
[STA-0366] port 'addr0[5]' not found.
[STA-0366] port 'addr0[4]' not found.
[STA-0366] port 'addr0[3]' not found.
[STA-0366] port 'addr0[2]' not found.
[STA-0366] port 'addr0[1]' not found.
[STA-0366] port 'addr0[0]' not found.
[STA-0366] port 'din0[15]' not found.
[STA-0366] port 'din0[14]' not found.
[STA-0366] port 'din0[13]' not found.
[STA-0366] port 'din0[12]' not found.
[STA-0366] port 'din0[11]' not found.
[STA-0366] port 'din0[10]' not found.
[STA-0366] port 'din0[9]' not found.
[STA-0366] port 'din0[8]' not found.
[STA-0366] port 'din0[7]' not found.
[STA-0366] port 'din0[6]' not found.
[STA-0366] port 'din0[5]' not found.
[STA-0366] port 'din0[4]' not found.
[STA-0366] port 'din0[3]' not found.
[STA-0366] port 'din0[2]' not found.
[STA-0366] port 'din0[1]' not found.
[STA-0366] port 'din0[0]' not found.
[STA-1140] /home/lroot/NCO2ram/ram_256x16/ram_256x16_TT_1p8V_25C.lib line 1, library ram_256x16_TT_1p8V_25C_lib already exists.
[STA-0366] port 'addr0[0]' not found.
[STA-0366] port 'addr0[1]' not found.
[STA-0366] port 'addr0[2]' not found.
[STA-0366] port 'addr0[3]' not found.
[STA-0366] port 'addr0[4]' not found.
[STA-0366] port 'addr0[5]' not found.
[STA-0366] port 'addr0[6]' not found.
[STA-0366] port 'addr0[7]' not found.
[STA-0366] port 'csb0' not found.
[STA-0366] port 'din0[0]' not found.
[STA-0366] port 'din0[10]' not found.
[STA-0366] port 'din0[11]' not found.
[STA-0366] port 'din0[12]' not found.
[STA-0366] port 'din0[13]' not found.
[STA-0366] port 'din0[14]' not found.
[STA-0366] port 'din0[15]' not found.
[STA-0366] port 'din0[1]' not found.
[STA-0366] port 'din0[2]' not found.
[STA-0366] port 'din0[3]' not found.
[STA-0366] port 'din0[4]' not found.
[STA-0366] port 'din0[5]' not found.
[STA-0366] port 'din0[6]' not found.
[STA-0366] port 'din0[7]' not found.
[STA-0366] port 'din0[8]' not found.
[STA-0366] port 'din0[9]' not found.
[STA-0366] port 'csb0' not found.
[STA-0366] port 'addr0[7]' not found.
[STA-0366] port 'addr0[6]' not found.
[STA-0366] port 'addr0[5]' not found.
[STA-0366] port 'addr0[4]' not found.
[STA-0366] port 'addr0[3]' not found.
[STA-0366] port 'addr0[2]' not found.
[STA-0366] port 'addr0[1]' not found.
[STA-0366] port 'addr0[0]' not found.
[STA-0366] port 'din0[15]' not found.
[STA-0366] port 'din0[14]' not found.
[STA-0366] port 'din0[13]' not found.
[STA-0366] port 'din0[12]' not found.
[STA-0366] port 'din0[11]' not found.
[STA-0366] port 'din0[10]' not found.
[STA-0366] port 'din0[9]' not found.
[STA-0366] port 'din0[8]' not found.
[STA-0366] port 'din0[7]' not found.
[STA-0366] port 'din0[6]' not found.
[STA-0366] port 'din0[5]' not found.
[STA-0366] port 'din0[4]' not found.
[STA-0366] port 'din0[3]' not found.
[STA-0366] port 'din0[2]' not found.
[STA-0366] port 'din0[1]' not found.
[STA-0366] port 'din0[0]' not found.
[STA-1140] /home/lroot/NCO2ram/ram_256x16/ram_256x16_TT_1p8V_25C.lib line 1, library ram_256x16_TT_1p8V_25C_lib already exists.
[STA-0366] port 'addr0[0]' not found.
[STA-0366] port 'addr0[1]' not found.
[STA-0366] port 'addr0[2]' not found.
[STA-0366] port 'addr0[3]' not found.
[STA-0366] port 'addr0[4]' not found.
[STA-0366] port 'addr0[5]' not found.
[STA-0366] port 'addr0[6]' not found.
[STA-0366] port 'addr0[7]' not found.
[STA-0366] port 'csb0' not found.
[STA-0366] port 'din0[0]' not found.
[STA-0366] port 'din0[10]' not found.
[STA-0366] port 'din0[11]' not found.
[STA-0366] port 'din0[12]' not found.
[STA-0366] port 'din0[13]' not found.
[STA-0366] port 'din0[14]' not found.
[STA-0366] port 'din0[15]' not found.
[STA-0366] port 'din0[1]' not found.
[STA-0366] port 'din0[2]' not found.
[STA-0366] port 'din0[3]' not found.
[STA-0366] port 'din0[4]' not found.
[STA-0366] port 'din0[5]' not found.
[STA-0366] port 'din0[6]' not found.
[STA-0366] port 'din0[7]' not found.
[STA-0366] port 'din0[8]' not found.
[STA-0366] port 'din0[9]' not found.
[STA-0366] port 'csb0' not found.
[STA-0366] port 'addr0[7]' not found.
[STA-0366] port 'addr0[6]' not found.
[STA-0366] port 'addr0[5]' not found.
[STA-0366] port 'addr0[4]' not found.
[STA-0366] port 'addr0[3]' not found.
[STA-0366] port 'addr0[2]' not found.
[STA-0366] port 'addr0[1]' not found.
[STA-0366] port 'addr0[0]' not found.
[STA-0366] port 'din0[15]' not found.
[STA-0366] port 'din0[14]' not found.
[STA-0366] port 'din0[13]' not found.
[STA-0366] port 'din0[12]' not found.
[STA-0366] port 'din0[11]' not found.
[STA-0366] port 'din0[10]' not found.
[STA-0366] port 'din0[9]' not found.
[STA-0366] port 'din0[8]' not found.
[STA-0366] port 'din0[7]' not found.
[STA-0366] port 'din0[6]' not found.
[STA-0366] port 'din0[5]' not found.
[STA-0366] port 'din0[4]' not found.
[STA-0366] port 'din0[3]' not found.
[STA-0366] port 'din0[2]' not found.
[STA-0366] port 'din0[1]' not found.
[STA-0366] port 'din0[0]' not found.
[DRT-0349] LEF58_ENCLOSURE with no CUTCLASS is not supported. Skipping for layer mcon
[DRT-0349] LEF58_ENCLOSURE with no CUTCLASS is not supported. Skipping for layer mcon
[DRT-0349] LEF58_ENCLOSURE with no CUTCLASS is not supported. Skipping for layer via
[DRT-0349] LEF58_ENCLOSURE with no CUTCLASS is not supported. Skipping for layer via
[DRT-0349] LEF58_ENCLOSURE with no CUTCLASS is not supported. Skipping for layer via2
[DRT-0349] LEF58_ENCLOSURE with no CUTCLASS is not supported. Skipping for layer via2
[DRT-0349] LEF58_ENCLOSURE with no CUTCLASS is not supported. Skipping for layer via3
[DRT-0349] LEF58_ENCLOSURE with no CUTCLASS is not supported. Skipping for layer via3
[DRT-0349] LEF58_ENCLOSURE with no CUTCLASS is not supported. Skipping for layer via4
[DRT-0349] LEF58_ENCLOSURE with no CUTCLASS is not supported. Skipping for layer via4
[DRT-0418] Term mem_i0/addr0[3] has no pins on routing grid
[DRT-0418] Term mem_i0/addr0[4] has no pins on routing grid
[DRT-0418] Term mem_i0/addr0[7] has no pins on routing grid
[DRT-0418] Term mem_i0/clk1 has no pins on routing grid
[DRT-0418] Term mem_i0/dout1[0] has no pins on routing grid
[DRT-0418] Term mem_i0/dout1[1] has no pins on routing grid
[DRT-0418] Term mem_i0/dout1[3] has no pins on routing grid
[DRT-0418] Term mem_i0/dout1[5] has no pins on routing grid
[DRT-0418] Term mem_i0/dout1[7] has no pins on routing grid
[DRT-0418] Term mem_i0/dout1[8] has no pins on routing grid
[DRT-0418] Term mem_i0/dout1[10] has no pins on routing grid
[DRT-0418] Term mem_i0/dout1[12] has no pins on routing grid
[DRT-0418] Term mem_i0/dout1[14] has no pins on routing grid
[DRT-0418] Term mem_i0/dout1[15] has no pins on routing grid
[DRT-0418] Term mem_i1/din0[0] has no pins on routing grid
[DRT-0418] Term mem_i1/din0[2] has no pins on routing grid
[DRT-0418] Term mem_i1/din0[5] has no pins on routing grid
[DRT-0418] Term mem_i1/din0[8] has no pins on routing grid
[DRT-0418] Term mem_i1/din0[10] has no pins on routing grid
[DRT-0418] Term mem_i1/din0[11] has no pins on routing grid
[DRT-0418] Term mem_i1/din0[13] has no pins on routing grid
[DRT-0418] Term mem_i1/din0[14] has no pins on routing grid
[DRT-0418] Term mem_i1/addr0[1] has no pins on routing grid
[DRT-0418] Term mem_i1/addr0[2] has no pins on routing grid
[DRT-0418] Term mem_i1/addr0[5] has no pins on routing grid
[DRT-0418] Term mem_i1/addr0[7] has no pins on routing grid
[DRT-0418] Term mem_i1/addr1[5] has no pins on routing grid
[DRT-0418] Term mem_i1/addr1[6] has no pins on routing grid
[DRT-0418] Term mem_i1/addr1[7] has no pins on routing grid
[STA-1140] /home/lroot/NCO2ram/ram_256x16/ram_256x16_TT_1p8V_25C.lib line 1, library ram_256x16_TT_1p8V_25C_lib already exists.
[STA-0366] port 'addr0[0]' not found.
[STA-0366] port 'addr0[1]' not found.
[STA-0366] port 'addr0[2]' not found.
[STA-0366] port 'addr0[3]' not found.
[STA-0366] port 'addr0[4]' not found.
[STA-0366] port 'addr0[5]' not found.
[STA-0366] port 'addr0[6]' not found.
[STA-0366] port 'addr0[7]' not found.
[STA-0366] port 'csb0' not found.
[STA-0366] port 'din0[0]' not found.
[STA-0366] port 'din0[10]' not found.
[STA-0366] port 'din0[11]' not found.
[STA-0366] port 'din0[12]' not found.
[STA-0366] port 'din0[13]' not found.
[STA-0366] port 'din0[14]' not found.
[STA-0366] port 'din0[15]' not found.
[STA-0366] port 'din0[1]' not found.
[STA-0366] port 'din0[2]' not found.
[STA-0366] port 'din0[3]' not found.
[STA-0366] port 'din0[4]' not found.
[STA-0366] port 'din0[5]' not found.
[STA-0366] port 'din0[6]' not found.
[STA-0366] port 'din0[7]' not found.
[STA-0366] port 'din0[8]' not found.
[STA-0366] port 'din0[9]' not found.
[STA-0366] port 'csb0' not found.
[STA-0366] port 'addr0[7]' not found.
[STA-0366] port 'addr0[6]' not found.
[STA-0366] port 'addr0[5]' not found.
[STA-0366] port 'addr0[4]' not found.
[STA-0366] port 'addr0[3]' not found.
[STA-0366] port 'addr0[2]' not found.
[STA-0366] port 'addr0[1]' not found.
[STA-0366] port 'addr0[0]' not found.
[STA-0366] port 'din0[15]' not found.
[STA-0366] port 'din0[14]' not found.
[STA-0366] port 'din0[13]' not found.
[STA-0366] port 'din0[12]' not found.
[STA-0366] port 'din0[11]' not found.
[STA-0366] port 'din0[10]' not found.
[STA-0366] port 'din0[9]' not found.
[STA-0366] port 'din0[8]' not found.
[STA-0366] port 'din0[7]' not found.
[STA-0366] port 'din0[6]' not found.
[STA-0366] port 'din0[5]' not found.
[STA-0366] port 'din0[4]' not found.
[STA-0366] port 'din0[3]' not found.
[STA-0366] port 'din0[2]' not found.
[STA-0366] port 'din0[1]' not found.
[STA-0366] port 'din0[0]' not found.
Threshold for Threshold-surpassing long wires is not set. The checker will be skipped.
[STA-1140] /home/lroot/NCO2ram/ram_256x16/ram_256x16_TT_1p8V_25C.lib line 1, library ram_256x16_TT_1p8V_25C_lib already exists.
[STA-0366] port 'addr0[0]' not found.
[STA-0366] port 'addr0[1]' not found.
[STA-0366] port 'addr0[2]' not found.
[STA-0366] port 'addr0[3]' not found.
[STA-0366] port 'addr0[4]' not found.
[STA-0366] port 'addr0[5]' not found.
[STA-0366] port 'addr0[6]' not found.
[STA-0366] port 'addr0[7]' not found.
[STA-0366] port 'csb0' not found.
[STA-0366] port 'din0[0]' not found.
[STA-0366] port 'din0[10]' not found.
[STA-0366] port 'din0[11]' not found.
[STA-0366] port 'din0[12]' not found.
[STA-0366] port 'din0[13]' not found.
[STA-0366] port 'din0[14]' not found.
[STA-0366] port 'din0[15]' not found.
[STA-0366] port 'din0[1]' not found.
[STA-0366] port 'din0[2]' not found.
[STA-0366] port 'din0[3]' not found.
[STA-0366] port 'din0[4]' not found.
[STA-0366] port 'din0[5]' not found.
[STA-0366] port 'din0[6]' not found.
[STA-0366] port 'din0[7]' not found.
[STA-0366] port 'din0[8]' not found.
[STA-0366] port 'din0[9]' not found.
[STA-0366] port 'csb0' not found.
[STA-0366] port 'addr0[7]' not found.
[STA-0366] port 'addr0[6]' not found.
[STA-0366] port 'addr0[5]' not found.
[STA-0366] port 'addr0[4]' not found.
[STA-0366] port 'addr0[3]' not found.
[STA-0366] port 'addr0[2]' not found.
[STA-0366] port 'addr0[1]' not found.
[STA-0366] port 'addr0[0]' not found.
[STA-0366] port 'din0[15]' not found.
[STA-0366] port 'din0[14]' not found.
[STA-0366] port 'din0[13]' not found.
[STA-0366] port 'din0[12]' not found.
[STA-0366] port 'din0[11]' not found.
[STA-0366] port 'din0[10]' not found.
[STA-0366] port 'din0[9]' not found.
[STA-0366] port 'din0[8]' not found.
[STA-0366] port 'din0[7]' not found.
[STA-0366] port 'din0[6]' not found.
[STA-0366] port 'din0[5]' not found.
[STA-0366] port 'din0[4]' not found.
[STA-0366] port 'din0[3]' not found.
[STA-0366] port 'din0[2]' not found.
[STA-0366] port 'din0[1]' not found.
[STA-0366] port 'din0[0]' not found.
