┏━━━━━━━┳━━━━━━━━━┳━━━━━━━━━━┳━━━━━━━━━━━━━━━━━━━━━┳━━━━━━━━━━━━━━━━┳━━━━━━━┓
┃ P / R ┃ Partial ┃ Required ┃ Net                 ┃ Pin            ┃ Layer ┃
┡━━━━━━━╇━━━━━━━━━╇━━━━━━━━━━╇━━━━━━━━━━━━━━━━━━━━━╇━━━━━━━━━━━━━━━━╇━━━━━━━┩
│ 2.36  │ 943.75  │ 400.00   │ sine_out_temp0[12\] │ _075_/A0       │ met4  │
│ 2.35  │ 939.94  │ 400.00   │ sine_out_temp0[7\]  │ _070_/A0       │ met4  │
│ 2.34  │ 937.44  │ 400.00   │ net72               │ _068_/A1       │ met1  │
│ 2.33  │ 933.21  │ 400.00   │ sine_out_temp0[10\] │ _073_/A0       │ met4  │
│ 2.32  │ 926.98  │ 400.00   │ sine_out_temp0[13\] │ _076_/A0       │ met4  │
│ 2.29  │ 916.44  │ 400.00   │ sine_out_temp0[9\]  │ _072_/A0       │ met4  │
│ 2.28  │ 912.63  │ 400.00   │ sine_out_temp0[14\] │ _077_/A0       │ met4  │
│ 2.15  │ 860.78  │ 400.00   │ net80               │ _075_/A1       │ met1  │
│ 1.67  │ 669.11  │ 400.00   │ net83               │ _063_/A1       │ met1  │
│ 1.63  │ 650.42  │ 400.00   │ clk                 │ clkbuf_0_clk/A │ met5  │
│ 1.50  │ 599.49  │ 400.00   │ sine_out_temp0[11\] │ _074_/A0       │ met4  │
│ 1.45  │ 578.92  │ 400.00   │ sine_out_temp0[15\] │ _078_/A0       │ met4  │
│ 1.34  │ 534.67  │ 400.00   │ sine_out_temp0[10\] │ _073_/A0       │ met3  │
│ 1.34  │ 534.67  │ 400.00   │ sine_out_temp0[12\] │ _075_/A0       │ met3  │
│ 1.34  │ 534.67  │ 400.00   │ sine_out_temp0[13\] │ _076_/A0       │ met3  │
│ 1.34  │ 534.67  │ 400.00   │ sine_out_temp0[14\] │ _077_/A0       │ met3  │
│ 1.34  │ 534.67  │ 400.00   │ sine_out_temp0[7\]  │ _070_/A0       │ met3  │
│ 1.34  │ 534.67  │ 400.00   │ sine_out_temp0[8\]  │ _071_/A0       │ met3  │
│ 1.34  │ 534.67  │ 400.00   │ sine_out_temp0[9\]  │ _072_/A0       │ met3  │
│ 1.29  │ 514.79  │ 400.00   │ sine_out_temp0[1\]  │ _064_/A0       │ met4  │
│ 1.26  │ 502.73  │ 400.00   │ sine_out_temp0[0\]  │ _063_/A0       │ met4  │
│ 1.15  │ 460.68  │ 400.00   │ net64               │ output64/A     │ met1  │
│ 1.09  │ 437.75  │ 400.00   │ _012_               │ _143_/D        │ met1  │
│ 1.08  │ 430.90  │ 400.00   │ net63               │ output63/A     │ met1  │
│ 1.01  │ 403.33  │ 400.00   │ net65               │ output65/A     │ met1  │
└───────┴─────────┴──────────┴─────────────────────┴────────────────┴───────┘
