Clock: clk
Sources: clk 
Generated: no
Virtual: yes
Propagated: no
Period: 5.000000

===========================================================================
report_clock_properties
============================================================================
Clock                   Period          Waveform
----------------------------------------------------
clk                   5.000000    0.000000  2.500000

===========================================================================
report_clock_latency
============================================================================
Clock clk
rise -> rise
    min     max
0.000000 0.000000 source latency
1.288472         network latency mem_i0/clk1
        1.336221 network latency mem_i1/clk1
---------------
1.288472 1.336221 latency
        0.047749 skew

fall -> fall
    min     max
0.000000 0.000000 source latency
1.057329         network latency mem_i0/clk1
        1.094535 network latency mem_i1/clk1
---------------
1.057329 1.094535 latency
        0.037205 skew



===========================================================================
report_clock_min_period
============================================================================
clk period_min = 3.93 fmax = 254.16
