Clock: clk
Sources: clk 
Generated: no
Virtual: yes
Propagated: no
Period: 5.000000

===========================================================================
report_clock_properties
============================================================================
Clock                   Period          Waveform
----------------------------------------------------
clk                   5.000000    0.000000  2.500000

===========================================================================
report_clock_latency
============================================================================
Clock clk
rise -> rise
    min     max
0.000000 0.000000 source latency
0.671615         network latency _134_/CLK
        0.804681 network latency mem_i1/clk1
---------------
0.671615 0.804681 latency
        0.133065 skew

fall -> fall
    min     max
0.000000 0.000000 source latency
0.533009         network latency _134_/CLK
        0.622165 network latency mem_i1/clk1
---------------
0.533009 0.622165 latency
        0.089156 skew



===========================================================================
report_clock_min_period
============================================================================
clk period_min = 2.17 fmax = 460.56
