
===========================================================================
report_checks -unconstrained
===========================================================================
======================= nom_tt_025C_1v80 Corner ===================================

Startpoint: rst (input port clocked by clk)
Endpoint: _131_ (recovery check against rising-edge clock clk)
Path Group: asynchronous
Path Type: max

Fanout         Cap        Slew       Delay        Time   Description
---------------------------------------------------------------------------------------------
                                  0.000000    0.000000   clock clk (rise edge)
                                  0.000000    0.000000   clock network delay (propagated)
                                  2.500000    2.500000 v input external delay
     2    0.004717    0.013017    0.007658    2.507658 v rst (in)
                                                         rst (net)
                      0.013018    0.000000    2.507658 v input51/A (sky130_fd_sc_hd__clkbuf_1)
     3    0.013574    0.084330    0.121325    2.628983 v input51/X (sky130_fd_sc_hd__clkbuf_1)
                                                         net51 (net)
                      0.084338    0.000870    2.629853 v fanout113/A (sky130_fd_sc_hd__buf_4)
    17    0.074750    0.102472    0.217663    2.847517 v fanout113/X (sky130_fd_sc_hd__buf_4)
                                                         net113 (net)
                      0.102482    0.000914    2.848431 v fanout112/A (sky130_fd_sc_hd__buf_4)
    19    0.059811    0.084920    0.218598    3.067029 v fanout112/X (sky130_fd_sc_hd__buf_4)
                                                         net112 (net)
                      0.084931    0.001182    3.068211 v fanout111/A (sky130_fd_sc_hd__buf_4)
    10    0.053068    0.080765    0.205752    3.273963 v fanout111/X (sky130_fd_sc_hd__buf_4)
                                                         net111 (net)
                      0.080770    0.000685    3.274648 v _106_/A (sky130_fd_sc_hd__inv_2)
     1    0.005683    0.039539    0.064003    3.338651 ^ _106_/Y (sky130_fd_sc_hd__inv_2)
                                                         _036_ (net)
                      0.039540    0.000199    3.338849 ^ _131_/RESET_B (sky130_fd_sc_hd__dfrtp_1)
                                              3.338849   data arrival time

                                  5.000000    5.000000   clock clk (rise edge)
                                  0.000000    5.000000   clock source latency
     2    0.060446    0.276811    0.200922    5.200922 ^ clk (in)
                                                         clk (net)
                      0.279133    0.000000    5.200922 ^ clkbuf_0_clk/A (sky130_fd_sc_hd__clkbuf_16)
     9    0.094648    0.113231    0.255184    5.456106 ^ clkbuf_0_clk/X (sky130_fd_sc_hd__clkbuf_16)
                                                         clknet_0_clk (net)
                      0.114237    0.008532    5.464638 ^ clkbuf_2_1__f_clk/A (sky130_fd_sc_hd__clkbuf_16)
    19    0.052641    0.071382    0.175560    5.640198 ^ clkbuf_2_1__f_clk/X (sky130_fd_sc_hd__clkbuf_16)
                                                         clknet_2_1__leaf_clk (net)
                      0.071573    0.002331    5.642529 ^ _131_/CLK (sky130_fd_sc_hd__dfrtp_1)
                                 -0.150000    5.492528   clock uncertainty
                                  0.000000    5.492528   clock reconvergence pessimism
                                  0.239887    5.732415   library recovery time
                                              5.732415   data required time
---------------------------------------------------------------------------------------------
                                              5.732415   data required time
                                             -3.338849   data arrival time
---------------------------------------------------------------------------------------------
                                              2.393566   slack (MET)


Startpoint: _138_ (rising edge-triggered flip-flop clocked by clk)
Endpoint: sine_out[1] (output port clocked by clk)
Path Group: clk
Path Type: max

Fanout         Cap        Slew       Delay        Time   Description
---------------------------------------------------------------------------------------------
                                  0.000000    0.000000   clock clk (rise edge)
                                  0.000000    0.000000   clock source latency
     2    0.060446    0.276811    0.200922    0.200922 ^ clk (in)
                                                         clk (net)
                      0.279133    0.000000    0.200922 ^ clkbuf_0_clk/A (sky130_fd_sc_hd__clkbuf_16)
     9    0.094648    0.113231    0.255184    0.456106 ^ clkbuf_0_clk/X (sky130_fd_sc_hd__clkbuf_16)
                                                         clknet_0_clk (net)
                      0.114107    0.007978    0.464084 ^ clkbuf_2_2__f_clk/A (sky130_fd_sc_hd__clkbuf_16)
    13    0.072629    0.090251    0.189210    0.653294 ^ clkbuf_2_2__f_clk/X (sky130_fd_sc_hd__clkbuf_16)
                                                         clknet_2_2__leaf_clk (net)
                      0.090681    0.004945    0.658239 ^ _138_/CLK (sky130_fd_sc_hd__dfrtp_1)
     3    0.016568    0.099496    0.434667    1.092906 v _138_/Q (sky130_fd_sc_hd__dfrtp_1)
                                                         net59 (net)
                      0.099515    0.001377    1.094283 v output59/A (sky130_fd_sc_hd__clkbuf_1)
     1    0.001512    0.020725    0.104172    1.198455 v output59/X (sky130_fd_sc_hd__clkbuf_1)
                                                         sine_out[1] (net)
                      0.020725    0.000026    1.198482 v sine_out[1] (out)
                                              1.198482   data arrival time

                                  5.000000    5.000000   clock clk (rise edge)
                                  0.000000    5.000000   clock network delay (propagated)
                                 -0.150000    4.850000   clock uncertainty
                                  0.000000    4.850000   clock reconvergence pessimism
                                 -2.500000    2.350000   output external delay
                                              2.350000   data required time
---------------------------------------------------------------------------------------------
                                              2.350000   data required time
                                             -1.198482   data arrival time
---------------------------------------------------------------------------------------------
                                              1.151518   slack (MET)




===========================================================================
report_checks --slack_max -0.01
============================================================================
======================= nom_tt_025C_1v80 Corner ===================================

No paths found.


===========================================================================
 report_check_types -max_slew -max_cap -max_fanout -violators
============================================================================
======================= nom_tt_025C_1v80 Corner ===================================

max slew

Pin                                        Limit        Slew       Slack
------------------------------------------------------------------------
mem_i0/addr1[7]                         0.045000    0.323981   -0.278981 (VIOLATED)
mem_i0/addr1[6]                         0.045000    0.322355   -0.277355 (VIOLATED)
mem_i1/addr1[1]                         0.045000    0.311298   -0.266298 (VIOLATED)
mem_i1/addr1[0]                         0.045000    0.307413   -0.262412 (VIOLATED)
mem_i0/addr1[5]                         0.045000    0.301217   -0.256217 (VIOLATED)
mem_i1/addr0[1]                         0.040000    0.293562   -0.253562 (VIOLATED)
mem_i0/addr0[1]                         0.040000    0.292633   -0.252633 (VIOLATED)
mem_i0/addr1[4]                         0.045000    0.225052   -0.180052 (VIOLATED)
mem_i0/addr1[2]                         0.045000    0.223969   -0.178969 (VIOLATED)
mem_i0/addr1[3]                         0.045000    0.219419   -0.174419 (VIOLATED)
mem_i1/addr1[4]                         0.045000    0.202535   -0.157535 (VIOLATED)
mem_i1/addr1[5]                         0.045000    0.195240   -0.150240 (VIOLATED)
mem_i0/addr1[0]                         0.045000    0.195101   -0.150101 (VIOLATED)
mem_i1/addr0[0]                         0.040000    0.184947   -0.144947 (VIOLATED)
mem_i0/addr0[7]                         0.040000    0.184824   -0.144824 (VIOLATED)
mem_i0/addr0[6]                         0.040000    0.183915   -0.143915 (VIOLATED)
mem_i1/addr1[2]                         0.045000    0.187465   -0.142465 (VIOLATED)
mem_i1/addr0[4]                         0.040000    0.181432   -0.141432 (VIOLATED)
mem_i1/addr0[2]                         0.040000    0.180366   -0.140366 (VIOLATED)
mem_i1/addr0[5]                         0.040000    0.179995   -0.139995 (VIOLATED)
mem_i1/addr0[6]                         0.040000    0.179392   -0.139392 (VIOLATED)
mem_i1/addr0[7]                         0.040000    0.178798   -0.138798 (VIOLATED)
mem_i1/addr0[3]                         0.040000    0.177912   -0.137912 (VIOLATED)
mem_i1/addr1[3]                         0.045000    0.181916   -0.136916 (VIOLATED)
mem_i0/addr0[5]                         0.040000    0.176890   -0.136890 (VIOLATED)
mem_i0/addr0[3]                         0.040000    0.169053   -0.129053 (VIOLATED)
mem_i0/addr0[4]                         0.040000    0.168814   -0.128814 (VIOLATED)
mem_i0/addr0[2]                         0.040000    0.167810   -0.127810 (VIOLATED)
mem_i0/addr0[0]                         0.040000    0.164639   -0.124639 (VIOLATED)
mem_i1/addr1[7]                         0.045000    0.105316   -0.060316 (VIOLATED)
mem_i1/addr1[6]                         0.045000    0.104812   -0.059812 (VIOLATED)
mem_i0/addr1[1]                         0.045000    0.096331   -0.051331 (VIOLATED)

max fanout

Pin                                   Limit Fanout  Slack
---------------------------------------------------------
fanout83/X                               10     21    -11 (VIOLATED)
clkbuf_2_0__f_clk/X                      10     19     -9 (VIOLATED)
clkbuf_2_1__f_clk/X                      10     19     -9 (VIOLATED)
fanout112/X                              10     19     -9 (VIOLATED)
fanout113/X                              10     17     -7 (VIOLATED)
fanout84/X                               10     17     -7 (VIOLATED)
clkbuf_2_3__f_clk/X                      10     15     -5 (VIOLATED)
clkbuf_2_2__f_clk/X                      10     13     -3 (VIOLATED)

max capacitance

Pin                                        Limit         Cap       Slack
------------------------------------------------------------------------
mem_i1/dout1[0]                         0.027560    0.051339   -0.023779 (VIOLATED)



===========================================================================
report_parasitic_annotation -report_unannotated
============================================================================
Found 4 unannotated drivers.
 clkload0/X
 clkload1/Y
 mem_i0_114/HI
 mem_i1_115/HI
Found 0 partially unannotated drivers.

===========================================================================
max slew violation count 32
Writing metric design__max_slew_violation__count__corner:nom_tt_025C_1v80: 32
max fanout violation count 8
Writing metric design__max_fanout_violation__count__corner:nom_tt_025C_1v80: 8
max cap violation count 1
Writing metric design__max_cap_violation__count__corner:nom_tt_025C_1v80: 1
============================================================================

===========================================================================
check_setup -verbose -unconstrained_endpoints -multiple_clock -no_clock -no_input_delay -loops -generated_clocks
===========================================================================
Warning: There are 50 input ports missing set_input_delay.
  addr00[0]
  addr00[1]
  addr00[2]
  addr00[3]
  addr00[4]
  addr00[5]
  addr00[6]
  addr00[7]
  addr01[0]
  addr01[1]
  addr01[2]
  addr01[3]
  addr01[4]
  addr01[5]
  addr01[6]
  addr01[7]
  csb00
  csb01
  din00[0]
  din00[10]
  din00[11]
  din00[12]
  din00[13]
  din00[14]
  din00[15]
  din00[1]
  din00[2]
  din00[3]
  din00[4]
  din00[5]
  din00[6]
  din00[7]
  din00[8]
  din00[9]
  din01[0]
  din01[10]
  din01[11]
  din01[12]
  din01[13]
  din01[14]
  din01[15]
  din01[1]
  din01[2]
  din01[3]
  din01[4]
  din01[5]
  din01[6]
  din01[7]
  din01[8]
  din01[9]
Warning: There are 52 unconstrained endpoints.
  mem_i0/addr0[0]
  mem_i0/addr0[1]
  mem_i0/addr0[2]
  mem_i0/addr0[3]
  mem_i0/addr0[4]
  mem_i0/addr0[5]
  mem_i0/addr0[6]
  mem_i0/addr0[7]
  mem_i0/csb0
  mem_i0/csb1
  mem_i0/din0[0]
  mem_i0/din0[10]
  mem_i0/din0[11]
  mem_i0/din0[12]
  mem_i0/din0[13]
  mem_i0/din0[14]
  mem_i0/din0[15]
  mem_i0/din0[1]
  mem_i0/din0[2]
  mem_i0/din0[3]
  mem_i0/din0[4]
  mem_i0/din0[5]
  mem_i0/din0[6]
  mem_i0/din0[7]
  mem_i0/din0[8]
  mem_i0/din0[9]
  mem_i1/addr0[0]
  mem_i1/addr0[1]
  mem_i1/addr0[2]
  mem_i1/addr0[3]
  mem_i1/addr0[4]
  mem_i1/addr0[5]
  mem_i1/addr0[6]
  mem_i1/addr0[7]
  mem_i1/csb0
  mem_i1/csb1
  mem_i1/din0[0]
  mem_i1/din0[10]
  mem_i1/din0[11]
  mem_i1/din0[12]
  mem_i1/din0[13]
  mem_i1/din0[14]
  mem_i1/din0[15]
  mem_i1/din0[1]
  mem_i1/din0[2]
  mem_i1/din0[3]
  mem_i1/din0[4]
  mem_i1/din0[5]
  mem_i1/din0[6]
  mem_i1/din0[7]
  mem_i1/din0[8]
  mem_i1/din0[9]
