Clock: clk
Sources: clk 
Generated: no
Virtual: yes
Propagated: no
Period: 5.000000

===========================================================================
report_clock_properties
============================================================================
Clock                   Period          Waveform
----------------------------------------------------
clk                   5.000000    0.000000  2.500000

===========================================================================
report_clock_latency
============================================================================
Clock clk
rise -> rise
    min     max
0.000000 0.000000 source latency
1.126787         network latency _094_/CLK
        1.142625 network latency _100_/CLK
---------------
1.126787 1.142625 latency
        0.015838 skew

fall -> fall
    min     max
0.000000 0.000000 source latency
0.949974         network latency _094_/CLK
        0.959470 network latency _100_/CLK
---------------
0.949974 0.959470 latency
        0.009496 skew



===========================================================================
report_clock_min_period
============================================================================
clk period_min = 4.00 fmax = 250.08
