Reading OpenROAD database at '/home/lroot/NCOver2/runs/RUN_2025-02-26_06-21-21/102-openroad-generatepdn/counter.odb'…
Reading library file at '/home/lroot/.volare/volare/sky130/versions/0fe599b2afb6708d281543108caf8310912f54af/sky130A/libs.ref/sky130_fd_sc_hd/lib/sky130_fd_sc_hd__tt_025C_1v80.lib'…
Reading library file at '/home/lroot/NCOver2/ram_256x16/ram_256x16_TT_1p8V_25C.lib'…
Reading macro library file at '/home/lroot/NCOver2/ram_256x16/ram_256x16_TT_1p8V_25C.lib'…
[WARNING STA-1140] /home/lroot/NCOver2/ram_256x16/ram_256x16_TT_1p8V_25C.lib line 1, library ram_256x16_TT_1p8V_25C_lib already exists.
Reading design constraints file at '/home/lroot/NCOver2/counter.sdc'…
+ global_placement -density 0.75586 -skip_io -pad_right 0 -pad_left 0 -init_wirelength_coef 0.25
[INFO GPL-0002] DBU: 1000
[INFO GPL-0003] SiteSize: (  0.460  2.720 ) um
[INFO GPL-0004] CoreBBox: (  5.520 10.880 ) ( 554.300 359.040 ) um
[INFO GPL-0006] NumInstances:              1481
[INFO GPL-0007] NumPlaceInstances:           64
[INFO GPL-0008] NumFixedInstances:         1210
[INFO GPL-0009] NumDummyInstances:          207
[INFO GPL-0010] NumNets:                    107
[INFO GPL-0011] NumPins:                    249
[INFO GPL-0012] DieBBox:  (  0.000  0.000 ) ( 560.000 370.000 ) um
[INFO GPL-0013] CoreBBox: (  5.520 10.880 ) ( 554.300 359.040 ) um
[INFO GPL-0016] CoreArea:            191063.245 um^2
[INFO GPL-0017] NonPlaceInstsArea:   142591.757 um^2
[INFO GPL-0018] PlaceInstsArea:         870.835 um^2
[INFO GPL-0019] Util:                     1.797 %
[INFO GPL-0020] StdInstsArea:           870.835 um^2
[INFO GPL-0021] MacroInstsArea:           0.000 um^2
[INFO GPL-0031] FillerInit:NumGCells:      2766
[INFO GPL-0032] FillerInit:NumGNets:        107
[INFO GPL-0033] FillerInit:NumGPins:        249
[INFO GPL-0023] TargetDensity:            0.756
[INFO GPL-0024] AvrgPlaceInstArea:       13.607 um^2
[INFO GPL-0025] IdealBinArea:            18.002 um^2
[INFO GPL-0026] IdealBinCnt:              10613
[INFO GPL-0027] TotalBinArea:        191063.245 um^2
[INFO GPL-0028] BinCnt:        64     64
[INFO GPL-0029] BinSize: (  8.575  5.440 )
[INFO GPL-0030] NumBins: 4096
[NesterovSolve] Iter:    1 overflow: 0.997 HPWL: 6332865
[NesterovSolve] Iter:   10 overflow: 1.000 HPWL: 3230878
[NesterovSolve] Iter:   20 overflow: 1.000 HPWL: 3178493
[NesterovSolve] Iter:   30 overflow: 1.000 HPWL: 3225575
[NesterovSolve] Iter:   40 overflow: 1.000 HPWL: 3201712
[NesterovSolve] Iter:   50 overflow: 1.000 HPWL: 3210587
[NesterovSolve] Iter:   60 overflow: 1.000 HPWL: 3207659
[NesterovSolve] Iter:   70 overflow: 1.000 HPWL: 3206439
[NesterovSolve] Iter:   80 overflow: 1.000 HPWL: 3206440
[NesterovSolve] Iter:   90 overflow: 1.000 HPWL: 3203763
[NesterovSolve] Iter:  100 overflow: 1.000 HPWL: 3204734
[NesterovSolve] Iter:  110 overflow: 1.000 HPWL: 3204968
[NesterovSolve] Iter:  120 overflow: 1.000 HPWL: 3209419
[NesterovSolve] Iter:  130 overflow: 1.000 HPWL: 3243070
[NesterovSolve] Iter:  140 overflow: 1.000 HPWL: 3297180
[NesterovSolve] Iter:  150 overflow: 1.000 HPWL: 3365537
[NesterovSolve] Iter:  160 overflow: 1.000 HPWL: 3427355
[NesterovSolve] Iter:  170 overflow: 1.000 HPWL: 3463421
[NesterovSolve] Iter:  180 overflow: 1.000 HPWL: 3449875
[NesterovSolve] Iter:  190 overflow: 1.000 HPWL: 3422104
[NesterovSolve] Iter:  200 overflow: 1.000 HPWL: 3410593
[NesterovSolve] Iter:  210 overflow: 1.000 HPWL: 3328631
[NesterovSolve] Iter:  220 overflow: 1.000 HPWL: 3247817
[NesterovSolve] Iter:  230 overflow: 1.000 HPWL: 3191829
[NesterovSolve] Iter:  240 overflow: 1.000 HPWL: 3135444
[NesterovSolve] Iter:  250 overflow: 1.000 HPWL: 3073490
[NesterovSolve] Iter:  260 overflow: 1.000 HPWL: 3012593
[NesterovSolve] Iter:  270 overflow: 1.000 HPWL: 2988234
[NesterovSolve] Iter:  280 overflow: 0.781 HPWL: 3181984
[NesterovSolve] Iter:  290 overflow: 0.536 HPWL: 3394445
[NesterovSolve] Iter:  300 overflow: 0.337 HPWL: 3540465
[NesterovSolve] Iter:  310 overflow: 0.242 HPWL: 3578551
[NesterovSolve] Iter:  320 overflow: 0.136 HPWL: 3585691
[NesterovSolve] Iter:  330 overflow: 0.100 HPWL: 3586606
[NesterovSolve] Finished with Overflow: 0.099696
[INFO] Setting RC values…
Setting global connections for newly added cells…
[INFO] Setting global connections...
mem_i matched with mem_i
Updating metrics…
Cell type report:                       Count       Area
  Macro                                     1  123515.34
  Fill cell                               470    1764.19
  Tap cell                                739     924.64
  Inverter                                 25      93.84
  Sequential cell                          24     630.60
  Multi-Input combinational cell           15     146.39
  Total                                  1274  127075.01
Writing OpenROAD database to '/home/lroot/NCOver2/runs/RUN_2025-02-26_06-21-21/105-openroad-globalplacementskipio/counter.odb'…
Writing netlist to '/home/lroot/NCOver2/runs/RUN_2025-02-26_06-21-21/105-openroad-globalplacementskipio/counter.nl.v'…
Writing powered netlist to '/home/lroot/NCOver2/runs/RUN_2025-02-26_06-21-21/105-openroad-globalplacementskipio/counter.pnl.v'…
Writing layout to '/home/lroot/NCOver2/runs/RUN_2025-02-26_06-21-21/105-openroad-globalplacementskipio/counter.def'…
Writing timing constraints to '/home/lroot/NCOver2/runs/RUN_2025-02-26_06-21-21/105-openroad-globalplacementskipio/counter.sdc'…
