
===========================================================================
report_checks -unconstrained
===========================================================================
======================= min_tt_025C_1v80 Corner ===================================

Startpoint: rst (input port clocked by clk)
Endpoint: _130_ (recovery check against rising-edge clock clk)
Path Group: asynchronous
Path Type: max

Fanout         Cap        Slew       Delay        Time   Description
---------------------------------------------------------------------------------------------
                                  0.000000    0.000000   clock clk (rise edge)
                                  0.000000    0.000000   clock network delay (propagated)
                                  2.500000    2.500000 v input external delay
     2    0.003611    0.010513    0.005779    2.505780 v rst (in)
                                                         rst (net)
                      0.010513    0.000000    2.505780 v input51/A (sky130_fd_sc_hd__buf_1)
     1    0.009051    0.059220    0.101587    2.607367 v input51/X (sky130_fd_sc_hd__buf_1)
                                                         net51 (net)
                      0.059221    0.000297    2.607663 v fanout114/A (sky130_fd_sc_hd__buf_6)
    21    0.124781    0.112796    0.182533    2.790196 v fanout114/X (sky130_fd_sc_hd__buf_6)
                                                         net114 (net)
                      0.112799    0.000445    2.790641 v fanout113/A (sky130_fd_sc_hd__buf_4)
    15    0.075564    0.102265    0.235048    3.025690 v fanout113/X (sky130_fd_sc_hd__buf_4)
                                                         net113 (net)
                      0.103291    0.008206    3.033895 v fanout112/A (sky130_fd_sc_hd__buf_4)
    10    0.047975    0.074746    0.209100    3.242996 v fanout112/X (sky130_fd_sc_hd__buf_4)
                                                         net112 (net)
                      0.074748    0.000503    3.243499 v _105_/A (sky130_fd_sc_hd__inv_2)
     1    0.012871    0.065747    0.085483    3.328982 ^ _105_/Y (sky130_fd_sc_hd__inv_2)
                                                         _035_ (net)
                      0.065779    0.000598    3.329579 ^ _130_/RESET_B (sky130_fd_sc_hd__dfrtp_1)
                                              3.329579   data arrival time

                                  5.000000    5.000000   clock clk (rise edge)
                                  0.000000    5.000000   clock source latency
     2    0.090541    0.411854    0.290284    5.290284 ^ clk (in)
                                                         clk (net)
                      0.413562    0.000000    5.290284 ^ clkbuf_0_clk/A (sky130_fd_sc_hd__clkbuf_16)
     9    0.117995    0.133954    0.300124    5.590409 ^ clkbuf_0_clk/X (sky130_fd_sc_hd__clkbuf_16)
                                                         clknet_0_clk (net)
                      0.134044    0.003213    5.593622 ^ clkbuf_2_3__f_clk/A (sky130_fd_sc_hd__clkbuf_16)
    15    0.088046    0.105024    0.206984    5.800606 ^ clkbuf_2_3__f_clk/X (sky130_fd_sc_hd__clkbuf_16)
                                                         clknet_2_3__leaf_clk (net)
                      0.105171    0.003216    5.803822 ^ _130_/CLK (sky130_fd_sc_hd__dfrtp_1)
                                 -0.250000    5.553822   clock uncertainty
                                  0.000000    5.553822   clock reconvergence pessimism
                                  0.243451    5.797272   library recovery time
                                              5.797272   data required time
---------------------------------------------------------------------------------------------
                                              5.797272   data required time
                                             -3.329579   data arrival time
---------------------------------------------------------------------------------------------
                                              2.467693   slack (MET)


Startpoint: _139_ (rising edge-triggered flip-flop clocked by clk)
Endpoint: sine_out[2] (output port clocked by clk)
Path Group: clk
Path Type: max

Fanout         Cap        Slew       Delay        Time   Description
---------------------------------------------------------------------------------------------
                                  0.000000    0.000000   clock clk (rise edge)
                                  0.000000    0.000000   clock source latency
     2    0.090541    0.411854    0.290284    0.290284 ^ clk (in)
                                                         clk (net)
                      0.413562    0.000000    0.290284 ^ clkbuf_0_clk/A (sky130_fd_sc_hd__clkbuf_16)
     9    0.117995    0.133954    0.300124    0.590409 ^ clkbuf_0_clk/X (sky130_fd_sc_hd__clkbuf_16)
                                                         clknet_0_clk (net)
                      0.134120    0.004173    0.594582 ^ clkbuf_2_0__f_clk/A (sky130_fd_sc_hd__clkbuf_16)
    17    0.078648    0.095925    0.201125    0.795707 ^ clkbuf_2_0__f_clk/X (sky130_fd_sc_hd__clkbuf_16)
                                                         clknet_2_0__leaf_clk (net)
                      0.095928    0.000441    0.796148 ^ _139_/CLK (sky130_fd_sc_hd__dfrtp_1)
     3    0.026637    0.140815    0.476167    1.272314 v _139_/Q (sky130_fd_sc_hd__dfrtp_1)
                                                         net60 (net)
                      0.140834    0.001697    1.274011 v output60/A (sky130_fd_sc_hd__buf_1)
     1    0.000551    0.016814    0.113868    1.387879 v output60/X (sky130_fd_sc_hd__buf_1)
                                                         sine_out[2] (net)
                      0.016814    0.000002    1.387881 v sine_out[2] (out)
                                              1.387881   data arrival time

                                  5.000000    5.000000   clock clk (rise edge)
                                  0.000000    5.000000   clock network delay (propagated)
                                 -0.250000    4.750000   clock uncertainty
                                  0.000000    4.750000   clock reconvergence pessimism
                                 -2.500000    2.250000   output external delay
                                              2.250000   data required time
---------------------------------------------------------------------------------------------
                                              2.250000   data required time
                                             -1.387881   data arrival time
---------------------------------------------------------------------------------------------
                                              0.862119   slack (MET)




===========================================================================
report_checks --slack_max -0.01
============================================================================
======================= min_tt_025C_1v80 Corner ===================================

No paths found.


===========================================================================
 report_check_types -max_slew -max_cap -max_fanout -violators
============================================================================
======================= min_tt_025C_1v80 Corner ===================================

max slew

Pin                                        Limit        Slew       Slack
------------------------------------------------------------------------
mem_i1/addr0[1]                         0.040000    0.408133   -0.368133 (VIOLATED)
mem_i0/addr1[7]                         0.045000    0.325830   -0.280830 (VIOLATED)
mem_i1/addr1[1]                         0.045000    0.294119   -0.249119 (VIOLATED)
mem_i0/addr1[5]                         0.045000    0.292995   -0.247995 (VIOLATED)
mem_i1/addr1[0]                         0.045000    0.277698   -0.232698 (VIOLATED)
mem_i0/addr1[6]                         0.045000    0.277142   -0.232142 (VIOLATED)
mem_i1/addr1[6]                         0.045000    0.241651   -0.196651 (VIOLATED)
mem_i1/addr0[0]                         0.040000    0.233894   -0.193894 (VIOLATED)
mem_i0/addr1[2]                         0.045000    0.232501   -0.187501 (VIOLATED)
mem_i1/addr1[5]                         0.045000    0.232122   -0.187122 (VIOLATED)
mem_i0/addr1[3]                         0.045000    0.223958   -0.178958 (VIOLATED)
mem_i0/addr1[1]                         0.045000    0.213772   -0.168772 (VIOLATED)
mem_i0/addr1[0]                         0.045000    0.209215   -0.164215 (VIOLATED)
mem_i1/addr1[2]                         0.045000    0.208992   -0.163992 (VIOLATED)
mem_i0/addr0[3]                         0.040000    0.201332   -0.161332 (VIOLATED)
mem_i0/addr0[2]                         0.040000    0.197216   -0.157216 (VIOLATED)
mem_i0/addr0[6]                         0.040000    0.196642   -0.156642 (VIOLATED)
mem_i1/addr0[4]                         0.040000    0.191931   -0.151931 (VIOLATED)
mem_i1/addr0[3]                         0.040000    0.191443   -0.151443 (VIOLATED)
mem_i1/addr0[2]                         0.040000    0.190915   -0.150915 (VIOLATED)
mem_i1/addr0[7]                         0.040000    0.190840   -0.150840 (VIOLATED)
mem_i0/addr0[4]                         0.040000    0.190351   -0.150351 (VIOLATED)
mem_i1/addr0[6]                         0.040000    0.190315   -0.150315 (VIOLATED)
mem_i1/addr0[5]                         0.040000    0.189746   -0.149746 (VIOLATED)
mem_i0/addr0[5]                         0.040000    0.187539   -0.147539 (VIOLATED)
mem_i0/addr0[7]                         0.040000    0.186632   -0.146632 (VIOLATED)
mem_i0/addr1[4]                         0.045000    0.183721   -0.138721 (VIOLATED)
mem_i0/addr0[1]                         0.040000    0.171228   -0.131228 (VIOLATED)
mem_i0/addr0[0]                         0.040000    0.170231   -0.130231 (VIOLATED)
mem_i1/addr1[7]                         0.045000    0.145571   -0.100571 (VIOLATED)
mem_i1/addr1[4]                         0.045000    0.133265   -0.088265 (VIOLATED)
mem_i1/addr1[3]                         0.045000    0.123720   -0.078720 (VIOLATED)

max fanout

Pin                                   Limit Fanout  Slack
---------------------------------------------------------
clkbuf_2_2__f_clk/X                      10     23    -13 (VIOLATED)
fanout114/X                              10     21    -11 (VIOLATED)
fanout84/X                               10     21    -11 (VIOLATED)
clkbuf_2_0__f_clk/X                      10     17     -7 (VIOLATED)
clkbuf_2_3__f_clk/X                      10     15     -5 (VIOLATED)
fanout113/X                              10     15     -5 (VIOLATED)
_083_/X                                  10     13     -3 (VIOLATED)
clkbuf_2_1__f_clk/X                      10     13     -3 (VIOLATED)



===========================================================================
report_parasitic_annotation -report_unannotated
============================================================================
Found 5 unannotated drivers.
 clkload0/Y
 clkload1/Y
 clkload2/Y
 mem_i0_115/HI
 mem_i1_116/HI
Found 0 partially unannotated drivers.

===========================================================================
max slew violation count 32
max fanout violation count 8
max cap violation count 0
============================================================================

===========================================================================
check_setup -verbose -unconstrained_endpoints -multiple_clock -no_clock -no_input_delay -loops -generated_clocks
===========================================================================
Warning: There are 50 input ports missing set_input_delay.
  addr00[0]
  addr00[1]
  addr00[2]
  addr00[3]
  addr00[4]
  addr00[5]
  addr00[6]
  addr00[7]
  addr01[0]
  addr01[1]
  addr01[2]
  addr01[3]
  addr01[4]
  addr01[5]
  addr01[6]
  addr01[7]
  csb00
  csb01
  din00[0]
  din00[10]
  din00[11]
  din00[12]
  din00[13]
  din00[14]
  din00[15]
  din00[1]
  din00[2]
  din00[3]
  din00[4]
  din00[5]
  din00[6]
  din00[7]
  din00[8]
  din00[9]
  din01[0]
  din01[10]
  din01[11]
  din01[12]
  din01[13]
  din01[14]
  din01[15]
  din01[1]
  din01[2]
  din01[3]
  din01[4]
  din01[5]
  din01[6]
  din01[7]
  din01[8]
  din01[9]
Warning: There are 52 unconstrained endpoints.
  mem_i0/addr0[0]
  mem_i0/addr0[1]
  mem_i0/addr0[2]
  mem_i0/addr0[3]
  mem_i0/addr0[4]
  mem_i0/addr0[5]
  mem_i0/addr0[6]
  mem_i0/addr0[7]
  mem_i0/csb0
  mem_i0/csb1
  mem_i0/din0[0]
  mem_i0/din0[10]
  mem_i0/din0[11]
  mem_i0/din0[12]
  mem_i0/din0[13]
  mem_i0/din0[14]
  mem_i0/din0[15]
  mem_i0/din0[1]
  mem_i0/din0[2]
  mem_i0/din0[3]
  mem_i0/din0[4]
  mem_i0/din0[5]
  mem_i0/din0[6]
  mem_i0/din0[7]
  mem_i0/din0[8]
  mem_i0/din0[9]
  mem_i1/addr0[0]
  mem_i1/addr0[1]
  mem_i1/addr0[2]
  mem_i1/addr0[3]
  mem_i1/addr0[4]
  mem_i1/addr0[5]
  mem_i1/addr0[6]
  mem_i1/addr0[7]
  mem_i1/csb0
  mem_i1/csb1
  mem_i1/din0[0]
  mem_i1/din0[10]
  mem_i1/din0[11]
  mem_i1/din0[12]
  mem_i1/din0[13]
  mem_i1/din0[14]
  mem_i1/din0[15]
  mem_i1/din0[1]
  mem_i1/din0[2]
  mem_i1/din0[3]
  mem_i1/din0[4]
  mem_i1/din0[5]
  mem_i1/din0[6]
  mem_i1/din0[7]
  mem_i1/din0[8]
  mem_i1/din0[9]
