Clock: clk
Sources: clk 
Generated: no
Virtual: yes
Propagated: no
Period: 5.000000

===========================================================================
report_clock_properties
============================================================================
Clock                   Period          Waveform
----------------------------------------------------
clk                   5.000000    0.000000  2.500000

===========================================================================
report_clock_latency
============================================================================
Clock clk
rise -> rise
    min     max
0.000000 0.000000 source latency
0.793045         network latency _134_/CLK
        0.808641 network latency mem_i1/clk1
---------------
0.793045 0.808641 latency
        0.015596 skew

fall -> fall
    min     max
0.000000 0.000000 source latency
0.621023         network latency _134_/CLK
        0.633617 network latency mem_i1/clk1
---------------
0.621023 0.633617 latency
        0.012594 skew



===========================================================================
report_clock_min_period
============================================================================
clk period_min = 2.12 fmax = 471.49
