Clock: clk
Sources: clk 
Generated: no
Virtual: yes
Propagated: no
Period: 5.000000

===========================================================================
report_clock_properties
============================================================================
Clock                   Period          Waveform
----------------------------------------------------
clk                   5.000000    0.000000  2.500000

===========================================================================
report_clock_latency
============================================================================
Clock clk
rise -> rise
    min     max
0.000000 0.000000 source latency
0.689749         network latency _083_/CLK
        0.697823 network latency _090_/CLK
---------------
0.689749 0.697823 latency
        0.008074 skew

fall -> fall
    min     max
0.000000 0.000000 source latency
0.550554         network latency _083_/CLK
        0.562647 network latency _090_/CLK
---------------
0.550554 0.562647 latency
        0.012093 skew



===========================================================================
report_clock_min_period
============================================================================
clk period_min = 2.05 fmax = 487.78
