
===========================================================================
report_checks -unconstrained
===========================================================================
======================= max_tt_025C_1v80 Corner ===================================

Startpoint: rst (input port clocked by clk)
Endpoint: _081_ (recovery check against rising-edge clock clk)
Path Group: asynchronous
Path Type: max

Fanout         Cap        Slew       Delay        Time   Description
---------------------------------------------------------------------------------------------
                                  0.000000    0.000000   clock clk (rise edge)
                                  0.000000    0.000000   clock network delay (propagated)
                                  2.500000    2.500000 v input external delay
     2    0.003570    0.010402    0.005770    2.505770 v rst (in)
                                                         rst (net)
                      0.010409    0.000000    2.505770 v input26/A (sky130_fd_sc_hd__buf_1)
     1    0.008328    0.055277    0.098372    2.604143 v input26/X (sky130_fd_sc_hd__buf_1)
                                                         net26 (net)
                      0.055283    0.000600    2.604742 v fanout56/A (sky130_fd_sc_hd__clkbuf_8)
    21    0.115262    0.127626    0.217165    2.821907 v fanout56/X (sky130_fd_sc_hd__clkbuf_8)
                                                         net56 (net)
                      0.137245    0.027236    2.849144 v fanout54/A (sky130_fd_sc_hd__buf_4)
    10    0.054038    0.078784    0.229592    3.078736 v fanout54/X (sky130_fd_sc_hd__buf_4)
                                                         net54 (net)
                      0.078903    0.002732    3.081468 v _057_/A (sky130_fd_sc_hd__inv_2)
     1    0.007020    0.044064    0.067694    3.149162 ^ _057_/Y (sky130_fd_sc_hd__inv_2)
                                                         _010_ (net)
                      0.044068    0.000455    3.149616 ^ _081_/RESET_B (sky130_fd_sc_hd__dfrtp_1)
                                              3.149616   data arrival time

                                  5.000000    5.000000   clock clk (rise edge)
                                  0.000000    5.000000   clock source latency
     2    0.070966    0.322385    0.235192    5.235192 ^ clk (in)
                                                         clk (net)
                      0.325576    0.000000    5.235192 ^ clkbuf_0_clk/A (sky130_fd_sc_hd__clkbuf_16)
     5    0.076680    0.097747    0.247894    5.483086 ^ clkbuf_0_clk/X (sky130_fd_sc_hd__clkbuf_16)
                                                         clknet_0_clk (net)
                      0.097821    0.002182    5.485268 ^ clkbuf_1_0__f_clk/A (sky130_fd_sc_hd__clkbuf_16)
    31    0.126070    0.139173    0.214552    5.699820 ^ clkbuf_1_0__f_clk/X (sky130_fd_sc_hd__clkbuf_16)
                                                         clknet_1_0__leaf_clk (net)
                      0.139785    0.007489    5.707309 ^ _081_/CLK (sky130_fd_sc_hd__dfrtp_1)
                                 -0.250000    5.457309   clock uncertainty
                                  0.000000    5.457309   clock reconvergence pessimism
                                  0.259629    5.716938   library recovery time
                                              5.716938   data required time
---------------------------------------------------------------------------------------------
                                              5.716938   data required time
                                             -3.149616   data arrival time
---------------------------------------------------------------------------------------------
                                              2.567321   slack (MET)


Startpoint: _090_ (rising edge-triggered flip-flop clocked by clk)
Endpoint: sine_out[14] (output port clocked by clk)
Path Group: clk
Path Type: max

Fanout         Cap        Slew       Delay        Time   Description
---------------------------------------------------------------------------------------------
                                  0.000000    0.000000   clock clk (rise edge)
                                  0.000000    0.000000   clock source latency
     2    0.070966    0.322385    0.235192    0.235192 ^ clk (in)
                                                         clk (net)
                      0.325576    0.000000    0.235192 ^ clkbuf_0_clk/A (sky130_fd_sc_hd__clkbuf_16)
     5    0.076680    0.097747    0.247894    0.483086 ^ clkbuf_0_clk/X (sky130_fd_sc_hd__clkbuf_16)
                                                         clknet_0_clk (net)
                      0.103444    0.018296    0.501382 ^ clkbuf_1_1__f_clk/A (sky130_fd_sc_hd__clkbuf_16)
    25    0.104462    0.121700    0.204945    0.706327 ^ clkbuf_1_1__f_clk/X (sky130_fd_sc_hd__clkbuf_16)
                                                         clknet_1_1__leaf_clk (net)
                      0.124886    0.015597    0.721923 ^ _090_/CLK (sky130_fd_sc_hd__dfrtp_1)
     1    0.005150    0.049748    0.395728    1.117652 v _090_/Q (sky130_fd_sc_hd__dfrtp_1)
                                                         net32 (net)
                      0.049748    0.000377    1.118029 v output32/A (sky130_fd_sc_hd__buf_2)
     1    0.034412    0.090179    0.181665    1.299694 v output32/X (sky130_fd_sc_hd__buf_2)
                                                         sine_out[14] (net)
                      0.090212    0.001609    1.301303 v sine_out[14] (out)
                                              1.301303   data arrival time

                                  5.000000    5.000000   clock clk (rise edge)
                                  0.000000    5.000000   clock network delay (propagated)
                                 -0.250000    4.750000   clock uncertainty
                                  0.000000    4.750000   clock reconvergence pessimism
                                 -2.500000    2.250000   output external delay
                                              2.250000   data required time
---------------------------------------------------------------------------------------------
                                              2.250000   data required time
                                             -1.301303   data arrival time
---------------------------------------------------------------------------------------------
                                              0.948697   slack (MET)




===========================================================================
report_checks --slack_max -0.01
============================================================================
======================= max_tt_025C_1v80 Corner ===================================

No paths found.


===========================================================================
 report_check_types -max_slew -max_cap -max_fanout -violators
============================================================================
======================= max_tt_025C_1v80 Corner ===================================

max slew

Pin                                        Limit        Slew       Slack
------------------------------------------------------------------------
mem_i/addr1[5]                          0.045000    0.251748   -0.206748 (VIOLATED)
mem_i/addr1[1]                          0.045000    0.243001   -0.198001 (VIOLATED)
mem_i/addr0[3]                          0.040000    0.214082   -0.174082 (VIOLATED)
mem_i/addr1[6]                          0.045000    0.215799   -0.170799 (VIOLATED)
mem_i/addr1[4]                          0.045000    0.204755   -0.159755 (VIOLATED)
mem_i/addr1[0]                          0.045000    0.203728   -0.158728 (VIOLATED)
mem_i/addr0[4]                          0.040000    0.198062   -0.158062 (VIOLATED)
mem_i/addr0[5]                          0.040000    0.196678   -0.156678 (VIOLATED)
mem_i/addr0[2]                          0.040000    0.195499   -0.155499 (VIOLATED)
mem_i/addr0[7]                          0.040000    0.195405   -0.155405 (VIOLATED)
mem_i/addr0[6]                          0.040000    0.194976   -0.154976 (VIOLATED)
mem_i/addr1[7]                          0.045000    0.197330   -0.152330 (VIOLATED)
mem_i/addr0[1]                          0.040000    0.179809   -0.139809 (VIOLATED)
mem_i/addr0[0]                          0.040000    0.178707   -0.138707 (VIOLATED)
mem_i/addr1[3]                          0.045000    0.172584   -0.127584 (VIOLATED)
mem_i/addr1[2]                          0.045000    0.162641   -0.117641 (VIOLATED)

max fanout

Pin                                   Limit Fanout  Slack
---------------------------------------------------------
clkbuf_1_0__f_clk/X                      10     31    -21 (VIOLATED)
clkbuf_1_1__f_clk/X                      10     25    -15 (VIOLATED)
fanout56/X                               10     21    -11 (VIOLATED)
_043_/X                                  10     15     -5 (VIOLATED)



===========================================================================
report_parasitic_annotation -report_unannotated
============================================================================
Found 2 unannotated drivers.
 clkload0/Y
 mem_i_57/HI
Found 0 partially unannotated drivers.

===========================================================================
max slew violation count 16
max fanout violation count 4
max cap violation count 0
============================================================================

===========================================================================
check_setup -verbose -unconstrained_endpoints -multiple_clock -no_clock -no_input_delay -loops -generated_clocks
===========================================================================
Warning: There is 1 unconstrained endpoint.
  mem_i/csb1
