Clock: clk
Sources: clk 
Generated: no
Virtual: yes
Propagated: no
Period: 5.000000

===========================================================================
report_clock_properties
============================================================================
Clock                   Period          Waveform
----------------------------------------------------
clk                   5.000000    0.000000  2.500000

===========================================================================
report_clock_latency
============================================================================
Clock clk
rise -> rise
    min     max
0.000000 0.000000 source latency
0.703296         network latency _083_/CLK
        0.721923 network latency _090_/CLK
---------------
0.703296 0.721923 latency
        0.018628 skew

fall -> fall
    min     max
0.000000 0.000000 source latency
0.559776         network latency _083_/CLK
        0.582399 network latency _090_/CLK
---------------
0.559776 0.582399 latency
        0.022623 skew



===========================================================================
report_clock_min_period
============================================================================
clk period_min = 2.06 fmax = 486.24
