
===========================================================================
report_checks -unconstrained
===========================================================================
======================= min_tt_025C_1v80 Corner ===================================

Startpoint: rst (input port clocked by clk)
Endpoint: _134_ (recovery check against rising-edge clock clk)
Path Group: asynchronous
Path Type: max

Fanout         Cap        Slew       Delay        Time   Description
---------------------------------------------------------------------------------------------
                                  0.000000    0.000000   clock clk (rise edge)
                                  0.000000    0.000000   clock network delay (propagated)
                                  2.500000    2.500000 v input external delay
     2    0.003624    0.010543    0.005801    2.505801 v rst (in)
                                                         rst (net)
                      0.010543    0.000000    2.505801 v input51/A (sky130_fd_sc_hd__buf_1)
     3    0.017828    0.107981    0.138338    2.644140 v input51/X (sky130_fd_sc_hd__buf_1)
                                                         net51 (net)
                      0.107986    0.000873    2.645013 v fanout110/A (sky130_fd_sc_hd__buf_4)
    17    0.079689    0.107703    0.233673    2.878686 v fanout110/X (sky130_fd_sc_hd__buf_4)
                                                         net110 (net)
                      0.107704    0.000148    2.878834 v fanout109/A (sky130_fd_sc_hd__buf_4)
    19    0.060957    0.086023    0.222720    3.101555 v fanout109/X (sky130_fd_sc_hd__buf_4)
                                                         net109 (net)
                      0.086023    0.000273    3.101828 v fanout108/A (sky130_fd_sc_hd__buf_4)
    10    0.054554    0.078892    0.208533    3.310361 v fanout108/X (sky130_fd_sc_hd__buf_4)
                                                         net108 (net)
                      0.078896    0.000692    3.311054 v _109_/A (sky130_fd_sc_hd__inv_2)
     1    0.005517    0.038582    0.062769    3.373823 ^ _109_/Y (sky130_fd_sc_hd__inv_2)
                                                         _039_ (net)
                      0.038582    0.000079    3.373902 ^ _134_/RESET_B (sky130_fd_sc_hd__dfrtp_1)
                                              3.373902   data arrival time

                                  5.000000    5.000000   clock clk (rise edge)
                                  0.000000    5.000000   clock source latency
     2    0.071099    0.324407    0.233017    5.233017 ^ clk (in)
                                                         clk (net)
                      0.326271    0.000000    5.233017 ^ clkbuf_0_clk/A (sky130_fd_sc_hd__clkbuf_16)
     9    0.117918    0.133264    0.281773    5.514791 ^ clkbuf_0_clk/X (sky130_fd_sc_hd__clkbuf_16)
                                                         clknet_0_clk (net)
                      0.133859    0.007084    5.521874 ^ clkbuf_2_1__f_clk/A (sky130_fd_sc_hd__clkbuf_16)
    19    0.057530    0.075874    0.186095    5.707969 ^ clkbuf_2_1__f_clk/X (sky130_fd_sc_hd__clkbuf_16)
                                                         clknet_2_1__leaf_clk (net)
                      0.075911    0.001664    5.709632 ^ _134_/CLK (sky130_fd_sc_hd__dfrtp_1)
                                 -0.250000    5.459632   clock uncertainty
                                  0.000000    5.459632   clock reconvergence pessimism
                                  0.241463    5.701095   library recovery time
                                              5.701095   data required time
---------------------------------------------------------------------------------------------
                                              5.701095   data required time
                                             -3.373902   data arrival time
---------------------------------------------------------------------------------------------
                                              2.327193   slack (MET)


Startpoint: _142_ (rising edge-triggered flip-flop clocked by clk)
Endpoint: sine_out[5] (output port clocked by clk)
Path Group: clk
Path Type: max

Fanout         Cap        Slew       Delay        Time   Description
---------------------------------------------------------------------------------------------
                                  0.000000    0.000000   clock clk (rise edge)
                                  0.000000    0.000000   clock source latency
     2    0.071099    0.324407    0.233017    0.233017 ^ clk (in)
                                                         clk (net)
                      0.326271    0.000000    0.233017 ^ clkbuf_0_clk/A (sky130_fd_sc_hd__clkbuf_16)
     9    0.117918    0.133264    0.281773    0.514790 ^ clkbuf_0_clk/X (sky130_fd_sc_hd__clkbuf_16)
                                                         clknet_0_clk (net)
                      0.133393    0.003380    0.518170 ^ clkbuf_2_3__f_clk/A (sky130_fd_sc_hd__clkbuf_16)
    15    0.079771    0.096669    0.202223    0.720394 ^ clkbuf_2_3__f_clk/X (sky130_fd_sc_hd__clkbuf_16)
                                                         clknet_2_3__leaf_clk (net)
                      0.096751    0.002274    0.722668 ^ _142_/CLK (sky130_fd_sc_hd__dfrtp_1)
     3    0.024223    0.132365    0.467704    1.190372 v _142_/Q (sky130_fd_sc_hd__dfrtp_1)
                                                         net63 (net)
                      0.132382    0.001502    1.191874 v output63/A (sky130_fd_sc_hd__buf_1)
     1    0.000526    0.016422    0.111046    1.302920 v output63/X (sky130_fd_sc_hd__buf_1)
                                                         sine_out[5] (net)
                      0.016422    0.000002    1.302922 v sine_out[5] (out)
                                              1.302922   data arrival time

                                  5.000000    5.000000   clock clk (rise edge)
                                  0.000000    5.000000   clock network delay (propagated)
                                 -0.250000    4.750000   clock uncertainty
                                  0.000000    4.750000   clock reconvergence pessimism
                                 -2.500000    2.250000   output external delay
                                              2.250000   data required time
---------------------------------------------------------------------------------------------
                                              2.250000   data required time
                                             -1.302922   data arrival time
---------------------------------------------------------------------------------------------
                                              0.947078   slack (MET)




===========================================================================
report_checks --slack_max -0.01
============================================================================
======================= min_tt_025C_1v80 Corner ===================================

No paths found.


===========================================================================
 report_check_types -max_slew -max_cap -max_fanout -violators
============================================================================
======================= min_tt_025C_1v80 Corner ===================================

max slew

Pin                                        Limit        Slew       Slack
------------------------------------------------------------------------
mem_i1/addr1[1]                         0.045000    0.524613   -0.479613 (VIOLATED)
mem_i1/addr1[0]                         0.045000    0.472738   -0.427738 (VIOLATED)
mem_i1/addr0[1]                         0.040000    0.460172   -0.420172 (VIOLATED)
mem_i0/addr1[7]                         0.045000    0.457463   -0.412463 (VIOLATED)
mem_i0/addr1[6]                         0.045000    0.430986   -0.385986 (VIOLATED)
mem_i0/addr1[5]                         0.045000    0.409425   -0.364425 (VIOLATED)
mem_i0/addr1[2]                         0.045000    0.336999   -0.291999 (VIOLATED)
mem_i0/addr0[1]                         0.040000    0.299251   -0.259251 (VIOLATED)
mem_i0/addr1[4]                         0.045000    0.280047   -0.235047 (VIOLATED)
mem_i1/addr1[5]                         0.045000    0.257749   -0.212749 (VIOLATED)
mem_i1/addr1[4]                         0.045000    0.252965   -0.207965 (VIOLATED)
mem_i0/addr1[3]                         0.045000    0.248685   -0.203685 (VIOLATED)
mem_i1/addr0[0]                         0.040000    0.234322   -0.194322 (VIOLATED)
mem_i1/addr1[2]                         0.045000    0.230218   -0.185218 (VIOLATED)
mem_i1/addr1[3]                         0.045000    0.229005   -0.184005 (VIOLATED)
mem_i0/addr0[2]                         0.040000    0.222511   -0.182511 (VIOLATED)
mem_i0/addr1[0]                         0.045000    0.223313   -0.178313 (VIOLATED)
mem_i0/addr0[6]                         0.040000    0.215269   -0.175269 (VIOLATED)
mem_i0/addr0[4]                         0.040000    0.214895   -0.174895 (VIOLATED)
mem_i0/addr0[5]                         0.040000    0.213467   -0.173467 (VIOLATED)
mem_i0/addr0[3]                         0.040000    0.212304   -0.172304 (VIOLATED)
mem_i0/addr0[7]                         0.040000    0.192870   -0.152870 (VIOLATED)
mem_i1/addr0[4]                         0.040000    0.190392   -0.150392 (VIOLATED)
mem_i1/addr0[3]                         0.040000    0.190313   -0.150313 (VIOLATED)
mem_i1/addr0[7]                         0.040000    0.189122   -0.149122 (VIOLATED)
mem_i1/addr0[2]                         0.040000    0.189115   -0.149115 (VIOLATED)
mem_i1/addr0[5]                         0.040000    0.188855   -0.148855 (VIOLATED)
mem_i1/addr0[6]                         0.040000    0.188511   -0.148511 (VIOLATED)
mem_i0/addr0[0]                         0.040000    0.188251   -0.148251 (VIOLATED)
mem_i1/addr1[6]                         0.045000    0.126798   -0.081798 (VIOLATED)
mem_i1/addr1[7]                         0.045000    0.118104   -0.073104 (VIOLATED)
mem_i0/addr1[1]                         0.045000    0.103589   -0.058589 (VIOLATED)

max fanout

Pin                                   Limit Fanout  Slack
---------------------------------------------------------
fanout83/X                               10     21    -11 (VIOLATED)
clkbuf_2_0__f_clk/X                      10     19     -9 (VIOLATED)
clkbuf_2_1__f_clk/X                      10     19     -9 (VIOLATED)
fanout109/X                              10     19     -9 (VIOLATED)
fanout110/X                              10     17     -7 (VIOLATED)
fanout84/X                               10     17     -7 (VIOLATED)
clkbuf_2_3__f_clk/X                      10     15     -5 (VIOLATED)
clkbuf_2_2__f_clk/X                      10     13     -3 (VIOLATED)

max capacitance

Pin                                        Limit         Cap       Slack
------------------------------------------------------------------------
mem_i1/dout1[0]                         0.027560    0.071754   -0.044194 (VIOLATED)



===========================================================================
report_parasitic_annotation -report_unannotated
============================================================================
Found 4 unannotated drivers.
 clkload0/Y
 clkload1/Y
 mem_i0_111/HI
 mem_i1_112/HI
Found 0 partially unannotated drivers.

===========================================================================
max slew violation count 32
max fanout violation count 8
max cap violation count 1
============================================================================

===========================================================================
check_setup -verbose -unconstrained_endpoints -multiple_clock -no_clock -no_input_delay -loops -generated_clocks
===========================================================================
Warning: There are 50 input ports missing set_input_delay.
  addr00[0]
  addr00[1]
  addr00[2]
  addr00[3]
  addr00[4]
  addr00[5]
  addr00[6]
  addr00[7]
  addr01[0]
  addr01[1]
  addr01[2]
  addr01[3]
  addr01[4]
  addr01[5]
  addr01[6]
  addr01[7]
  csb00
  csb01
  din00[0]
  din00[10]
  din00[11]
  din00[12]
  din00[13]
  din00[14]
  din00[15]
  din00[1]
  din00[2]
  din00[3]
  din00[4]
  din00[5]
  din00[6]
  din00[7]
  din00[8]
  din00[9]
  din01[0]
  din01[10]
  din01[11]
  din01[12]
  din01[13]
  din01[14]
  din01[15]
  din01[1]
  din01[2]
  din01[3]
  din01[4]
  din01[5]
  din01[6]
  din01[7]
  din01[8]
  din01[9]
Warning: There are 52 unconstrained endpoints.
  mem_i0/addr0[0]
  mem_i0/addr0[1]
  mem_i0/addr0[2]
  mem_i0/addr0[3]
  mem_i0/addr0[4]
  mem_i0/addr0[5]
  mem_i0/addr0[6]
  mem_i0/addr0[7]
  mem_i0/csb0
  mem_i0/csb1
  mem_i0/din0[0]
  mem_i0/din0[10]
  mem_i0/din0[11]
  mem_i0/din0[12]
  mem_i0/din0[13]
  mem_i0/din0[14]
  mem_i0/din0[15]
  mem_i0/din0[1]
  mem_i0/din0[2]
  mem_i0/din0[3]
  mem_i0/din0[4]
  mem_i0/din0[5]
  mem_i0/din0[6]
  mem_i0/din0[7]
  mem_i0/din0[8]
  mem_i0/din0[9]
  mem_i1/addr0[0]
  mem_i1/addr0[1]
  mem_i1/addr0[2]
  mem_i1/addr0[3]
  mem_i1/addr0[4]
  mem_i1/addr0[5]
  mem_i1/addr0[6]
  mem_i1/addr0[7]
  mem_i1/csb0
  mem_i1/csb1
  mem_i1/din0[0]
  mem_i1/din0[10]
  mem_i1/din0[11]
  mem_i1/din0[12]
  mem_i1/din0[13]
  mem_i1/din0[14]
  mem_i1/din0[15]
  mem_i1/din0[1]
  mem_i1/din0[2]
  mem_i1/din0[3]
  mem_i1/din0[4]
  mem_i1/din0[5]
  mem_i1/din0[6]
  mem_i1/din0[7]
  mem_i1/din0[8]
  mem_i1/din0[9]
