Clock: clk
Sources: clk 
Generated: no
Virtual: yes
Propagated: no
Period: 5.000000

===========================================================================
report_clock_properties
============================================================================
Clock                   Period          Waveform
----------------------------------------------------
clk                   5.000000    0.000000  2.500000

===========================================================================
report_clock_latency
============================================================================
Clock clk
rise -> rise
    min     max
0.000000 0.000000 source latency
0.708147         network latency mem_i0/clk1
        0.739370 network latency mem_i1/clk1
---------------
0.708147 0.739370 latency
        0.031223 skew

fall -> fall
    min     max
0.000000 0.000000 source latency
0.565305         network latency mem_i0/clk1
        0.589731 network latency mem_i1/clk1
---------------
0.565305 0.589731 latency
        0.024426 skew



===========================================================================
report_clock_min_period
============================================================================
clk period_min = 2.01 fmax = 496.83
