95. Printing statistics.

=== counter ===

   Number of wires:                 42
   Number of wire bits:            115
   Number of public wires:           8
   Number of public wire bits:      67
   Number of ports:                  6
   Number of port bits:             43
   Number of memories:               0
   Number of memory bits:            0
   Number of processes:              0
   Number of cells:                 65
     $_ANDNOT_                       3
     $_NAND_                         3
     $_NOT_                         25
     $_OR_                           2
     $_XNOR_                         3
     $_XOR_                          4
     ram_256x16                      1
     sky130_fd_sc_hd__dfrtp_2       24

   Area for cell type $_NOT_ is unknown!
   Area for cell type $_NAND_ is unknown!
   Area for cell type $_OR_ is unknown!
   Area for cell type $_XOR_ is unknown!
   Area for cell type $_XNOR_ is unknown!
   Area for cell type $_ANDNOT_ is unknown!
   Area for cell type \ram_256x16 is unknown!

   Chip area for module '\counter': 630.604800
     of which used for sequential elements: 630.604800 (100.00%)

