Reading OpenROAD database at '/home/lroot/NCO2ram/runs/RUN_2025-03-04_16-23-40/20-openroad-generatepdn/counter.odb'…
Reading library file at '/home/lroot/.volare/volare/sky130/versions/0fe599b2afb6708d281543108caf8310912f54af/sky130A/libs.ref/sky130_fd_sc_hd/lib/sky130_fd_sc_hd__tt_025C_1v80.lib'…
Reading library file at '/home/lroot/NCO2ram/ram_256x16/ram_256x16_TT_1p8V_25C.lib'…
Reading macro library file at '/home/lroot/NCO2ram/ram_256x16/ram_256x16_TT_1p8V_25C.lib'…
[WARNING STA-1140] /home/lroot/NCO2ram/ram_256x16/ram_256x16_TT_1p8V_25C.lib line 1, library ram_256x16_TT_1p8V_25C_lib already exists.
Reading design constraints file at '/home/lroot/NCO2ram/counter.sdc'…
[WARNING STA-0366] port 'addr0[0]' not found.
[WARNING STA-0366] port 'addr0[1]' not found.
[WARNING STA-0366] port 'addr0[2]' not found.
[WARNING STA-0366] port 'addr0[3]' not found.
[WARNING STA-0366] port 'addr0[4]' not found.
[WARNING STA-0366] port 'addr0[5]' not found.
[WARNING STA-0366] port 'addr0[6]' not found.
[WARNING STA-0366] port 'addr0[7]' not found.
[WARNING STA-0366] port 'csb0' not found.
[WARNING STA-0366] port 'din0[0]' not found.
[WARNING STA-0366] port 'din0[10]' not found.
[WARNING STA-0366] port 'din0[11]' not found.
[WARNING STA-0366] port 'din0[12]' not found.
[WARNING STA-0366] port 'din0[13]' not found.
[WARNING STA-0366] port 'din0[14]' not found.
[WARNING STA-0366] port 'din0[15]' not found.
[WARNING STA-0366] port 'din0[1]' not found.
[WARNING STA-0366] port 'din0[2]' not found.
[WARNING STA-0366] port 'din0[3]' not found.
[WARNING STA-0366] port 'din0[4]' not found.
[WARNING STA-0366] port 'din0[5]' not found.
[WARNING STA-0366] port 'din0[6]' not found.
[WARNING STA-0366] port 'din0[7]' not found.
[WARNING STA-0366] port 'din0[8]' not found.
[WARNING STA-0366] port 'din0[9]' not found.
[WARNING STA-0366] port 'csb0' not found.
[WARNING STA-0366] port 'addr0[7]' not found.
[WARNING STA-0366] port 'addr0[6]' not found.
[WARNING STA-0366] port 'addr0[5]' not found.
[WARNING STA-0366] port 'addr0[4]' not found.
[WARNING STA-0366] port 'addr0[3]' not found.
[WARNING STA-0366] port 'addr0[2]' not found.
[WARNING STA-0366] port 'addr0[1]' not found.
[WARNING STA-0366] port 'addr0[0]' not found.
[WARNING STA-0366] port 'din0[15]' not found.
[WARNING STA-0366] port 'din0[14]' not found.
[WARNING STA-0366] port 'din0[13]' not found.
[WARNING STA-0366] port 'din0[12]' not found.
[WARNING STA-0366] port 'din0[11]' not found.
[WARNING STA-0366] port 'din0[10]' not found.
[WARNING STA-0366] port 'din0[9]' not found.
[WARNING STA-0366] port 'din0[8]' not found.
[WARNING STA-0366] port 'din0[7]' not found.
[WARNING STA-0366] port 'din0[6]' not found.
[WARNING STA-0366] port 'din0[5]' not found.
[WARNING STA-0366] port 'din0[4]' not found.
[WARNING STA-0366] port 'din0[3]' not found.
[WARNING STA-0366] port 'din0[2]' not found.
[WARNING STA-0366] port 'din0[1]' not found.
[WARNING STA-0366] port 'din0[0]' not found.
+ global_placement -density 0.739212 -skip_io -pad_right 0 -pad_left 0 -init_wirelength_coef 0.25
[INFO GPL-0002] DBU: 1000
[INFO GPL-0003] SiteSize: (  0.460  2.720 ) um
[INFO GPL-0004] CoreBBox: (  5.520 10.880 ) ( 544.180 737.120 ) um
[INFO GPL-0006] NumInstances:              2993
[INFO GPL-0007] NumPlaceInstances:           86
[INFO GPL-0008] NumFixedInstances:         2494
[INFO GPL-0009] NumDummyInstances:          413
[INFO GPL-0010] NumNets:                    170
[INFO GPL-0011] NumPins:                    384
[INFO GPL-0012] DieBBox:  (  0.000  0.000 ) ( 550.000 750.000 ) um
[INFO GPL-0013] CoreBBox: (  5.520 10.880 ) ( 544.180 737.120 ) um
[INFO GPL-0016] CoreArea:            391196.438 um^2
[INFO GPL-0017] NonPlaceInstsArea:   285331.155 um^2
[INFO GPL-0018] PlaceInstsArea:        1112.317 um^2
[INFO GPL-0019] Util:                     1.051 %
[INFO GPL-0020] StdInstsArea:          1112.317 um^2
[INFO GPL-0021] MacroInstsArea:           0.000 um^2
[INFO GPL-0031] FillerInit:NumGCells:      6236
[INFO GPL-0032] FillerInit:NumGNets:        170
[INFO GPL-0033] FillerInit:NumGPins:        384
[INFO GPL-0023] TargetDensity:            0.739
[INFO GPL-0024] AvrgPlaceInstArea:       12.934 um^2
[INFO GPL-0025] IdealBinArea:            17.497 um^2
[INFO GPL-0026] IdealBinCnt:              22358
[INFO GPL-0027] TotalBinArea:        391196.438 um^2
[INFO GPL-0028] BinCnt:       128    128
[INFO GPL-0029] BinSize: (  4.209  5.674 )
[INFO GPL-0030] NumBins: 16384
[NesterovSolve] Iter:    1 overflow: 0.647 HPWL: 13700712
[NesterovSolve] Iter:   10 overflow: 0.868 HPWL: 12134108
[NesterovSolve] Iter:   20 overflow: 0.868 HPWL: 12036818
[NesterovSolve] Iter:   30 overflow: 0.868 HPWL: 12062220
[NesterovSolve] Iter:   40 overflow: 0.867 HPWL: 12049464
[NesterovSolve] Iter:   50 overflow: 0.867 HPWL: 12054528
[NesterovSolve] Iter:   60 overflow: 0.867 HPWL: 12053883
[NesterovSolve] Iter:   70 overflow: 0.867 HPWL: 12052192
[NesterovSolve] Iter:   80 overflow: 0.867 HPWL: 12052745
[NesterovSolve] Iter:   90 overflow: 0.867 HPWL: 12050323
[NesterovSolve] Iter:  100 overflow: 0.866 HPWL: 12051602
[NesterovSolve] Iter:  110 overflow: 0.866 HPWL: 12052168
[NesterovSolve] Iter:  120 overflow: 0.866 HPWL: 12066508
[NesterovSolve] Iter:  130 overflow: 0.866 HPWL: 12101855
[NesterovSolve] Iter:  140 overflow: 0.866 HPWL: 12166734
[NesterovSolve] Iter:  150 overflow: 0.866 HPWL: 12267649
[NesterovSolve] Iter:  160 overflow: 0.865 HPWL: 12394371
[NesterovSolve] Iter:  170 overflow: 0.864 HPWL: 12503893
[NesterovSolve] Iter:  180 overflow: 0.864 HPWL: 12570413
[NesterovSolve] Iter:  190 overflow: 0.863 HPWL: 12637550
[NesterovSolve] Iter:  200 overflow: 0.863 HPWL: 12638975
[NesterovSolve] Iter:  210 overflow: 0.864 HPWL: 12559322
[NesterovSolve] Iter:  220 overflow: 0.862 HPWL: 12422109
[NesterovSolve] Iter:  230 overflow: 0.861 HPWL: 12444366
[NesterovSolve] Iter:  240 overflow: 0.859 HPWL: 12343196
[NesterovSolve] Iter:  250 overflow: 0.853 HPWL: 12221347
[NesterovSolve] Iter:  260 overflow: 0.855 HPWL: 12292259
[NesterovSolve] Iter:  270 overflow: 0.847 HPWL: 12274730
[NesterovSolve] Iter:  280 overflow: 0.841 HPWL: 12337122
[NesterovSolve] Iter:  290 overflow: 0.542 HPWL: 12527865
[NesterovSolve] Iter:  300 overflow: 0.370 HPWL: 12463059
[NesterovSolve] Iter:  310 overflow: 0.329 HPWL: 12429002
[NesterovSolve] Iter:  320 overflow: 0.301 HPWL: 12146240
[NesterovSolve] Iter:  330 overflow: 0.250 HPWL: 11922334
[NesterovSolve] Iter:  340 overflow: 0.221 HPWL: 11737275
[NesterovSolve] Iter:  350 overflow: 0.130 HPWL: 11592970
[NesterovSolve] Finished with Overflow: 0.098824
[INFO] Setting RC values…
Setting global connections for newly added cells…
[INFO] Setting global connections...
mem_i.* matched with mem_i0
mem_i.* matched with mem_i1
Updating metrics…
Cell type report:                       Count       Area
  Macro                                     2  247030.69
  Fill cell                               962    3610.96
  Tap cell                               1530    1914.34
  Inverter                                 26      97.59
  Sequential cell                          25     656.88
  Multi-Input combinational cell           35     357.84
  Total                                  2580  253668.30
Writing OpenROAD database to '/home/lroot/NCO2ram/runs/RUN_2025-03-04_16-23-40/23-openroad-globalplacementskipio/counter.odb'…
Writing netlist to '/home/lroot/NCO2ram/runs/RUN_2025-03-04_16-23-40/23-openroad-globalplacementskipio/counter.nl.v'…
Writing powered netlist to '/home/lroot/NCO2ram/runs/RUN_2025-03-04_16-23-40/23-openroad-globalplacementskipio/counter.pnl.v'…
Writing layout to '/home/lroot/NCO2ram/runs/RUN_2025-03-04_16-23-40/23-openroad-globalplacementskipio/counter.def'…
Writing timing constraints to '/home/lroot/NCO2ram/runs/RUN_2025-03-04_16-23-40/23-openroad-globalplacementskipio/counter.sdc'…
