Reading OpenROAD database at '/home/lroot/NCOver2/runs/RUN_2025-02-26_07-27-21/24-openroad-ioplacement/counter.odb'…
Reading library file at '/home/lroot/.volare/volare/sky130/versions/0fe599b2afb6708d281543108caf8310912f54af/sky130A/libs.ref/sky130_fd_sc_hd/lib/sky130_fd_sc_hd__tt_025C_1v80.lib'…
Reading library file at '/home/lroot/NCOver2/ram_256x16/ram_256x16_TT_1p8V_25C.lib'…
Reading macro library file at '/home/lroot/NCOver2/ram_256x16/ram_256x16_TT_1p8V_25C.lib'…
[WARNING STA-1140] /home/lroot/NCOver2/ram_256x16/ram_256x16_TT_1p8V_25C.lib line 1, library ram_256x16_TT_1p8V_25C_lib already exists.
Reading design constraints file at '/home/lroot/NCOver2/counter.sdc'…
[INFO] Setting RC values…
[INFO] Setting signal min routing layer to: met1 and clock min routing layer to met1. 
[INFO] Setting signal max routing layer to: met5 and clock max routing layer to met5. 
+ global_placement -density 0.75586 -timing_driven -routability_driven -pad_right 0 -pad_left 0 -init_wirelength_coef 0.25
[INFO GPL-0002] DBU: 1000
[INFO GPL-0003] SiteSize: (  0.460  2.720 ) um
[INFO GPL-0004] CoreBBox: (  5.520 10.880 ) ( 554.300 359.040 ) um
[INFO GPL-0006] NumInstances:              1481
[INFO GPL-0007] NumPlaceInstances:           64
[INFO GPL-0008] NumFixedInstances:         1210
[INFO GPL-0009] NumDummyInstances:          207
[INFO GPL-0010] NumNets:                    107
[INFO GPL-0011] NumPins:                    292
[INFO GPL-0012] DieBBox:  (  0.000  0.000 ) ( 560.000 370.000 ) um
[INFO GPL-0013] CoreBBox: (  5.520 10.880 ) ( 554.300 359.040 ) um
[INFO GPL-0016] CoreArea:            191063.245 um^2
[INFO GPL-0017] NonPlaceInstsArea:   142591.757 um^2
[INFO GPL-0018] PlaceInstsArea:         870.835 um^2
[INFO GPL-0019] Util:                     1.797 %
[INFO GPL-0020] StdInstsArea:           870.835 um^2
[INFO GPL-0021] MacroInstsArea:           0.000 um^2
[InitialPlace]  Iter: 1 CG residual: 0.00000009 HPWL: 41165823
[InitialPlace]  Iter: 2 CG residual: 0.00000011 HPWL: 41242773
[InitialPlace]  Iter: 3 CG residual: 0.00000007 HPWL: 40594430
[InitialPlace]  Iter: 4 CG residual: 0.00000009 HPWL: 40645855
[InitialPlace]  Iter: 5 CG residual: 0.00000008 HPWL: 40655913
[INFO GPL-0031] FillerInit:NumGCells:      2766
[INFO GPL-0032] FillerInit:NumGNets:        107
[INFO GPL-0033] FillerInit:NumGPins:        292
[INFO GPL-0023] TargetDensity:            0.756
[INFO GPL-0024] AvrgPlaceInstArea:       13.607 um^2
[INFO GPL-0025] IdealBinArea:            18.002 um^2
[INFO GPL-0026] IdealBinCnt:              10613
[INFO GPL-0027] TotalBinArea:        191063.245 um^2
[INFO GPL-0028] BinCnt:        64     64
[INFO GPL-0029] BinSize: (  8.575  5.440 )
[INFO GPL-0030] NumBins: 4096
[NesterovSolve] Iter:    1 overflow: 0.520 HPWL: 4913434
[NesterovSolve] Snapshot saved at iter = 0
[NesterovSolve] Iter:   10 overflow: 0.484 HPWL: 5346951
[NesterovSolve] Iter:   20 overflow: 0.481 HPWL: 5370489
[NesterovSolve] Iter:   30 overflow: 0.483 HPWL: 5360065
[NesterovSolve] Iter:   40 overflow: 0.482 HPWL: 5366895
[NesterovSolve] Iter:   50 overflow: 0.482 HPWL: 5363404
[NesterovSolve] Iter:   60 overflow: 0.482 HPWL: 5364494
[NesterovSolve] Iter:   70 overflow: 0.482 HPWL: 5364132
[NesterovSolve] Iter:   80 overflow: 0.482 HPWL: 5363255
[NesterovSolve] Iter:   90 overflow: 0.482 HPWL: 5362516
[NesterovSolve] Iter:  100 overflow: 0.482 HPWL: 5361538
[NesterovSolve] Iter:  110 overflow: 0.482 HPWL: 5360263
[NesterovSolve] Iter:  120 overflow: 0.482 HPWL: 5359138
[NesterovSolve] Iter:  130 overflow: 0.482 HPWL: 5358276
[NesterovSolve] Iter:  140 overflow: 0.482 HPWL: 5372092
[NesterovSolve] Iter:  150 overflow: 0.482 HPWL: 5397025
[NesterovSolve] Iter:  160 overflow: 0.481 HPWL: 5440061
[NesterovSolve] Iter:  170 overflow: 0.481 HPWL: 5500124
[NesterovSolve] Iter:  180 overflow: 0.481 HPWL: 5560165
[NesterovSolve] Iter:  190 overflow: 0.482 HPWL: 5596398
[NesterovSolve] Iter:  200 overflow: 0.482 HPWL: 5591091
[NesterovSolve] Iter:  210 overflow: 0.482 HPWL: 5571498
[NesterovSolve] Iter:  220 overflow: 0.483 HPWL: 5565966
[NesterovSolve] Iter:  230 overflow: 0.481 HPWL: 5501146
[NesterovSolve] Iter:  240 overflow: 0.481 HPWL: 5441617
[NesterovSolve] Iter:  250 overflow: 0.482 HPWL: 5388387
[NesterovSolve] Iter:  260 overflow: 0.481 HPWL: 5335351
[NesterovSolve] Iter:  270 overflow: 0.480 HPWL: 5306807
[NesterovSolve] Iter:  280 overflow: 0.480 HPWL: 5287539
[NesterovSolve] Iter:  290 overflow: 0.477 HPWL: 5288236
[NesterovSolve] Iter:  300 overflow: 0.475 HPWL: 5333658
[NesterovSolve] Iter:  310 overflow: 0.361 HPWL: 5419689
[INFO GPL-0075] Routability numCall: 1 inflationIterCnt: 1 bloatIterCnt: 0
[INFO GPL-0036] TileBBox: (    0    0 ) ( 6900 6900 ) DBU
[INFO GPL-0038] TileCnt:      81   53
[INFO GPL-0040] NumTiles: 4293
[INFO GPL-0081] TotalRouteOverflow: 4.829764723777771
[INFO GPL-0082] OverflowTileCnt: 2357
[INFO GPL-0083] 0.5%RC: 1.025081000544808
[INFO GPL-0084] 1.0%RC: 1.0199459541675657
[INFO GPL-0085] 2.0%RC: 1.0151748879011286
[INFO GPL-0086] 5.0%RC: 1.0106600068336309
[INFO GPL-0087] FinalRC: 1.0225135
[INFO GPL-0078] FinalRC lower than minRC (1e+30), min RC updated.
[INFO GPL-0045] InflatedAreaDelta:       20.250 um^2
[INFO GPL-0046] TargetDensity:            0.756
[INFO GPL-0049] WhiteSpaceArea:       48471.488 um^2
[INFO GPL-0050] NesterovInstsArea:      870.835 um^2
[INFO GPL-0051] TotalFillerArea:      35766.820 um^2
[INFO GPL-0052] TotalGCellsArea:      36637.655 um^2
[INFO GPL-0053] ExpectedGCellsArea:   36657.905 um^2
[INFO GPL-0054] NewTargetDensity:         0.756
[INFO GPL-0055] NewWhiteSpaceArea:    48471.488 um^2
[INFO GPL-0056] MovableArea:          36657.906 um^2
[INFO GPL-0057] NewNesterovInstArea:    891.085 um^2
[INFO GPL-0058] NewTotalFillerArea:   35766.820 um^2
[INFO GPL-0059] NewTotalGCellsArea:   36657.906 um^2
[NesterovSolve] Revert back to snapshot coordi
[NesterovSolve] Iter:  320 overflow: 0.516 HPWL: 5374616
[NesterovSolve] Iter:  330 overflow: 0.492 HPWL: 5371920
[NesterovSolve] Iter:  340 overflow: 0.494 HPWL: 5362363
[NesterovSolve] Iter:  350 overflow: 0.494 HPWL: 5362753
[NesterovSolve] Iter:  360 overflow: 0.494 HPWL: 5365806
[NesterovSolve] Iter:  370 overflow: 0.494 HPWL: 5363602
[NesterovSolve] Iter:  380 overflow: 0.494 HPWL: 5365003
[NesterovSolve] Iter:  390 overflow: 0.494 HPWL: 5364088
[NesterovSolve] Iter:  400 overflow: 0.494 HPWL: 5364071
[NesterovSolve] Iter:  410 overflow: 0.494 HPWL: 5363614
[NesterovSolve] Iter:  420 overflow: 0.494 HPWL: 5362743
[NesterovSolve] Iter:  430 overflow: 0.494 HPWL: 5361868
[NesterovSolve] Iter:  440 overflow: 0.494 HPWL: 5361213
[NesterovSolve] Iter:  450 overflow: 0.494 HPWL: 5361135
[NesterovSolve] Iter:  460 overflow: 0.494 HPWL: 5361138
[NesterovSolve] Iter:  470 overflow: 0.494 HPWL: 5361221
[NesterovSolve] Iter:  480 overflow: 0.494 HPWL: 5362036
[NesterovSolve] Iter:  490 overflow: 0.494 HPWL: 5374428
[NesterovSolve] Iter:  500 overflow: 0.493 HPWL: 5397787
[NesterovSolve] Iter:  510 overflow: 0.493 HPWL: 5435046
[NesterovSolve] Iter:  520 overflow: 0.493 HPWL: 5476709
[NesterovSolve] Iter:  530 overflow: 0.493 HPWL: 5514827
[NesterovSolve] Iter:  540 overflow: 0.493 HPWL: 5539960
[NesterovSolve] Iter:  550 overflow: 0.494 HPWL: 5546074
[NesterovSolve] Iter:  560 overflow: 0.493 HPWL: 5532516
[NesterovSolve] Iter:  570 overflow: 0.494 HPWL: 5515129
[NesterovSolve] Iter:  580 overflow: 0.494 HPWL: 5514686
[NesterovSolve] Iter:  590 overflow: 0.493 HPWL: 5483514
[NesterovSolve] Iter:  600 overflow: 0.493 HPWL: 5450463
[NesterovSolve] Iter:  610 overflow: 0.493 HPWL: 5388493
[NesterovSolve] Iter:  620 overflow: 0.494 HPWL: 5367306
[NesterovSolve] Iter:  630 overflow: 0.490 HPWL: 5346713
[NesterovSolve] Iter:  640 overflow: 0.482 HPWL: 5321175
[NesterovSolve] Iter:  650 overflow: 0.474 HPWL: 5304648
[NesterovSolve] Iter:  660 overflow: 0.466 HPWL: 5289400
[NesterovSolve] Iter:  670 overflow: 0.459 HPWL: 5283572
[NesterovSolve] Iter:  680 overflow: 0.450 HPWL: 5288816
[NesterovSolve] Iter:  690 overflow: 0.442 HPWL: 5325924
[NesterovSolve] Iter:  700 overflow: 0.365 HPWL: 5409795
[NesterovSolve] Iter:  710 overflow: 0.317 HPWL: 5462576
[INFO GPL-0075] Routability numCall: 2 inflationIterCnt: 2 bloatIterCnt: 0
[INFO GPL-0036] TileBBox: (    0    0 ) ( 6900 6900 ) DBU
[INFO GPL-0038] TileCnt:      81   53
[INFO GPL-0040] NumTiles: 4293
[INFO GPL-0081] TotalRouteOverflow: 4.873657464981079
[INFO GPL-0082] OverflowTileCnt: 2357
[INFO GPL-0083] 0.5%RC: 1.025243417783217
[INFO GPL-0084] 1.0%RC: 1.0201113362644993
[INFO GPL-0085] 2.0%RC: 1.0153759038725565
[INFO GPL-0086] 5.0%RC: 1.0107916881871777
[INFO GPL-0087] FinalRC: 1.0226774
[INFO GPL-0079] MinRC (1.0225135) violation occurred, total count: 1.
[INFO GPL-0045] InflatedAreaDelta:       28.011 um^2
[INFO GPL-0046] TargetDensity:            0.756
[INFO GPL-0049] WhiteSpaceArea:       48471.488 um^2
[INFO GPL-0050] NesterovInstsArea:      891.085 um^2
[INFO GPL-0051] TotalFillerArea:      35766.820 um^2
[INFO GPL-0052] TotalGCellsArea:      36657.906 um^2
[INFO GPL-0053] ExpectedGCellsArea:   36685.917 um^2
[INFO GPL-0054] NewTargetDensity:         0.757
[INFO GPL-0055] NewWhiteSpaceArea:    48471.488 um^2
[INFO GPL-0056] MovableArea:          36685.918 um^2
[INFO GPL-0057] NewNesterovInstArea:    919.096 um^2
[INFO GPL-0058] NewTotalFillerArea:   35766.822 um^2
[INFO GPL-0059] NewTotalGCellsArea:   36685.918 um^2
[NesterovSolve] Revert back to snapshot coordi
[NesterovSolve] Iter:  720 overflow: 0.460 HPWL: 5354188
[NesterovSolve] Iter:  730 overflow: 0.449 HPWL: 5376318
[NesterovSolve] Iter:  740 overflow: 0.445 HPWL: 5360576
[NesterovSolve] Iter:  750 overflow: 0.438 HPWL: 5367366
[NesterovSolve] Iter:  760 overflow: 0.433 HPWL: 5364519
[NesterovSolve] Iter:  770 overflow: 0.427 HPWL: 5365324
[NesterovSolve] Iter:  780 overflow: 0.421 HPWL: 5365598
[NesterovSolve] Iter:  790 overflow: 0.416 HPWL: 5365215
[NesterovSolve] Iter:  800 overflow: 0.411 HPWL: 5366042
[NesterovSolve] Iter:  810 overflow: 0.406 HPWL: 5366452
[NesterovSolve] Iter:  820 overflow: 0.401 HPWL: 5367391
[NesterovSolve] Iter:  830 overflow: 0.396 HPWL: 5368730
[NesterovSolve] Iter:  840 overflow: 0.391 HPWL: 5370667
[NesterovSolve] Iter:  850 overflow: 0.387 HPWL: 5373573
[NesterovSolve] Iter:  860 overflow: 0.382 HPWL: 5378090
[NesterovSolve] Iter:  870 overflow: 0.378 HPWL: 5384838
[NesterovSolve] Iter:  880 overflow: 0.373 HPWL: 5394528
[NesterovSolve] Iter:  890 overflow: 0.369 HPWL: 5410085
[NesterovSolve] Iter:  900 overflow: 0.365 HPWL: 5434842
[NesterovSolve] Iter:  910 overflow: 0.360 HPWL: 5463048
[NesterovSolve] Iter:  920 overflow: 0.356 HPWL: 5496759
[NesterovSolve] Iter:  930 overflow: 0.353 HPWL: 5531100
[NesterovSolve] Iter:  940 overflow: 0.349 HPWL: 5549176
[NesterovSolve] Iter:  950 overflow: 0.345 HPWL: 5543516
[NesterovSolve] Iter:  960 overflow: 0.342 HPWL: 5531386
[NesterovSolve] Iter:  970 overflow: 0.339 HPWL: 5516949
[NesterovSolve] Iter:  980 overflow: 0.335 HPWL: 5509269
[NesterovSolve] Iter:  990 overflow: 0.331 HPWL: 5461675
[NesterovSolve] Iter: 1000 overflow: 0.328 HPWL: 5435671
[NesterovSolve] Iter: 1010 overflow: 0.325 HPWL: 5409668
[NesterovSolve] Iter: 1020 overflow: 0.322 HPWL: 5369795
[NesterovSolve] Iter: 1030 overflow: 0.318 HPWL: 5353522
[NesterovSolve] Iter: 1040 overflow: 0.315 HPWL: 5332931
[NesterovSolve] Iter: 1050 overflow: 0.312 HPWL: 5311246
[NesterovSolve] Iter: 1060 overflow: 0.307 HPWL: 5275214
[NesterovSolve] Iter: 1070 overflow: 0.304 HPWL: 5277296
[NesterovSolve] Iter: 1080 overflow: 0.301 HPWL: 5306751
[INFO GPL-0075] Routability numCall: 3 inflationIterCnt: 3 bloatIterCnt: 0
[INFO GPL-0036] TileBBox: (    0    0 ) ( 6900 6900 ) DBU
[INFO GPL-0038] TileCnt:      81   53
[INFO GPL-0040] NumTiles: 4293
[INFO GPL-0081] TotalRouteOverflow: 6.215758562088013
[INFO GPL-0082] OverflowTileCnt: 2357
[INFO GPL-0083] 0.5%RC: 1.041758412664587
[INFO GPL-0084] 1.0%RC: 1.0362144764079604
[INFO GPL-0085] 2.0%RC: 1.027977354304735
[INFO GPL-0086] 5.0%RC: 1.0170970096144565
[INFO GPL-0087] FinalRC: 1.0389864
[INFO GPL-0079] MinRC (1.0225135) violation occurred, total count: 2.
[INFO GPL-0045] InflatedAreaDelta:       78.837 um^2
[INFO GPL-0046] TargetDensity:            0.757
[INFO GPL-0049] WhiteSpaceArea:       48471.488 um^2
[INFO GPL-0050] NesterovInstsArea:      919.096 um^2
[INFO GPL-0051] TotalFillerArea:      35766.822 um^2
[INFO GPL-0052] TotalGCellsArea:      36685.918 um^2
[INFO GPL-0053] ExpectedGCellsArea:   36764.755 um^2
[INFO GPL-0054] NewTargetDensity:         0.758
[INFO GPL-0055] NewWhiteSpaceArea:    48471.488 um^2
[INFO GPL-0056] MovableArea:          36764.754 um^2
[INFO GPL-0057] NewNesterovInstArea:    997.933 um^2
[INFO GPL-0058] NewTotalFillerArea:   35766.821 um^2
[INFO GPL-0059] NewTotalGCellsArea:   36764.754 um^2
[NesterovSolve] Revert back to snapshot coordi
[NesterovSolve] Iter: 1090 overflow: 0.354 HPWL: 5354174
[NesterovSolve] Iter: 1100 overflow: 0.348 HPWL: 5376223
[NesterovSolve] Iter: 1110 overflow: 0.346 HPWL: 5360560
[NesterovSolve] Iter: 1120 overflow: 0.343 HPWL: 5367367
[NesterovSolve] Iter: 1130 overflow: 0.340 HPWL: 5364484
[NesterovSolve] Iter: 1140 overflow: 0.337 HPWL: 5365331
[NesterovSolve] Iter: 1150 overflow: 0.334 HPWL: 5365553
[NesterovSolve] Iter: 1160 overflow: 0.331 HPWL: 5365226
[NesterovSolve] Iter: 1170 overflow: 0.328 HPWL: 5366109
[NesterovSolve] Iter: 1180 overflow: 0.325 HPWL: 5366465
[NesterovSolve] Iter: 1190 overflow: 0.323 HPWL: 5367364
[NesterovSolve] Iter: 1200 overflow: 0.320 HPWL: 5368725
[NesterovSolve] Iter: 1210 overflow: 0.317 HPWL: 5370653
[NesterovSolve] Iter: 1220 overflow: 0.315 HPWL: 5373594
[NesterovSolve] Iter: 1230 overflow: 0.312 HPWL: 5378115
[NesterovSolve] Iter: 1240 overflow: 0.309 HPWL: 5384799
[NesterovSolve] Iter: 1250 overflow: 0.307 HPWL: 5394524
[NesterovSolve] Iter: 1260 overflow: 0.304 HPWL: 5410234
[NesterovSolve] Iter: 1270 overflow: 0.302 HPWL: 5434805
[INFO GPL-0075] Routability numCall: 4 inflationIterCnt: 4 bloatIterCnt: 0
[INFO GPL-0036] TileBBox: (    0    0 ) ( 6900 6900 ) DBU
[INFO GPL-0038] TileCnt:      81   53
[INFO GPL-0040] NumTiles: 4293
[INFO GPL-0081] TotalRouteOverflow: 6.706971287727356
[INFO GPL-0082] OverflowTileCnt: 2357
[INFO GPL-0083] 0.5%RC: 1.047053407539021
[INFO GPL-0084] 1.0%RC: 1.038787143174992
[INFO GPL-0085] 2.0%RC: 1.028773027797078
[INFO GPL-0086] 5.0%RC: 1.0187577325244284
[INFO GPL-0087] FinalRC: 1.0429202
[INFO GPL-0079] MinRC (1.0225135) violation occurred, total count: 3.
[INFO GPL-0045] InflatedAreaDelta:      105.301 um^2
[INFO GPL-0046] TargetDensity:            0.758
Revert Routability Procedure. Target density higher than max, or minRC max violations.
[INFO GPL-0080] minRcViolatedCnt: 3
[INFO GPL-0047] SavedMinRC: 1.0225
[INFO GPL-0048] SavedTargetDensity: 0.7559
[NesterovSolve] Revert back to snapshot coordi
[NesterovSolve] Iter: 1280 overflow: 0.238 HPWL: 5326787
[NesterovSolve] Iter: 1290 overflow: 0.228 HPWL: 5379264
[NesterovSolve] Iter: 1300 overflow: 0.227 HPWL: 5369188
[NesterovSolve] Iter: 1310 overflow: 0.225 HPWL: 5363779
[NesterovSolve] Iter: 1320 overflow: 0.223 HPWL: 5366734
[NesterovSolve] Iter: 1330 overflow: 0.222 HPWL: 5363925
[NesterovSolve] Iter: 1340 overflow: 0.220 HPWL: 5365732
[NesterovSolve] Iter: 1350 overflow: 0.218 HPWL: 5365236
[NesterovSolve] Iter: 1360 overflow: 0.217 HPWL: 5365704
[NesterovSolve] Iter: 1370 overflow: 0.215 HPWL: 5366265
[NesterovSolve] Iter: 1380 overflow: 0.213 HPWL: 5366801
[NesterovSolve] Iter: 1390 overflow: 0.212 HPWL: 5367955
[NesterovSolve] Iter: 1400 overflow: 0.210 HPWL: 5369438
[NesterovSolve] Iter: 1410 overflow: 0.209 HPWL: 5371758
[NesterovSolve] Iter: 1420 overflow: 0.207 HPWL: 5375232
[NesterovSolve] Iter: 1430 overflow: 0.206 HPWL: 5380499
[NesterovSolve] Iter: 1440 overflow: 0.204 HPWL: 5388237
[NesterovSolve] Iter: 1450 overflow: 0.203 HPWL: 5399447
[NesterovSolve] Iter: 1460 overflow: 0.201 HPWL: 5419691
[NesterovSolve] Iter: 1470 overflow: 0.200 HPWL: 5445822
[NesterovSolve] Iter: 1480 overflow: 0.199 HPWL: 5474071
[NesterovSolve] Iter: 1490 overflow: 0.197 HPWL: 5508703
[NesterovSolve] Iter: 1500 overflow: 0.196 HPWL: 5537219
[NesterovSolve] Iter: 1510 overflow: 0.195 HPWL: 5547494
[NesterovSolve] Iter: 1520 overflow: 0.193 HPWL: 5533528
[NesterovSolve] Iter: 1530 overflow: 0.192 HPWL: 5521057
[NesterovSolve] Iter: 1540 overflow: 0.191 HPWL: 5519097
[NesterovSolve] Iter: 1550 overflow: 0.190 HPWL: 5490320
[NesterovSolve] Iter: 1560 overflow: 0.189 HPWL: 5458133
[NesterovSolve] Iter: 1570 overflow: 0.187 HPWL: 5410418
[NesterovSolve] Iter: 1580 overflow: 0.186 HPWL: 5396547
[NesterovSolve] Iter: 1590 overflow: 0.185 HPWL: 5370558
[NesterovSolve] Iter: 1600 overflow: 0.184 HPWL: 5347215
[NesterovSolve] Iter: 1610 overflow: 0.183 HPWL: 5327701
[NesterovSolve] Iter: 1620 overflow: 0.181 HPWL: 5308799
[NesterovSolve] Iter: 1630 overflow: 0.179 HPWL: 5275845
[NesterovSolve] Iter: 1640 overflow: 0.178 HPWL: 5284554
[NesterovSolve] Iter: 1650 overflow: 0.176 HPWL: 5315549
[NesterovSolve] Iter: 1660 overflow: 0.153 HPWL: 5398172
[NesterovSolve] Iter: 1670 overflow: 0.133 HPWL: 5443169
[NesterovSolve] Finished with Overflow: 0.096401
[INFO] Setting RC values…
Setting global connections for newly added cells…
[INFO] Setting global connections...
mem_i matched with mem_i
Updating metrics…
Cell type report:                       Count       Area
  Macro                                     1  123515.34
  Fill cell                               470    1764.19
  Tap cell                                739     924.64
  Inverter                                 25      93.84
  Sequential cell                          24     630.60
  Multi-Input combinational cell           15     146.39
  Total                                  1274  127075.01
Writing OpenROAD database to '/home/lroot/NCOver2/runs/RUN_2025-02-26_07-27-21/27-openroad-globalplacement/counter.odb'…
Writing netlist to '/home/lroot/NCOver2/runs/RUN_2025-02-26_07-27-21/27-openroad-globalplacement/counter.nl.v'…
Writing powered netlist to '/home/lroot/NCOver2/runs/RUN_2025-02-26_07-27-21/27-openroad-globalplacement/counter.pnl.v'…
Writing layout to '/home/lroot/NCOver2/runs/RUN_2025-02-26_07-27-21/27-openroad-globalplacement/counter.def'…
Writing timing constraints to '/home/lroot/NCOver2/runs/RUN_2025-02-26_07-27-21/27-openroad-globalplacement/counter.sdc'…
