[INFO GRT-0043] No OR_DEFAULT vias defined.
Net: net128
  Pin:   wire126/A (sky130_fd_sc_hd__clkbuf_4)
    Layer: mcon
      Partial area ratio:    0.14
      Required ratio:    3.00 (Gate area) 
      Cumulative area ratio:    0.14
      Required ratio:    0.00 (Cumulative area) 

    Layer: met1
      Partial area ratio:    1.86
      Required ratio:    0.00 (Gate area) 
      Cumulative area ratio:    1.86
      Required ratio:    0.00 (Cumulative area) 
      Partial area ratio:    8.69
      Required ratio: 2773.88 (Side area) 
      Cumulative area ratio:    8.69
      Required ratio:    0.00 (Cumulative side area) 

    Layer: via
      Partial area ratio:    0.10
      Required ratio:   21.65 (Gate area) 
      Cumulative area ratio:    0.24
      Required ratio:    0.00 (Cumulative area) 

    Layer: met2
      Partial area ratio:    8.65
      Required ratio:    0.00 (Gate area) 
      Cumulative area ratio:   10.51
      Required ratio:    0.00 (Cumulative area) 
      Partial area ratio:   42.90
      Required ratio: 3439.72 (Side area) 
      Cumulative area ratio:   51.59
      Required ratio:    0.00 (Cumulative side area) 


  Pin:   load_slew127/A (sky130_fd_sc_hd__buf_4)
    Layer: mcon
      Partial area ratio:    0.12
      Required ratio:    3.00 (Gate area) 
      Cumulative area ratio:    0.12
      Required ratio:    0.00 (Cumulative area) 

    Layer: met1
      Partial area ratio:  204.30
      Required ratio:    0.00 (Gate area) 
      Cumulative area ratio:  204.30
      Required ratio:    0.00 (Cumulative area) 
      Partial area ratio: 1020.30
      Required ratio:  400.00 (Side area) (VIOLATED)
      Cumulative area ratio: 1020.30
      Required ratio:    0.00 (Cumulative side area) 

    Layer: via
      Partial area ratio:    0.27
      Required ratio:    6.00 (Gate area) 
      Cumulative area ratio:    0.39
      Required ratio:    0.00 (Cumulative area) 

    Layer: met2
      Partial area ratio:    8.65
      Required ratio:    0.00 (Gate area) 
      Cumulative area ratio:  212.95
      Required ratio:    0.00 (Cumulative area) 
      Partial area ratio:   42.90
      Required ratio: 3439.72 (Side area) 
      Cumulative area ratio: 1063.21
      Required ratio:    0.00 (Cumulative side area) 


  Pin:   ANTENNA_load_slew128_X/DIODE (sky130_fd_sc_hd__diode_2)
    Layer: mcon
      Partial area ratio:    0.07
      Required ratio:   10.82 (Gate area) 
      Cumulative area ratio:    0.07
      Required ratio:    0.00 (Cumulative area) 

    Layer: met1
      Partial area ratio:    4.41
      Required ratio:    0.00 (Gate area) 
      Cumulative area ratio:    4.41
      Required ratio:    0.00 (Cumulative area) 
      Partial area ratio:   21.22
      Required ratio: 3091.96 (Side area) 
      Cumulative area ratio:   21.22
      Required ratio:    0.00 (Cumulative side area) 

    Layer: via
      Partial area ratio:    0.16
      Required ratio:   50.28 (Gate area) 
      Cumulative area ratio:    0.22
      Required ratio:    0.00 (Cumulative area) 

    Layer: met2
      Partial area ratio:    8.65
      Required ratio:    0.00 (Gate area) 
      Cumulative area ratio:   13.06
      Required ratio:    0.00 (Cumulative area) 
      Partial area ratio:   42.90
      Required ratio: 3439.72 (Side area) 
      Cumulative area ratio:   64.13
      Required ratio:    0.00 (Cumulative side area) 


  Pin:   ANTENNA_wire126_A/DIODE (sky130_fd_sc_hd__diode_2)
    Layer: mcon
      Partial area ratio:    0.07
      Required ratio:   10.82 (Gate area) 
      Cumulative area ratio:    0.07
      Required ratio:    0.00 (Cumulative area) 

    Layer: met1
      Partial area ratio:    1.86
      Required ratio:    0.00 (Gate area) 
      Cumulative area ratio:    1.86
      Required ratio:    0.00 (Cumulative area) 
      Partial area ratio:    8.69
      Required ratio: 2773.88 (Side area) 
      Cumulative area ratio:    8.69
      Required ratio:    0.00 (Cumulative side area) 

    Layer: via
      Partial area ratio:    0.10
      Required ratio:   21.65 (Gate area) 
      Cumulative area ratio:    0.17
      Required ratio:    0.00 (Cumulative area) 

    Layer: met2
      Partial area ratio:    8.65
      Required ratio:    0.00 (Gate area) 
      Cumulative area ratio:   10.51
      Required ratio:    0.00 (Cumulative area) 
      Partial area ratio:   42.90
      Required ratio: 3439.72 (Side area) 
      Cumulative area ratio:   51.59
      Required ratio:    0.00 (Cumulative side area) 


  Pin:   ANTENNA_load_slew127_A/DIODE (sky130_fd_sc_hd__diode_2)
    Layer: mcon
      Partial area ratio:    0.07
      Required ratio:   10.82 (Gate area) 
      Cumulative area ratio:    0.07
      Required ratio:    0.00 (Cumulative area) 

    Layer: met1
      Partial area ratio:    1.67
      Required ratio:    0.00 (Gate area) 
      Cumulative area ratio:    1.67
      Required ratio:    0.00 (Cumulative area) 
      Partial area ratio:    7.91
      Required ratio: 2773.88 (Side area) 
      Cumulative area ratio:    7.91
      Required ratio:    0.00 (Cumulative side area) 

    Layer: via
      Partial area ratio:    0.10
      Required ratio:   21.65 (Gate area) 
      Cumulative area ratio:    0.17
      Required ratio:    0.00 (Cumulative area) 

    Layer: met2
      Partial area ratio:    8.65
      Required ratio:    0.00 (Gate area) 
      Cumulative area ratio:   10.32
      Required ratio:    0.00 (Cumulative area) 
      Partial area ratio:   42.90
      Required ratio: 3439.72 (Side area) 
      Cumulative area ratio:   50.82
      Required ratio:    0.00 (Cumulative side area) 



[INFO ANT-0002] Found 1 net violations.
[INFO ANT-0001] Found 1 pin violations.
