Reading OpenROAD database at '/home/lroot/NCO2ram/runs/RUN_2025-03-04_15-11-40/41-odb-heuristicdiodeinsertion/2-openroad-detailedplacement/counter.odb'…
Reading library file at '/home/lroot/.volare/volare/sky130/versions/0fe599b2afb6708d281543108caf8310912f54af/sky130A/libs.ref/sky130_fd_sc_hd/lib/sky130_fd_sc_hd__tt_025C_1v80.lib'…
Reading library file at '/home/lroot/NCO2ram/ram_256x16/ram_256x16_TT_1p8V_25C.lib'…
Reading macro library file at '/home/lroot/NCO2ram/ram_256x16/ram_256x16_TT_1p8V_25C.lib'…
[WARNING STA-1140] /home/lroot/NCO2ram/ram_256x16/ram_256x16_TT_1p8V_25C.lib line 1, library ram_256x16_TT_1p8V_25C_lib already exists.
Reading design constraints file at '/home/lroot/NCO2ram/counter.sdc'…
[WARNING STA-0366] port 'addr0[0]' not found.
[WARNING STA-0366] port 'addr0[1]' not found.
[WARNING STA-0366] port 'addr0[2]' not found.
[WARNING STA-0366] port 'addr0[3]' not found.
[WARNING STA-0366] port 'addr0[4]' not found.
[WARNING STA-0366] port 'addr0[5]' not found.
[WARNING STA-0366] port 'addr0[6]' not found.
[WARNING STA-0366] port 'addr0[7]' not found.
[WARNING STA-0366] port 'csb0' not found.
[WARNING STA-0366] port 'din0[0]' not found.
[WARNING STA-0366] port 'din0[10]' not found.
[WARNING STA-0366] port 'din0[11]' not found.
[WARNING STA-0366] port 'din0[12]' not found.
[WARNING STA-0366] port 'din0[13]' not found.
[WARNING STA-0366] port 'din0[14]' not found.
[WARNING STA-0366] port 'din0[15]' not found.
[WARNING STA-0366] port 'din0[1]' not found.
[WARNING STA-0366] port 'din0[2]' not found.
[WARNING STA-0366] port 'din0[3]' not found.
[WARNING STA-0366] port 'din0[4]' not found.
[WARNING STA-0366] port 'din0[5]' not found.
[WARNING STA-0366] port 'din0[6]' not found.
[WARNING STA-0366] port 'din0[7]' not found.
[WARNING STA-0366] port 'din0[8]' not found.
[WARNING STA-0366] port 'din0[9]' not found.
[WARNING STA-0366] port 'csb0' not found.
[WARNING STA-0366] port 'addr0[7]' not found.
[WARNING STA-0366] port 'addr0[6]' not found.
[WARNING STA-0366] port 'addr0[5]' not found.
[WARNING STA-0366] port 'addr0[4]' not found.
[WARNING STA-0366] port 'addr0[3]' not found.
[WARNING STA-0366] port 'addr0[2]' not found.
[WARNING STA-0366] port 'addr0[1]' not found.
[WARNING STA-0366] port 'addr0[0]' not found.
[WARNING STA-0366] port 'din0[15]' not found.
[WARNING STA-0366] port 'din0[14]' not found.
[WARNING STA-0366] port 'din0[13]' not found.
[WARNING STA-0366] port 'din0[12]' not found.
[WARNING STA-0366] port 'din0[11]' not found.
[WARNING STA-0366] port 'din0[10]' not found.
[WARNING STA-0366] port 'din0[9]' not found.
[WARNING STA-0366] port 'din0[8]' not found.
[WARNING STA-0366] port 'din0[7]' not found.
[WARNING STA-0366] port 'din0[6]' not found.
[WARNING STA-0366] port 'din0[5]' not found.
[WARNING STA-0366] port 'din0[4]' not found.
[WARNING STA-0366] port 'din0[3]' not found.
[WARNING STA-0366] port 'din0[2]' not found.
[WARNING STA-0366] port 'din0[1]' not found.
[WARNING STA-0366] port 'din0[0]' not found.
[INFO] Setting signal min routing layer to: met1 and clock min routing layer to met1. 
[INFO] Setting signal max routing layer to: met5 and clock max routing layer to met5. 
-congestion_iterations 50 -verbose
[INFO GRT-0020] Min routing layer: met1
[INFO GRT-0021] Max routing layer: met5
[INFO GRT-0022] Global adjustment: 30%
[INFO GRT-0023] Grid origin: (0, 0)
[INFO GRT-0043] No OR_DEFAULT vias defined.
[INFO GRT-0088] Layer li1     Track-Pitch = 0.4600  line-2-Via Pitch: 0.3400
[INFO GRT-0088] Layer met1    Track-Pitch = 0.3400  line-2-Via Pitch: 0.3400
[INFO GRT-0088] Layer met2    Track-Pitch = 0.4600  line-2-Via Pitch: 0.3500
[INFO GRT-0088] Layer met3    Track-Pitch = 0.6800  line-2-Via Pitch: 0.6150
[INFO GRT-0088] Layer met4    Track-Pitch = 0.9200  line-2-Via Pitch: 1.0400
[INFO GRT-0088] Layer met5    Track-Pitch = 3.4000  line-2-Via Pitch: 3.1100
[INFO GRT-0019] Found 6 clock nets.
[INFO GRT-0001] Minimum degree: 2
[INFO GRT-0002] Maximum degree: 22
[INFO GRT-0003] Macros: 2
[INFO GRT-0043] No OR_DEFAULT vias defined.
[INFO GRT-0004] Blockages: 544

[INFO GRT-0053] Routing resources analysis:
          Routing      Original      Derated      Resource
Layer     Direction    Resources     Resources    Reduction (%)
---------------------------------------------------------------
li1        Vertical            0             0          0.00%
met1       Horizontal     402347        150395          62.62%
met2       Vertical       299050        145770          51.26%
met3       Horizontal     201087        102891          48.83%
met4       Vertical       119942         56106          53.22%
met5       Horizontal      40079         14188          64.60%
---------------------------------------------------------------

[INFO GRT-0101] Running extra iterations to remove overflow.
[INFO GRT-0197] Via related to pin nodes: 1630
[INFO GRT-0198] Via related Steiner nodes: 35
[INFO GRT-0199] Via filling finished.
[INFO GRT-0111] Final number of vias: 2275
[INFO GRT-0112] Final usage 3D: 11698

[INFO GRT-0096] Final congestion report:
Layer         Resource        Demand        Usage (%)    Max H / Max V / Total Overflow
---------------------------------------------------------------------------------------
li1                  0             0            0.00%             0 /  0 /  0
met1            150395          2362            1.57%             0 /  0 /  0
met2            145770          1821            1.25%             0 /  0 /  0
met3            102891           551            0.54%             0 /  0 /  0
met4             56106           139            0.25%             0 /  0 /  0
met5             14188             0            0.00%             0 /  0 /  0
---------------------------------------------------------------------------------------
Total           469350          4873            1.04%             0 /  0 /  0

[INFO GRT-0018] Total wirelength: 39530 um
[INFO GRT-0014] Routed nets: 310
%OL_CREATE_REPORT antenna.rpt
[INFO GRT-0043] No OR_DEFAULT vias defined.
Net: net128
  Pin:   wire126/A (sky130_fd_sc_hd__clkbuf_4)
    Layer: mcon
      Partial area ratio:    0.14
      Required ratio:    3.00 (Gate area) 
      Cumulative area ratio:    0.14
      Required ratio:    0.00 (Cumulative area) 

    Layer: met1
      Partial area ratio:    1.86
      Required ratio:    0.00 (Gate area) 
      Cumulative area ratio:    1.86
      Required ratio:    0.00 (Cumulative area) 
      Partial area ratio:    8.69
      Required ratio: 2773.88 (Side area) 
      Cumulative area ratio:    8.69
      Required ratio:    0.00 (Cumulative side area) 

    Layer: via
      Partial area ratio:    0.10
      Required ratio:   21.65 (Gate area) 
      Cumulative area ratio:    0.24
      Required ratio:    0.00 (Cumulative area) 

    Layer: met2
      Partial area ratio:    8.65
      Required ratio:    0.00 (Gate area) 
      Cumulative area ratio:   10.51
      Required ratio:    0.00 (Cumulative area) 
      Partial area ratio:   42.90
      Required ratio: 3439.72 (Side area) 
      Cumulative area ratio:   51.59
      Required ratio:    0.00 (Cumulative side area) 


  Pin:   load_slew127/A (sky130_fd_sc_hd__buf_4)
    Layer: mcon
      Partial area ratio:    0.12
      Required ratio:    3.00 (Gate area) 
      Cumulative area ratio:    0.12
      Required ratio:    0.00 (Cumulative area) 

    Layer: met1
      Partial area ratio:  204.30
      Required ratio:    0.00 (Gate area) 
      Cumulative area ratio:  204.30
      Required ratio:    0.00 (Cumulative area) 
      Partial area ratio: 1020.30
      Required ratio:  400.00 (Side area) (VIOLATED)
      Cumulative area ratio: 1020.30
      Required ratio:    0.00 (Cumulative side area) 

    Layer: via
      Partial area ratio:    0.27
      Required ratio:    6.00 (Gate area) 
      Cumulative area ratio:    0.39
      Required ratio:    0.00 (Cumulative area) 

    Layer: met2
      Partial area ratio:    8.65
      Required ratio:    0.00 (Gate area) 
      Cumulative area ratio:  212.95
      Required ratio:    0.00 (Cumulative area) 
      Partial area ratio:   42.90
      Required ratio: 3439.72 (Side area) 
      Cumulative area ratio: 1063.21
      Required ratio:    0.00 (Cumulative side area) 


  Pin:   ANTENNA_load_slew128_X/DIODE (sky130_fd_sc_hd__diode_2)
    Layer: mcon
      Partial area ratio:    0.07
      Required ratio:   10.82 (Gate area) 
      Cumulative area ratio:    0.07
      Required ratio:    0.00 (Cumulative area) 

    Layer: met1
      Partial area ratio:    4.41
      Required ratio:    0.00 (Gate area) 
      Cumulative area ratio:    4.41
      Required ratio:    0.00 (Cumulative area) 
      Partial area ratio:   21.22
      Required ratio: 3091.96 (Side area) 
      Cumulative area ratio:   21.22
      Required ratio:    0.00 (Cumulative side area) 

    Layer: via
      Partial area ratio:    0.16
      Required ratio:   50.28 (Gate area) 
      Cumulative area ratio:    0.22
      Required ratio:    0.00 (Cumulative area) 

    Layer: met2
      Partial area ratio:    8.65
      Required ratio:    0.00 (Gate area) 
      Cumulative area ratio:   13.06
      Required ratio:    0.00 (Cumulative area) 
      Partial area ratio:   42.90
      Required ratio: 3439.72 (Side area) 
      Cumulative area ratio:   64.13
      Required ratio:    0.00 (Cumulative side area) 


  Pin:   ANTENNA_wire126_A/DIODE (sky130_fd_sc_hd__diode_2)
    Layer: mcon
      Partial area ratio:    0.07
      Required ratio:   10.82 (Gate area) 
      Cumulative area ratio:    0.07
      Required ratio:    0.00 (Cumulative area) 

    Layer: met1
      Partial area ratio:    1.86
      Required ratio:    0.00 (Gate area) 
      Cumulative area ratio:    1.86
      Required ratio:    0.00 (Cumulative area) 
      Partial area ratio:    8.69
      Required ratio: 2773.88 (Side area) 
      Cumulative area ratio:    8.69
      Required ratio:    0.00 (Cumulative side area) 

    Layer: via
      Partial area ratio:    0.10
      Required ratio:   21.65 (Gate area) 
      Cumulative area ratio:    0.17
      Required ratio:    0.00 (Cumulative area) 

    Layer: met2
      Partial area ratio:    8.65
      Required ratio:    0.00 (Gate area) 
      Cumulative area ratio:   10.51
      Required ratio:    0.00 (Cumulative area) 
      Partial area ratio:   42.90
      Required ratio: 3439.72 (Side area) 
      Cumulative area ratio:   51.59
      Required ratio:    0.00 (Cumulative side area) 


  Pin:   ANTENNA_load_slew127_A/DIODE (sky130_fd_sc_hd__diode_2)
    Layer: mcon
      Partial area ratio:    0.07
      Required ratio:   10.82 (Gate area) 
      Cumulative area ratio:    0.07
      Required ratio:    0.00 (Cumulative area) 

    Layer: met1
      Partial area ratio:    1.67
      Required ratio:    0.00 (Gate area) 
      Cumulative area ratio:    1.67
      Required ratio:    0.00 (Cumulative area) 
      Partial area ratio:    7.91
      Required ratio: 2773.88 (Side area) 
      Cumulative area ratio:    7.91
      Required ratio:    0.00 (Cumulative side area) 

    Layer: via
      Partial area ratio:    0.10
      Required ratio:   21.65 (Gate area) 
      Cumulative area ratio:    0.17
      Required ratio:    0.00 (Cumulative area) 

    Layer: met2
      Partial area ratio:    8.65
      Required ratio:    0.00 (Gate area) 
      Cumulative area ratio:   10.32
      Required ratio:    0.00 (Cumulative area) 
      Partial area ratio:   42.90
      Required ratio: 3439.72 (Side area) 
      Cumulative area ratio:   50.82
      Required ratio:    0.00 (Cumulative side area) 



[INFO ANT-0002] Found 1 net violations.
[INFO ANT-0001] Found 1 pin violations.
%OL_END_REPORT
[INFO] Setting RC values…
Setting global connections for newly added cells…
[INFO] Setting global connections...
mem_i.* matched with mem_i1_135
mem_i.* matched with mem_i0
mem_i.* matched with mem_i1
mem_i.* matched with mem_i0_134
Updating metrics…
Cell type report:                       Count       Area
  Macro                                     2  247030.69
  Fill cell                              1000    3753.60
  Tap cell                               9275   11604.88
  Antenna cell                            408    1020.98
  Clock buffer                              5      80.08
  Timing Repair Buffer                    135     730.70
  Inverter                                 26      97.59
  Clock inverter                            3      17.52
  Sequential cell                          25     625.60
  Multi-Input combinational cell           35     302.79
  Total                                 10914  265264.42
Writing OpenROAD database to '/home/lroot/NCO2ram/runs/RUN_2025-03-04_15-11-40/41-odb-heuristicdiodeinsertion/3-openroad-globalrouting/counter.odb'…
Writing layout to '/home/lroot/NCO2ram/runs/RUN_2025-03-04_15-11-40/41-odb-heuristicdiodeinsertion/3-openroad-globalrouting/counter.def'…
