Reading OpenROAD database at '/home/lroot/NCOver2/runs/RUN_2025-02-26_07-27-21/53-odb-cellfrequencytables/counter.odb'…
Reading library file at '/home/lroot/.volare/volare/sky130/versions/0fe599b2afb6708d281543108caf8310912f54af/sky130A/libs.ref/sky130_fd_sc_hd/lib/sky130_fd_sc_hd__tt_025C_1v80.lib'…
Reading library file at '/home/lroot/NCOver2/ram_256x16/ram_256x16_TT_1p8V_25C.lib'…
Reading macro library file at '/home/lroot/NCOver2/ram_256x16/ram_256x16_TT_1p8V_25C.lib'…
[WARNING STA-1140] /home/lroot/NCOver2/ram_256x16/ram_256x16_TT_1p8V_25C.lib line 1, library ram_256x16_TT_1p8V_25C_lib already exists.
Reading design constraints file at '/home/lroot/NCOver2/counter.sdc'…
[INFO] Setting RC values…
[WARNING STA-1648] /home/lroot/NCOver2/runs/RUN_2025-02-26_07-27-21/54-openroad-rcx/nom/counter.nom.spef line 8299, instance ANTENNA_mem_i_addr1\[7\] not found.
[WARNING STA-1650] /home/lroot/NCOver2/runs/RUN_2025-02-26_07-27-21/54-openroad-rcx/nom/counter.nom.spef line 8305, net ANTENNA_mem_i_addr1\[7\] not found.
[WARNING STA-1650] /home/lroot/NCOver2/runs/RUN_2025-02-26_07-27-21/54-openroad-rcx/nom/counter.nom.spef line 8312, net ANTENNA_mem_i_addr1\[7\] not found.
[WARNING STA-1650] /home/lroot/NCOver2/runs/RUN_2025-02-26_07-27-21/54-openroad-rcx/nom/counter.nom.spef line 8312, net ANTENNA_mem_i_addr1\[6\] not found.
[WARNING STA-1650] /home/lroot/NCOver2/runs/RUN_2025-02-26_07-27-21/54-openroad-rcx/nom/counter.nom.spef line 8326, net ANTENNA_mem_i_addr1\[7\] not found.
[WARNING STA-1648] /home/lroot/NCOver2/runs/RUN_2025-02-26_07-27-21/54-openroad-rcx/nom/counter.nom.spef line 8333, instance ANTENNA_mem_i_addr1\[6\] not found.
[WARNING STA-1650] /home/lroot/NCOver2/runs/RUN_2025-02-26_07-27-21/54-openroad-rcx/nom/counter.nom.spef line 8339, net ANTENNA_mem_i_addr1\[6\] not found.
[WARNING STA-1650] /home/lroot/NCOver2/runs/RUN_2025-02-26_07-27-21/54-openroad-rcx/nom/counter.nom.spef line 8346, net ANTENNA_mem_i_addr1\[6\] not found.
[WARNING STA-1650] /home/lroot/NCOver2/runs/RUN_2025-02-26_07-27-21/54-openroad-rcx/nom/counter.nom.spef line 8346, net ANTENNA_mem_i_addr1\[5\] not found.
[WARNING STA-1650] /home/lroot/NCOver2/runs/RUN_2025-02-26_07-27-21/54-openroad-rcx/nom/counter.nom.spef line 8347, net ANTENNA_mem_i_addr1\[5\] not found.
[WARNING STA-1650] /home/lroot/NCOver2/runs/RUN_2025-02-26_07-27-21/54-openroad-rcx/nom/counter.nom.spef line 8355, net ANTENNA_mem_i_addr1\[7\] not found.
[WARNING STA-1650] /home/lroot/NCOver2/runs/RUN_2025-02-26_07-27-21/54-openroad-rcx/nom/counter.nom.spef line 8355, net ANTENNA_mem_i_addr1\[6\] not found.
[WARNING STA-1650] /home/lroot/NCOver2/runs/RUN_2025-02-26_07-27-21/54-openroad-rcx/nom/counter.nom.spef line 8372, net ANTENNA_mem_i_addr1\[6\] not found.
[WARNING STA-1648] /home/lroot/NCOver2/runs/RUN_2025-02-26_07-27-21/54-openroad-rcx/nom/counter.nom.spef line 8379, instance ANTENNA_mem_i_addr1\[5\] not found.
[WARNING STA-1650] /home/lroot/NCOver2/runs/RUN_2025-02-26_07-27-21/54-openroad-rcx/nom/counter.nom.spef line 8385, net ANTENNA_mem_i_addr1\[5\] not found.
[WARNING STA-1650] /home/lroot/NCOver2/runs/RUN_2025-02-26_07-27-21/54-openroad-rcx/nom/counter.nom.spef line 8397, net ANTENNA_mem_i_addr1\[6\] not found.
[WARNING STA-1650] /home/lroot/NCOver2/runs/RUN_2025-02-26_07-27-21/54-openroad-rcx/nom/counter.nom.spef line 8397, net ANTENNA_mem_i_addr1\[5\] not found.
[WARNING STA-1650] /home/lroot/NCOver2/runs/RUN_2025-02-26_07-27-21/54-openroad-rcx/nom/counter.nom.spef line 8399, net ANTENNA_mem_i_addr1\[5\] not found.
[WARNING STA-1650] /home/lroot/NCOver2/runs/RUN_2025-02-26_07-27-21/54-openroad-rcx/nom/counter.nom.spef line 8412, net ANTENNA_mem_i_addr1\[5\] not found.
[WARNING STA-1648] /home/lroot/NCOver2/runs/RUN_2025-02-26_07-27-21/54-openroad-rcx/nom/counter.nom.spef line 8577, instance ANTENNA_mem_i_addr1\[2\] not found.
[WARNING STA-1650] /home/lroot/NCOver2/runs/RUN_2025-02-26_07-27-21/54-openroad-rcx/nom/counter.nom.spef line 8583, net ANTENNA_mem_i_addr1\[2\] not found.
[WARNING STA-1650] /home/lroot/NCOver2/runs/RUN_2025-02-26_07-27-21/54-openroad-rcx/nom/counter.nom.spef line 8619, net ANTENNA_mem_i_addr1\[2\] not found.
[WARNING STA-1648] /home/lroot/NCOver2/runs/RUN_2025-02-26_07-27-21/54-openroad-rcx/nom/counter.nom.spef line 8625, instance ANTENNA_mem_i_addr1\[1\] not found.
[WARNING STA-1650] /home/lroot/NCOver2/runs/RUN_2025-02-26_07-27-21/54-openroad-rcx/nom/counter.nom.spef line 8631, net ANTENNA_mem_i_addr1\[1\] not found.
[WARNING STA-1650] /home/lroot/NCOver2/runs/RUN_2025-02-26_07-27-21/54-openroad-rcx/nom/counter.nom.spef line 8639, net ANTENNA_mem_i_addr1\[1\] not found.
[WARNING STA-1650] /home/lroot/NCOver2/runs/RUN_2025-02-26_07-27-21/54-openroad-rcx/nom/counter.nom.spef line 8639, net ANTENNA_mem_i_addr1\[0\] not found.
[WARNING STA-1650] /home/lroot/NCOver2/runs/RUN_2025-02-26_07-27-21/54-openroad-rcx/nom/counter.nom.spef line 8640, net ANTENNA_mem_i_addr1\[1\] not found.
[WARNING STA-1650] /home/lroot/NCOver2/runs/RUN_2025-02-26_07-27-21/54-openroad-rcx/nom/counter.nom.spef line 8656, net ANTENNA_mem_i_addr1\[1\] not found.
[WARNING STA-1648] /home/lroot/NCOver2/runs/RUN_2025-02-26_07-27-21/54-openroad-rcx/nom/counter.nom.spef line 8662, instance ANTENNA_mem_i_addr1\[0\] not found.
[WARNING STA-1650] /home/lroot/NCOver2/runs/RUN_2025-02-26_07-27-21/54-openroad-rcx/nom/counter.nom.spef line 8668, net ANTENNA_mem_i_addr1\[0\] not found.
[WARNING STA-1650] /home/lroot/NCOver2/runs/RUN_2025-02-26_07-27-21/54-openroad-rcx/nom/counter.nom.spef line 8675, net ANTENNA_mem_i_addr1\[1\] not found.
[WARNING STA-1650] /home/lroot/NCOver2/runs/RUN_2025-02-26_07-27-21/54-openroad-rcx/nom/counter.nom.spef line 8675, net ANTENNA_mem_i_addr1\[0\] not found.
[WARNING STA-1650] /home/lroot/NCOver2/runs/RUN_2025-02-26_07-27-21/54-openroad-rcx/nom/counter.nom.spef line 8676, net ANTENNA_mem_i_addr1\[1\] not found.
[WARNING STA-1650] /home/lroot/NCOver2/runs/RUN_2025-02-26_07-27-21/54-openroad-rcx/nom/counter.nom.spef line 8687, net ANTENNA_mem_i_addr1\[0\] not found.
[INFO] Using voltage extracted from lib (1.8000000000V) for power nets and 0V for ground nets…
%OL_CREATE_REPORT irdrop.rpt
[INFO PSM-0040] All shapes on net vccd1 are connected.
########## IR report #################
Net              : vccd1
Corner           : nom_tt_025C_1v80
Supply voltage   : 1.80e+00 V
Worstcase voltage: -2.22e+06 V
Average voltage  : -2.15e+03 V
Average IR drop  : 2.15e+03 V
Worstcase IR drop: 2.22e+06 V
Percentage drop  : 123098136.00 %
######################################
[INFO PSM-0040] All shapes on net vssd1 are connected.
########## IR report #################
Net              : vssd1
Corner           : nom_tt_025C_1v80
Supply voltage   : 0.00e+00 V
Worstcase voltage: 2.22e+06 V
Average voltage  : 2.04e+03 V
Average IR drop  : 2.04e+03 V
Worstcase IR drop: 2.22e+06 V
Percentage drop  : 123098136.00 %
######################################
%OL_END_REPORT
