Clock: clk
Sources: clk 
Generated: no
Virtual: yes
Propagated: no
Period: 5.000000

===========================================================================
report_clock_properties
============================================================================
Clock                   Period          Waveform
----------------------------------------------------
clk                   5.000000    0.000000  2.500000

===========================================================================
report_clock_latency
============================================================================
Clock clk
rise -> rise
    min     max
0.000000 0.000000 source latency
1.527777         network latency _134_/CLK
        1.556302 network latency mem_i1/clk1
---------------
1.527777 1.556302 latency
        0.028525 skew

fall -> fall
    min     max
0.000000 0.000000 source latency
1.221341         network latency _134_/CLK
        1.244816 network latency mem_i1/clk1
---------------
1.221341 1.244816 latency
        0.023475 skew



===========================================================================
report_clock_min_period
============================================================================
clk period_min = 4.21 fmax = 237.31
