
===========================================================================
report_checks -unconstrained
===========================================================================
======================= max_ff_n40C_1v95 Corner ===================================

Startpoint: rst (input port clocked by clk)
Endpoint: _081_ (recovery check against rising-edge clock clk)
Path Group: asynchronous
Path Type: max

Fanout         Cap        Slew       Delay        Time   Description
---------------------------------------------------------------------------------------------
                                  0.000000    0.000000   clock clk (rise edge)
                                  0.000000    0.000000   clock network delay (propagated)
                                  2.500000    2.500000 v input external delay
     2    0.003540    0.005801    0.002969    2.502969 v rst (in)
                                                         rst (net)
                      0.005809    0.000000    2.502969 v input26/A (sky130_fd_sc_hd__buf_1)
     1    0.008375    0.038430    0.064525    2.567494 v input26/X (sky130_fd_sc_hd__buf_1)
                                                         net26 (net)
                      0.038440    0.000604    2.568098 v fanout56/A (sky130_fd_sc_hd__clkbuf_8)
    21    0.114496    0.089914    0.145688    2.713786 v fanout56/X (sky130_fd_sc_hd__clkbuf_8)
                                                         net56 (net)
                      0.103066    0.026382    2.740168 v fanout54/A (sky130_fd_sc_hd__buf_4)
    10    0.054024    0.059468    0.154916    2.895085 v fanout54/X (sky130_fd_sc_hd__buf_4)
                                                         net54 (net)
                      0.059631    0.002724    2.897808 v _057_/A (sky130_fd_sc_hd__inv_2)
     1    0.007009    0.033331    0.048842    2.946650 ^ _057_/Y (sky130_fd_sc_hd__inv_2)
                                                         _010_ (net)
                      0.033338    0.000454    2.947104 ^ _081_/RESET_B (sky130_fd_sc_hd__dfrtp_1)
                                              2.947104   data arrival time

                                  5.000000    5.000000   clock clk (rise edge)
                                  0.000000    5.000000   clock source latency
     2    0.070940    0.242457    0.178324    5.178324 ^ clk (in)
                                                         clk (net)
                      0.246732    0.000000    5.178324 ^ clkbuf_0_clk/A (sky130_fd_sc_hd__clkbuf_16)
     5    0.076533    0.074494    0.153146    5.331470 ^ clkbuf_0_clk/X (sky130_fd_sc_hd__clkbuf_16)
                                                         clknet_0_clk (net)
                      0.074603    0.002177    5.333647 ^ clkbuf_1_0__f_clk/A (sky130_fd_sc_hd__clkbuf_16)
    31    0.125652    0.106309    0.146678    5.480325 ^ clkbuf_1_0__f_clk/X (sky130_fd_sc_hd__clkbuf_16)
                                                         clknet_1_0__leaf_clk (net)
                      0.107208    0.007451    5.487776 ^ _081_/CLK (sky130_fd_sc_hd__dfrtp_1)
                                 -0.250000    5.237776   clock uncertainty
                                  0.000000    5.237776   clock reconvergence pessimism
                                  0.154606    5.392382   library recovery time
                                              5.392382   data required time
---------------------------------------------------------------------------------------------
                                              5.392382   data required time
                                             -2.947104   data arrival time
---------------------------------------------------------------------------------------------
                                              2.445278   slack (MET)


Startpoint: _091_ (rising edge-triggered flip-flop clocked by clk)
Endpoint: sine_out[15] (output port clocked by clk)
Path Group: clk
Path Type: max

Fanout         Cap        Slew       Delay        Time   Description
---------------------------------------------------------------------------------------------
                                  0.000000    0.000000   clock clk (rise edge)
                                  0.000000    0.000000   clock source latency
     2    0.070940    0.242457    0.178324    0.178324 ^ clk (in)
                                                         clk (net)
                      0.246732    0.000000    0.178324 ^ clkbuf_0_clk/A (sky130_fd_sc_hd__clkbuf_16)
     5    0.076533    0.074494    0.153146    0.331470 ^ clkbuf_0_clk/X (sky130_fd_sc_hd__clkbuf_16)
                                                         clknet_0_clk (net)
                      0.081839    0.018040    0.349509 ^ clkbuf_1_1__f_clk/A (sky130_fd_sc_hd__clkbuf_16)
    25    0.104079    0.093018    0.140423    0.489933 ^ clkbuf_1_1__f_clk/X (sky130_fd_sc_hd__clkbuf_16)
                                                         clknet_1_1__leaf_clk (net)
                      0.097063    0.015245    0.505177 ^ _091_/CLK (sky130_fd_sc_hd__dfrtp_1)
     1    0.005179    0.035504    0.248162    0.753340 v _091_/Q (sky130_fd_sc_hd__dfrtp_1)
                                                         net33 (net)
                      0.035504    0.000407    0.753747 v output33/A (sky130_fd_sc_hd__buf_1)
     1    0.000867    0.011849    0.050759    0.804506 v output33/X (sky130_fd_sc_hd__buf_1)
                                                         sine_out[15] (net)
                      0.011849    0.000021    0.804527 v sine_out[15] (out)
                                              0.804527   data arrival time

                                  5.000000    5.000000   clock clk (rise edge)
                                  0.000000    5.000000   clock network delay (propagated)
                                 -0.250000    4.750000   clock uncertainty
                                  0.000000    4.750000   clock reconvergence pessimism
                                 -2.500000    2.250000   output external delay
                                              2.250000   data required time
---------------------------------------------------------------------------------------------
                                              2.250000   data required time
                                             -0.804527   data arrival time
---------------------------------------------------------------------------------------------
                                              1.445473   slack (MET)




===========================================================================
report_checks --slack_max -0.01
============================================================================
======================= max_ff_n40C_1v95 Corner ===================================

No paths found.


===========================================================================
 report_check_types -max_slew -max_cap -max_fanout -violators
============================================================================
======================= max_ff_n40C_1v95 Corner ===================================

max slew

Pin                                        Limit        Slew       Slack
------------------------------------------------------------------------
mem_i/addr1[5]                          0.045000    0.192501   -0.147501 (VIOLATED)
mem_i/addr1[1]                          0.045000    0.186166   -0.141166 (VIOLATED)
mem_i/addr1[6]                          0.045000    0.164381   -0.119381 (VIOLATED)
mem_i/addr0[3]                          0.040000    0.159257   -0.119257 (VIOLATED)
mem_i/addr1[0]                          0.045000    0.155568   -0.110568 (VIOLATED)
mem_i/addr0[4]                          0.040000    0.147239   -0.107239 (VIOLATED)
mem_i/addr1[4]                          0.045000    0.152053   -0.107053 (VIOLATED)
mem_i/addr0[5]                          0.040000    0.146212   -0.106212 (VIOLATED)
mem_i/addr0[2]                          0.040000    0.145314   -0.105314 (VIOLATED)
mem_i/addr0[7]                          0.040000    0.145261   -0.105261 (VIOLATED)
mem_i/addr1[7]                          0.045000    0.150086   -0.105086 (VIOLATED)
mem_i/addr0[6]                          0.040000    0.144921   -0.104921 (VIOLATED)
mem_i/addr0[1]                          0.040000    0.133557   -0.093557 (VIOLATED)
mem_i/addr0[0]                          0.040000    0.132731   -0.092731 (VIOLATED)
mem_i/addr1[3]                          0.045000    0.128070   -0.083070 (VIOLATED)
mem_i/addr1[2]                          0.045000    0.123673   -0.078673 (VIOLATED)

max fanout

Pin                                   Limit Fanout  Slack
---------------------------------------------------------
clkbuf_1_0__f_clk/X                      10     31    -21 (VIOLATED)
clkbuf_1_1__f_clk/X                      10     25    -15 (VIOLATED)
fanout56/X                               10     21    -11 (VIOLATED)
_043_/X                                  10     15     -5 (VIOLATED)



===========================================================================
report_parasitic_annotation -report_unannotated
============================================================================
Found 2 unannotated drivers.
 clkload0/Y
 mem_i_57/HI
Found 0 partially unannotated drivers.

===========================================================================
max slew violation count 16
max fanout violation count 4
max cap violation count 0
============================================================================

===========================================================================
check_setup -verbose -unconstrained_endpoints -multiple_clock -no_clock -no_input_delay -loops -generated_clocks
===========================================================================
Warning: There is 1 unconstrained endpoint.
  mem_i/csb1
