Clock: clk
Sources: clk 
Generated: no
Virtual: yes
Propagated: no
Period: 5.000000

===========================================================================
report_clock_properties
============================================================================
Clock                   Period          Waveform
----------------------------------------------------
clk                   5.000000    0.000000  2.500000

===========================================================================
report_clock_latency
============================================================================
Clock clk
rise -> rise
    min     max
0.000000 0.000000 source latency
0.641505         network latency mem_i0/clk1
        0.664688 network latency _128_/CLK
---------------
0.641505 0.664688 latency
        0.023183 skew

fall -> fall
    min     max
0.000000 0.000000 source latency
0.520440         network latency mem_i0/clk1
        0.538730 network latency _128_/CLK
---------------
0.520440 0.538730 latency
        0.018291 skew



===========================================================================
report_clock_min_period
============================================================================
clk period_min = 2.04 fmax = 489.61
