Reading OpenROAD database at '/home/lroot/NCO2ram/runs/RUN_2025-03-04_16-20-01/24-openroad-ioplacement/counter.odb'…
Reading library file at '/home/lroot/.volare/volare/sky130/versions/0fe599b2afb6708d281543108caf8310912f54af/sky130A/libs.ref/sky130_fd_sc_hd/lib/sky130_fd_sc_hd__tt_025C_1v80.lib'…
Reading library file at '/home/lroot/NCO2ram/ram_256x16/ram_256x16_TT_1p8V_25C.lib'…
Reading macro library file at '/home/lroot/NCO2ram/ram_256x16/ram_256x16_TT_1p8V_25C.lib'…
[WARNING STA-1140] /home/lroot/NCO2ram/ram_256x16/ram_256x16_TT_1p8V_25C.lib line 1, library ram_256x16_TT_1p8V_25C_lib already exists.
Reading design constraints file at '/home/lroot/NCO2ram/counter.sdc'…
[WARNING STA-0366] port 'addr0[0]' not found.
[WARNING STA-0366] port 'addr0[1]' not found.
[WARNING STA-0366] port 'addr0[2]' not found.
[WARNING STA-0366] port 'addr0[3]' not found.
[WARNING STA-0366] port 'addr0[4]' not found.
[WARNING STA-0366] port 'addr0[5]' not found.
[WARNING STA-0366] port 'addr0[6]' not found.
[WARNING STA-0366] port 'addr0[7]' not found.
[WARNING STA-0366] port 'csb0' not found.
[WARNING STA-0366] port 'din0[0]' not found.
[WARNING STA-0366] port 'din0[10]' not found.
[WARNING STA-0366] port 'din0[11]' not found.
[WARNING STA-0366] port 'din0[12]' not found.
[WARNING STA-0366] port 'din0[13]' not found.
[WARNING STA-0366] port 'din0[14]' not found.
[WARNING STA-0366] port 'din0[15]' not found.
[WARNING STA-0366] port 'din0[1]' not found.
[WARNING STA-0366] port 'din0[2]' not found.
[WARNING STA-0366] port 'din0[3]' not found.
[WARNING STA-0366] port 'din0[4]' not found.
[WARNING STA-0366] port 'din0[5]' not found.
[WARNING STA-0366] port 'din0[6]' not found.
[WARNING STA-0366] port 'din0[7]' not found.
[WARNING STA-0366] port 'din0[8]' not found.
[WARNING STA-0366] port 'din0[9]' not found.
[WARNING STA-0366] port 'csb0' not found.
[WARNING STA-0366] port 'addr0[7]' not found.
[WARNING STA-0366] port 'addr0[6]' not found.
[WARNING STA-0366] port 'addr0[5]' not found.
[WARNING STA-0366] port 'addr0[4]' not found.
[WARNING STA-0366] port 'addr0[3]' not found.
[WARNING STA-0366] port 'addr0[2]' not found.
[WARNING STA-0366] port 'addr0[1]' not found.
[WARNING STA-0366] port 'addr0[0]' not found.
[WARNING STA-0366] port 'din0[15]' not found.
[WARNING STA-0366] port 'din0[14]' not found.
[WARNING STA-0366] port 'din0[13]' not found.
[WARNING STA-0366] port 'din0[12]' not found.
[WARNING STA-0366] port 'din0[11]' not found.
[WARNING STA-0366] port 'din0[10]' not found.
[WARNING STA-0366] port 'din0[9]' not found.
[WARNING STA-0366] port 'din0[8]' not found.
[WARNING STA-0366] port 'din0[7]' not found.
[WARNING STA-0366] port 'din0[6]' not found.
[WARNING STA-0366] port 'din0[5]' not found.
[WARNING STA-0366] port 'din0[4]' not found.
[WARNING STA-0366] port 'din0[3]' not found.
[WARNING STA-0366] port 'din0[2]' not found.
[WARNING STA-0366] port 'din0[1]' not found.
[WARNING STA-0366] port 'din0[0]' not found.
[INFO] Setting RC values…
[INFO] Setting signal min routing layer to: met1 and clock min routing layer to met1. 
[INFO] Setting signal max routing layer to: met5 and clock max routing layer to met5. 
+ global_placement -density 0.739212 -timing_driven -routability_driven -pad_right 0 -pad_left 0 -init_wirelength_coef 0.25
[INFO GPL-0002] DBU: 1000
[INFO GPL-0003] SiteSize: (  0.460  2.720 ) um
[INFO GPL-0004] CoreBBox: (  5.520 10.880 ) ( 544.180 737.120 ) um
[INFO GPL-0006] NumInstances:              2993
[INFO GPL-0007] NumPlaceInstances:           86
[INFO GPL-0008] NumFixedInstances:         2494
[INFO GPL-0009] NumDummyInstances:          413
[INFO GPL-0010] NumNets:                    170
[INFO GPL-0011] NumPins:                    452
[INFO GPL-0012] DieBBox:  (  0.000  0.000 ) ( 550.000 750.000 ) um
[INFO GPL-0013] CoreBBox: (  5.520 10.880 ) ( 544.180 737.120 ) um
[INFO GPL-0016] CoreArea:            391196.438 um^2
[INFO GPL-0017] NonPlaceInstsArea:   285331.155 um^2
[INFO GPL-0018] PlaceInstsArea:        1112.317 um^2
[INFO GPL-0019] Util:                     1.051 %
[INFO GPL-0020] StdInstsArea:          1112.317 um^2
[INFO GPL-0021] MacroInstsArea:           0.000 um^2
[InitialPlace]  Iter: 1 CG residual: 0.00000009 HPWL: 81160136
[InitialPlace]  Iter: 2 CG residual: 0.00000012 HPWL: 80345204
[InitialPlace]  Iter: 3 CG residual: 0.00000009 HPWL: 80113657
[InitialPlace]  Iter: 4 CG residual: 0.00000008 HPWL: 80152063
[InitialPlace]  Iter: 5 CG residual: 0.00000011 HPWL: 80151988
[INFO GPL-0031] FillerInit:NumGCells:      6236
[INFO GPL-0032] FillerInit:NumGNets:        170
[INFO GPL-0033] FillerInit:NumGPins:        452
[INFO GPL-0023] TargetDensity:            0.739
[INFO GPL-0024] AvrgPlaceInstArea:       12.934 um^2
[INFO GPL-0025] IdealBinArea:            17.497 um^2
[INFO GPL-0026] IdealBinCnt:              22358
[INFO GPL-0027] TotalBinArea:        391196.438 um^2
[INFO GPL-0028] BinCnt:       128    128
[INFO GPL-0029] BinSize: (  4.209  5.674 )
[INFO GPL-0030] NumBins: 16384
[NesterovSolve] Iter:    1 overflow: 0.238 HPWL: 22677669
[NesterovSolve] Snapshot saved at iter = 0
[INFO GPL-0075] Routability numCall: 1 inflationIterCnt: 1 bloatIterCnt: 0
[INFO GPL-0036] TileBBox: (    0    0 ) ( 6900 6900 ) DBU
[INFO GPL-0038] TileCnt:      79  108
[INFO GPL-0040] NumTiles: 8532
[INFO GPL-0081] TotalRouteOverflow: 25.815248131752014
[INFO GPL-0082] OverflowTileCnt: 4633
[INFO GPL-0083] 0.5%RC: 1.0750859698583914
[INFO GPL-0084] 1.0%RC: 1.0650632284408392
[INFO GPL-0085] 2.0%RC: 1.0494122777068824
[INFO GPL-0086] 5.0%RC: 1.03135896762026
[INFO GPL-0087] FinalRC: 1.0700746
[INFO GPL-0078] FinalRC lower than minRC (1e+30), min RC updated.
[INFO GPL-0045] InflatedAreaDelta:       21.671 um^2
[INFO GPL-0046] TargetDensity:            0.739
[INFO GPL-0049] WhiteSpaceArea:      105865.283 um^2
[INFO GPL-0050] NesterovInstsArea:     1112.317 um^2
[INFO GPL-0051] TotalFillerArea:      77144.565 um^2
[INFO GPL-0052] TotalGCellsArea:      78256.882 um^2
[INFO GPL-0053] ExpectedGCellsArea:   78278.552 um^2
[INFO GPL-0054] NewTargetDensity:         0.739
[INFO GPL-0055] NewWhiteSpaceArea:   105865.283 um^2
[INFO GPL-0056] MovableArea:          78278.550 um^2
[INFO GPL-0057] NewNesterovInstArea:   1133.987 um^2
[INFO GPL-0058] NewTotalFillerArea:   77144.562 um^2
[INFO GPL-0059] NewTotalGCellsArea:   78278.550 um^2
[NesterovSolve] Revert back to snapshot coordi
[NesterovSolve] Iter:   10 overflow: 0.877 HPWL: 23403941
[NesterovSolve] Iter:   20 overflow: 0.883 HPWL: 23415819
[NesterovSolve] Iter:   30 overflow: 0.879 HPWL: 23410768
[NesterovSolve] Iter:   40 overflow: 0.881 HPWL: 23414472
[NesterovSolve] Iter:   50 overflow: 0.880 HPWL: 23413137
[NesterovSolve] Iter:   60 overflow: 0.880 HPWL: 23413282
[NesterovSolve] Iter:   70 overflow: 0.880 HPWL: 23413071
[NesterovSolve] Iter:   80 overflow: 0.880 HPWL: 23412498
[NesterovSolve] Iter:   90 overflow: 0.880 HPWL: 23412769
[NesterovSolve] Iter:  100 overflow: 0.880 HPWL: 23412874
[NesterovSolve] Iter:  110 overflow: 0.880 HPWL: 23413123
[NesterovSolve] Iter:  120 overflow: 0.880 HPWL: 23413524
[NesterovSolve] Iter:  130 overflow: 0.880 HPWL: 23414831
[NesterovSolve] Iter:  140 overflow: 0.880 HPWL: 23423439
[NesterovSolve] Iter:  150 overflow: 0.880 HPWL: 23444881
[NesterovSolve] Iter:  160 overflow: 0.880 HPWL: 23482337
[NesterovSolve] Iter:  170 overflow: 0.880 HPWL: 23537496
[NesterovSolve] Iter:  180 overflow: 0.880 HPWL: 23609808
[NesterovSolve] Iter:  190 overflow: 0.879 HPWL: 23687216
[NesterovSolve] Iter:  200 overflow: 0.879 HPWL: 23755641
[NesterovSolve] Iter:  210 overflow: 0.879 HPWL: 23800696
[NesterovSolve] Iter:  220 overflow: 0.879 HPWL: 23832059
[NesterovSolve] Iter:  230 overflow: 0.879 HPWL: 23862468
[NesterovSolve] Iter:  240 overflow: 0.879 HPWL: 23845636
[NesterovSolve] Iter:  250 overflow: 0.879 HPWL: 23811169
[NesterovSolve] Iter:  260 overflow: 0.879 HPWL: 23723568
[NesterovSolve] Iter:  270 overflow: 0.880 HPWL: 23668704
[NesterovSolve] Iter:  280 overflow: 0.878 HPWL: 23693122
[NesterovSolve] Iter:  290 overflow: 0.877 HPWL: 23621883
[NesterovSolve] Iter:  300 overflow: 0.876 HPWL: 23538138
[NesterovSolve] Iter:  310 overflow: 0.877 HPWL: 23557923
[NesterovSolve] Iter:  320 overflow: 0.878 HPWL: 23452225
[NesterovSolve] Iter:  330 overflow: 0.876 HPWL: 23458245
[NesterovSolve] Iter:  340 overflow: 0.865 HPWL: 23373014
[NesterovSolve] Iter:  350 overflow: 0.830 HPWL: 23343866
[NesterovSolve] Iter:  360 overflow: 0.766 HPWL: 23317813
[NesterovSolve] Iter:  370 overflow: 0.681 HPWL: 23247156
[NesterovSolve] Iter:  380 overflow: 0.577 HPWL: 23170999
[NesterovSolve] Iter:  390 overflow: 0.493 HPWL: 23100721
[NesterovSolve] Iter:  400 overflow: 0.428 HPWL: 22973105
[NesterovSolve] Iter:  410 overflow: 0.387 HPWL: 22820019
[INFO GPL-0075] Routability numCall: 2 inflationIterCnt: 2 bloatIterCnt: 0
[INFO GPL-0036] TileBBox: (    0    0 ) ( 6900 6900 ) DBU
[INFO GPL-0038] TileCnt:      79  108
[INFO GPL-0040] NumTiles: 8532
[INFO GPL-0081] TotalRouteOverflow: 26.953396797180176
[INFO GPL-0082] OverflowTileCnt: 4633
[INFO GPL-0083] 0.5%RC: 1.0806885569594626
[INFO GPL-0084] 1.0%RC: 1.0581990397253702
[INFO GPL-0085] 2.0%RC: 1.040685745010599
[INFO GPL-0086] 5.0%RC: 1.0253842949029712
[INFO GPL-0087] FinalRC: 1.0694438
[INFO GPL-0079] MinRC (1.0700746) violation occurred, total count: 1.
[INFO GPL-0045] InflatedAreaDelta:       48.893 um^2
[INFO GPL-0046] TargetDensity:            0.739
[INFO GPL-0049] WhiteSpaceArea:      105865.283 um^2
[INFO GPL-0050] NesterovInstsArea:     1133.987 um^2
[INFO GPL-0051] TotalFillerArea:      77144.562 um^2
[INFO GPL-0052] TotalGCellsArea:      78278.550 um^2
[INFO GPL-0053] ExpectedGCellsArea:   78327.442 um^2
[INFO GPL-0054] NewTargetDensity:         0.740
[INFO GPL-0055] NewWhiteSpaceArea:   105865.283 um^2
[INFO GPL-0056] MovableArea:          78327.439 um^2
[INFO GPL-0057] NewNesterovInstArea:   1182.880 um^2
[INFO GPL-0058] NewTotalFillerArea:   77144.559 um^2
[INFO GPL-0059] NewTotalGCellsArea:   78327.439 um^2
[NesterovSolve] Revert back to snapshot coordi
[NesterovSolve] Iter:  420 overflow: 0.483 HPWL: 22986663
[NesterovSolve] Iter:  430 overflow: 0.859 HPWL: 23424248
[NesterovSolve] Iter:  440 overflow: 0.837 HPWL: 23412181
[NesterovSolve] Iter:  450 overflow: 0.817 HPWL: 23411832
[NesterovSolve] Iter:  460 overflow: 0.800 HPWL: 23414300
[NesterovSolve] Iter:  470 overflow: 0.782 HPWL: 23413031
[NesterovSolve] Iter:  480 overflow: 0.766 HPWL: 23413354
[NesterovSolve] Iter:  490 overflow: 0.750 HPWL: 23412894
[NesterovSolve] Iter:  500 overflow: 0.735 HPWL: 23412580
[NesterovSolve] Iter:  510 overflow: 0.721 HPWL: 23412809
[NesterovSolve] Iter:  520 overflow: 0.707 HPWL: 23412873
[NesterovSolve] Iter:  530 overflow: 0.694 HPWL: 23413206
[NesterovSolve] Iter:  540 overflow: 0.681 HPWL: 23413627
[NesterovSolve] Iter:  550 overflow: 0.668 HPWL: 23415396
[NesterovSolve] Iter:  560 overflow: 0.656 HPWL: 23426807
[NesterovSolve] Iter:  570 overflow: 0.645 HPWL: 23450612
[NesterovSolve] Iter:  580 overflow: 0.634 HPWL: 23492383
[NesterovSolve] Iter:  590 overflow: 0.623 HPWL: 23550294
[NesterovSolve] Iter:  600 overflow: 0.612 HPWL: 23625462
[NesterovSolve] Iter:  610 overflow: 0.602 HPWL: 23702785
[NesterovSolve] Iter:  620 overflow: 0.592 HPWL: 23766634
[NesterovSolve] Iter:  630 overflow: 0.583 HPWL: 23807908
[NesterovSolve] Iter:  640 overflow: 0.573 HPWL: 23839467
[NesterovSolve] Iter:  650 overflow: 0.565 HPWL: 23862341
[NesterovSolve] Iter:  660 overflow: 0.556 HPWL: 23839344
[NesterovSolve] Iter:  670 overflow: 0.548 HPWL: 23799505
[NesterovSolve] Iter:  680 overflow: 0.540 HPWL: 23715007
[NesterovSolve] Iter:  690 overflow: 0.532 HPWL: 23667987
[NesterovSolve] Iter:  700 overflow: 0.524 HPWL: 23678778
[NesterovSolve] Iter:  710 overflow: 0.516 HPWL: 23600748
[NesterovSolve] Iter:  720 overflow: 0.508 HPWL: 23535045
[NesterovSolve] Iter:  730 overflow: 0.502 HPWL: 23545072
[NesterovSolve] Iter:  740 overflow: 0.495 HPWL: 23465696
[NesterovSolve] Iter:  750 overflow: 0.487 HPWL: 23438114
[NesterovSolve] Iter:  760 overflow: 0.472 HPWL: 23362776
[NesterovSolve] Iter:  770 overflow: 0.443 HPWL: 23335433
[NesterovSolve] Iter:  780 overflow: 0.403 HPWL: 23304807
[NesterovSolve] Iter:  790 overflow: 0.345 HPWL: 23222849
[INFO GPL-0075] Routability numCall: 3 inflationIterCnt: 3 bloatIterCnt: 0
[INFO GPL-0036] TileBBox: (    0    0 ) ( 6900 6900 ) DBU
[INFO GPL-0038] TileCnt:      79  108
[INFO GPL-0040] NumTiles: 8532
[INFO GPL-0081] TotalRouteOverflow: 30.915828824043274
[INFO GPL-0082] OverflowTileCnt: 4633
[INFO GPL-0083] 0.5%RC: 1.0836434392041938
[INFO GPL-0084] 1.0%RC: 1.0652703698291335
[INFO GPL-0085] 2.0%RC: 1.0512168728120146
[INFO GPL-0086] 5.0%RC: 1.0331695786125488
[INFO GPL-0087] FinalRC: 1.0744569
[INFO GPL-0079] MinRC (1.0700746) violation occurred, total count: 2.
[INFO GPL-0045] InflatedAreaDelta:      113.474 um^2
[INFO GPL-0046] TargetDensity:            0.740
[INFO GPL-0049] WhiteSpaceArea:      105865.283 um^2
[INFO GPL-0050] NesterovInstsArea:     1182.880 um^2
[INFO GPL-0051] TotalFillerArea:      77144.559 um^2
[INFO GPL-0052] TotalGCellsArea:      78327.439 um^2
[INFO GPL-0053] ExpectedGCellsArea:   78440.913 um^2
[INFO GPL-0054] NewTargetDensity:         0.741
[INFO GPL-0055] NewWhiteSpaceArea:   105865.283 um^2
[INFO GPL-0056] MovableArea:          78440.915 um^2
[INFO GPL-0057] NewNesterovInstArea:   1296.354 um^2
[INFO GPL-0058] NewTotalFillerArea:   77144.561 um^2
[INFO GPL-0059] NewTotalGCellsArea:   78440.915 um^2
[NesterovSolve] Revert back to snapshot coordi
[NesterovSolve] Iter:  800 overflow: 0.289 HPWL: 22986663
[INFO GPL-0075] Routability numCall: 4 inflationIterCnt: 4 bloatIterCnt: 0
[INFO GPL-0036] TileBBox: (    0    0 ) ( 6900 6900 ) DBU
[INFO GPL-0038] TileCnt:      79  108
[INFO GPL-0040] NumTiles: 8532
[INFO GPL-0081] TotalRouteOverflow: 28.455639839172363
[INFO GPL-0082] OverflowTileCnt: 4633
[INFO GPL-0083] 0.5%RC: 1.074734937312991
[INFO GPL-0084] 1.0%RC: 1.0600797048834867
[INFO GPL-0085] 2.0%RC: 1.0493843722761722
[INFO GPL-0086] 5.0%RC: 1.031330115342866
[INFO GPL-0087] FinalRC: 1.0674074
[INFO GPL-0078] FinalRC lower than minRC (1.0700746), min RC updated.
[INFO GPL-0045] InflatedAreaDelta:       51.611 um^2
[INFO GPL-0046] TargetDensity:            0.741
[INFO GPL-0049] WhiteSpaceArea:      105865.283 um^2
[INFO GPL-0050] NesterovInstsArea:     1296.354 um^2
[INFO GPL-0051] TotalFillerArea:      77144.561 um^2
[INFO GPL-0052] TotalGCellsArea:      78440.915 um^2
[INFO GPL-0053] ExpectedGCellsArea:   78492.526 um^2
[INFO GPL-0054] NewTargetDensity:         0.741
[INFO GPL-0055] NewWhiteSpaceArea:   105865.283 um^2
[INFO GPL-0056] MovableArea:          78492.525 um^2
[INFO GPL-0057] NewNesterovInstArea:   1347.965 um^2
[INFO GPL-0058] NewTotalFillerArea:   77144.560 um^2
[INFO GPL-0059] NewTotalGCellsArea:   78492.525 um^2
[NesterovSolve] Revert back to snapshot coordi
[NesterovSolve] Iter:  810 overflow: 0.526 HPWL: 23443536
[NesterovSolve] Iter:  820 overflow: 0.520 HPWL: 23418941
[NesterovSolve] Iter:  830 overflow: 0.512 HPWL: 23412759
[NesterovSolve] Iter:  840 overflow: 0.507 HPWL: 23414987
[NesterovSolve] Iter:  850 overflow: 0.500 HPWL: 23413608
[NesterovSolve] Iter:  860 overflow: 0.495 HPWL: 23414346
[NesterovSolve] Iter:  870 overflow: 0.489 HPWL: 23414601
[NesterovSolve] Iter:  880 overflow: 0.483 HPWL: 23414984
[NesterovSolve] Iter:  890 overflow: 0.478 HPWL: 23415827
[NesterovSolve] Iter:  900 overflow: 0.473 HPWL: 23416886
[NesterovSolve] Iter:  910 overflow: 0.467 HPWL: 23418598
[NesterovSolve] Iter:  920 overflow: 0.462 HPWL: 23421095
[NesterovSolve] Iter:  930 overflow: 0.457 HPWL: 23427279
[NesterovSolve] Iter:  940 overflow: 0.452 HPWL: 23445892
[NesterovSolve] Iter:  950 overflow: 0.448 HPWL: 23473453
[NesterovSolve] Iter:  960 overflow: 0.443 HPWL: 23512667
[NesterovSolve] Iter:  970 overflow: 0.438 HPWL: 23567397
[NesterovSolve] Iter:  980 overflow: 0.434 HPWL: 23635788
[NesterovSolve] Iter:  990 overflow: 0.429 HPWL: 23709406
[NesterovSolve] Iter: 1000 overflow: 0.425 HPWL: 23769339
[NesterovSolve] Iter: 1010 overflow: 0.420 HPWL: 23811950
[NesterovSolve] Iter: 1020 overflow: 0.416 HPWL: 23843332
[NesterovSolve] Iter: 1030 overflow: 0.412 HPWL: 23868139
[NesterovSolve] Iter: 1040 overflow: 0.408 HPWL: 23849121
[NesterovSolve] Iter: 1050 overflow: 0.404 HPWL: 23812411
[NesterovSolve] Iter: 1060 overflow: 0.401 HPWL: 23731919
[NesterovSolve] Iter: 1070 overflow: 0.397 HPWL: 23682838
[NesterovSolve] Iter: 1080 overflow: 0.393 HPWL: 23701852
[NesterovSolve] Iter: 1090 overflow: 0.388 HPWL: 23639057
[NesterovSolve] Iter: 1100 overflow: 0.384 HPWL: 23558072
[NesterovSolve] Iter: 1110 overflow: 0.381 HPWL: 23573813
[NesterovSolve] Iter: 1120 overflow: 0.377 HPWL: 23476828
[NesterovSolve] Iter: 1130 overflow: 0.372 HPWL: 23464490
[NesterovSolve] Iter: 1140 overflow: 0.363 HPWL: 23353868
[NesterovSolve] Iter: 1150 overflow: 0.339 HPWL: 23318979
[NesterovSolve] Iter: 1160 overflow: 0.309 HPWL: 23280516
[INFO GPL-0075] Routability numCall: 5 inflationIterCnt: 0 bloatIterCnt: 1
[INFO GPL-0036] TileBBox: (    0    0 ) ( 6900 6900 ) DBU
[INFO GPL-0038] TileCnt:      79  108
[INFO GPL-0040] NumTiles: 8532
[INFO GPL-0081] TotalRouteOverflow: 31.960640788078308
[INFO GPL-0082] OverflowTileCnt: 4633
[INFO GPL-0083] 0.5%RC: 1.085220076317011
[INFO GPL-0084] 1.0%RC: 1.0660042762756348
[INFO GPL-0085] 2.0%RC: 1.0520824451892696
[INFO GPL-0086] 5.0%RC: 1.0346946484590303
[INFO GPL-0087] FinalRC: 1.0756122
[INFO GPL-0079] MinRC (1.0674074) violation occurred, total count: 1.
[INFO GPL-0045] InflatedAreaDelta:      234.622 um^2
[INFO GPL-0046] TargetDensity:            0.741
[INFO GPL-0049] WhiteSpaceArea:      105865.283 um^2
[INFO GPL-0050] NesterovInstsArea:     1347.965 um^2
[INFO GPL-0051] TotalFillerArea:      77144.560 um^2
[INFO GPL-0052] TotalGCellsArea:      78492.525 um^2
[INFO GPL-0053] ExpectedGCellsArea:   78727.147 um^2
[INFO GPL-0054] NewTargetDensity:         0.744
[INFO GPL-0055] NewWhiteSpaceArea:   105865.283 um^2
[INFO GPL-0056] MovableArea:          78727.143 um^2
[INFO GPL-0057] NewNesterovInstArea:   1582.587 um^2
[INFO GPL-0058] NewTotalFillerArea:   77144.556 um^2
[INFO GPL-0059] NewTotalGCellsArea:   78727.143 um^2
[NesterovSolve] Revert back to snapshot coordi
[INFO GPL-0075] Routability numCall: 6 inflationIterCnt: 1 bloatIterCnt: 1
[INFO GPL-0036] TileBBox: (    0    0 ) ( 6900 6900 ) DBU
[INFO GPL-0038] TileCnt:      79  108
[INFO GPL-0040] NumTiles: 8532
[INFO GPL-0081] TotalRouteOverflow: 28.455639839172363
[INFO GPL-0082] OverflowTileCnt: 4633
[INFO GPL-0083] 0.5%RC: 1.074734937312991
[INFO GPL-0084] 1.0%RC: 1.0600797048834867
[INFO GPL-0085] 2.0%RC: 1.0493843722761722
[INFO GPL-0086] 5.0%RC: 1.031330115342866
[INFO GPL-0087] FinalRC: 1.0674074
[INFO GPL-0079] MinRC (1.0674074) violation occurred, total count: 2.
[INFO GPL-0045] InflatedAreaDelta:       67.216 um^2
[INFO GPL-0046] TargetDensity:            0.744
[INFO GPL-0049] WhiteSpaceArea:      105865.283 um^2
[INFO GPL-0050] NesterovInstsArea:     1582.587 um^2
[INFO GPL-0051] TotalFillerArea:      77144.556 um^2
[INFO GPL-0052] TotalGCellsArea:      78727.143 um^2
[INFO GPL-0053] ExpectedGCellsArea:   78794.359 um^2
[INFO GPL-0054] NewTargetDensity:         0.744
[INFO GPL-0055] NewWhiteSpaceArea:   105865.283 um^2
[INFO GPL-0056] MovableArea:          78794.359 um^2
[INFO GPL-0057] NewNesterovInstArea:   1649.803 um^2
[INFO GPL-0058] NewTotalFillerArea:   77144.556 um^2
[INFO GPL-0059] NewTotalGCellsArea:   78794.359 um^2
[NesterovSolve] Revert back to snapshot coordi
[INFO GPL-0075] Routability numCall: 7 inflationIterCnt: 2 bloatIterCnt: 1
[INFO GPL-0036] TileBBox: (    0    0 ) ( 6900 6900 ) DBU
[INFO GPL-0038] TileCnt:      79  108
[INFO GPL-0040] NumTiles: 8532
[INFO GPL-0081] TotalRouteOverflow: 28.455639839172363
[INFO GPL-0082] OverflowTileCnt: 4633
[INFO GPL-0083] 0.5%RC: 1.074734937312991
[INFO GPL-0084] 1.0%RC: 1.0600797048834867
[INFO GPL-0085] 2.0%RC: 1.0493843722761722
[INFO GPL-0086] 5.0%RC: 1.031330115342866
[INFO GPL-0087] FinalRC: 1.0674074
[INFO GPL-0079] MinRC (1.0674074) violation occurred, total count: 3.
[INFO GPL-0045] InflatedAreaDelta:       77.509 um^2
[INFO GPL-0046] TargetDensity:            0.744
Revert Routability Procedure. Target density higher than max, or minRC max violations.
[INFO GPL-0080] minRcViolatedCnt: 3
[INFO GPL-0047] SavedMinRC: 1.0674
[INFO GPL-0048] SavedTargetDensity: 0.7410
[NesterovSolve] Revert back to snapshot coordi
[NesterovSolve] Iter: 1170 overflow: 0.336 HPWL: 23327207
[NesterovSolve] Iter: 1180 overflow: 0.347 HPWL: 23426960
[NesterovSolve] Iter: 1190 overflow: 0.342 HPWL: 23409656
[NesterovSolve] Iter: 1200 overflow: 0.339 HPWL: 23413702
[NesterovSolve] Iter: 1210 overflow: 0.336 HPWL: 23413613
[NesterovSolve] Iter: 1220 overflow: 0.334 HPWL: 23412993
[NesterovSolve] Iter: 1230 overflow: 0.331 HPWL: 23413321
[NesterovSolve] Iter: 1240 overflow: 0.328 HPWL: 23412564
[NesterovSolve] Iter: 1250 overflow: 0.326 HPWL: 23412680
[NesterovSolve] Iter: 1260 overflow: 0.323 HPWL: 23412794
[NesterovSolve] Iter: 1270 overflow: 0.321 HPWL: 23412933
[NesterovSolve] Iter: 1280 overflow: 0.318 HPWL: 23413268
[NesterovSolve] Iter: 1290 overflow: 0.316 HPWL: 23413882
[NesterovSolve] Iter: 1300 overflow: 0.313 HPWL: 23417457
[NesterovSolve] Iter: 1310 overflow: 0.311 HPWL: 23434704
[NesterovSolve] Iter: 1320 overflow: 0.308 HPWL: 23464162
[NesterovSolve] Iter: 1330 overflow: 0.306 HPWL: 23513894
[NesterovSolve] Iter: 1340 overflow: 0.304 HPWL: 23579443
[NesterovSolve] Iter: 1350 overflow: 0.301 HPWL: 23656713
[NesterovSolve] Iter: 1360 overflow: 0.299 HPWL: 23731536
[NesterovSolve] Iter: 1370 overflow: 0.297 HPWL: 23785648
[NesterovSolve] Iter: 1380 overflow: 0.295 HPWL: 23820182
[NesterovSolve] Iter: 1390 overflow: 0.292 HPWL: 23852172
[NesterovSolve] Iter: 1400 overflow: 0.290 HPWL: 23857178
[NesterovSolve] Iter: 1410 overflow: 0.288 HPWL: 23826373
[NesterovSolve] Iter: 1420 overflow: 0.286 HPWL: 23751220
[NesterovSolve] Iter: 1430 overflow: 0.284 HPWL: 23686574
[NesterovSolve] Iter: 1440 overflow: 0.282 HPWL: 23695469
[NesterovSolve] Iter: 1450 overflow: 0.280 HPWL: 23645273
[NesterovSolve] Iter: 1460 overflow: 0.278 HPWL: 23554717
[NesterovSolve] Iter: 1470 overflow: 0.276 HPWL: 23553958
[NesterovSolve] Iter: 1480 overflow: 0.274 HPWL: 23490289
[NesterovSolve] Iter: 1490 overflow: 0.272 HPWL: 23485536
[NesterovSolve] Iter: 1500 overflow: 0.269 HPWL: 23419008
[NesterovSolve] Iter: 1510 overflow: 0.257 HPWL: 23343653
[NesterovSolve] Iter: 1520 overflow: 0.238 HPWL: 23317957
[NesterovSolve] Iter: 1530 overflow: 0.213 HPWL: 23260334
[NesterovSolve] Iter: 1540 overflow: 0.183 HPWL: 23169302
[NesterovSolve] Iter: 1550 overflow: 0.145 HPWL: 23070458
[NesterovSolve] Iter: 1560 overflow: 0.129 HPWL: 22929526
[NesterovSolve] Iter: 1570 overflow: 0.106 HPWL: 22757652
[NesterovSolve] Finished with Overflow: 0.099775
[INFO] Setting RC values…
Setting global connections for newly added cells…
[INFO] Setting global connections...
mem_i.* matched with mem_i0
mem_i.* matched with mem_i1
Updating metrics…
Cell type report:                       Count       Area
  Macro                                     2  247030.69
  Fill cell                               962    3610.96
  Tap cell                               1530    1914.34
  Inverter                                 26      97.59
  Sequential cell                          25     656.88
  Multi-Input combinational cell           35     357.84
  Total                                  2580  253668.30
Writing OpenROAD database to '/home/lroot/NCO2ram/runs/RUN_2025-03-04_16-20-01/27-openroad-globalplacement/counter.odb'…
Writing netlist to '/home/lroot/NCO2ram/runs/RUN_2025-03-04_16-20-01/27-openroad-globalplacement/counter.nl.v'…
Writing powered netlist to '/home/lroot/NCO2ram/runs/RUN_2025-03-04_16-20-01/27-openroad-globalplacement/counter.pnl.v'…
Writing layout to '/home/lroot/NCO2ram/runs/RUN_2025-03-04_16-20-01/27-openroad-globalplacement/counter.def'…
Writing timing constraints to '/home/lroot/NCO2ram/runs/RUN_2025-03-04_16-20-01/27-openroad-globalplacement/counter.sdc'…
