Clock: clk
Sources: clk 
Generated: no
Virtual: yes
Propagated: no
Period: 5.000000

===========================================================================
report_clock_properties
============================================================================
Clock                   Period          Waveform
----------------------------------------------------
clk                   5.000000    0.000000  2.500000

===========================================================================
report_clock_latency
============================================================================
Clock clk
rise -> rise
    min     max
0.000000 0.000000 source latency
0.664347         network latency _134_/CLK
        0.747845 network latency mem_i1/clk1
---------------
0.664347 0.747845 latency
        0.083498 skew

fall -> fall
    min     max
0.000000 0.000000 source latency
0.528519         network latency _134_/CLK
        0.587101 network latency mem_i1/clk1
---------------
0.528519 0.587101 latency
        0.058581 skew



===========================================================================
report_clock_min_period
============================================================================
clk period_min = 1.92 fmax = 520.46
