Reading OpenROAD database at '/home/lroot/NCO2ram/runs/RUN_2025-03-04_15-37-33/41-odb-heuristicdiodeinsertion/2-openroad-detailedplacement/counter.odb'…
Reading library file at '/home/lroot/.volare/volare/sky130/versions/0fe599b2afb6708d281543108caf8310912f54af/sky130A/libs.ref/sky130_fd_sc_hd/lib/sky130_fd_sc_hd__tt_025C_1v80.lib'…
Reading library file at '/home/lroot/NCO2ram/ram_256x16/ram_256x16_TT_1p8V_25C.lib'…
Reading macro library file at '/home/lroot/NCO2ram/ram_256x16/ram_256x16_TT_1p8V_25C.lib'…
[WARNING STA-1140] /home/lroot/NCO2ram/ram_256x16/ram_256x16_TT_1p8V_25C.lib line 1, library ram_256x16_TT_1p8V_25C_lib already exists.
Reading design constraints file at '/home/lroot/NCO2ram/counter.sdc'…
[WARNING STA-0366] port 'addr0[0]' not found.
[WARNING STA-0366] port 'addr0[1]' not found.
[WARNING STA-0366] port 'addr0[2]' not found.
[WARNING STA-0366] port 'addr0[3]' not found.
[WARNING STA-0366] port 'addr0[4]' not found.
[WARNING STA-0366] port 'addr0[5]' not found.
[WARNING STA-0366] port 'addr0[6]' not found.
[WARNING STA-0366] port 'addr0[7]' not found.
[WARNING STA-0366] port 'csb0' not found.
[WARNING STA-0366] port 'din0[0]' not found.
[WARNING STA-0366] port 'din0[10]' not found.
[WARNING STA-0366] port 'din0[11]' not found.
[WARNING STA-0366] port 'din0[12]' not found.
[WARNING STA-0366] port 'din0[13]' not found.
[WARNING STA-0366] port 'din0[14]' not found.
[WARNING STA-0366] port 'din0[15]' not found.
[WARNING STA-0366] port 'din0[1]' not found.
[WARNING STA-0366] port 'din0[2]' not found.
[WARNING STA-0366] port 'din0[3]' not found.
[WARNING STA-0366] port 'din0[4]' not found.
[WARNING STA-0366] port 'din0[5]' not found.
[WARNING STA-0366] port 'din0[6]' not found.
[WARNING STA-0366] port 'din0[7]' not found.
[WARNING STA-0366] port 'din0[8]' not found.
[WARNING STA-0366] port 'din0[9]' not found.
[WARNING STA-0366] port 'csb0' not found.
[WARNING STA-0366] port 'addr0[7]' not found.
[WARNING STA-0366] port 'addr0[6]' not found.
[WARNING STA-0366] port 'addr0[5]' not found.
[WARNING STA-0366] port 'addr0[4]' not found.
[WARNING STA-0366] port 'addr0[3]' not found.
[WARNING STA-0366] port 'addr0[2]' not found.
[WARNING STA-0366] port 'addr0[1]' not found.
[WARNING STA-0366] port 'addr0[0]' not found.
[WARNING STA-0366] port 'din0[15]' not found.
[WARNING STA-0366] port 'din0[14]' not found.
[WARNING STA-0366] port 'din0[13]' not found.
[WARNING STA-0366] port 'din0[12]' not found.
[WARNING STA-0366] port 'din0[11]' not found.
[WARNING STA-0366] port 'din0[10]' not found.
[WARNING STA-0366] port 'din0[9]' not found.
[WARNING STA-0366] port 'din0[8]' not found.
[WARNING STA-0366] port 'din0[7]' not found.
[WARNING STA-0366] port 'din0[6]' not found.
[WARNING STA-0366] port 'din0[5]' not found.
[WARNING STA-0366] port 'din0[4]' not found.
[WARNING STA-0366] port 'din0[3]' not found.
[WARNING STA-0366] port 'din0[2]' not found.
[WARNING STA-0366] port 'din0[1]' not found.
[WARNING STA-0366] port 'din0[0]' not found.
[INFO] Setting signal min routing layer to: met1 and clock min routing layer to met1. 
[INFO] Setting signal max routing layer to: met5 and clock max routing layer to met5. 
-congestion_iterations 50 -verbose
[INFO GRT-0020] Min routing layer: met1
[INFO GRT-0021] Max routing layer: met5
[INFO GRT-0022] Global adjustment: 30%
[INFO GRT-0023] Grid origin: (0, 0)
[INFO GRT-0043] No OR_DEFAULT vias defined.
[INFO GRT-0088] Layer li1     Track-Pitch = 0.4600  line-2-Via Pitch: 0.3400
[INFO GRT-0088] Layer met1    Track-Pitch = 0.3400  line-2-Via Pitch: 0.3400
[INFO GRT-0088] Layer met2    Track-Pitch = 0.4600  line-2-Via Pitch: 0.3500
[INFO GRT-0088] Layer met3    Track-Pitch = 0.6800  line-2-Via Pitch: 0.6150
[INFO GRT-0088] Layer met4    Track-Pitch = 0.9200  line-2-Via Pitch: 1.0400
[INFO GRT-0088] Layer met5    Track-Pitch = 3.4000  line-2-Via Pitch: 3.1100
[INFO GRT-0019] Found 6 clock nets.
[INFO GRT-0001] Minimum degree: 2
[INFO GRT-0002] Maximum degree: 24
[INFO GRT-0003] Macros: 2
[INFO GRT-0043] No OR_DEFAULT vias defined.
[INFO GRT-0004] Blockages: 544

[INFO GRT-0053] Routing resources analysis:
          Routing      Original      Derated      Resource
Layer     Direction    Resources     Resources    Reduction (%)
---------------------------------------------------------------
li1        Vertical            0             0          0.00%
met1       Horizontal     148536         25446          82.87%
met2       Vertical       112555         21867          80.57%
met3       Horizontal      74268         15223          79.50%
met4       Vertical        45210          8193          81.88%
met5       Horizontal      14822          1868          87.40%
---------------------------------------------------------------

[INFO GRT-0101] Running extra iterations to remove overflow.
[INFO GRT-0197] Via related to pin nodes: 1372
[INFO GRT-0198] Via related Steiner nodes: 4
[INFO GRT-0199] Via filling finished.
[INFO GRT-0111] Final number of vias: 1981
[INFO GRT-0112] Final usage 3D: 10132

[INFO GRT-0096] Final congestion report:
Layer         Resource        Demand        Usage (%)    Max H / Max V / Total Overflow
---------------------------------------------------------------------------------------
li1                  0             0            0.00%             0 /  0 /  0
met1             25446          1992            7.83%             0 /  0 /  0
met2             21867          1619            7.40%             0 /  0 /  0
met3             15223           492            3.23%             0 /  0 /  0
met4              8193            86            1.05%             0 /  0 /  0
met5              1868             0            0.00%             0 /  0 /  0
---------------------------------------------------------------------------------------
Total            72597          4189            5.77%             0 /  0 /  0

[INFO GRT-0018] Total wirelength: 34389 um
[INFO GRT-0014] Routed nets: 292
%OL_CREATE_REPORT antenna.rpt
[INFO GRT-0043] No OR_DEFAULT vias defined.
Net: _015_
  Pin:   _121_/D (sky130_fd_sc_hd__dfrtp_1)
    Layer: mcon
      Partial area ratio:    0.23
      Required ratio:    3.00 (Gate area) 
      Cumulative area ratio:    0.23
      Required ratio:    0.00 (Cumulative area) 

    Layer: met1
      Partial area ratio:   96.40
      Required ratio:    0.00 (Gate area) 
      Cumulative area ratio:   96.40
      Required ratio:    0.00 (Cumulative area) 
      Partial area ratio:  480.53
      Required ratio:  400.00 (Side area) (VIOLATED)
      Cumulative area ratio:  480.53
      Required ratio:    0.00 (Cumulative side area) 

    Layer: via
      Partial area ratio:    0.36
      Required ratio:    6.00 (Gate area) 
      Cumulative area ratio:    0.59
      Required ratio:    0.00 (Cumulative area) 

    Layer: met2
      Partial area ratio:    9.95
      Required ratio:    0.00 (Gate area) 
      Cumulative area ratio:  106.35
      Required ratio:    0.00 (Cumulative area) 
      Partial area ratio:   48.67
      Required ratio: 2771.60 (Side area) 
      Cumulative area ratio:  529.19
      Required ratio:    0.00 (Cumulative side area) 



Net: sine_out_temp0\[10\]
  Pin:   _073_/A0 (sky130_fd_sc_hd__mux2_1)
    Layer: mcon
      Partial area ratio:    0.23
      Required ratio:    3.00 (Gate area) 
      Cumulative area ratio:    0.23
      Required ratio:    0.00 (Cumulative area) 

    Layer: met1
      Partial area ratio:   26.12
      Required ratio:    0.00 (Gate area) 
      Cumulative area ratio:   26.12
      Required ratio:    0.00 (Cumulative area) 
      Partial area ratio:  129.11
      Required ratio:  400.00 (Side area) 
      Cumulative area ratio:  129.11
      Required ratio:    0.00 (Cumulative side area) 

    Layer: via
      Partial area ratio:    0.36
      Required ratio:    6.00 (Gate area) 
      Cumulative area ratio:    0.59
      Required ratio:    0.00 (Cumulative area) 

    Layer: met2
      Partial area ratio:   17.09
      Required ratio:    0.00 (Gate area) 
      Cumulative area ratio:   43.21
      Required ratio:    0.00 (Cumulative area) 
      Partial area ratio:   84.03
      Required ratio:  400.00 (Side area) 
      Cumulative area ratio:  213.14
      Required ratio:    0.00 (Cumulative side area) 

    Layer: via2
      Partial area ratio:    0.32
      Required ratio:    6.00 (Gate area) 
      Cumulative area ratio:    0.90
      Required ratio:    0.00 (Cumulative area) 

    Layer: met3
      Partial area ratio:   83.13
      Required ratio:    0.00 (Gate area) 
      Cumulative area ratio:  126.34
      Required ratio:    0.00 (Cumulative area) 
      Partial area ratio:  447.05
      Required ratio:  400.00 (Side area) (VIOLATED)
      Cumulative area ratio:  660.19
      Required ratio:    0.00 (Cumulative side area) 

    Layer: via3
      Partial area ratio:    0.32
      Required ratio:    6.00 (Gate area) 
      Cumulative area ratio:    1.22
      Required ratio:    0.00 (Cumulative area) 

    Layer: met4
      Partial area ratio:    0.86
      Required ratio:    0.00 (Gate area) 
      Cumulative area ratio:  127.20
      Required ratio:    0.00 (Cumulative area) 
      Partial area ratio:    8.38
      Required ratio:  400.00 (Side area) 
      Cumulative area ratio:  668.57
      Required ratio:    0.00 (Cumulative side area) 



Net: sine_out_temp0\[11\]
  Pin:   _074_/A0 (sky130_fd_sc_hd__mux2_1)
    Layer: mcon
      Partial area ratio:    0.23
      Required ratio:    3.00 (Gate area) 
      Cumulative area ratio:    0.23
      Required ratio:    0.00 (Cumulative area) 

    Layer: met1
      Partial area ratio:    3.03
      Required ratio:    0.00 (Gate area) 
      Cumulative area ratio:    3.03
      Required ratio:    0.00 (Cumulative area) 
      Partial area ratio:   14.27
      Required ratio:  400.00 (Side area) 
      Cumulative area ratio:   14.27
      Required ratio:    0.00 (Cumulative side area) 

    Layer: via
      Partial area ratio:    0.25
      Required ratio:    6.00 (Gate area) 
      Cumulative area ratio:    0.48
      Required ratio:    0.00 (Cumulative area) 

    Layer: met2
      Partial area ratio:   16.58
      Required ratio:    0.00 (Gate area) 
      Cumulative area ratio:   19.61
      Required ratio:    0.00 (Cumulative area) 
      Partial area ratio:   81.13
      Required ratio:  400.00 (Side area) 
      Cumulative area ratio:   95.39
      Required ratio:    0.00 (Cumulative side area) 

    Layer: via2
      Partial area ratio:    0.32
      Required ratio:    6.00 (Gate area) 
      Cumulative area ratio:    0.79
      Required ratio:    0.00 (Cumulative area) 

    Layer: met3
      Partial area ratio:   83.13
      Required ratio:    0.00 (Gate area) 
      Cumulative area ratio:  102.74
      Required ratio:    0.00 (Cumulative area) 
      Partial area ratio:  447.05
      Required ratio:  400.00 (Side area) (VIOLATED)
      Cumulative area ratio:  542.44
      Required ratio:    0.00 (Cumulative side area) 

    Layer: via3
      Partial area ratio:    0.32
      Required ratio:    6.00 (Gate area) 
      Cumulative area ratio:    1.11
      Required ratio:    0.00 (Cumulative area) 

    Layer: met4
      Partial area ratio:    0.86
      Required ratio:    0.00 (Gate area) 
      Cumulative area ratio:  103.60
      Required ratio:    0.00 (Cumulative area) 
      Partial area ratio:    8.38
      Required ratio:  400.00 (Side area) 
      Cumulative area ratio:  550.82
      Required ratio:    0.00 (Cumulative side area) 



Net: sine_out_temp0\[15\]
  Pin:   _078_/A0 (sky130_fd_sc_hd__mux2_1)
    Layer: mcon
      Partial area ratio:    0.23
      Required ratio:    3.00 (Gate area) 
      Cumulative area ratio:    0.23
      Required ratio:    0.00 (Cumulative area) 

    Layer: met1
      Partial area ratio:   14.60
      Required ratio:    0.00 (Gate area) 
      Cumulative area ratio:   14.60
      Required ratio:    0.00 (Cumulative area) 
      Partial area ratio:   71.51
      Required ratio:  400.00 (Side area) 
      Cumulative area ratio:   71.51
      Required ratio:    0.00 (Cumulative side area) 

    Layer: via
      Partial area ratio:    0.36
      Required ratio:    6.00 (Gate area) 
      Cumulative area ratio:    0.59
      Required ratio:    0.00 (Cumulative area) 

    Layer: met2
      Partial area ratio:    9.43
      Required ratio:    0.00 (Gate area) 
      Cumulative area ratio:   24.02
      Required ratio:    0.00 (Cumulative area) 
      Partial area ratio:   45.69
      Required ratio:  400.00 (Side area) 
      Cumulative area ratio:  117.21
      Required ratio:    0.00 (Cumulative side area) 

    Layer: via2
      Partial area ratio:    0.32
      Required ratio:    6.00 (Gate area) 
      Cumulative area ratio:    0.90
      Required ratio:    0.00 (Cumulative area) 

    Layer: met3
      Partial area ratio:  115.98
      Required ratio:    0.00 (Gate area) 
      Cumulative area ratio:  140.01
      Required ratio:    0.00 (Cumulative area) 
      Partial area ratio:  622.29
      Required ratio:  400.00 (Side area) (VIOLATED)
      Cumulative area ratio:  739.49
      Required ratio:    0.00 (Cumulative side area) 

    Layer: via3
      Partial area ratio:    0.32
      Required ratio:    6.00 (Gate area) 
      Cumulative area ratio:    1.22
      Required ratio:    0.00 (Cumulative area) 

    Layer: met4
      Partial area ratio:   25.70
      Required ratio:    0.00 (Gate area) 
      Cumulative area ratio:  165.70
      Required ratio:    0.00 (Cumulative area) 
      Partial area ratio:  140.83
      Required ratio:  400.00 (Side area) 
      Cumulative area ratio:  880.32
      Required ratio:    0.00 (Cumulative side area) 



Net: sine_out_temp0\[3\]
  Pin:   _066_/A0 (sky130_fd_sc_hd__mux2_1)
    Layer: mcon
      Partial area ratio:    0.23
      Required ratio:    3.00 (Gate area) 
      Cumulative area ratio:    0.23
      Required ratio:    0.00 (Cumulative area) 

    Layer: met1
      Partial area ratio:    4.18
      Required ratio:    0.00 (Gate area) 
      Cumulative area ratio:    4.18
      Required ratio:    0.00 (Cumulative area) 
      Partial area ratio:   19.41
      Required ratio:  400.00 (Side area) 
      Cumulative area ratio:   19.41
      Required ratio:    0.00 (Cumulative side area) 

    Layer: via
      Partial area ratio:    0.36
      Required ratio:    6.00 (Gate area) 
      Cumulative area ratio:    0.59
      Required ratio:    0.00 (Cumulative area) 

    Layer: met2
      Partial area ratio:    9.43
      Required ratio:    0.00 (Gate area) 
      Cumulative area ratio:   13.60
      Required ratio:    0.00 (Cumulative area) 
      Partial area ratio:   45.69
      Required ratio:  400.00 (Side area) 
      Cumulative area ratio:   65.10
      Required ratio:    0.00 (Cumulative side area) 

    Layer: via2
      Partial area ratio:    0.32
      Required ratio:    6.00 (Gate area) 
      Cumulative area ratio:    0.90
      Required ratio:    0.00 (Cumulative area) 

    Layer: met3
      Partial area ratio:  115.98
      Required ratio:    0.00 (Gate area) 
      Cumulative area ratio:  129.59
      Required ratio:    0.00 (Cumulative area) 
      Partial area ratio:  622.29
      Required ratio:  400.00 (Side area) (VIOLATED)
      Cumulative area ratio:  687.39
      Required ratio:    0.00 (Cumulative side area) 

    Layer: via3
      Partial area ratio:    0.32
      Required ratio:    6.00 (Gate area) 
      Cumulative area ratio:    1.22
      Required ratio:    0.00 (Cumulative area) 

    Layer: met4
      Partial area ratio:   23.82
      Required ratio:    0.00 (Gate area) 
      Cumulative area ratio:  153.40
      Required ratio:    0.00 (Cumulative area) 
      Partial area ratio:  130.79
      Required ratio:  400.00 (Side area) 
      Cumulative area ratio:  818.18
      Required ratio:    0.00 (Cumulative side area) 



Net: sine_out_temp0\[8\]
  Pin:   _071_/A0 (sky130_fd_sc_hd__mux2_1)
    Layer: mcon
      Partial area ratio:    0.23
      Required ratio:    3.00 (Gate area) 
      Cumulative area ratio:    0.23
      Required ratio:    0.00 (Cumulative area) 

    Layer: met1
      Partial area ratio:   27.17
      Required ratio:    0.00 (Gate area) 
      Cumulative area ratio:   27.17
      Required ratio:    0.00 (Cumulative area) 
      Partial area ratio:  134.40
      Required ratio:  400.00 (Side area) 
      Cumulative area ratio:  134.40
      Required ratio:    0.00 (Cumulative side area) 

    Layer: via
      Partial area ratio:    0.36
      Required ratio:    6.00 (Gate area) 
      Cumulative area ratio:    0.59
      Required ratio:    0.00 (Cumulative area) 

    Layer: met2
      Partial area ratio:   17.09
      Required ratio:    0.00 (Gate area) 
      Cumulative area ratio:   44.27
      Required ratio:    0.00 (Cumulative area) 
      Partial area ratio:   84.03
      Required ratio:  400.00 (Side area) 
      Cumulative area ratio:  218.43
      Required ratio:    0.00 (Cumulative side area) 

    Layer: via2
      Partial area ratio:    0.32
      Required ratio:    6.00 (Gate area) 
      Cumulative area ratio:    0.90
      Required ratio:    0.00 (Cumulative area) 

    Layer: met3
      Partial area ratio:   83.13
      Required ratio:    0.00 (Gate area) 
      Cumulative area ratio:  127.39
      Required ratio:    0.00 (Cumulative area) 
      Partial area ratio:  447.05
      Required ratio:  400.00 (Side area) (VIOLATED)
      Cumulative area ratio:  665.48
      Required ratio:    0.00 (Cumulative side area) 

    Layer: via3
      Partial area ratio:    0.32
      Required ratio:    6.00 (Gate area) 
      Cumulative area ratio:    1.22
      Required ratio:    0.00 (Cumulative area) 

    Layer: met4
      Partial area ratio:    0.86
      Required ratio:    0.00 (Gate area) 
      Cumulative area ratio:  128.26
      Required ratio:    0.00 (Cumulative area) 
      Partial area ratio:    8.38
      Required ratio:  400.00 (Side area) 
      Cumulative area ratio:  673.86
      Required ratio:    0.00 (Cumulative side area) 



Net: sine_out_temp0\[9\]
  Pin:   _072_/A0 (sky130_fd_sc_hd__mux2_1)
    Layer: mcon
      Partial area ratio:    0.23
      Required ratio:    3.00 (Gate area) 
      Cumulative area ratio:    0.23
      Required ratio:    0.00 (Cumulative area) 

    Layer: met1
      Partial area ratio:   29.22
      Required ratio:    0.00 (Gate area) 
      Cumulative area ratio:   29.22
      Required ratio:    0.00 (Cumulative area) 
      Partial area ratio:  144.62
      Required ratio:  400.00 (Side area) 
      Cumulative area ratio:  144.62
      Required ratio:    0.00 (Cumulative side area) 

    Layer: via
      Partial area ratio:    0.36
      Required ratio:    6.00 (Gate area) 
      Cumulative area ratio:    0.59
      Required ratio:    0.00 (Cumulative area) 

    Layer: met2
      Partial area ratio:   17.09
      Required ratio:    0.00 (Gate area) 
      Cumulative area ratio:   46.31
      Required ratio:    0.00 (Cumulative area) 
      Partial area ratio:   84.03
      Required ratio:  400.00 (Side area) 
      Cumulative area ratio:  228.65
      Required ratio:    0.00 (Cumulative side area) 

    Layer: via2
      Partial area ratio:    0.32
      Required ratio:    6.00 (Gate area) 
      Cumulative area ratio:    0.90
      Required ratio:    0.00 (Cumulative area) 

    Layer: met3
      Partial area ratio:   83.13
      Required ratio:    0.00 (Gate area) 
      Cumulative area ratio:  129.44
      Required ratio:    0.00 (Cumulative area) 
      Partial area ratio:  447.05
      Required ratio:  400.00 (Side area) (VIOLATED)
      Cumulative area ratio:  675.70
      Required ratio:    0.00 (Cumulative side area) 

    Layer: via3
      Partial area ratio:    0.32
      Required ratio:    6.00 (Gate area) 
      Cumulative area ratio:    1.22
      Required ratio:    0.00 (Cumulative area) 

    Layer: met4
      Partial area ratio:    0.86
      Required ratio:    0.00 (Gate area) 
      Cumulative area ratio:  130.30
      Required ratio:    0.00 (Cumulative area) 
      Partial area ratio:    8.38
      Required ratio:  400.00 (Side area) 
      Cumulative area ratio:  684.08
      Required ratio:    0.00 (Cumulative side area) 



[INFO ANT-0002] Found 7 net violations.
[INFO ANT-0001] Found 7 pin violations.
%OL_END_REPORT
[INFO] Setting RC values…
Setting global connections for newly added cells…
[INFO] Setting global connections...
mem_i.* matched with mem_i1_116
mem_i.* matched with mem_i0
mem_i.* matched with mem_i1
mem_i.* matched with mem_i0_115
Updating metrics…
Cell type report:                       Count       Area
  Macro                                     2  247030.69
  Fill cell                               888    3333.20
  Tap cell                                772     965.93
  Antenna cell                            284     710.68
  Clock buffer                              5     125.12
  Timing Repair Buffer                    117     569.30
  Inverter                                 26      97.59
  Clock inverter                            3      36.28
  Sequential cell                          25     625.60
  Multi-Input combinational cell           35     304.04
  Total                                  2157  253798.43
Writing OpenROAD database to '/home/lroot/NCO2ram/runs/RUN_2025-03-04_15-37-33/41-odb-heuristicdiodeinsertion/3-openroad-globalrouting/counter.odb'…
Writing layout to '/home/lroot/NCO2ram/runs/RUN_2025-03-04_15-37-33/41-odb-heuristicdiodeinsertion/3-openroad-globalrouting/counter.def'…
