
===========================================================================
report_checks -unconstrained
===========================================================================
======================= nom_ss_100C_1v60 Corner ===================================

Startpoint: rst (input port clocked by clk)
Endpoint: _079_ (recovery check against rising-edge clock clk)
Path Group: asynchronous
Path Type: max

Fanout         Cap        Slew       Delay        Time   Description
---------------------------------------------------------------------------------------------
                                  0.000000    0.000000   clock clk (rise edge)
                                  0.000000    0.000000   clock network delay (propagated)
                                  2.500000    2.500000 v input external delay
    24    0.103200    0.434897    0.314761    2.814761 v rst (in)
                                                         rst (net)
                      0.434897    0.000000    2.814761 v _041_/A (sky130_fd_sc_hd__inv_2)
     1    0.003263    0.105090    0.168124    2.982884 ^ _041_/Y (sky130_fd_sc_hd__inv_2)
                                                         _008_ (net)
                      0.105090    0.000000    2.982884 ^ _079_/RESET_B (sky130_fd_sc_hd__dfrtp_2)
                                              2.982884   data arrival time

                                  5.000000    5.000000   clock clk (rise edge)
                                  0.000000    5.000000   clock source latency
    26    0.056356    0.407102    0.281512    5.281512 ^ clk (in)
                                                         clk (net)
                      0.407102    0.000000    5.281512 ^ _079_/CLK (sky130_fd_sc_hd__dfrtp_2)
                                 -0.250000    5.031512   clock uncertainty
                                  0.000000    5.031512   clock reconvergence pessimism
                                  0.542533    5.574045   library recovery time
                                              5.574045   data required time
---------------------------------------------------------------------------------------------
                                              5.574045   data required time
                                             -2.982884   data arrival time
---------------------------------------------------------------------------------------------
                                              2.591161   slack (MET)


Startpoint: _100_ (rising edge-triggered flip-flop clocked by clk)
Endpoint: sine_out[0] (output port clocked by clk)
Path Group: clk
Path Type: max

Fanout         Cap        Slew       Delay        Time   Description
---------------------------------------------------------------------------------------------
                                  0.000000    0.000000   clock clk (rise edge)
                                  0.000000    0.000000   clock source latency
    26    0.056356    0.407102    0.281512    0.281512 ^ clk (in)
                                                         clk (net)
                      0.407102    0.000000    0.281512 ^ _100_/CLK (sky130_fd_sc_hd__dfrtp_2)
     1    0.000000    0.056095    0.901695    1.183207 v _100_/Q (sky130_fd_sc_hd__dfrtp_2)
                                                         sine_out[0] (net)
                      0.056095    0.000000    1.183207 v sine_out[0] (out)
                                              1.183207   data arrival time

                                  5.000000    5.000000   clock clk (rise edge)
                                  0.000000    5.000000   clock network delay (propagated)
                                 -0.250000    4.750000   clock uncertainty
                                  0.000000    4.750000   clock reconvergence pessimism
                                 -2.500000    2.250000   output external delay
                                              2.250000   data required time
---------------------------------------------------------------------------------------------
                                              2.250000   data required time
                                             -1.183207   data arrival time
---------------------------------------------------------------------------------------------
                                              1.066793   slack (MET)




===========================================================================
report_checks --slack_max -0.01
============================================================================
======================= nom_ss_100C_1v60 Corner ===================================

No paths found.


===========================================================================
 report_check_types -max_slew -max_cap -max_fanout -violators
============================================================================
======================= nom_ss_100C_1v60 Corner ===================================

max slew

Pin                                        Limit        Slew       Slack
------------------------------------------------------------------------
mem_i/addr1[0]                          0.045000    0.315351   -0.270351 (VIOLATED)
mem_i/addr1[3]                          0.045000    0.285462   -0.240462 (VIOLATED)
mem_i/addr1[1]                          0.045000    0.270453   -0.225453 (VIOLATED)
mem_i/addr1[4]                          0.045000    0.242482   -0.197482 (VIOLATED)
mem_i/addr1[7]                          0.045000    0.219110   -0.174110 (VIOLATED)
mem_i/addr1[2]                          0.045000    0.190662   -0.145662 (VIOLATED)
mem_i/addr1[6]                          0.045000    0.189504   -0.144504 (VIOLATED)
mem_i/addr1[5]                          0.045000    0.166350   -0.121350 (VIOLATED)
rst                                     0.750000    0.795200   -0.045200 (VIOLATED)
_041_/A                                 0.750000    0.795200   -0.045200 (VIOLATED)
_056_/A                                 0.750000    0.795200   -0.045200 (VIOLATED)
_057_/A                                 0.750000    0.795200   -0.045200 (VIOLATED)
_058_/A                                 0.750000    0.795200   -0.045200 (VIOLATED)
_059_/A                                 0.750000    0.795200   -0.045200 (VIOLATED)
_060_/A                                 0.750000    0.795200   -0.045200 (VIOLATED)
_061_/A                                 0.750000    0.795200   -0.045200 (VIOLATED)
_062_/A                                 0.750000    0.795200   -0.045200 (VIOLATED)
_063_/A                                 0.750000    0.795200   -0.045200 (VIOLATED)
_064_/A                                 0.750000    0.795200   -0.045200 (VIOLATED)
_065_/A                                 0.750000    0.795200   -0.045200 (VIOLATED)
_066_/A                                 0.750000    0.795200   -0.045200 (VIOLATED)
_067_/A                                 0.750000    0.795200   -0.045200 (VIOLATED)
_068_/A                                 0.750000    0.795200   -0.045200 (VIOLATED)
_069_/A                                 0.750000    0.795200   -0.045200 (VIOLATED)
_070_/A                                 0.750000    0.795200   -0.045200 (VIOLATED)
_071_/A                                 0.750000    0.795200   -0.045200 (VIOLATED)
_072_/A                                 0.750000    0.795200   -0.045200 (VIOLATED)
_073_/A                                 0.750000    0.795200   -0.045200 (VIOLATED)
_074_/A                                 0.750000    0.795200   -0.045200 (VIOLATED)
_075_/A                                 0.750000    0.795200   -0.045200 (VIOLATED)
_076_/A                                 0.750000    0.795200   -0.045200 (VIOLATED)
_077_/A                                 0.750000    0.795200   -0.045200 (VIOLATED)
_078_/A                                 0.750000    0.795200   -0.045200 (VIOLATED)
mem_i/addr0[0]                          0.040000    0.082683   -0.042683 (VIOLATED)
mem_i/addr0[1]                          0.040000    0.082683   -0.042683 (VIOLATED)
mem_i/addr0[2]                          0.040000    0.082683   -0.042683 (VIOLATED)
mem_i/addr0[3]                          0.040000    0.082683   -0.042683 (VIOLATED)
mem_i/addr0[4]                          0.040000    0.082683   -0.042683 (VIOLATED)
mem_i/addr0[5]                          0.040000    0.082683   -0.042683 (VIOLATED)
mem_i/addr0[6]                          0.040000    0.082683   -0.042683 (VIOLATED)
mem_i/addr0[7]                          0.040000    0.082683   -0.042683 (VIOLATED)

max fanout

Pin                                   Limit Fanout  Slack
---------------------------------------------------------
clk                                      10     26    -16 (VIOLATED)
rst                                      10     24    -14 (VIOLATED)



===========================================================================
report_parasitic_annotation -report_unannotated
============================================================================
Found 108 unannotated drivers.
 addr0[0]
 addr0[1]
 addr0[2]
 addr0[3]
 addr0[4]
 addr0[5]
 addr0[6]
 addr0[7]
 clk
 csb0
 din0[0]
 din0[10]
 din0[11]
 din0[12]
 din0[13]
 din0[14]
 din0[15]
 din0[1]
 din0[2]
 din0[3]
 din0[4]
 din0[5]
 din0[6]
 din0[7]
 din0[8]
 din0[9]
 rst
 _040_/Y
 _041_/Y
 _042_/X
 _043_/X
 _044_/Y
 _045_/Y
 _046_/Y
 _047_/X
 _048_/X
 _049_/Y
 _050_/X
 _051_/X
 _052_/X
 _053_/Y
 _054_/Y
 _055_/X
 _056_/Y
 _057_/Y
 _058_/Y
 _059_/Y
 _060_/Y
 _061_/Y
 _062_/Y
 _063_/Y
 _064_/Y
 _065_/Y
 _066_/Y
 _067_/Y
 _068_/Y
 _069_/Y
 _070_/Y
 _071_/Y
 _072_/Y
 _073_/Y
 _074_/Y
 _075_/Y
 _076_/Y
 _077_/Y
 _078_/Y
 _079_/Q
 _080_/Q
 _081_/Q
 _082_/Q
 _083_/Q
 _084_/Q
 _085_/Q
 _086_/Q
 _087_/Q
 _088_/Q
 _089_/Q
 _090_/Q
 _091_/Q
 _092_/Q
 _093_/Q
 _094_/Q
 _095_/Q
 _096_/Q
 _097_/Q
 _098_/Q
 _099_/Q
 _100_/Q
 _101_/Q
 _102_/Q
 _103_/HI
 _103_/LO
 mem_i/dout1[0]
 mem_i/dout1[10]
 mem_i/dout1[11]
 mem_i/dout1[12]
 mem_i/dout1[13]
 mem_i/dout1[14]
 mem_i/dout1[15]
 mem_i/dout1[1]
 mem_i/dout1[2]
 mem_i/dout1[3]
 mem_i/dout1[4]
 mem_i/dout1[5]
 mem_i/dout1[6]
 mem_i/dout1[7]
 mem_i/dout1[8]
 mem_i/dout1[9]
Found 0 partially unannotated drivers.

===========================================================================
max slew violation count 41
max fanout violation count 2
max cap violation count 0
============================================================================

===========================================================================
check_setup -verbose -unconstrained_endpoints -multiple_clock -no_clock -no_input_delay -loops -generated_clocks
===========================================================================
Warning: There is 1 unconstrained endpoint.
  mem_i/csb1
