
===========================================================================
Violator List
============================================================================
[setup reg-out] _138_/Q -> sine_out[1] : -0.121916
[setup reg-out] _141_/Q -> sine_out[4] : -0.118582
[setup reg-out] _142_/Q -> sine_out[5] : -0.114476
[setup reg-out] _143_/Q -> sine_out[6] : -0.111928
[setup reg-out] _124_/Q -> sine_out[12] : -0.110808
[setup reg-out] _121_/Q -> sine_out[9] : -0.089428
[setup reg-reg] mem_i1/dout1[9] -> _121_/D : -0.089400
[setup reg-out] _144_/Q -> sine_out[7] : -0.083406
[setup reg-out] _122_/Q -> sine_out[10] : -0.075431
[setup reg-out] _139_/Q -> sine_out[2] : -0.073270
[setup reg-reg] mem_i1/dout1[10] -> _122_/D : -0.072360
[setup reg-out] _123_/Q -> sine_out[11] : -0.069083
[setup reg-reg] mem_i1/dout1[8] -> _120_/D : -0.063330
[setup reg-out] _126_/Q -> sine_out[14] : -0.056910
[setup reg-out] _140_/Q -> sine_out[3] : -0.055505
[setup reg-out] _125_/Q -> sine_out[13] : -0.055020
[setup reg-out] _137_/Q -> sine_out[0] : -0.049291
[setup reg-out] _120_/Q -> sine_out[8] : -0.011008
[setup reg-reg] mem_i1/dout1[7] -> _144_/D : -0.005782
