Clock: clk
Sources: clk 
Generated: no
Virtual: yes
Propagated: no
Period: 5.000000

===========================================================================
report_clock_properties
============================================================================
Clock                   Period          Waveform
----------------------------------------------------
clk                   5.000000    0.000000  2.500000

===========================================================================
report_clock_latency
============================================================================
Clock clk
rise -> rise
    min     max
0.000000 0.000000 source latency
0.473947         network latency _083_/CLK
        0.485598 network latency _090_/CLK
---------------
0.473947 0.485598 latency
        0.011651 skew

fall -> fall
    min     max
0.000000 0.000000 source latency
0.377270         network latency _083_/CLK
        0.392926 network latency _090_/CLK
---------------
0.377270 0.392926 latency
        0.015656 skew



===========================================================================
report_clock_min_period
============================================================================
clk period_min = 1.42 fmax = 702.74
