Clock: clk
Sources: clk 
Generated: no
Virtual: yes
Propagated: no
Period: 5.000000

===========================================================================
report_clock_properties
============================================================================
Clock                   Period          Waveform
----------------------------------------------------
clk                   5.000000    0.000000  2.500000

===========================================================================
report_clock_latency
============================================================================
Clock clk
rise -> rise
    min     max
0.000000 0.000000 source latency
1.163324         network latency _134_/CLK
        1.363962 network latency mem_i1/clk1
---------------
1.163324 1.363962 latency
        0.200638 skew

fall -> fall
    min     max
0.000000 0.000000 source latency
0.961536         network latency _134_/CLK
        1.109341 network latency mem_i1/clk1
---------------
0.961536 1.109341 latency
        0.147805 skew



===========================================================================
report_clock_min_period
============================================================================
clk period_min = 4.07 fmax = 245.50
