
===========================================================================
report_checks -unconstrained
===========================================================================
======================= nom_tt_025C_1v80 Corner ===================================

Startpoint: rst (input port clocked by clk)
Endpoint: _130_ (recovery check against rising-edge clock clk)
Path Group: asynchronous
Path Type: max

Fanout         Cap        Slew       Delay        Time   Description
---------------------------------------------------------------------------------------------
                                  0.000000    0.000000   clock clk (rise edge)
                                  0.000000    0.000000   clock network delay (propagated)
                                  2.500000    2.500000 v input external delay
     2    0.003668    0.010647    0.005895    2.505895 v rst (in)
                                                         rst (net)
                      0.010647    0.000000    2.505895 v input51/A (sky130_fd_sc_hd__buf_1)
     1    0.009443    0.061418    0.103183    2.609078 v input51/X (sky130_fd_sc_hd__buf_1)
                                                         net51 (net)
                      0.061421    0.000501    2.609579 v fanout114/A (sky130_fd_sc_hd__buf_6)
    21    0.132506    0.117855    0.181196    2.790776 v fanout114/X (sky130_fd_sc_hd__buf_6)
                                                         net114 (net)
                      0.117872    0.001555    2.792331 v fanout113/A (sky130_fd_sc_hd__buf_4)
    15    0.079667    0.107641    0.238957    3.031288 v fanout113/X (sky130_fd_sc_hd__buf_4)
                                                         net113 (net)
                      0.109556    0.011426    3.042715 v fanout112/A (sky130_fd_sc_hd__buf_4)
    10    0.048611    0.075848    0.212048    3.254762 v fanout112/X (sky130_fd_sc_hd__buf_4)
                                                         net112 (net)
                      0.075868    0.001179    3.255941 v _105_/A (sky130_fd_sc_hd__inv_2)
     1    0.014043    0.070752    0.089563    3.345504 ^ _105_/Y (sky130_fd_sc_hd__inv_2)
                                                         _035_ (net)
                      0.070770    0.000909    3.346413 ^ _130_/RESET_B (sky130_fd_sc_hd__dfrtp_1)
                                              3.346413   data arrival time

                                  5.000000    5.000000   clock clk (rise edge)
                                  0.000000    5.000000   clock source latency
     2    0.099936    0.451807    0.321930    5.321930 ^ clk (in)
                                                         clk (net)
                      0.454703    0.000000    5.321930 ^ clkbuf_0_clk/A (sky130_fd_sc_hd__clkbuf_16)
     9    0.127315    0.143716    0.312850    5.634780 ^ clkbuf_0_clk/X (sky130_fd_sc_hd__clkbuf_16)
                                                         clknet_0_clk (net)
                      0.144173    0.005806    5.640586 ^ clkbuf_2_3__f_clk/A (sky130_fd_sc_hd__clkbuf_16)
    15    0.093080    0.110049    0.212185    5.852772 ^ clkbuf_2_3__f_clk/X (sky130_fd_sc_hd__clkbuf_16)
                                                         clknet_2_3__leaf_clk (net)
                      0.110454    0.005441    5.858212 ^ _130_/CLK (sky130_fd_sc_hd__dfrtp_1)
                                 -0.250000    5.608212   clock uncertainty
                                  0.000000    5.608212   clock reconvergence pessimism
                                  0.243796    5.852008   library recovery time
                                              5.852008   data required time
---------------------------------------------------------------------------------------------
                                              5.852008   data required time
                                             -3.346413   data arrival time
---------------------------------------------------------------------------------------------
                                              2.505595   slack (MET)


Startpoint: _139_ (rising edge-triggered flip-flop clocked by clk)
Endpoint: sine_out[2] (output port clocked by clk)
Path Group: clk
Path Type: max

Fanout         Cap        Slew       Delay        Time   Description
---------------------------------------------------------------------------------------------
                                  0.000000    0.000000   clock clk (rise edge)
                                  0.000000    0.000000   clock source latency
     2    0.099936    0.451807    0.321929    0.321929 ^ clk (in)
                                                         clk (net)
                      0.454703    0.000000    0.321929 ^ clkbuf_0_clk/A (sky130_fd_sc_hd__clkbuf_16)
     9    0.127315    0.143716    0.312850    0.634780 ^ clkbuf_0_clk/X (sky130_fd_sc_hd__clkbuf_16)
                                                         clknet_0_clk (net)
                      0.144251    0.006384    0.641163 ^ clkbuf_2_0__f_clk/A (sky130_fd_sc_hd__clkbuf_16)
    17    0.082313    0.099596    0.206003    0.847166 ^ clkbuf_2_0__f_clk/X (sky130_fd_sc_hd__clkbuf_16)
                                                         clknet_2_0__leaf_clk (net)
                      0.099617    0.001220    0.848386 ^ _139_/CLK (sky130_fd_sc_hd__dfrtp_1)
     3    0.029868    0.155453    0.488326    1.336712 v _139_/Q (sky130_fd_sc_hd__dfrtp_1)
                                                         net60 (net)
                      0.155500    0.002621    1.339334 v output60/A (sky130_fd_sc_hd__buf_1)
     1    0.000594    0.017495    0.118774    1.458108 v output60/X (sky130_fd_sc_hd__buf_1)
                                                         sine_out[2] (net)
                      0.017495    0.000007    1.458115 v sine_out[2] (out)
                                              1.458115   data arrival time

                                  5.000000    5.000000   clock clk (rise edge)
                                  0.000000    5.000000   clock network delay (propagated)
                                 -0.250000    4.750000   clock uncertainty
                                  0.000000    4.750000   clock reconvergence pessimism
                                 -2.500000    2.250000   output external delay
                                              2.250000   data required time
---------------------------------------------------------------------------------------------
                                              2.250000   data required time
                                             -1.458115   data arrival time
---------------------------------------------------------------------------------------------
                                              0.791885   slack (MET)




===========================================================================
report_checks --slack_max -0.01
============================================================================
======================= nom_tt_025C_1v80 Corner ===================================

No paths found.


===========================================================================
 report_check_types -max_slew -max_cap -max_fanout -violators
============================================================================
======================= nom_tt_025C_1v80 Corner ===================================

max slew

Pin                                        Limit        Slew       Slack
------------------------------------------------------------------------
mem_i1/addr0[1]                         0.040000    0.438157   -0.398157 (VIOLATED)
mem_i0/addr1[7]                         0.045000    0.347355   -0.302355 (VIOLATED)
mem_i0/addr1[5]                         0.045000    0.312099   -0.267099 (VIOLATED)
mem_i1/addr1[1]                         0.045000    0.311716   -0.266716 (VIOLATED)
mem_i0/addr1[6]                         0.045000    0.297085   -0.252085 (VIOLATED)
mem_i1/addr1[0]                         0.045000    0.291445   -0.246445 (VIOLATED)
mem_i1/addr0[0]                         0.040000    0.252802   -0.212802 (VIOLATED)
mem_i1/addr1[6]                         0.045000    0.256181   -0.211181 (VIOLATED)
mem_i1/addr1[5]                         0.045000    0.244898   -0.199898 (VIOLATED)
mem_i0/addr1[2]                         0.045000    0.243706   -0.198706 (VIOLATED)
mem_i0/addr1[3]                         0.045000    0.234810   -0.189810 (VIOLATED)
mem_i0/addr1[1]                         0.045000    0.222467   -0.177467 (VIOLATED)
mem_i0/addr1[0]                         0.045000    0.217992   -0.172992 (VIOLATED)
mem_i1/addr1[2]                         0.045000    0.216812   -0.171812 (VIOLATED)
mem_i0/addr0[3]                         0.040000    0.210847   -0.170847 (VIOLATED)
mem_i0/addr0[2]                         0.040000    0.204700   -0.164700 (VIOLATED)
mem_i0/addr0[6]                         0.040000    0.204116   -0.164116 (VIOLATED)
mem_i1/addr0[4]                         0.040000    0.197638   -0.157638 (VIOLATED)
mem_i1/addr0[3]                         0.040000    0.196954   -0.156954 (VIOLATED)
mem_i1/addr0[7]                         0.040000    0.196513   -0.156513 (VIOLATED)
mem_i1/addr0[2]                         0.040000    0.196489   -0.156489 (VIOLATED)
mem_i1/addr0[6]                         0.040000    0.195754   -0.155754 (VIOLATED)
mem_i0/addr0[4]                         0.040000    0.195726   -0.155726 (VIOLATED)
mem_i1/addr0[5]                         0.040000    0.195507   -0.155507 (VIOLATED)
mem_i0/addr0[5]                         0.040000    0.192646   -0.152646 (VIOLATED)
mem_i0/addr0[7]                         0.040000    0.191320   -0.151320 (VIOLATED)
mem_i0/addr1[4]                         0.045000    0.191774   -0.146774 (VIOLATED)
mem_i0/addr0[1]                         0.040000    0.174995   -0.134995 (VIOLATED)
mem_i0/addr0[0]                         0.040000    0.173958   -0.133958 (VIOLATED)
mem_i1/addr1[7]                         0.045000    0.148796   -0.103796 (VIOLATED)
mem_i1/addr1[4]                         0.045000    0.138177   -0.093177 (VIOLATED)
mem_i1/addr1[3]                         0.045000    0.128024   -0.083024 (VIOLATED)

max fanout

Pin                                   Limit Fanout  Slack
---------------------------------------------------------
clkbuf_2_2__f_clk/X                      10     23    -13 (VIOLATED)
fanout114/X                              10     21    -11 (VIOLATED)
fanout84/X                               10     21    -11 (VIOLATED)
clkbuf_2_0__f_clk/X                      10     17     -7 (VIOLATED)
clkbuf_2_3__f_clk/X                      10     15     -5 (VIOLATED)
fanout113/X                              10     15     -5 (VIOLATED)
_083_/X                                  10     13     -3 (VIOLATED)
clkbuf_2_1__f_clk/X                      10     13     -3 (VIOLATED)



===========================================================================
report_parasitic_annotation -report_unannotated
============================================================================
Found 5 unannotated drivers.
 clkload0/Y
 clkload1/Y
 clkload2/Y
 mem_i0_115/HI
 mem_i1_116/HI
Found 0 partially unannotated drivers.

===========================================================================
max slew violation count 32
max fanout violation count 8
max cap violation count 0
============================================================================

===========================================================================
check_setup -verbose -unconstrained_endpoints -multiple_clock -no_clock -no_input_delay -loops -generated_clocks
===========================================================================
Warning: There are 50 input ports missing set_input_delay.
  addr00[0]
  addr00[1]
  addr00[2]
  addr00[3]
  addr00[4]
  addr00[5]
  addr00[6]
  addr00[7]
  addr01[0]
  addr01[1]
  addr01[2]
  addr01[3]
  addr01[4]
  addr01[5]
  addr01[6]
  addr01[7]
  csb00
  csb01
  din00[0]
  din00[10]
  din00[11]
  din00[12]
  din00[13]
  din00[14]
  din00[15]
  din00[1]
  din00[2]
  din00[3]
  din00[4]
  din00[5]
  din00[6]
  din00[7]
  din00[8]
  din00[9]
  din01[0]
  din01[10]
  din01[11]
  din01[12]
  din01[13]
  din01[14]
  din01[15]
  din01[1]
  din01[2]
  din01[3]
  din01[4]
  din01[5]
  din01[6]
  din01[7]
  din01[8]
  din01[9]
Warning: There are 52 unconstrained endpoints.
  mem_i0/addr0[0]
  mem_i0/addr0[1]
  mem_i0/addr0[2]
  mem_i0/addr0[3]
  mem_i0/addr0[4]
  mem_i0/addr0[5]
  mem_i0/addr0[6]
  mem_i0/addr0[7]
  mem_i0/csb0
  mem_i0/csb1
  mem_i0/din0[0]
  mem_i0/din0[10]
  mem_i0/din0[11]
  mem_i0/din0[12]
  mem_i0/din0[13]
  mem_i0/din0[14]
  mem_i0/din0[15]
  mem_i0/din0[1]
  mem_i0/din0[2]
  mem_i0/din0[3]
  mem_i0/din0[4]
  mem_i0/din0[5]
  mem_i0/din0[6]
  mem_i0/din0[7]
  mem_i0/din0[8]
  mem_i0/din0[9]
  mem_i1/addr0[0]
  mem_i1/addr0[1]
  mem_i1/addr0[2]
  mem_i1/addr0[3]
  mem_i1/addr0[4]
  mem_i1/addr0[5]
  mem_i1/addr0[6]
  mem_i1/addr0[7]
  mem_i1/csb0
  mem_i1/csb1
  mem_i1/din0[0]
  mem_i1/din0[10]
  mem_i1/din0[11]
  mem_i1/din0[12]
  mem_i1/din0[13]
  mem_i1/din0[14]
  mem_i1/din0[15]
  mem_i1/din0[1]
  mem_i1/din0[2]
  mem_i1/din0[3]
  mem_i1/din0[4]
  mem_i1/din0[5]
  mem_i1/din0[6]
  mem_i1/din0[7]
  mem_i1/din0[8]
  mem_i1/din0[9]
