Clock: clk
Sources: clk 
Generated: no
Virtual: yes
Propagated: no
Period: 5.000000

===========================================================================
report_clock_properties
============================================================================
Clock                   Period          Waveform
----------------------------------------------------
clk                   5.000000    0.000000  2.500000

===========================================================================
report_clock_latency
============================================================================
Clock clk
rise -> rise
    min     max
0.000000 0.000000 source latency
0.845590         network latency _134_/CLK
        0.864180 network latency mem_i1/clk1
---------------
0.845590 0.864180 latency
        0.018590 skew

fall -> fall
    min     max
0.000000 0.000000 source latency
0.657729         network latency _134_/CLK
        0.672800 network latency mem_i1/clk1
---------------
0.657729 0.672800 latency
        0.015072 skew



===========================================================================
report_clock_min_period
============================================================================
clk period_min = 2.18 fmax = 458.87
