Starting…
Running 'Verilator.Lint' at 'runs/RUN_2025-03-04_15-08-23/01-verilator-lint'…
Logging subprocess to [repr.filename]'runs/RUN_2025-03-04_15-08-23/01-verilator-lint/verilator-lint.log'[/repr.filename]…
Running 'Checker.LintTimingConstructs' at 'runs/RUN_2025-03-04_15-08-23/02-checker-linttimingconstructs'…
Check for Lint Timing Errors clear.
Running 'Checker.LintErrors' at 'runs/RUN_2025-03-04_15-08-23/03-checker-linterrors'…
Check for Lint errors clear.
Running 'Checker.LintWarnings' at 'runs/RUN_2025-03-04_15-08-23/04-checker-lintwarnings'…
13 Lint warnings found.
Running 'Yosys.JsonHeader' at 'runs/RUN_2025-03-04_15-08-23/05-yosys-jsonheader'…
Logging subprocess to [repr.filename]'runs/RUN_2025-03-04_15-08-23/05-yosys-jsonheader/yosys-jsonheader.log'[/repr.filename]…
Running 'Yosys.Synthesis' at 'runs/RUN_2025-03-04_15-08-23/06-yosys-synthesis'…
Logging subprocess to [repr.filename]'runs/RUN_2025-03-04_15-08-23/06-yosys-synthesis/yosys-synthesis.log'[/repr.filename]…
Parsing synthesis checks…
Running 'Checker.YosysUnmappedCells' at 'runs/RUN_2025-03-04_15-08-23/07-checker-yosysunmappedcells'…
Check for Unmapped Yosys instances clear.
Running 'Checker.YosysSynthChecks' at 'runs/RUN_2025-03-04_15-08-23/08-checker-yosyssynthchecks'…
Check for Yosys check errors clear.
Running 'Checker.NetlistAssignStatements' at 'runs/RUN_2025-03-04_15-08-23/09-checker-netlistassignstatements'…
Running 'OpenROAD.CheckSDCFiles' at 'runs/RUN_2025-03-04_15-08-23/10-openroad-checksdcfiles'…
'PNR_SDC_FILE' is not defined. Using generic fallback SDC for OpenROAD PnR steps.
'SIGNOFF_SDC_FILE' is not defined. Using generic fallback SDC for OpenROAD PnR steps.
Running 'OpenROAD.CheckMacroInstances' at 'runs/RUN_2025-03-04_15-08-23/11-openroad-checkmacroinstances'…
Logging subprocess to [repr.filename]'runs/RUN_2025-03-04_15-08-23/11-openroad-checkmacroinstances/openroad-checkmacroinstances.log'[/repr.filename]…
Running 'OpenROAD.STAPrePNR' at 'runs/RUN_2025-03-04_15-08-23/12-openroad-staprepnr'…
Starting STA for the nom_tt_025C_1v80 timing corner…
Starting STA for the nom_ss_100C_1v60 timing corner…
Starting STA for the nom_ff_n40C_1v95 timing corner…
Skipping corner min_tt_025C_1v80 for STA (identical to nom_tt_025C_1v80 at this stage)…
Skipping corner min_ss_100C_1v60 for STA (identical to nom_ss_100C_1v60 at this stage)…
Skipping corner min_ff_n40C_1v95 for STA (identical to nom_ff_n40C_1v95 at this stage)…
Skipping corner max_tt_025C_1v80 for STA (identical to nom_tt_025C_1v80 at this stage)…
Skipping corner max_ss_100C_1v60 for STA (identical to nom_ss_100C_1v60 at this stage)…
Logging subprocess to [repr.filename]'runs/RUN_2025-03-04_15-08-23/12-openroad-staprepnr/nom_tt_025C_1v80/sta.log'[/repr.filename]…
Logging subprocess to [repr.filename]'runs/RUN_2025-03-04_15-08-23/12-openroad-staprepnr/nom_ss_100C_1v60/sta.log'[/repr.filename]…
Logging subprocess to [repr.filename]'runs/RUN_2025-03-04_15-08-23/12-openroad-staprepnr/nom_ff_n40C_1v95/sta.log'[/repr.filename]…
Skipping corner max_ff_n40C_1v95 for STA (identical to nom_ff_n40C_1v95 at this stage)…
Finished STA for the nom_ss_100C_1v60 timing corner.
Finished STA for the nom_tt_025C_1v80 timing corner.
Finished STA for the nom_ff_n40C_1v95 timing corner.
Running 'OpenROAD.Floorplan' at 'runs/RUN_2025-03-04_15-08-23/13-openroad-floorplan'…
Logging subprocess to [repr.filename]'runs/RUN_2025-03-04_15-08-23/13-openroad-floorplan/openroad-floorplan.log'[/repr.filename]…
[STA-1140] /home/lroot/NCO2ram/ram_256x16/ram_256x16_TT_1p8V_25C.lib line 1, library ram_256x16_TT_1p8V_25C_lib already exists.
[STA-0366] port 'addr0[0]' not found.
[STA-0366] port 'addr0[1]' not found.
[STA-0366] port 'addr0[2]' not found.
[STA-0366] port 'addr0[3]' not found.
[STA-0366] port 'addr0[4]' not found.
[STA-0366] port 'addr0[5]' not found.
[STA-0366] port 'addr0[6]' not found.
[STA-0366] port 'addr0[7]' not found.
[STA-0366] port 'csb0' not found.
[STA-0366] port 'din0[0]' not found.
[STA-0366] port 'din0[10]' not found.
[STA-0366] port 'din0[11]' not found.
[STA-0366] port 'din0[12]' not found.
[STA-0366] port 'din0[13]' not found.
[STA-0366] port 'din0[14]' not found.
[STA-0366] port 'din0[15]' not found.
[STA-0366] port 'din0[1]' not found.
[STA-0366] port 'din0[2]' not found.
[STA-0366] port 'din0[3]' not found.
[STA-0366] port 'din0[4]' not found.
[STA-0366] port 'din0[5]' not found.
[STA-0366] port 'din0[6]' not found.
[STA-0366] port 'din0[7]' not found.
[STA-0366] port 'din0[8]' not found.
[STA-0366] port 'din0[9]' not found.
[STA-0366] port 'csb0' not found.
[STA-0366] port 'addr0[7]' not found.
[STA-0366] port 'addr0[6]' not found.
[STA-0366] port 'addr0[5]' not found.
[STA-0366] port 'addr0[4]' not found.
[STA-0366] port 'addr0[3]' not found.
[STA-0366] port 'addr0[2]' not found.
[STA-0366] port 'addr0[1]' not found.
[STA-0366] port 'addr0[0]' not found.
[STA-0366] port 'din0[15]' not found.
[STA-0366] port 'din0[14]' not found.
[STA-0366] port 'din0[13]' not found.
[STA-0366] port 'din0[12]' not found.
[STA-0366] port 'din0[11]' not found.
[STA-0366] port 'din0[10]' not found.
[STA-0366] port 'din0[9]' not found.
[STA-0366] port 'din0[8]' not found.
[STA-0366] port 'din0[7]' not found.
[STA-0366] port 'din0[6]' not found.
[STA-0366] port 'din0[5]' not found.
[STA-0366] port 'din0[4]' not found.
[STA-0366] port 'din0[3]' not found.
[STA-0366] port 'din0[2]' not found.
[STA-0366] port 'din0[1]' not found.
[STA-0366] port 'din0[0]' not found.
Running 'Odb.CheckMacroAntennaProperties' at 'runs/RUN_2025-03-04_15-08-23/14-odb-checkmacroantennaproperties'…
Logging subprocess to [repr.filename]'runs/RUN_2025-03-04_15-08-23/14-odb-checkmacroantennaproperties/odb-checkmacroantennaproperties.log'[/repr.filename]…
Cell 'ram_256x16' has (36) input pin(s) without antenna gate information. They might not be connected to a gate.
Cell 'ram_256x16' has (16) output pin(s) without antenna diffusion information. They might not be driven.
Running 'Odb.SetPowerConnections' at 'runs/RUN_2025-03-04_15-08-23/15-odb-setpowerconnections'…
Logging subprocess to [repr.filename]'runs/RUN_2025-03-04_15-08-23/15-odb-setpowerconnections/odb-setpowerconnections.log'[/repr.filename]…
Running 'Odb.ManualMacroPlacement' at 'runs/RUN_2025-03-04_15-08-23/16-odb-manualmacroplacement'…
Instance mem_i0 of macro ram_256x16 has no location configured, ignoring…
Instance mem_i1 of macro ram_256x16 has no location configured, ignoring…
Logging subprocess to [repr.filename]'runs/RUN_2025-03-04_15-08-23/16-odb-manualmacroplacement/odb-manualmacroplacement.log'[/repr.filename]…
Running 'OpenROAD.CutRows' at 'runs/RUN_2025-03-04_15-08-23/17-openroad-cutrows'…
Logging subprocess to [repr.filename]'runs/RUN_2025-03-04_15-08-23/17-openroad-cutrows/openroad-cutrows.log'[/repr.filename]…
[STA-1140] /home/lroot/NCO2ram/ram_256x16/ram_256x16_TT_1p8V_25C.lib line 1, library ram_256x16_TT_1p8V_25C_lib already exists.
[STA-0366] port 'addr0[0]' not found.
[STA-0366] port 'addr0[1]' not found.
[STA-0366] port 'addr0[2]' not found.
[STA-0366] port 'addr0[3]' not found.
[STA-0366] port 'addr0[4]' not found.
[STA-0366] port 'addr0[5]' not found.
[STA-0366] port 'addr0[6]' not found.
[STA-0366] port 'addr0[7]' not found.
[STA-0366] port 'csb0' not found.
[STA-0366] port 'din0[0]' not found.
[STA-0366] port 'din0[10]' not found.
[STA-0366] port 'din0[11]' not found.
[STA-0366] port 'din0[12]' not found.
[STA-0366] port 'din0[13]' not found.
[STA-0366] port 'din0[14]' not found.
[STA-0366] port 'din0[15]' not found.
[STA-0366] port 'din0[1]' not found.
[STA-0366] port 'din0[2]' not found.
[STA-0366] port 'din0[3]' not found.
[STA-0366] port 'din0[4]' not found.
[STA-0366] port 'din0[5]' not found.
[STA-0366] port 'din0[6]' not found.
[STA-0366] port 'din0[7]' not found.
[STA-0366] port 'din0[8]' not found.
[STA-0366] port 'din0[9]' not found.
[STA-0366] port 'csb0' not found.
[STA-0366] port 'addr0[7]' not found.
[STA-0366] port 'addr0[6]' not found.
[STA-0366] port 'addr0[5]' not found.
[STA-0366] port 'addr0[4]' not found.
[STA-0366] port 'addr0[3]' not found.
[STA-0366] port 'addr0[2]' not found.
[STA-0366] port 'addr0[1]' not found.
[STA-0366] port 'addr0[0]' not found.
[STA-0366] port 'din0[15]' not found.
[STA-0366] port 'din0[14]' not found.
[STA-0366] port 'din0[13]' not found.
[STA-0366] port 'din0[12]' not found.
[STA-0366] port 'din0[11]' not found.
[STA-0366] port 'din0[10]' not found.
[STA-0366] port 'din0[9]' not found.
[STA-0366] port 'din0[8]' not found.
[STA-0366] port 'din0[7]' not found.
[STA-0366] port 'din0[6]' not found.
[STA-0366] port 'din0[5]' not found.
[STA-0366] port 'din0[4]' not found.
[STA-0366] port 'din0[3]' not found.
[STA-0366] port 'din0[2]' not found.
[STA-0366] port 'din0[1]' not found.
[STA-0366] port 'din0[0]' not found.
[TAP-0032] Macro mem_i0 is not placed.
[TAP-0032] Macro mem_i1 is not placed.
Running 'OpenROAD.TapEndcapInsertion' at 'runs/RUN_2025-03-04_15-08-23/18-openroad-tapendcapinsertion'…
Logging subprocess to [repr.filename]'runs/RUN_2025-03-04_15-08-23/18-openroad-tapendcapinsertion/openroad-tapendcapinsertion.log'[/repr.filename]…
[STA-1140] /home/lroot/NCO2ram/ram_256x16/ram_256x16_TT_1p8V_25C.lib line 1, library ram_256x16_TT_1p8V_25C_lib already exists.
[STA-0366] port 'addr0[0]' not found.
[STA-0366] port 'addr0[1]' not found.
[STA-0366] port 'addr0[2]' not found.
[STA-0366] port 'addr0[3]' not found.
[STA-0366] port 'addr0[4]' not found.
[STA-0366] port 'addr0[5]' not found.
[STA-0366] port 'addr0[6]' not found.
[STA-0366] port 'addr0[7]' not found.
[STA-0366] port 'csb0' not found.
[STA-0366] port 'din0[0]' not found.
[STA-0366] port 'din0[10]' not found.
[STA-0366] port 'din0[11]' not found.
[STA-0366] port 'din0[12]' not found.
[STA-0366] port 'din0[13]' not found.
[STA-0366] port 'din0[14]' not found.
[STA-0366] port 'din0[15]' not found.
[STA-0366] port 'din0[1]' not found.
[STA-0366] port 'din0[2]' not found.
[STA-0366] port 'din0[3]' not found.
[STA-0366] port 'din0[4]' not found.
[STA-0366] port 'din0[5]' not found.
[STA-0366] port 'din0[6]' not found.
[STA-0366] port 'din0[7]' not found.
[STA-0366] port 'din0[8]' not found.
[STA-0366] port 'din0[9]' not found.
[STA-0366] port 'csb0' not found.
[STA-0366] port 'addr0[7]' not found.
[STA-0366] port 'addr0[6]' not found.
[STA-0366] port 'addr0[5]' not found.
[STA-0366] port 'addr0[4]' not found.
[STA-0366] port 'addr0[3]' not found.
[STA-0366] port 'addr0[2]' not found.
[STA-0366] port 'addr0[1]' not found.
[STA-0366] port 'addr0[0]' not found.
[STA-0366] port 'din0[15]' not found.
[STA-0366] port 'din0[14]' not found.
[STA-0366] port 'din0[13]' not found.
[STA-0366] port 'din0[12]' not found.
[STA-0366] port 'din0[11]' not found.
[STA-0366] port 'din0[10]' not found.
[STA-0366] port 'din0[9]' not found.
[STA-0366] port 'din0[8]' not found.
[STA-0366] port 'din0[7]' not found.
[STA-0366] port 'din0[6]' not found.
[STA-0366] port 'din0[5]' not found.
[STA-0366] port 'din0[4]' not found.
[STA-0366] port 'din0[3]' not found.
[STA-0366] port 'din0[2]' not found.
[STA-0366] port 'din0[1]' not found.
[STA-0366] port 'din0[0]' not found.
[TAP-0032] Macro mem_i0 is not placed.
[TAP-0032] Macro mem_i1 is not placed.
Running 'Odb.AddPDNObstructions' at 'runs/RUN_2025-03-04_15-08-23/19-odb-addpdnobstructions'…
'PDN_OBSTRUCTIONS' is not defined. Skipping 'Odb.AddPDNObstructions'…
Running 'OpenROAD.GeneratePDN' at 'runs/RUN_2025-03-04_15-08-23/20-openroad-generatepdn'…
'FP_PDN_CFG' not explicitly set, setting it to /nix/store/1713bzlk8w8z17prigcs0xh0ha523ii5-python3-3.11.9-env/lib/python3.11/site-packages/openlane/scripts/openroad/common/pdn_cfg.tcl…
Logging subprocess to [repr.filename]'runs/RUN_2025-03-04_15-08-23/20-openroad-generatepdn/openroad-generatepdn.log'[/repr.filename]…
[STA-1140] /home/lroot/NCO2ram/ram_256x16/ram_256x16_TT_1p8V_25C.lib line 1, library ram_256x16_TT_1p8V_25C_lib already exists.
[STA-0366] port 'addr0[0]' not found.
[STA-0366] port 'addr0[1]' not found.
[STA-0366] port 'addr0[2]' not found.
[STA-0366] port 'addr0[3]' not found.
[STA-0366] port 'addr0[4]' not found.
[STA-0366] port 'addr0[5]' not found.
[STA-0366] port 'addr0[6]' not found.
[STA-0366] port 'addr0[7]' not found.
[STA-0366] port 'csb0' not found.
[STA-0366] port 'din0[0]' not found.
[STA-0366] port 'din0[10]' not found.
[STA-0366] port 'din0[11]' not found.
[STA-0366] port 'din0[12]' not found.
[STA-0366] port 'din0[13]' not found.
[STA-0366] port 'din0[14]' not found.
[STA-0366] port 'din0[15]' not found.
[STA-0366] port 'din0[1]' not found.
[STA-0366] port 'din0[2]' not found.
[STA-0366] port 'din0[3]' not found.
[STA-0366] port 'din0[4]' not found.
[STA-0366] port 'din0[5]' not found.
[STA-0366] port 'din0[6]' not found.
[STA-0366] port 'din0[7]' not found.
[STA-0366] port 'din0[8]' not found.
[STA-0366] port 'din0[9]' not found.
[STA-0366] port 'csb0' not found.
[STA-0366] port 'addr0[7]' not found.
[STA-0366] port 'addr0[6]' not found.
[STA-0366] port 'addr0[5]' not found.
[STA-0366] port 'addr0[4]' not found.
[STA-0366] port 'addr0[3]' not found.
[STA-0366] port 'addr0[2]' not found.
[STA-0366] port 'addr0[1]' not found.
[STA-0366] port 'addr0[0]' not found.
[STA-0366] port 'din0[15]' not found.
[STA-0366] port 'din0[14]' not found.
[STA-0366] port 'din0[13]' not found.
[STA-0366] port 'din0[12]' not found.
[STA-0366] port 'din0[11]' not found.
[STA-0366] port 'din0[10]' not found.
[STA-0366] port 'din0[9]' not found.
[STA-0366] port 'din0[8]' not found.
[STA-0366] port 'din0[7]' not found.
[STA-0366] port 'din0[6]' not found.
[STA-0366] port 'din0[5]' not found.
[STA-0366] port 'din0[4]' not found.
[STA-0366] port 'din0[3]' not found.
[STA-0366] port 'din0[2]' not found.
[STA-0366] port 'din0[1]' not found.
[STA-0366] port 'din0[0]' not found.
[PDN-0234] mem_i0 has not been placed and fixed.
[PDN-0234] mem_i1 has not been placed and fixed.
[PDN-0235] Design has unplaced macros.
