Clock: clk
Sources: clk 
Generated: no
Virtual: yes
Propagated: no
Period: 5.000000

===========================================================================
report_clock_properties
============================================================================
Clock                   Period          Waveform
----------------------------------------------------
clk                   5.000000    0.000000  2.500000

===========================================================================
report_clock_latency
============================================================================
Clock clk
rise -> rise
    min     max
0.000000 0.000000 source latency
1.217370         network latency _083_/CLK
        1.228437 network latency _090_/CLK
---------------
1.217370 1.228437 latency
        0.011068 skew

fall -> fall
    min     max
0.000000 0.000000 source latency
1.007323         network latency _083_/CLK
        1.024950 network latency _090_/CLK
---------------
1.007323 1.024950 latency
        0.017627 skew



===========================================================================
report_clock_min_period
============================================================================
clk period_min = 4.02 fmax = 248.74
