Clock: clk
Sources: clk 
Generated: no
Virtual: yes
Propagated: no
Period: 5.000000

===========================================================================
report_clock_properties
============================================================================
Clock                   Period          Waveform
----------------------------------------------------
clk                   5.000000    0.000000  2.500000

===========================================================================
report_clock_latency
============================================================================
Clock clk
rise -> rise
    min     max
0.000000 0.000000 source latency
0.287262         network latency _079_/CLK
        0.287262 network latency _079_/CLK
---------------
0.287262 0.287262 latency
        0.000000 skew

fall -> fall
    min     max
0.000000 0.000000 source latency
0.172429         network latency _079_/CLK
        0.172429 network latency _079_/CLK
---------------
0.172429 0.172429 latency
        0.000000 skew



===========================================================================
report_clock_min_period
============================================================================
clk period_min = 3.14 fmax = 318.16
