
Magic 8.3 revision 489 - Compiled on Thu Aug 22 13:45:15 UTC 2024.
Starting magic under Tcl interpreter
Using the terminal as the console.
Using NULL graphics device.
Processing system .magicrc file
Sourcing design .magicrc for technology sky130A ...
2 Magic internal units = 1 Lambda
Input style sky130(): scaleFactor=2, multiplier=2
The following types are not handled by extraction and will be treated as non-electrical types:
    ubm 
Scaled tech values by 2 / 1 to match internal grid scaling
Loading sky130A Device Generator Menu ...
Loading "/nix/store/1713bzlk8w8z17prigcs0xh0ha523ii5-python3-3.11.9-env/lib/python3.11/site-packages/openlane/scripts/magic/wrapper.tcl" from command line.
> lef read /home/lroot/.volare/volare/sky130/versions/0fe599b2afb6708d281543108caf8310912f54af/sky130A/libs.ref/sky130_fd_sc_hd/techlef/sky130_fd_sc_hd__nom.tlef
Reading LEF data from file /home/lroot/.volare/volare/sky130/versions/0fe599b2afb6708d281543108caf8310912f54af/sky130A/libs.ref/sky130_fd_sc_hd/techlef/sky130_fd_sc_hd__nom.tlef.
This action cannot be undone.
LEF read, Line 82 (Message): Unknown keyword "ANTENNAMODEL" in LEF file; ignoring.
LEF read, Line 83 (Message): Unknown keyword "ANTENNADIFFSIDEAREARATIO" in LEF file; ignoring.
LEF read, Line 116 (Message): Unknown keyword "MINENCLOSEDAREA" in LEF file; ignoring.
LEF read, Line 118 (Message): Unknown keyword "ANTENNAMODEL" in LEF file; ignoring.
LEF read, Line 119 (Message): Unknown keyword "ANTENNADIFFSIDEAREARATIO" in LEF file; ignoring.
LEF read, Line 125 (Message): Unknown keyword "MAXIMUMDENSITY" in LEF file; ignoring.
LEF read, Line 126 (Message): Unknown keyword "DENSITYCHECKWINDOW" in LEF file; ignoring.
LEF read, Line 127 (Message): Unknown keyword "DENSITYCHECKSTEP" in LEF file; ignoring.
LEF read, Line 160 (Message): Unknown keyword "MINENCLOSEDAREA" in LEF file; ignoring.
LEF read, Line 168 (Message): Unknown keyword "ANTENNAMODEL" in LEF file; ignoring.
LEF read, Line 169 (Message): Unknown keyword "ANTENNADIFFSIDEAREARATIO" in LEF file; ignoring.
LEF read, Line 171 (Message): Unknown keyword "MAXIMUMDENSITY" in LEF file; ignoring.
LEF read, Line 172 (Message): Unknown keyword "DENSITYCHECKWINDOW" in LEF file; ignoring.
LEF read, Line 173 (Message): Unknown keyword "DENSITYCHECKSTEP" in LEF file; ignoring.
LEF read, Line 210 (Message): Unknown keyword "ANTENNAMODEL" in LEF file; ignoring.
LEF read, Line 211 (Message): Unknown keyword "ANTENNADIFFSIDEAREARATIO" in LEF file; ignoring.
LEF read, Line 213 (Message): Unknown keyword "MAXIMUMDENSITY" in LEF file; ignoring.
LEF read, Line 214 (Message): Unknown keyword "DENSITYCHECKWINDOW" in LEF file; ignoring.
LEF read, Line 215 (Message): Unknown keyword "DENSITYCHECKSTEP" in LEF file; ignoring.
LEF read, Line 252 (Message): Unknown keyword "ANTENNAMODEL" in LEF file; ignoring.
LEF read, Line 253 (Message): Unknown keyword "ANTENNADIFFSIDEAREARATIO" in LEF file; ignoring.
LEF read, Line 255 (Message): Unknown keyword "MAXIMUMDENSITY" in LEF file; ignoring.
LEF read, Line 256 (Message): Unknown keyword "DENSITYCHECKWINDOW" in LEF file; ignoring.
LEF read, Line 257 (Message): Unknown keyword "DENSITYCHECKSTEP" in LEF file; ignoring.
LEF read, Line 294 (Message): Unknown keyword "ANTENNAMODEL" in LEF file; ignoring.
LEF read, Line 295 (Message): Unknown keyword "ANTENNADIFFSIDEAREARATIO" in LEF file; ignoring.
LEF read: Processed 801 lines.
> gds read /home/lroot/.volare/volare/sky130/versions/0fe599b2afb6708d281543108caf8310912f54af/sky130A/libs.ref/sky130_fd_sc_hd/gds/sky130_fd_sc_hd.gds
Warning: Calma reading is not undoable!  I hope that's OK.
Library written using GDS-II Release 3.0
Library name: sky130_fd_sc_hd
Reading "sky130_fd_sc_hd__or4bb_4".
Reading "sky130_fd_sc_hd__probe_p_8".
Reading "sky130_fd_sc_hd__probec_p_8".
Reading "sky130_fd_sc_hd__sdfbbn_1".
Reading "sky130_fd_sc_hd__sdfsbp_2".
Reading "sky130_fd_sc_hd__sdfsbp_1".
Reading "sky130_fd_sc_hd__sdfrtp_4".
Reading "sky130_fd_sc_hd__sdfrtp_2".
Reading "sky130_fd_sc_hd__sdfrtp_1".
Reading "sky130_fd_sc_hd__sdfrtn_1".
Reading "sky130_fd_sc_hd__sdfrbp_2".
Reading "sky130_fd_sc_hd__sdfrbp_1".
Reading "sky130_fd_sc_hd__sdfbbp_1".
Reading "sky130_fd_sc_hd__sdfbbn_2".
Reading "sky130_fd_sc_hd__sdfstp_1".
Reading "sky130_fd_sc_hd__sdfstp_2".
Reading "sky130_fd_sc_hd__sdfstp_4".
Reading "sky130_fd_sc_hd__sdfxbp_1".
Reading "sky130_fd_sc_hd__sdfxbp_2".
Reading "sky130_fd_sc_hd__sdfxtp_1".
Reading "sky130_fd_sc_hd__sdfxtp_2".
Reading "sky130_fd_sc_hd__sdfxtp_4".
Reading "sky130_fd_sc_hd__sdlclkp_1".
Reading "sky130_fd_sc_hd__sdlclkp_2".
Reading "sky130_fd_sc_hd__sdlclkp_4".
Reading "sky130_fd_sc_hd__sedfxbp_1".
Reading "sky130_fd_sc_hd__sedfxbp_2".
Reading "sky130_fd_sc_hd__sedfxtp_1".
Reading "sky130_fd_sc_hd__sedfxtp_2".
Reading "sky130_fd_sc_hd__sedfxtp_4".
Reading "sky130_fd_sc_hd__tap_1".
Reading "sky130_fd_sc_hd__tap_2".
Reading "sky130_fd_sc_hd__xor2_1".
Reading "sky130_fd_sc_hd__xnor3_4".
Reading "sky130_fd_sc_hd__xnor3_2".
Reading "sky130_fd_sc_hd__xnor3_1".
Reading "sky130_fd_sc_hd__xnor2_4".
Reading "sky130_fd_sc_hd__xnor2_2".
Reading "sky130_fd_sc_hd__xnor2_1".
Reading "sky130_fd_sc_hd__tapvpwrvgnd_1".
Reading "sky130_fd_sc_hd__tapvgnd_1".
Reading "sky130_fd_sc_hd__tapvgnd2_1".
Reading "sky130_fd_sc_hd__xor2_2".
Reading "sky130_fd_sc_hd__xor2_4".
Reading "sky130_fd_sc_hd__xor3_1".
Reading "sky130_fd_sc_hd__xor3_2".
Reading "sky130_fd_sc_hd__xor3_4".
Reading "sky130_fd_sc_hd__o41a_4".
Reading "sky130_fd_sc_hd__o41ai_1".
Reading "sky130_fd_sc_hd__o41ai_2".
Reading "sky130_fd_sc_hd__o41ai_4".
Reading "sky130_fd_sc_hd__o211a_1".
Reading "sky130_fd_sc_hd__o211a_2".
Reading "sky130_fd_sc_hd__o211a_4".
Reading "sky130_fd_sc_hd__o211ai_1".
Reading "sky130_fd_sc_hd__o211ai_2".
Reading "sky130_fd_sc_hd__o211ai_4".
Reading "sky130_fd_sc_hd__o221a_1".
Reading "sky130_fd_sc_hd__o221a_2".
Reading "sky130_fd_sc_hd__o221a_4".
Reading "sky130_fd_sc_hd__o221ai_1".
Reading "sky130_fd_sc_hd__o221ai_2".
Reading "sky130_fd_sc_hd__o221ai_4".
Reading "sky130_fd_sc_hd__o2111a_4".
Reading "sky130_fd_sc_hd__o2111a_2".
Reading "sky130_fd_sc_hd__o2111a_1".
Reading "sky130_fd_sc_hd__o311ai_4".
Reading "sky130_fd_sc_hd__o311ai_2".
Reading "sky130_fd_sc_hd__o311ai_1".
Reading "sky130_fd_sc_hd__o311ai_0".
Reading "sky130_fd_sc_hd__o311a_4".
Reading "sky130_fd_sc_hd__o311a_2".
Reading "sky130_fd_sc_hd__o311a_1".
Reading "sky130_fd_sc_hd__o2111ai_1".
Reading "sky130_fd_sc_hd__o2111ai_2".
Reading "sky130_fd_sc_hd__o2111ai_4".
Reading "sky130_fd_sc_hd__or2_0".
Reading "sky130_fd_sc_hd__or2_1".
Reading "sky130_fd_sc_hd__or2_2".
Reading "sky130_fd_sc_hd__or2_4".
Reading "sky130_fd_sc_hd__or2b_1".
Reading "sky130_fd_sc_hd__or2b_2".
Reading "sky130_fd_sc_hd__or2b_4".
Reading "sky130_fd_sc_hd__or3_1".
Reading "sky130_fd_sc_hd__or3_2".
Reading "sky130_fd_sc_hd__or3_4".
Reading "sky130_fd_sc_hd__or3b_1".
Reading "sky130_fd_sc_hd__or3b_2".
Reading "sky130_fd_sc_hd__or3b_4".
Reading "sky130_fd_sc_hd__or4_1".
Reading "sky130_fd_sc_hd__or4_2".
Reading "sky130_fd_sc_hd__or4_4".
Reading "sky130_fd_sc_hd__or4b_1".
Reading "sky130_fd_sc_hd__or4b_2".
Reading "sky130_fd_sc_hd__or4b_4".
Reading "sky130_fd_sc_hd__or4bb_1".
Reading "sky130_fd_sc_hd__or4bb_2".
Reading "sky130_fd_sc_hd__nor3b_2".
Reading "sky130_fd_sc_hd__nor3b_4".
Reading "sky130_fd_sc_hd__nor4_1".
Reading "sky130_fd_sc_hd__nor4_2".
Reading "sky130_fd_sc_hd__nor4_4".
Reading "sky130_fd_sc_hd__nor4b_1".
Reading "sky130_fd_sc_hd__nor4b_2".
Reading "sky130_fd_sc_hd__nor4b_4".
Reading "sky130_fd_sc_hd__nor4bb_1".
Reading "sky130_fd_sc_hd__nor4bb_2".
Reading "sky130_fd_sc_hd__nor4bb_4".
Moving label "k" from mvpsubdiff to ndiff in cell sky130_fd_sc_hd__nor4bb_4.
Reading "sky130_fd_sc_hd__o2bb2a_1".
Reading "sky130_fd_sc_hd__o2bb2a_2".
Reading "sky130_fd_sc_hd__o2bb2a_4".
Reading "sky130_fd_sc_hd__o2bb2ai_1".
Reading "sky130_fd_sc_hd__o2bb2ai_2".
Reading "sky130_fd_sc_hd__o2bb2ai_4".
Reading "sky130_fd_sc_hd__o21a_1".
Reading "sky130_fd_sc_hd__o21a_2".
Reading "sky130_fd_sc_hd__o21ai_2".
Reading "sky130_fd_sc_hd__o21ai_1".
Reading "sky130_fd_sc_hd__o21ai_0".
Reading "sky130_fd_sc_hd__o21a_4".
Reading "sky130_fd_sc_hd__o21ba_2".
Reading "sky130_fd_sc_hd__o21ba_1".
Reading "sky130_fd_sc_hd__o21ai_4".
Reading "sky130_fd_sc_hd__o21bai_2".
Reading "sky130_fd_sc_hd__o21bai_1".
Reading "sky130_fd_sc_hd__o21ba_4".
Reading "sky130_fd_sc_hd__o21bai_4".
Reading "sky130_fd_sc_hd__o22a_1".
Reading "sky130_fd_sc_hd__o22a_2".
Reading "sky130_fd_sc_hd__o22a_4".
Reading "sky130_fd_sc_hd__o22ai_1".
Reading "sky130_fd_sc_hd__o22ai_2".
Reading "sky130_fd_sc_hd__o22ai_4".
Reading "sky130_fd_sc_hd__o31a_1".
Reading "sky130_fd_sc_hd__o31a_2".
Reading "sky130_fd_sc_hd__o31a_4".
Reading "sky130_fd_sc_hd__o31ai_1".
Reading "sky130_fd_sc_hd__o31ai_2".
Reading "sky130_fd_sc_hd__o31ai_4".
Reading "sky130_fd_sc_hd__o32a_1".
Reading "sky130_fd_sc_hd__o32a_2".
Reading "sky130_fd_sc_hd__o32a_4".
Reading "sky130_fd_sc_hd__o32ai_1".
Reading "sky130_fd_sc_hd__o32ai_2".
Reading "sky130_fd_sc_hd__o32ai_4".
Reading "sky130_fd_sc_hd__o41a_1".
Reading "sky130_fd_sc_hd__o41a_2".
Reading "sky130_fd_sc_hd__lpflow_lsbuf_lh_hl_isowell_tap_1".
CIF file read warning: CIF style sky130(): units rescaled by factor of 5 / 1
Reading "sky130_fd_sc_hd__lpflow_lsbuf_lh_hl_isowell_tap_2".
Reading "sky130_fd_sc_hd__lpflow_lsbuf_lh_hl_isowell_tap_4".
Reading "sky130_fd_sc_hd__lpflow_lsbuf_lh_isowell_4".
Reading "sky130_fd_sc_hd__lpflow_lsbuf_lh_isowell_tap_1".
Reading "sky130_fd_sc_hd__lpflow_lsbuf_lh_isowell_tap_2".
Reading "sky130_fd_sc_hd__lpflow_lsbuf_lh_isowell_tap_4".
Reading "sky130_fd_sc_hd__nor2_2".
Reading "sky130_fd_sc_hd__nand2_2".
Reading "sky130_fd_sc_hd__inv_2".
Reading "sky130_fd_sc_hd__conb_1".
Reading "sky130_fd_sc_hd__macro_sparecell".
Reading "sky130_fd_sc_hd__maj3_1".
Reading "sky130_fd_sc_hd__maj3_2".
Reading "sky130_fd_sc_hd__maj3_4".
Reading "sky130_fd_sc_hd__mux2_1".
Reading "sky130_fd_sc_hd__mux2_2".
Reading "sky130_fd_sc_hd__mux2_4".
Reading "sky130_fd_sc_hd__mux2_8".
Reading "sky130_fd_sc_hd__mux2i_1".
Reading "sky130_fd_sc_hd__mux2i_2".
Reading "sky130_fd_sc_hd__nand2_1".
Reading "sky130_fd_sc_hd__nand2_4".
Reading "sky130_fd_sc_hd__nand2_8".
Reading "sky130_fd_sc_hd__nand2b_1".
Reading "sky130_fd_sc_hd__mux2i_4".
Reading "sky130_fd_sc_hd__mux4_1".
Reading "sky130_fd_sc_hd__mux4_2".
Reading "sky130_fd_sc_hd__mux4_4".
Reading "sky130_fd_sc_hd__nand2b_2".
Reading "sky130_fd_sc_hd__nand2b_4".
Reading "sky130_fd_sc_hd__nand3_1".
Reading "sky130_fd_sc_hd__nand3_2".
Reading "sky130_fd_sc_hd__nand3_4".
Reading "sky130_fd_sc_hd__nand3b_1".
Reading "sky130_fd_sc_hd__nand3b_2".
Reading "sky130_fd_sc_hd__nand3b_4".
Reading "sky130_fd_sc_hd__nand4_1".
Reading "sky130_fd_sc_hd__nand4_2".
Reading "sky130_fd_sc_hd__nand4_4".
Reading "sky130_fd_sc_hd__nand4b_1".
Reading "sky130_fd_sc_hd__nand4b_2".
Reading "sky130_fd_sc_hd__nand4b_4".
Reading "sky130_fd_sc_hd__nand4bb_1".
Reading "sky130_fd_sc_hd__nand4bb_2".
Reading "sky130_fd_sc_hd__nand4bb_4".
Reading "sky130_fd_sc_hd__nor2_1".
Reading "sky130_fd_sc_hd__nor2_4".
Reading "sky130_fd_sc_hd__nor2_8".
Reading "sky130_fd_sc_hd__nor2b_1".
Reading "sky130_fd_sc_hd__nor2b_2".
Reading "sky130_fd_sc_hd__nor2b_4".
Reading "sky130_fd_sc_hd__nor3_1".
Reading "sky130_fd_sc_hd__nor3_2".
Reading "sky130_fd_sc_hd__nor3_4".
Reading "sky130_fd_sc_hd__nor3b_1".
Reading "sky130_fd_sc_hd__einvp_1".
Reading "sky130_fd_sc_hd__einvp_2".
Reading "sky130_fd_sc_hd__einvp_4".
Reading "sky130_fd_sc_hd__einvp_8".
Reading "sky130_fd_sc_hd__fa_1".
Reading "sky130_fd_sc_hd__fa_2".
Reading "sky130_fd_sc_hd__fa_4".
Reading "sky130_fd_sc_hd__fah_1".
Reading "sky130_fd_sc_hd__fahcin_1".
Reading "sky130_fd_sc_hd__fahcon_1".
Reading "sky130_fd_sc_hd__fill_1".
Reading "sky130_fd_sc_hd__fill_2".
Reading "sky130_fd_sc_hd__fill_4".
Reading "sky130_fd_sc_hd__fill_8".
Reading "sky130_fd_sc_hd__ha_1".
Reading "sky130_fd_sc_hd__ha_2".
Reading "sky130_fd_sc_hd__ha_4".
Reading "sky130_fd_sc_hd__inv_1".
Reading "sky130_fd_sc_hd__inv_16".
Reading "sky130_fd_sc_hd__inv_12".
Reading "sky130_fd_sc_hd__inv_8".
Reading "sky130_fd_sc_hd__inv_6".
Reading "sky130_fd_sc_hd__inv_4".
Reading "sky130_fd_sc_hd__lpflow_clkbufkapwr_4".
Reading "sky130_fd_sc_hd__lpflow_clkbufkapwr_2".
Reading "sky130_fd_sc_hd__lpflow_clkbufkapwr_1".
Reading "sky130_fd_sc_hd__lpflow_bleeder_1".
Reading "sky130_fd_sc_hd__lpflow_clkbufkapwr_8".
Reading "sky130_fd_sc_hd__lpflow_clkbufkapwr_16".
Reading "sky130_fd_sc_hd__lpflow_clkinvkapwr_1".
Reading "sky130_fd_sc_hd__lpflow_clkinvkapwr_2".
Reading "sky130_fd_sc_hd__lpflow_clkinvkapwr_4".
Reading "sky130_fd_sc_hd__lpflow_clkinvkapwr_8".
Reading "sky130_fd_sc_hd__lpflow_clkinvkapwr_16".
Reading "sky130_fd_sc_hd__lpflow_decapkapwr_3".
Reading "sky130_fd_sc_hd__lpflow_decapkapwr_4".
Reading "sky130_fd_sc_hd__lpflow_decapkapwr_6".
Reading "sky130_fd_sc_hd__lpflow_inputiso0n_1".
Reading "sky130_fd_sc_hd__lpflow_decapkapwr_12".
Reading "sky130_fd_sc_hd__lpflow_decapkapwr_8".
Reading "sky130_fd_sc_hd__lpflow_inputisolatch_1".
Reading "sky130_fd_sc_hd__lpflow_inputiso1p_1".
Reading "sky130_fd_sc_hd__lpflow_inputiso1n_1".
Reading "sky130_fd_sc_hd__lpflow_inputiso0p_1".
Reading "sky130_fd_sc_hd__lpflow_isobufsrc_4".
Reading "sky130_fd_sc_hd__lpflow_isobufsrc_2".
Reading "sky130_fd_sc_hd__lpflow_isobufsrc_1".
Reading "sky130_fd_sc_hd__lpflow_isobufsrc_8".
Reading "sky130_fd_sc_hd__lpflow_isobufsrc_16".
Reading "sky130_fd_sc_hd__lpflow_isobufsrckapwr_16".
Reading "sky130_fd_sc_hd__dfrtp_2".
Reading "sky130_fd_sc_hd__dfrtp_4".
Reading "sky130_fd_sc_hd__dfsbp_1".
Reading "sky130_fd_sc_hd__dfsbp_2".
Reading "sky130_fd_sc_hd__dfstp_1".
Reading "sky130_fd_sc_hd__dfstp_2".
Reading "sky130_fd_sc_hd__dfstp_4".
Reading "sky130_fd_sc_hd__dfxbp_1".
Reading "sky130_fd_sc_hd__dfxbp_2".
Reading "sky130_fd_sc_hd__dfxtp_1".
Reading "sky130_fd_sc_hd__dfxtp_2".
Reading "sky130_fd_sc_hd__dfxtp_4".
Reading "sky130_fd_sc_hd__diode_2".
Reading "sky130_fd_sc_hd__dlclkp_1".
Reading "sky130_fd_sc_hd__dlclkp_2".
Reading "sky130_fd_sc_hd__dlclkp_4".
Reading "sky130_fd_sc_hd__dlrbn_1".
Reading "sky130_fd_sc_hd__dlrbp_1".
Reading "sky130_fd_sc_hd__dlrtn_1".
Reading "sky130_fd_sc_hd__dlrtn_2".
Reading "sky130_fd_sc_hd__dlrbn_2".
Reading "sky130_fd_sc_hd__dlrbp_2".
Reading "sky130_fd_sc_hd__dlrtn_4".
Reading "sky130_fd_sc_hd__dlrtp_1".
Reading "sky130_fd_sc_hd__dlrtp_2".
Reading "sky130_fd_sc_hd__dlrtp_4".
Reading "sky130_fd_sc_hd__dlxbn_1".
Reading "sky130_fd_sc_hd__dlxbn_2".
Reading "sky130_fd_sc_hd__dlxbp_1".
Reading "sky130_fd_sc_hd__dlxtn_1".
Reading "sky130_fd_sc_hd__dlxtn_2".
Reading "sky130_fd_sc_hd__dlxtn_4".
Reading "sky130_fd_sc_hd__dlxtp_1".
Reading "sky130_fd_sc_hd__dlygate4sd1_1".
Reading "sky130_fd_sc_hd__dlygate4sd2_1".
Reading "sky130_fd_sc_hd__dlygate4sd3_1".
Reading "sky130_fd_sc_hd__dlymetal6s2s_1".
Reading "sky130_fd_sc_hd__dlymetal6s4s_1".
Reading "sky130_fd_sc_hd__dlymetal6s6s_1".
Reading "sky130_fd_sc_hd__ebufn_1".
Reading "sky130_fd_sc_hd__ebufn_2".
Reading "sky130_fd_sc_hd__ebufn_4".
Reading "sky130_fd_sc_hd__einvn_0".
Reading "sky130_fd_sc_hd__einvn_1".
Reading "sky130_fd_sc_hd__einvn_2".
Reading "sky130_fd_sc_hd__einvn_4".
Reading "sky130_fd_sc_hd__ebufn_8".
Reading "sky130_fd_sc_hd__edfxbp_1".
Reading "sky130_fd_sc_hd__edfxtp_1".
Reading "sky130_fd_sc_hd__einvn_8".
Reading "sky130_fd_sc_hd__and4_4".
Reading "sky130_fd_sc_hd__and4b_1".
Reading "sky130_fd_sc_hd__and4b_2".
Reading "sky130_fd_sc_hd__and4b_4".
Reading "sky130_fd_sc_hd__and4bb_1".
Reading "sky130_fd_sc_hd__and4bb_2".
Reading "sky130_fd_sc_hd__and4bb_4".
Reading "sky130_fd_sc_hd__buf_1".
Reading "sky130_fd_sc_hd__buf_2".
Reading "sky130_fd_sc_hd__buf_4".
Reading "sky130_fd_sc_hd__buf_6".
Reading "sky130_fd_sc_hd__buf_8".
Reading "sky130_fd_sc_hd__buf_12".
Reading "sky130_fd_sc_hd__buf_16".
Reading "sky130_fd_sc_hd__bufbuf_8".
Reading "sky130_fd_sc_hd__clkdlybuf4s15_2".
Reading "sky130_fd_sc_hd__clkdlybuf4s15_1".
Reading "sky130_fd_sc_hd__clkbuf_16".
Reading "sky130_fd_sc_hd__clkbuf_8".
Reading "sky130_fd_sc_hd__clkbuf_4".
Reading "sky130_fd_sc_hd__clkbuf_2".
Reading "sky130_fd_sc_hd__clkbuf_1".
Reading "sky130_fd_sc_hd__bufinv_16".
Reading "sky130_fd_sc_hd__bufinv_8".
Reading "sky130_fd_sc_hd__bufbuf_16".
Reading "sky130_fd_sc_hd__clkdlybuf4s18_1".
Reading "sky130_fd_sc_hd__clkdlybuf4s18_2".
Reading "sky130_fd_sc_hd__clkdlybuf4s25_1".
Reading "sky130_fd_sc_hd__clkdlybuf4s25_2".
Reading "sky130_fd_sc_hd__clkdlybuf4s50_1".
Reading "sky130_fd_sc_hd__clkdlybuf4s50_2".
Reading "sky130_fd_sc_hd__clkinv_1".
Reading "sky130_fd_sc_hd__clkinv_2".
Reading "sky130_fd_sc_hd__clkinv_4".
Reading "sky130_fd_sc_hd__dfbbn_1".
Reading "sky130_fd_sc_hd__decap_12".
Reading "sky130_fd_sc_hd__decap_8".
Reading "sky130_fd_sc_hd__decap_6".
Reading "sky130_fd_sc_hd__decap_4".
Reading "sky130_fd_sc_hd__decap_3".
Reading "sky130_fd_sc_hd__clkinvlp_4".
Reading "sky130_fd_sc_hd__clkinvlp_2".
Reading "sky130_fd_sc_hd__clkinv_16".
Reading "sky130_fd_sc_hd__clkinv_8".
Reading "sky130_fd_sc_hd__dfbbn_2".
Reading "sky130_fd_sc_hd__dfbbp_1".
Reading "sky130_fd_sc_hd__dfrbp_1".
Reading "sky130_fd_sc_hd__dfrbp_2".
Reading "sky130_fd_sc_hd__dfrtn_1".
Reading "sky130_fd_sc_hd__dfrtp_1".
Reading "sky130_fd_sc_hd__a32oi_1".
Reading "sky130_fd_sc_hd__a32oi_2".
Reading "sky130_fd_sc_hd__a32oi_4".
Reading "sky130_fd_sc_hd__a41o_1".
Reading "sky130_fd_sc_hd__a41o_2".
Reading "sky130_fd_sc_hd__a41o_4".
Reading "sky130_fd_sc_hd__a41oi_1".
Reading "sky130_fd_sc_hd__a41oi_2".
Reading "sky130_fd_sc_hd__a41oi_4".
Reading "sky130_fd_sc_hd__a221o_4".
Reading "sky130_fd_sc_hd__a221o_2".
Reading "sky130_fd_sc_hd__a221oi_1".
Reading "sky130_fd_sc_hd__a211oi_2".
Reading "sky130_fd_sc_hd__a211oi_1".
Reading "sky130_fd_sc_hd__a211o_4".
Reading "sky130_fd_sc_hd__a211o_2".
Reading "sky130_fd_sc_hd__a211o_1".
Reading "sky130_fd_sc_hd__a221o_1".
Reading "sky130_fd_sc_hd__a211oi_4".
Reading "sky130_fd_sc_hd__a221oi_2".
Reading "sky130_fd_sc_hd__a221oi_4".
Reading "sky130_fd_sc_hd__a222oi_1".
Reading "sky130_fd_sc_hd__a311o_1".
Reading "sky130_fd_sc_hd__a311o_2".
Reading "sky130_fd_sc_hd__a311o_4".
Reading "sky130_fd_sc_hd__a311oi_1".
Reading "sky130_fd_sc_hd__a311oi_2".
Reading "sky130_fd_sc_hd__a311oi_4".
Reading "sky130_fd_sc_hd__a2111o_1".
Reading "sky130_fd_sc_hd__a2111o_2".
Reading "sky130_fd_sc_hd__a2111o_4".
Reading "sky130_fd_sc_hd__a2111oi_0".
Reading "sky130_fd_sc_hd__a2111oi_1".
CIF file read warning: Input off lambda grid by 2/5; snapped to grid.
Reading "sky130_fd_sc_hd__a2111oi_2".
Reading "sky130_fd_sc_hd__a2111oi_4".
Reading "sky130_fd_sc_hd__and2_0".
Reading "sky130_fd_sc_hd__and2_1".
Reading "sky130_fd_sc_hd__and2b_1".
Reading "sky130_fd_sc_hd__and2_4".
Reading "sky130_fd_sc_hd__and2_2".
Reading "sky130_fd_sc_hd__and2b_4".
Reading "sky130_fd_sc_hd__and2b_2".
Reading "sky130_fd_sc_hd__and3_4".
Reading "sky130_fd_sc_hd__and3_2".
Reading "sky130_fd_sc_hd__and3_1".
Reading "sky130_fd_sc_hd__and3b_2".
Reading "sky130_fd_sc_hd__and3b_1".
Reading "sky130_fd_sc_hd__and3b_4".
Reading "sky130_fd_sc_hd__and4_1".
Reading "sky130_fd_sc_hd__and4_2".
Reading "sky130_ef_sc_hd__decap_12".
Reading "sky130_ef_sc_hd__fill_4".
Reading "sky130_ef_sc_hd__fill_8".
Reading "sky130_ef_sc_hd__fill_12".
Reading "sky130_fd_sc_hd__a2bb2o_1".
Reading "sky130_fd_sc_hd__a2bb2o_2".
Reading "sky130_fd_sc_hd__a2bb2o_4".
Reading "sky130_fd_sc_hd__a2bb2oi_1".
Reading "sky130_fd_sc_hd__a2bb2oi_2".
Reading "sky130_fd_sc_hd__a2bb2oi_4".
Reading "sky130_fd_sc_hd__a21bo_1".
Reading "sky130_fd_sc_hd__a21bo_2".
Reading "sky130_fd_sc_hd__a21bo_4".
Reading "sky130_fd_sc_hd__a21boi_0".
Reading "sky130_fd_sc_hd__a21boi_1".
Reading "sky130_fd_sc_hd__a21boi_2".
Reading "sky130_fd_sc_hd__a21boi_4".
Reading "sky130_fd_sc_hd__a21o_1".
Reading "sky130_fd_sc_hd__a21o_2".
Reading "sky130_fd_sc_hd__a22o_1".
Reading "sky130_fd_sc_hd__a21oi_4".
Reading "sky130_fd_sc_hd__a21oi_2".
Reading "sky130_fd_sc_hd__a22oi_2".
Reading "sky130_fd_sc_hd__a22oi_1".
Reading "sky130_fd_sc_hd__a22o_4".
Reading "sky130_fd_sc_hd__a22o_2".
Reading "sky130_fd_sc_hd__a22oi_4".
Reading "sky130_fd_sc_hd__a21oi_1".
Reading "sky130_fd_sc_hd__a21o_4".
Reading "sky130_fd_sc_hd__a31o_1".
Reading "sky130_fd_sc_hd__a31o_2".
Reading "sky130_fd_sc_hd__a31o_4".
Reading "sky130_fd_sc_hd__a31oi_1".
Reading "sky130_fd_sc_hd__a31oi_2".
Reading "sky130_fd_sc_hd__a31oi_4".
Reading "sky130_fd_sc_hd__a32o_1".
Reading "sky130_fd_sc_hd__a32o_2".
Reading "sky130_fd_sc_hd__a32o_4".
> gds read /home/lroot/NCO2ram/ram_256x16/ram_256x16.gds
Warning: Calma reading is not undoable!  I hope that's OK.
Library written using GDS-II Release 5.0
Library name: DEFAULT.DB
Reading "ram_256x16".
Error while reading cell "ram_256x16" (byte position 241612): Warning: cell "ram_256x16_contact_22" placed on top of itself.  Ignoring the extra one.
Error while reading cell "ram_256x16" (byte position 241716): Warning: cell "ram_256x16_contact_22" placed on top of itself.  Ignoring the extra one.
Error while reading cell "ram_256x16" (byte position 242028): Warning: cell "ram_256x16_contact_22" placed on top of itself.  Ignoring the extra one.
Error while reading cell "ram_256x16" (byte position 242132): Warning: cell "ram_256x16_contact_22" placed on top of itself.  Ignoring the extra one.
Error while reading cell "ram_256x16" (byte position 242288): Warning: cell "ram_256x16_contact_22" placed on top of itself.  Ignoring the extra one.
Error while reading cell "ram_256x16" (byte position 242392): Warning: cell "ram_256x16_contact_22" placed on top of itself.  Ignoring the extra one.
Error while reading cell "ram_256x16" (byte position 242496): Warning: cell "ram_256x16_contact_22" placed on top of itself.  Ignoring the extra one.
Error while reading cell "ram_256x16" (byte position 242600): Warning: cell "ram_256x16_contact_22" placed on top of itself.  Ignoring the extra one.
Error while reading cell "ram_256x16" (byte position 242704): Warning: cell "ram_256x16_contact_22" placed on top of itself.  Ignoring the extra one.
Error while reading cell "ram_256x16" (byte position 242808): Warning: cell "ram_256x16_contact_22" placed on top of itself.  Ignoring the extra one.
Error while reading cell "ram_256x16" (byte position 242964): Warning: cell "ram_256x16_contact_22" placed on top of itself.  Ignoring the extra one.
Error while reading cell "ram_256x16" (byte position 243068): Warning: cell "ram_256x16_contact_22" placed on top of itself.  Ignoring the extra one.
Error while reading cell "ram_256x16" (byte position 243172): Warning: cell "ram_256x16_contact_22" placed on top of itself.  Ignoring the extra one.
Error while reading cell "ram_256x16" (byte position 243276): Warning: cell "ram_256x16_contact_22" placed on top of itself.  Ignoring the extra one.
Error while reading cell "ram_256x16" (byte position 243380): Warning: cell "ram_256x16_contact_22" placed on top of itself.  Ignoring the extra one.
Error while reading cell "ram_256x16" (byte position 244160): Warning: cell "ram_256x16_contact_22" placed on top of itself.  Ignoring the extra one.
Error while reading cell "ram_256x16" (byte position 244264): Warning: cell "ram_256x16_contact_22" placed on top of itself.  Ignoring the extra one.
Error while reading cell "ram_256x16" (byte position 244368): Warning: cell "ram_256x16_contact_22" placed on top of itself.  Ignoring the extra one.
Error while reading cell "ram_256x16" (byte position 244472): Warning: cell "ram_256x16_contact_22" placed on top of itself.  Ignoring the extra one.
Error while reading cell "ram_256x16" (byte position 244992): Warning: cell "ram_256x16_contact_22" placed on top of itself.  Ignoring the extra one.
Error while reading cell "ram_256x16" (byte position 245044): Warning: cell "ram_256x16_contact_22" placed on top of itself.  Ignoring the extra one.
Error while reading cell "ram_256x16" (byte position 245408): Warning: cell "ram_256x16_contact_22" placed on top of itself.  Ignoring the extra one.
Error while reading cell "ram_256x16" (byte position 245460): Warning: cell "ram_256x16_contact_22" placed on top of itself.  Ignoring the extra one.
Error while reading cell "ram_256x16" (byte position 245824): Warning: cell "ram_256x16_contact_22" placed on top of itself.  Ignoring the extra one.
Error while reading cell "ram_256x16" (byte position 245928): Warning: cell "ram_256x16_contact_22" placed on top of itself.  Ignoring the extra one.
Error while reading cell "ram_256x16" (byte position 246032): Warning: cell "ram_256x16_contact_22" placed on top of itself.  Ignoring the extra one.
Error while reading cell "ram_256x16" (byte position 246136): Warning: cell "ram_256x16_contact_22" placed on top of itself.  Ignoring the extra one.
Error while reading cell "ram_256x16" (byte position 246240): Warning: cell "ram_256x16_contact_22" placed on top of itself.  Ignoring the extra one.
Error while reading cell "ram_256x16" (byte position 246552): Warning: cell "ram_256x16_contact_22" placed on top of itself.  Ignoring the extra one.
Error while reading cell "ram_256x16" (byte position 246656): Warning: cell "ram_256x16_contact_22" placed on top of itself.  Ignoring the extra one.
Error while reading cell "ram_256x16" (byte position 246760): Warning: cell "ram_256x16_contact_22" placed on top of itself.  Ignoring the extra one.
Error while reading cell "ram_256x16" (byte position 246864): Warning: cell "ram_256x16_contact_22" placed on top of itself.  Ignoring the extra one.
Error while reading cell "ram_256x16" (byte position 246968): Warning: cell "ram_256x16_contact_22" placed on top of itself.  Ignoring the extra one.
Error while reading cell "ram_256x16" (byte position 247124): Warning: cell "ram_256x16_contact_22" placed on top of itself.  Ignoring the extra one.
Error while reading cell "ram_256x16" (byte position 247228): Warning: cell "ram_256x16_contact_22" placed on top of itself.  Ignoring the extra one.
Error while reading cell "ram_256x16" (byte position 247332): Warning: cell "ram_256x16_contact_22" placed on top of itself.  Ignoring the extra one.
Error while reading cell "ram_256x16" (byte position 247436): Warning: cell "ram_256x16_contact_22" placed on top of itself.  Ignoring the extra one.
Error while reading cell "ram_256x16" (byte position 247540): Warning: cell "ram_256x16_contact_22" placed on top of itself.  Ignoring the extra one.
Error while reading cell "ram_256x16" (byte position 247644): Warning: cell "ram_256x16_contact_22" placed on top of itself.  Ignoring the extra one.
Error while reading cell "ram_256x16" (byte position 248424): Warning: cell "ram_256x16_contact_22" placed on top of itself.  Ignoring the extra one.
Error while reading cell "ram_256x16" (byte position 248528): Warning: cell "ram_256x16_contact_22" placed on top of itself.  Ignoring the extra one.
Error while reading cell "ram_256x16" (byte position 249828): Warning: cell "ram_256x16_contact_22" placed on top of itself.  Ignoring the extra one.
Error while reading cell "ram_256x16" (byte position 250192): Warning: cell "ram_256x16_contact_22" placed on top of itself.  Ignoring the extra one.
Error while reading cell "ram_256x16" (byte position 250972): Warning: cell "ram_256x16_contact_22" placed on top of itself.  Ignoring the extra one.
Error while reading cell "ram_256x16" (byte position 251336): Warning: cell "ram_256x16_contact_22" placed on top of itself.  Ignoring the extra one.
Error while reading cell "ram_256x16" (byte position 251440): Warning: cell "ram_256x16_contact_22" placed on top of itself.  Ignoring the extra one.
Error while reading cell "ram_256x16" (byte position 252376): Warning: cell "ram_256x16_contact_22" placed on top of itself.  Ignoring the extra one.
Error while reading cell "ram_256x16" (byte position 252948): Warning: cell "ram_256x16_contact_22" placed on top of itself.  Ignoring the extra one.
Error while reading cell "ram_256x16" (byte position 253052): Warning: cell "ram_256x16_contact_22" placed on top of itself.  Ignoring the extra one.
Error while reading cell "ram_256x16" (byte position 253156): Warning: cell "ram_256x16_contact_22" placed on top of itself.  Ignoring the extra one.
Error while reading cell "ram_256x16" (byte position 253364): Warning: cell "ram_256x16_contact_22" placed on top of itself.  Ignoring the extra one.
Error while reading cell "ram_256x16" (byte position 253468): Warning: cell "ram_256x16_contact_22" placed on top of itself.  Ignoring the extra one.
Error while reading cell "ram_256x16" (byte position 253572): Warning: cell "ram_256x16_contact_22" placed on top of itself.  Ignoring the extra one.
Error while reading cell "ram_256x16" (byte position 254716): Warning: cell "ram_256x16_contact_22" placed on top of itself.  Ignoring the extra one.
Error while reading cell "ram_256x16" (byte position 254820): Warning: cell "ram_256x16_contact_22" placed on top of itself.  Ignoring the extra one.
Error while reading cell "ram_256x16" (byte position 254924): Warning: cell "ram_256x16_contact_22" placed on top of itself.  Ignoring the extra one.
Error while reading cell "ram_256x16" (byte position 255340): Warning: cell "ram_256x16_contact_22" placed on top of itself.  Ignoring the extra one.
Error while reading cell "ram_256x16" (byte position 255444): Warning: cell "ram_256x16_contact_22" placed on top of itself.  Ignoring the extra one.
Error while reading cell "ram_256x16" (byte position 255548): Warning: cell "ram_256x16_contact_22" placed on top of itself.  Ignoring the extra one.
Error while reading cell "ram_256x16" (byte position 255756): Warning: cell "ram_256x16_contact_22" placed on top of itself.  Ignoring the extra one.
Error while reading cell "ram_256x16" (byte position 255860): Warning: cell "ram_256x16_contact_22" placed on top of itself.  Ignoring the extra one.
Error while reading cell "ram_256x16" (byte position 255964): Warning: cell "ram_256x16_contact_22" placed on top of itself.  Ignoring the extra one.
Reading "ram_256x16_bank".
Reading "ram_256x16_capped_replica_bitcell_array".
Error while reading cell "ram_256x16_capped_replica_bitcell_array" (byte position 570130): Warning: cell "ram_256x16_contact_7" placed on top of itself.  Ignoring the extra one.
Error while reading cell "ram_256x16_capped_replica_bitcell_array" (byte position 570180): Warning: cell "ram_256x16_contact_8" placed on top of itself.  Ignoring the extra one.
Error while reading cell "ram_256x16_capped_replica_bitcell_array" (byte position 570230): Warning: cell "ram_256x16_contact_7" placed on top of itself.  Ignoring the extra one.
Error while reading cell "ram_256x16_capped_replica_bitcell_array" (byte position 570280): Warning: cell "ram_256x16_contact_8" placed on top of itself.  Ignoring the extra one.
Error while reading cell "ram_256x16_capped_replica_bitcell_array" (byte position 570330): Warning: cell "ram_256x16_contact_7" placed on top of itself.  Ignoring the extra one.
Error while reading cell "ram_256x16_capped_replica_bitcell_array" (byte position 570380): Warning: cell "ram_256x16_contact_8" placed on top of itself.  Ignoring the extra one.
Error while reading cell "ram_256x16_capped_replica_bitcell_array" (byte position 570430): Warning: cell "ram_256x16_contact_7" placed on top of itself.  Ignoring the extra one.
Error while reading cell "ram_256x16_capped_replica_bitcell_array" (byte position 570480): Warning: cell "ram_256x16_contact_8" placed on top of itself.  Ignoring the extra one.
Error while reading cell "ram_256x16_capped_replica_bitcell_array" (byte position 570530): Warning: cell "ram_256x16_contact_7" placed on top of itself.  Ignoring the extra one.
Error while reading cell "ram_256x16_capped_replica_bitcell_array" (byte position 570580): Warning: cell "ram_256x16_contact_8" placed on top of itself.  Ignoring the extra one.
Error while reading cell "ram_256x16_capped_replica_bitcell_array" (byte position 570630): Warning: cell "ram_256x16_contact_7" placed on top of itself.  Ignoring the extra one.
Error while reading cell "ram_256x16_capped_replica_bitcell_array" (byte position 570680): Warning: cell "ram_256x16_contact_8" placed on top of itself.  Ignoring the extra one.
Error while reading cell "ram_256x16_capped_replica_bitcell_array" (byte position 570730): Warning: cell "ram_256x16_contact_7" placed on top of itself.  Ignoring the extra one.
Error while reading cell "ram_256x16_capped_replica_bitcell_array" (byte position 570780): Warning: cell "ram_256x16_contact_8" placed on top of itself.  Ignoring the extra one.
Error while reading cell "ram_256x16_capped_replica_bitcell_array" (byte position 570830): Warning: cell "ram_256x16_contact_7" placed on top of itself.  Ignoring the extra one.
Error while reading cell "ram_256x16_capped_replica_bitcell_array" (byte position 570880): Warning: cell "ram_256x16_contact_8" placed on top of itself.  Ignoring the extra one.
Error while reading cell "ram_256x16_capped_replica_bitcell_array" (byte position 570930): Warning: cell "ram_256x16_contact_7" placed on top of itself.  Ignoring the extra one.
Error while reading cell "ram_256x16_capped_replica_bitcell_array" (byte position 570980): Warning: cell "ram_256x16_contact_8" placed on top of itself.  Ignoring the extra one.
Error while reading cell "ram_256x16_capped_replica_bitcell_array" (byte position 571030): Warning: cell "ram_256x16_contact_7" placed on top of itself.  Ignoring the extra one.
Error while reading cell "ram_256x16_capped_replica_bitcell_array" (byte position 571080): Warning: cell "ram_256x16_contact_8" placed on top of itself.  Ignoring the extra one.
Error while reading cell "ram_256x16_capped_replica_bitcell_array" (byte position 571130): Warning: cell "ram_256x16_contact_7" placed on top of itself.  Ignoring the extra one.
Error while reading cell "ram_256x16_capped_replica_bitcell_array" (byte position 571180): Warning: cell "ram_256x16_contact_8" placed on top of itself.  Ignoring the extra one.
Error while reading cell "ram_256x16_capped_replica_bitcell_array" (byte position 571230): Warning: cell "ram_256x16_contact_7" placed on top of itself.  Ignoring the extra one.
Error while reading cell "ram_256x16_capped_replica_bitcell_array" (byte position 571280): Warning: cell "ram_256x16_contact_8" placed on top of itself.  Ignoring the extra one.
Error while reading cell "ram_256x16_capped_replica_bitcell_array" (byte position 571330): Warning: cell "ram_256x16_contact_7" placed on top of itself.  Ignoring the extra one.
Error while reading cell "ram_256x16_capped_replica_bitcell_array" (byte position 571380): Warning: cell "ram_256x16_contact_8" placed on top of itself.  Ignoring the extra one.
Error while reading cell "ram_256x16_capped_replica_bitcell_array" (byte position 571430): Warning: cell "ram_256x16_contact_7" placed on top of itself.  Ignoring the extra one.
Error while reading cell "ram_256x16_capped_replica_bitcell_array" (byte position 571480): Warning: cell "ram_256x16_contact_8" placed on top of itself.  Ignoring the extra one.
Error while reading cell "ram_256x16_capped_replica_bitcell_array" (byte position 571530): Warning: cell "ram_256x16_contact_7" placed on top of itself.  Ignoring the extra one.
Error while reading cell "ram_256x16_capped_replica_bitcell_array" (byte position 571580): Warning: cell "ram_256x16_contact_8" placed on top of itself.  Ignoring the extra one.
Error while reading cell "ram_256x16_capped_replica_bitcell_array" (byte position 571630): Warning: cell "ram_256x16_contact_7" placed on top of itself.  Ignoring the extra one.
Error while reading cell "ram_256x16_capped_replica_bitcell_array" (byte position 571680): Warning: cell "ram_256x16_contact_8" placed on top of itself.  Ignoring the extra one.
Error while reading cell "ram_256x16_capped_replica_bitcell_array" (byte position 571730): Warning: cell "ram_256x16_contact_7" placed on top of itself.  Ignoring the extra one.
Error while reading cell "ram_256x16_capped_replica_bitcell_array" (byte position 571780): Warning: cell "ram_256x16_contact_8" placed on top of itself.  Ignoring the extra one.
Error while reading cell "ram_256x16_capped_replica_bitcell_array" (byte position 571830): Warning: cell "ram_256x16_contact_7" placed on top of itself.  Ignoring the extra one.
Error while reading cell "ram_256x16_capped_replica_bitcell_array" (byte position 571880): Warning: cell "ram_256x16_contact_8" placed on top of itself.  Ignoring the extra one.
Error while reading cell "ram_256x16_capped_replica_bitcell_array" (byte position 571930): Warning: cell "ram_256x16_contact_7" placed on top of itself.  Ignoring the extra one.
Error limit set:  Remaining errors will not be reported.
Reading "ram_256x16_replica_bitcell_array".
Reading "ram_256x16_bitcell_array".
Reading "sky130_fd_bd_sram__openram_dp_cell".
Reading "ram_256x16_replica_column".
Reading "sky130_fd_bd_sram__openram_dp_cell_replica".
Reading "sky130_fd_bd_sram__openram_dp_cell_dummy".
Reading "ram_256x16_replica_column_0".
Reading "ram_256x16_dummy_array".
Reading "ram_256x16_col_cap_array_0".
Reading "sky130_fd_bd_sram__openram_dp_cell_cap_col".
Reading "ram_256x16_col_cap_array".
Reading "ram_256x16_row_cap_array".
Reading "sky130_fd_bd_sram__openram_dp_cell_cap_row".
Reading "ram_256x16_row_cap_array_0".
Reading "ram_256x16_contact_7".
Reading "ram_256x16_contact_8".
Reading "ram_256x16_port_data".
Reading "ram_256x16_precharge_array".
Reading "ram_256x16_precharge_0".
Reading "ram_256x16_pmos_m1_w0_550_sli_dli".
Reading "ram_256x16_contact_11".
Reading "ram_256x16_contact_15".
Reading "ram_256x16_contact_13".
Reading "ram_256x16_contact_18".
Reading "ram_256x16_contact_12".
Reading "ram_256x16_contact_23".
Reading "ram_256x16_contact_21".
Reading "ram_256x16_write_driver_array".
Reading "sky130_fd_bd_sram__openram_write_driver".
Reading "ram_256x16_column_mux_array".
Reading "ram_256x16_column_mux".
Reading "ram_256x16_nmos_m1_w2_880_sli_dli".
Reading "ram_256x16_contact_10".
Reading "ram_256x16_contact_14".
Reading "ram_256x16_contact_24".
Reading "ram_256x16_contact_25".
Reading "ram_256x16_contact_26".
Reading "ram_256x16_contact_27".
Reading "ram_256x16_port_data_0".
Reading "ram_256x16_precharge_array_0".
Reading "ram_256x16_precharge_1".
Reading "ram_256x16_sense_amp_array".
Reading "sky130_fd_bd_sram__openram_sense_amp".
Reading "ram_256x16_column_mux_array_0".
Reading "ram_256x16_column_mux_0".
Reading "ram_256x16_port_address".
Reading "ram_256x16_hierarchical_decoder".
Reading "ram_256x16_hierarchical_predecode2x4".
Reading "ram_256x16_pinv_dec".
Reading "ram_256x16_pmos_m1_w1_120_sli_dli_da_p".
Reading "ram_256x16_nmos_m1_w0_360_sli_dli_da_p".
Reading "ram_256x16_and2_dec".
Reading "sky130_fd_bd_sram__openram_dp_nand2_dec".
Reading "ram_256x16_contact_16".
Reading "ram_256x16_contact_19".
Reading "ram_256x16_contact_20".
Reading "ram_256x16_and3_dec".
Reading "sky130_fd_bd_sram__openram_dp_nand3_dec".
Reading "ram_256x16_contact_22".
Reading "ram_256x16_wordline_driver_array".
Reading "ram_256x16_wordline_driver".
Reading "ram_256x16_pinv_dec_0".
Reading "ram_256x16_pmos_m1_w7_000_sli_dli_da_p".
Reading "ram_256x16_nmos_m1_w7_000_sli_dli_da_p".
Reading "ram_256x16_and2_dec_0".
Reading "ram_256x16_port_address_0".
Reading "ram_256x16_column_decoder".
Reading "ram_256x16_hierarchical_predecode2x4_0".
Reading "ram_256x16_pinv_0".
Reading "ram_256x16_contact_28".
Reading "ram_256x16_contact_29".
Reading "ram_256x16_pand2".
Reading "ram_256x16_pnand2".
Reading "ram_256x16_pmos_m1_w1_120_sli_dli".
Reading "ram_256x16_nmos_m1_w0_740_sli_dactive".
Reading "ram_256x16_nmos_m1_w0_740_sactive_dli".
Reading "ram_256x16_pdriver".
Reading "ram_256x16_pinv".
Reading "ram_256x16_control_logic_w".
Reading "ram_256x16_dff_buf_array".
Reading "ram_256x16_dff_buf_0".
Reading "sky130_fd_bd_sram__openram_dff".
Reading "ram_256x16_pinv_1".
Reading "ram_256x16_pmos_m2_w1_260_sli_dli_da_p".
Reading "ram_256x16_nmos_m2_w0_740_sli_dli_da_p".
Reading "ram_256x16_pinv_2".
Reading "ram_256x16_pmos_m3_w1_680_sli_dli_da_p".
Reading "ram_256x16_nmos_m3_w1_680_sli_dli_da_p".
Reading "ram_256x16_pdriver_1".
Reading "ram_256x16_pinv_6".
Reading "ram_256x16_pinv_7".
Reading "ram_256x16_pmos_m3_w2_000_sli_dli_da_p".
Reading "ram_256x16_nmos_m3_w2_000_sli_dli_da_p".
Reading "ram_256x16_pinv_8".
Reading "ram_256x16_pmos_m9_w2_000_sli_dli_da_p".
Reading "ram_256x16_nmos_m9_w2_000_sli_dli_da_p".
Reading "ram_256x16_pinv_9".
Reading "ram_256x16_pmos_m26_w2_000_sli_dli_da_p".
Reading "ram_256x16_nmos_m26_w2_000_sli_dli_da_p".
Reading "ram_256x16_pand2_0".
Reading "ram_256x16_pdriver_0".
Reading "ram_256x16_pinv_3".
Reading "ram_256x16_pmos_m7_w2_000_sli_dli_da_p".
Reading "ram_256x16_nmos_m7_w1_680_sli_dli_da_p".
Reading "ram_256x16_pdriver_2".
Reading "ram_256x16_pinv_10".
Reading "ram_256x16_pmos_m4_w2_000_sli_dli_da_p".
Reading "ram_256x16_nmos_m4_w1_260_sli_dli_da_p".
Reading "ram_256x16_pinv_11".
Reading "ram_256x16_pmos_m12_w2_000_sli_dli_da_p".
Reading "ram_256x16_nmos_m12_w2_000_sli_dli_da_p".
Reading "ram_256x16_pand3".
Reading "ram_256x16_pnand3".
Reading "ram_256x16_nmos_m1_w0_740_sactive_dactive".
Reading "ram_256x16_pdriver_3".
Reading "ram_256x16_pinv_12".
Reading "ram_256x16_pmos_m13_w2_000_sli_dli_da_p".
Reading "ram_256x16_nmos_m13_w2_000_sli_dli_da_p".
Reading "ram_256x16_delay_chain".
Reading "ram_256x16_pinv_13".
Reading "ram_256x16_pnand2_0".
Reading "ram_256x16_pdriver_5".
Reading "ram_256x16_contact_31".
Reading "ram_256x16_control_logic_r".
Reading "ram_256x16_pand3_0".
Reading "ram_256x16_pdriver_4".
Reading "ram_256x16_row_addr_dff".
Reading "ram_256x16_col_addr_dff".
Reading "ram_256x16_data_dff".
Reading "ram_256x16_cr_3".
Reading "ram_256x16_cr_4".
Reading "ram_256x16_cr_5".
Reading "ram_256x16_contact_37".
Cell (REFRESHLAYOUT?) couldn't be read
No such file or directory
Creating new cell
> def read /home/lroot/NCO2ram/runs/RUN_2025-03-04_18-59-06/53-odb-cellfrequencytables/counter.def -noblockage -labels
Reading DEF data from file /home/lroot/NCO2ram/runs/RUN_2025-03-04_18-59-06/53-odb-cellfrequencytables/counter.def.
This action cannot be undone.
  Processed 5 vias total.
  Processed 12248 subcell instances total.
  Processed 70 pins total.
  Processed 2 special nets total.
  Processed 288 nets total.
DEF read: Processed 21108 lines.
Moving label "_050_" from metal1 to via1 in cell counter.
Moving label "_055_" from metal1 to viali in cell counter.
Moving label "net101" from metal3 to via2 in cell counter.
Moving label "net14" from metal2 to via2 in cell counter.
Moving label "net15" from metal2 to via2 in cell counter.
Moving label "net30" from metal3 to via3 in cell counter.
Moving label "net98" from metal2 to via1 in cell counter.
Moving label "sine_out[11]" from metal2 to via2 in cell counter.
Moving label "sine_out[14]" from metal2 to via2 in cell counter.
Moving label "sine_out[15]" from metal2 to via2 in cell counter.
Moving label "sine_out[6]" from metal2 to via2 in cell counter.
Moving label "sine_out_temp0\[11\]" from metal3 to via3 in cell counter.
Moving label "sine_out_temp0\[4\]" from metal3 to via3 in cell counter.
[INFO] Ignoring 'vccd1 vssd1'
[INFO] Writing abstract LEF…
[INFO] Not specifiying -pinonly (nets connected to pins on the same layer are declared as part of the pin)…
Generating LEF output /home/lroot/NCO2ram/runs/RUN_2025-03-04_18-59-06/59-magic-writelef/counter.lef for cell counter:
Diagnostic:  Write LEF header for cell counter
Diagnostic:  Writing LEF output for cell counter
Diagnostic:  Scale value is 0.005000
[INFO] LEF Write Complete.
Using technology "sky130A", version 1.0.493-0-g0fe599b
