
===========================================================================
report_checks -unconstrained
===========================================================================
======================= nom_tt_025C_1v80 Corner ===================================

Startpoint: rst (input port clocked by clk)
Endpoint: _135_ (recovery check against rising-edge clock clk)
Path Group: asynchronous
Path Type: max

Fanout         Cap        Slew       Delay        Time   Description
---------------------------------------------------------------------------------------------
                                  0.000000    0.000000   clock clk (rise edge)
                                  0.000000    0.000000   clock network delay (propagated)
                                  2.500000    2.500000 v input external delay
     1    0.002602    0.008175    0.004079    2.504079 v rst (in)
                                                         rst (net)
                      0.008175    0.000000    2.504079 v input51/A (sky130_fd_sc_hd__buf_1)
     1    0.008319    0.055169    0.097654    2.601733 v input51/X (sky130_fd_sc_hd__buf_1)
                                                         net51 (net)
                      0.055169    0.000146    2.601879 v fanout114/A (sky130_fd_sc_hd__buf_6)
    10    0.088185    0.084126    0.172768    2.774647 v fanout114/X (sky130_fd_sc_hd__buf_6)
                                                         net114 (net)
                      0.084126    0.000041    2.774688 v fanout113/A (sky130_fd_sc_hd__buf_4)
     7    0.050088    0.077842    0.201509    2.976197 v fanout113/X (sky130_fd_sc_hd__buf_4)
                                                         net113 (net)
                      0.077978    0.002891    2.979088 v fanout112/A (sky130_fd_sc_hd__buf_4)
    10    0.046217    0.072398    0.196176    3.175264 v fanout112/X (sky130_fd_sc_hd__buf_4)
                                                         net112 (net)
                      0.072398    0.000155    3.175419 v _110_/A (sky130_fd_sc_hd__inv_2)
     1    0.006432    0.040692    0.063327    3.238746 ^ _110_/Y (sky130_fd_sc_hd__inv_2)
                                                         _040_ (net)
                      0.040692    0.000064    3.238811 ^ _135_/RESET_B (sky130_fd_sc_hd__dfrtp_1)
                                              3.238811   data arrival time

                                  5.000000    5.000000   clock clk (rise edge)
                                  0.000000    5.000000   clock source latency
     1    0.047585    0.217579    0.154833    5.154833 ^ clk (in)
                                                         clk (net)
                      0.217851    0.000000    5.154833 ^ clkbuf_0_clk/A (sky130_fd_sc_hd__clkbuf_16)
     4    0.075301    0.093535    0.225167    5.380001 ^ clkbuf_0_clk/X (sky130_fd_sc_hd__clkbuf_16)
                                                         clknet_0_clk (net)
                      0.093737    0.002730    5.382730 ^ clkbuf_2_2__f_clk/A (sky130_fd_sc_hd__clkbuf_16)
    11    0.046757    0.065830    0.164508    5.547238 ^ clkbuf_2_2__f_clk/X (sky130_fd_sc_hd__clkbuf_16)
                                                         clknet_2_2__leaf_clk (net)
                      0.065860    0.001307    5.548545 ^ _135_/CLK (sky130_fd_sc_hd__dfrtp_1)
                                 -0.250000    5.298545   clock uncertainty
                                  0.000000    5.298545   clock reconvergence pessimism
                                  0.237839    5.536384   library recovery time
                                              5.536384   data required time
---------------------------------------------------------------------------------------------
                                              5.536384   data required time
                                             -3.238811   data arrival time
---------------------------------------------------------------------------------------------
                                              2.297573   slack (MET)


Startpoint: _143_ (rising edge-triggered flip-flop clocked by clk)
Endpoint: sine_out[6] (output port clocked by clk)
Path Group: clk
Path Type: max

Fanout         Cap        Slew       Delay        Time   Description
---------------------------------------------------------------------------------------------
                                  0.000000    0.000000   clock clk (rise edge)
                                  0.000000    0.000000   clock source latency
     1    0.047585    0.217579    0.154833    0.154833 ^ clk (in)
                                                         clk (net)
                      0.217851    0.000000    0.154833 ^ clkbuf_0_clk/A (sky130_fd_sc_hd__clkbuf_16)
     4    0.075301    0.093535    0.225167    0.380000 ^ clkbuf_0_clk/X (sky130_fd_sc_hd__clkbuf_16)
                                                         clknet_0_clk (net)
                      0.093535    0.000276    0.380276 ^ clkbuf_2_1__f_clk/A (sky130_fd_sc_hd__clkbuf_16)
     6    0.051837    0.070552    0.168560    0.548836 ^ clkbuf_2_1__f_clk/X (sky130_fd_sc_hd__clkbuf_16)
                                                         clknet_2_1__leaf_clk (net)
                      0.070554    0.000531    0.549367 ^ _143_/CLK (sky130_fd_sc_hd__dfrtp_1)
     1    0.014711    0.090929    0.420167    0.969534 v _143_/Q (sky130_fd_sc_hd__dfrtp_1)
                                                         net64 (net)
                      0.090930    0.000448    0.969982 v output64/A (sky130_fd_sc_hd__buf_1)
     1    0.000507    0.015565    0.094050    1.064032 v output64/X (sky130_fd_sc_hd__buf_1)
                                                         sine_out[6] (net)
                      0.015565    0.000000    1.064032 v sine_out[6] (out)
                                              1.064032   data arrival time

                                  5.000000    5.000000   clock clk (rise edge)
                                  0.000000    5.000000   clock network delay (propagated)
                                 -0.250000    4.750000   clock uncertainty
                                  0.000000    4.750000   clock reconvergence pessimism
                                 -2.500000    2.250000   output external delay
                                              2.250000   data required time
---------------------------------------------------------------------------------------------
                                              2.250000   data required time
                                             -1.064032   data arrival time
---------------------------------------------------------------------------------------------
                                              1.185968   slack (MET)




===========================================================================
report_checks --slack_max -0.01
============================================================================
======================= nom_tt_025C_1v80 Corner ===================================

No paths found.


===========================================================================
 report_check_types -max_slew -max_cap -max_fanout -violators
============================================================================
======================= nom_tt_025C_1v80 Corner ===================================

max slew

Pin                                        Limit        Slew       Slack
------------------------------------------------------------------------
mem_i1/addr0[1]                         0.040000    0.248297   -0.208297 (VIOLATED)
mem_i1/addr1[1]                         0.045000    0.216839   -0.171839 (VIOLATED)
mem_i1/addr1[0]                         0.045000    0.216229   -0.171229 (VIOLATED)
mem_i0/addr1[7]                         0.045000    0.210266   -0.165266 (VIOLATED)
mem_i0/addr1[5]                         0.045000    0.203023   -0.158023 (VIOLATED)
mem_i0/addr0[2]                         0.040000    0.177605   -0.137605 (VIOLATED)
mem_i0/addr0[4]                         0.040000    0.177044   -0.137044 (VIOLATED)
mem_i0/addr0[6]                         0.040000    0.176727   -0.136727 (VIOLATED)
mem_i1/addr0[2]                         0.040000    0.176674   -0.136674 (VIOLATED)
mem_i1/addr0[4]                         0.040000    0.176113   -0.136113 (VIOLATED)
mem_i1/addr0[3]                         0.040000    0.176084   -0.136084 (VIOLATED)
mem_i1/addr0[5]                         0.040000    0.176028   -0.136028 (VIOLATED)
mem_i0/addr0[7]                         0.040000    0.176020   -0.136020 (VIOLATED)
mem_i0/addr1[2]                         0.045000    0.180893   -0.135893 (VIOLATED)
mem_i1/addr0[6]                         0.040000    0.175796   -0.135796 (VIOLATED)
mem_i1/addr0[7]                         0.040000    0.175089   -0.135089 (VIOLATED)
mem_i0/addr0[5]                         0.040000    0.174307   -0.134307 (VIOLATED)
mem_i0/addr0[3]                         0.040000    0.174161   -0.134161 (VIOLATED)
mem_i1/addr1[5]                         0.045000    0.179025   -0.134025 (VIOLATED)
mem_i0/addr1[3]                         0.045000    0.177717   -0.132717 (VIOLATED)
mem_i1/addr1[2]                         0.045000    0.177363   -0.132363 (VIOLATED)
mem_i0/addr1[6]                         0.045000    0.175802   -0.130802 (VIOLATED)
mem_i0/addr1[1]                         0.045000    0.174143   -0.129143 (VIOLATED)
mem_i0/addr0[1]                         0.040000    0.164409   -0.124409 (VIOLATED)
mem_i0/addr1[0]                         0.045000    0.169282   -0.124282 (VIOLATED)
mem_i0/addr0[0]                         0.040000    0.163628   -0.123628 (VIOLATED)
mem_i1/addr0[0]                         0.040000    0.149206   -0.109206 (VIOLATED)
mem_i0/addr1[4]                         0.045000    0.149504   -0.104504 (VIOLATED)
mem_i1/addr1[6]                         0.045000    0.139857   -0.094857 (VIOLATED)
mem_i1/addr1[7]                         0.045000    0.134183   -0.089183 (VIOLATED)
mem_i1/addr1[4]                         0.045000    0.110003   -0.065003 (VIOLATED)
mem_i1/addr1[3]                         0.045000    0.105336   -0.060336 (VIOLATED)

max fanout

Pin                                   Limit Fanout  Slack
---------------------------------------------------------
clkbuf_2_2__f_clk/X                      10     11        (VIOLATED)



===========================================================================
report_parasitic_annotation -report_unannotated
============================================================================
Found 5 unannotated drivers.
 clkload0/Y
 clkload1/Y
 clkload2/Y
 mem_i0_115/HI
 mem_i1_116/HI
Found 0 partially unannotated drivers.

===========================================================================
max slew violation count 32
Writing metric design__max_slew_violation__count__corner:nom_tt_025C_1v80: 32
max fanout violation count 1
Writing metric design__max_fanout_violation__count__corner:nom_tt_025C_1v80: 1
max cap violation count 0
Writing metric design__max_cap_violation__count__corner:nom_tt_025C_1v80: 0
============================================================================

===========================================================================
check_setup -verbose -unconstrained_endpoints -multiple_clock -no_clock -no_input_delay -loops -generated_clocks
===========================================================================
Warning: There are 50 input ports missing set_input_delay.
  addr00[0]
  addr00[1]
  addr00[2]
  addr00[3]
  addr00[4]
  addr00[5]
  addr00[6]
  addr00[7]
  addr01[0]
  addr01[1]
  addr01[2]
  addr01[3]
  addr01[4]
  addr01[5]
  addr01[6]
  addr01[7]
  csb00
  csb01
  din00[0]
  din00[10]
  din00[11]
  din00[12]
  din00[13]
  din00[14]
  din00[15]
  din00[1]
  din00[2]
  din00[3]
  din00[4]
  din00[5]
  din00[6]
  din00[7]
  din00[8]
  din00[9]
  din01[0]
  din01[10]
  din01[11]
  din01[12]
  din01[13]
  din01[14]
  din01[15]
  din01[1]
  din01[2]
  din01[3]
  din01[4]
  din01[5]
  din01[6]
  din01[7]
  din01[8]
  din01[9]
Warning: There are 52 unconstrained endpoints.
  mem_i0/addr0[0]
  mem_i0/addr0[1]
  mem_i0/addr0[2]
  mem_i0/addr0[3]
  mem_i0/addr0[4]
  mem_i0/addr0[5]
  mem_i0/addr0[6]
  mem_i0/addr0[7]
  mem_i0/csb0
  mem_i0/csb1
  mem_i0/din0[0]
  mem_i0/din0[10]
  mem_i0/din0[11]
  mem_i0/din0[12]
  mem_i0/din0[13]
  mem_i0/din0[14]
  mem_i0/din0[15]
  mem_i0/din0[1]
  mem_i0/din0[2]
  mem_i0/din0[3]
  mem_i0/din0[4]
  mem_i0/din0[5]
  mem_i0/din0[6]
  mem_i0/din0[7]
  mem_i0/din0[8]
  mem_i0/din0[9]
  mem_i1/addr0[0]
  mem_i1/addr0[1]
  mem_i1/addr0[2]
  mem_i1/addr0[3]
  mem_i1/addr0[4]
  mem_i1/addr0[5]
  mem_i1/addr0[6]
  mem_i1/addr0[7]
  mem_i1/csb0
  mem_i1/csb1
  mem_i1/din0[0]
  mem_i1/din0[10]
  mem_i1/din0[11]
  mem_i1/din0[12]
  mem_i1/din0[13]
  mem_i1/din0[14]
  mem_i1/din0[15]
  mem_i1/din0[1]
  mem_i1/din0[2]
  mem_i1/din0[3]
  mem_i1/din0[4]
  mem_i1/din0[5]
  mem_i1/din0[6]
  mem_i1/din0[7]
  mem_i1/din0[8]
  mem_i1/din0[9]
