Clock: clk
Sources: clk 
Generated: no
Virtual: yes
Propagated: no
Period: 5.000000

===========================================================================
report_clock_properties
============================================================================
Clock                   Period          Waveform
----------------------------------------------------
clk                   5.000000    0.000000  2.500000

===========================================================================
report_clock_latency
============================================================================
Clock clk
rise -> rise
    min     max
0.000000 0.000000 source latency
0.547570         network latency _134_/CLK
        0.557152 network latency mem_i1/clk1
---------------
0.547570 0.557152 latency
        0.009582 skew

fall -> fall
    min     max
0.000000 0.000000 source latency
0.456553         network latency _134_/CLK
        0.463837 network latency mem_i1/clk1
---------------
0.456553 0.463837 latency
        0.007284 skew



===========================================================================
report_clock_min_period
============================================================================
clk period_min = 1.77 fmax = 564.18
