Reading timing models for corner nom_tt_025C_1v80…
Reading timing library for the 'nom_tt_025C_1v80' corner at '/home/lroot/.volare/volare/sky130/versions/0fe599b2afb6708d281543108caf8310912f54af/sky130A/libs.ref/sky130_fd_sc_hd/lib/sky130_fd_sc_hd__tt_025C_1v80.lib'…
Reading timing library for the 'nom_tt_025C_1v80' corner at '/home/lroot/NCOver2/ram_256x16/ram_256x16_TT_1p8V_25C.lib'…
Reading timing models for corner nom_ff_n40C_1v95…
Reading timing library for the 'nom_ff_n40C_1v95' corner at '/home/lroot/.volare/volare/sky130/versions/0fe599b2afb6708d281543108caf8310912f54af/sky130A/libs.ref/sky130_fd_sc_hd/lib/sky130_fd_sc_hd__ff_n40C_1v95.lib'…
Reading timing library for the 'nom_ff_n40C_1v95' corner at '/home/lroot/NCOver2/ram_256x16/ram_256x16_TT_1p8V_25C.lib'…
[WARNING STA-1140] /home/lroot/NCOver2/ram_256x16/ram_256x16_TT_1p8V_25C.lib line 1, library ram_256x16_TT_1p8V_25C_lib already exists.
Reading timing models for corner nom_ss_100C_1v60…
Reading timing library for the 'nom_ss_100C_1v60' corner at '/home/lroot/.volare/volare/sky130/versions/0fe599b2afb6708d281543108caf8310912f54af/sky130A/libs.ref/sky130_fd_sc_hd/lib/sky130_fd_sc_hd__ss_100C_1v60.lib'…
Reading timing library for the 'nom_ss_100C_1v60' corner at '/home/lroot/NCOver2/ram_256x16/ram_256x16_TT_1p8V_25C.lib'…
[WARNING STA-1140] /home/lroot/NCOver2/ram_256x16/ram_256x16_TT_1p8V_25C.lib line 1, library ram_256x16_TT_1p8V_25C_lib already exists.
Reading OpenROAD database at '/home/lroot/NCOver2/runs/RUN_2025-02-26_06-21-21/27-openroad-globalplacement/counter.odb'…
Reading design constraints file at '/nix/store/1713bzlk8w8z17prigcs0xh0ha523ii5-python3-3.11.9-env/lib/python3.11/site-packages/openlane/scripts/base.sdc'…
[INFO] Using clock clk…
[INFO] Setting output delay to: 2
[INFO] Setting input delay to: 2
[INFO] Setting load to: 0.033442
[INFO] Setting clock uncertainty to: 0.25
[INFO] Setting clock transition to: 0.1499999999999999944488848768742172978818416595458984375
[INFO] Setting timing derate to: 5%
[INFO] Setting RC values…
[INFO RSZ-0027] Inserted 26 input buffers.
[INFO RSZ-0028] Inserted 16 output buffers.
[INFO RSZ-0058] Using max wire length 6335um.
Iteration | Resized | Buffers | Nets repaired | Remaining
---------------------------------------------------------
        0 |       0 |       0 |             0 |       150
       10 |       9 |       0 |             0 |       140
       20 |      17 |       0 |             0 |       130
       30 |      27 |       0 |             0 |       120
       40 |      29 |       0 |             0 |       110
       50 |      31 |       0 |             0 |       100
       60 |      44 |      11 |             8 |        90
       70 |      54 |      11 |             8 |        80
       80 |      56 |      11 |             8 |        70
       90 |      56 |      11 |             8 |        60
      100 |      56 |      11 |            11 |        50
      110 |      59 |      14 |            15 |        40
      120 |      59 |      14 |            16 |        30
      130 |      59 |      14 |            17 |        20
      140 |      59 |      14 |            17 |        10
      150 |      59 |      14 |            17 |         0
    final |      59 |      14 |            17 |         0
---------------------------------------------------------
[INFO RSZ-0034] Found 16 slew violations.
[INFO RSZ-0035] Found 1 fanout violations.
[INFO RSZ-0038] Inserted 14 buffers in 17 nets.
[INFO RSZ-0039] Resized 59 instances.
[INFO RSZ-0042] Inserted 1 tie sky130_fd_sc_hd__conb_1 instances.
Placement Analysis
---------------------------------
total displacement        766.3 u
average displacement        0.6 u
max displacement           53.8 u
original HPWL            5611.5 u
legalized HPWL           5689.8 u
delta HPWL                    1 %

[INFO DPL-0020] Mirrored 59 instances
[INFO DPL-0021] HPWL before            5689.8 u
[INFO DPL-0022] HPWL after             5621.1 u
[INFO DPL-0023] HPWL delta               -1.2 %
[INFO] Setting RC values…
Setting global connections for newly added cells…
[INFO] Setting global connections...
mem_i matched with mem_i
Updating metrics…
Cell type report:                       Count       Area
  Macro                                     1  123515.34
  Fill cell                               470    1764.19
  Tap cell                                739     924.64
  Timing Repair Buffer                     56     252.74
  Inverter                                 25      93.84
  Sequential cell                          24     604.33
  Multi-Input combinational cell           15      96.34
  Total                                  1330  127251.43
Writing OpenROAD database to '/home/lroot/NCOver2/runs/RUN_2025-02-26_06-21-21/31-openroad-repairdesignpostgpl/counter.odb'…
Writing netlist to '/home/lroot/NCOver2/runs/RUN_2025-02-26_06-21-21/31-openroad-repairdesignpostgpl/counter.nl.v'…
Writing powered netlist to '/home/lroot/NCOver2/runs/RUN_2025-02-26_06-21-21/31-openroad-repairdesignpostgpl/counter.pnl.v'…
Writing layout to '/home/lroot/NCOver2/runs/RUN_2025-02-26_06-21-21/31-openroad-repairdesignpostgpl/counter.def'…
Writing timing constraints to '/home/lroot/NCOver2/runs/RUN_2025-02-26_06-21-21/31-openroad-repairdesignpostgpl/counter.sdc'…
