Clock: clk
Sources: clk 
Generated: no
Virtual: yes
Propagated: no
Period: 5.000000

===========================================================================
report_clock_properties
============================================================================
Clock                   Period          Waveform
----------------------------------------------------
clk                   5.000000    0.000000  2.500000

===========================================================================
report_clock_latency
============================================================================
Clock clk
rise -> rise
    min     max
0.000000 0.000000 source latency
0.576316         network latency mem_i0/clk1
        0.592719 network latency _138_/CLK
---------------
0.576316 0.592719 latency
        0.016403 skew

fall -> fall
    min     max
0.000000 0.000000 source latency
0.474993         network latency mem_i0/clk1
        0.487773 network latency _138_/CLK
---------------
0.474993 0.487773 latency
        0.012780 skew



===========================================================================
report_clock_min_period
============================================================================
clk period_min = 1.99 fmax = 501.32
