Clock: clk
Sources: clk 
Generated: no
Virtual: yes
Propagated: no
Period: 5.000000

===========================================================================
report_clock_properties
============================================================================
Clock                   Period          Waveform
----------------------------------------------------
clk                   5.000000    0.000000  2.500000

===========================================================================
report_clock_latency
============================================================================
Clock clk
rise -> rise
    min     max
0.000000 0.000000 source latency
1.484475         network latency _134_/CLK
        1.507966 network latency mem_i1/clk1
---------------
1.484475 1.507966 latency
        0.023491 skew

fall -> fall
    min     max
0.000000 0.000000 source latency
1.188133         network latency _134_/CLK
        1.207177 network latency mem_i1/clk1
---------------
1.188133 1.207177 latency
        0.019043 skew



===========================================================================
report_clock_min_period
============================================================================
clk period_min = 4.14 fmax = 241.54
