
===========================================================================
Violator List
============================================================================
[setup reg-out] _139_/Q -> sine_out[2] : -0.467325
[setup reg-out] _120_/Q -> sine_out[8] : -0.464663
[setup reg-out] _142_/Q -> sine_out[5] : -0.450490
[setup reg-out] _123_/Q -> sine_out[11] : -0.416492
[setup reg-out] _137_/Q -> sine_out[0] : -0.394057
[setup reg-out] _125_/Q -> sine_out[13] : -0.381936
[setup reg-out] _143_/Q -> sine_out[6] : -0.369268
[setup reg-out] _141_/Q -> sine_out[4] : -0.356747
[setup reg-out] _121_/Q -> sine_out[9] : -0.345003
[setup reg-out] _140_/Q -> sine_out[3] : -0.335658
[setup reg-out] _124_/Q -> sine_out[12] : -0.333274
[setup reg-out] _138_/Q -> sine_out[1] : -0.332051
[setup reg-out] _122_/Q -> sine_out[10] : -0.331395
[setup reg-out] _144_/Q -> sine_out[7] : -0.330596
[setup reg-out] _126_/Q -> sine_out[14] : -0.330553
[setup reg-out] _127_/Q -> sine_out[15] : -0.304575
[setup reg-reg] mem_i1/dout1[12] -> _124_/D : -0.096320
[setup reg-reg] mem_i1/dout1[5] -> _142_/D : -0.065030
[setup reg-reg] mem_i1/dout1[7] -> _144_/D : -0.044715
[setup reg-reg] mem_i1/dout1[10] -> _122_/D : -0.014125
[setup reg-reg] mem_i1/dout1[4] -> _141_/D : -0.003072
