Reading timing models for corner nom_tt_025C_1v80…
Reading timing library for the 'nom_tt_025C_1v80' corner at '/home/lroot/.volare/volare/sky130/versions/0fe599b2afb6708d281543108caf8310912f54af/sky130A/libs.ref/sky130_fd_sc_hd/lib/sky130_fd_sc_hd__tt_025C_1v80.lib'…
Reading timing library for the 'nom_tt_025C_1v80' corner at '/home/lroot/NCOver2/ram_256x16/ram_256x16_TT_1p8V_25C.lib'…
Reading timing models for corner nom_ff_n40C_1v95…
Reading timing library for the 'nom_ff_n40C_1v95' corner at '/home/lroot/.volare/volare/sky130/versions/0fe599b2afb6708d281543108caf8310912f54af/sky130A/libs.ref/sky130_fd_sc_hd/lib/sky130_fd_sc_hd__ff_n40C_1v95.lib'…
Reading timing library for the 'nom_ff_n40C_1v95' corner at '/home/lroot/NCOver2/ram_256x16/ram_256x16_TT_1p8V_25C.lib'…
[WARNING STA-1140] /home/lroot/NCOver2/ram_256x16/ram_256x16_TT_1p8V_25C.lib line 1, library ram_256x16_TT_1p8V_25C_lib already exists.
Reading timing models for corner nom_ss_100C_1v60…
Reading timing library for the 'nom_ss_100C_1v60' corner at '/home/lroot/.volare/volare/sky130/versions/0fe599b2afb6708d281543108caf8310912f54af/sky130A/libs.ref/sky130_fd_sc_hd/lib/sky130_fd_sc_hd__ss_100C_1v60.lib'…
Reading timing library for the 'nom_ss_100C_1v60' corner at '/home/lroot/NCOver2/ram_256x16/ram_256x16_TT_1p8V_25C.lib'…
[WARNING STA-1140] /home/lroot/NCOver2/ram_256x16/ram_256x16_TT_1p8V_25C.lib line 1, library ram_256x16_TT_1p8V_25C_lib already exists.
Reading OpenROAD database at '/home/lroot/NCOver2/runs/RUN_2025-02-26_06-21-21/33-openroad-detailedplacement/counter.odb'…
Reading design constraints file at '/nix/store/1713bzlk8w8z17prigcs0xh0ha523ii5-python3-3.11.9-env/lib/python3.11/site-packages/openlane/scripts/base.sdc'…
[INFO] Using clock clk…
[INFO] Setting output delay to: 2
[INFO] Setting input delay to: 2
[INFO] Setting load to: 0.033442
[INFO] Setting clock uncertainty to: 0.25
[INFO] Setting clock transition to: 0.1499999999999999944488848768742172978818416595458984375
[INFO] Setting timing derate to: 5%
[INFO] Setting RC values…
[INFO] Configuring cts characterization…
[INFO] Performing clock tree synthesis…
[INFO] Looking for the following net(s): clk
[INFO] Running Clock Tree Synthesis…
[INFO CTS-0050] Root buffer is sky130_fd_sc_hd__clkbuf_16.
[INFO CTS-0051] Sink buffer is sky130_fd_sc_hd__clkbuf_8.
[INFO CTS-0052] The following clock buffers will be used for CTS:
                    sky130_fd_sc_hd__clkbuf_2
                    sky130_fd_sc_hd__clkbuf_4
                    sky130_fd_sc_hd__clkbuf_8
[INFO CTS-0049] Characterization buffer is sky130_fd_sc_hd__clkbuf_8.
[INFO CTS-0007] Net "clk" found for clock "clk".
[INFO CTS-0010]  Clock net "clk" has 26 sinks.
[INFO CTS-0008] TritonCTS found 1 clock nets.
[INFO CTS-0097] Characterization used 3 buffer(s) types.
[INFO CTS-0200] 0 placement blockages have been identified.
[INFO CTS-0201] 1 placed hard macros will be treated like blockages.
[INFO CTS-0027] Generating H-Tree topology for net clk.
[INFO CTS-0028]  Total number of sinks: 26.
[INFO CTS-0029]  Sinks will be clustered in groups of up to 25 and with maximum cluster diameter of 50.0 um.
[INFO CTS-0030]  Number of static layers: 0.
[INFO CTS-0020]  Wire segment unit: 13600  dbu (13 um).
[INFO CTS-0023]  Original sink region: [(80450, 50190), (531955, 335980)].
[INFO CTS-0024]  Normalized sink region: [(5.91544, 3.69044), (39.1143, 24.7044)].
[INFO CTS-0025]     Width:  33.1989.
[INFO CTS-0026]     Height: 21.0140.
 Level 1
    Direction: Horizontal
    Sinks per sub-region: 13
    Sub-region size: 16.5994 X 21.0140
[INFO CTS-0034]     Segment length (rounded): 8.
[INFO CTS-0032]  Stop criterion found. Max number of sinks is 15.
[INFO CTS-0035]  Number of sinks covered: 26.
[INFO CTS-0018]     Created 3 clock buffers.
[INFO CTS-0012]     Minimum number of buffers in the clock path: 2.
[INFO CTS-0013]     Maximum number of buffers in the clock path: 2.
[INFO CTS-0015]     Created 3 clock nets.
[INFO CTS-0016]     Fanout distribution for the current clock = 11:1, 15:1..
[INFO CTS-0017]     Max level of the clock tree: 1.
[INFO CTS-0098] Clock net "clk"
[INFO CTS-0099]  Sinks 27
[INFO CTS-0100]  Leaf buffers 0
[INFO CTS-0101]  Average sink wire length 639.69 um
[INFO CTS-0102]  Path depth 2 - 2
[INFO CTS-0207]  Leaf load cells 1
[INFO] Repairing long wires on clock nets…
[INFO RSZ-0058] Using max wire length 6335um.
Setting global connections for newly added cells…
[INFO] Setting global connections...
mem_i matched with mem_i
Updating metrics…
Cell type report:                       Count       Area
  Macro                                     1  123515.34
  Fill cell                               470    1764.19
  Tap cell                                739     924.64
  Clock buffer                              3      75.07
  Timing Repair Buffer                     56     252.74
  Inverter                                 25      93.84
  Clock inverter                            1      30.03
  Sequential cell                          24     604.33
  Multi-Input combinational cell           15      96.34
  Total                                  1334  127356.53
Writing OpenROAD database to '/home/lroot/NCOver2/runs/RUN_2025-02-26_06-21-21/34-openroad-cts/counter.odb'…
Writing netlist to '/home/lroot/NCOver2/runs/RUN_2025-02-26_06-21-21/34-openroad-cts/counter.nl.v'…
Writing powered netlist to '/home/lroot/NCOver2/runs/RUN_2025-02-26_06-21-21/34-openroad-cts/counter.pnl.v'…
Writing layout to '/home/lroot/NCOver2/runs/RUN_2025-02-26_06-21-21/34-openroad-cts/counter.def'…
Writing timing constraints to '/home/lroot/NCOver2/runs/RUN_2025-02-26_06-21-21/34-openroad-cts/counter.sdc'…
[INFO] Legalizing…
Placement Analysis
---------------------------------
total displacement        451.9 u
average displacement        0.3 u
max displacement          136.8 u
original HPWL            6413.9 u
legalized HPWL           6789.8 u
delta HPWL                    6 %

[INFO DPL-0020] Mirrored 61 instances
[INFO DPL-0021] HPWL before            6789.8 u
[INFO DPL-0022] HPWL after             6708.4 u
[INFO DPL-0023] HPWL delta               -1.2 %
Setting global connections for newly added cells…
[INFO] Setting global connections...
mem_i matched with mem_i
Updating metrics…
Cell type report:                       Count       Area
  Macro                                     1  123515.34
  Fill cell                               470    1764.19
  Tap cell                                739     924.64
  Clock buffer                              3      75.07
  Timing Repair Buffer                     56     252.74
  Inverter                                 25      93.84
  Clock inverter                            1      30.03
  Sequential cell                          24     604.33
  Multi-Input combinational cell           15      96.34
  Total                                  1334  127356.53
Writing OpenROAD database to '/home/lroot/NCOver2/runs/RUN_2025-02-26_06-21-21/34-openroad-cts/counter.odb'…
Writing netlist to '/home/lroot/NCOver2/runs/RUN_2025-02-26_06-21-21/34-openroad-cts/counter.nl.v'…
Writing powered netlist to '/home/lroot/NCOver2/runs/RUN_2025-02-26_06-21-21/34-openroad-cts/counter.pnl.v'…
Writing layout to '/home/lroot/NCOver2/runs/RUN_2025-02-26_06-21-21/34-openroad-cts/counter.def'…
Writing timing constraints to '/home/lroot/NCOver2/runs/RUN_2025-02-26_06-21-21/34-openroad-cts/counter.sdc'…
%OL_CREATE_REPORT cts.rpt
[INFO CTS-0003] Total number of Clock Roots: 1.
[INFO CTS-0004] Total number of Buffers Inserted: 3.
[INFO CTS-0005] Total number of Clock Subnets: 3.
[INFO CTS-0006] Total number of Sinks: 26.
%OL_END_REPORT
