Reading OpenROAD database at '/home/lroot/NCOver2/runs/RUN_2025-02-26_06-21-21/179-openroad-repairantennas/1-diodeinsertion/counter.odb'…
Reading library file at '/home/lroot/.volare/volare/sky130/versions/0fe599b2afb6708d281543108caf8310912f54af/sky130A/libs.ref/sky130_fd_sc_hd/lib/sky130_fd_sc_hd__tt_025C_1v80.lib'…
Reading library file at '/home/lroot/NCOver2/ram_256x16/ram_256x16_TT_1p8V_25C.lib'…
Reading macro library file at '/home/lroot/NCOver2/ram_256x16/ram_256x16_TT_1p8V_25C.lib'…
[WARNING STA-1140] /home/lroot/NCOver2/ram_256x16/ram_256x16_TT_1p8V_25C.lib line 1, library ram_256x16_TT_1p8V_25C_lib already exists.
Reading design constraints file at '/home/lroot/NCOver2/counter.sdc'…
[INFO ORD-0030] Using 8 thread(s).
[INFO DRT-0149] Reading tech and libs.
[WARNING DRT-0349] LEF58_ENCLOSURE with no CUTCLASS is not supported. Skipping for layer mcon
[WARNING DRT-0349] LEF58_ENCLOSURE with no CUTCLASS is not supported. Skipping for layer mcon
[WARNING DRT-0349] LEF58_ENCLOSURE with no CUTCLASS is not supported. Skipping for layer via
[WARNING DRT-0349] LEF58_ENCLOSURE with no CUTCLASS is not supported. Skipping for layer via
[WARNING DRT-0349] LEF58_ENCLOSURE with no CUTCLASS is not supported. Skipping for layer via2
[WARNING DRT-0349] LEF58_ENCLOSURE with no CUTCLASS is not supported. Skipping for layer via2
[WARNING DRT-0349] LEF58_ENCLOSURE with no CUTCLASS is not supported. Skipping for layer via3
[WARNING DRT-0349] LEF58_ENCLOSURE with no CUTCLASS is not supported. Skipping for layer via3
[WARNING DRT-0349] LEF58_ENCLOSURE with no CUTCLASS is not supported. Skipping for layer via4
[WARNING DRT-0349] LEF58_ENCLOSURE with no CUTCLASS is not supported. Skipping for layer via4

Units:                1000
Number of layers:     13
Number of macros:     442
Number of vias:       30
Number of viarulegen: 25

[INFO DRT-0150] Reading design.

Design:                   counter
Die area:                 ( 0 0 ) ( 560000 370000 )
Number of track patterns: 12
Number of DEF vias:       0
Number of components:     1439
Number of terminals:      45
Number of snets:          2
Number of nets:           175

[WARNING DRT-0418] Term mem_i/addr0[3] has no pins on routing grid
[WARNING DRT-0418] Term mem_i/addr0[4] has no pins on routing grid
[WARNING DRT-0418] Term mem_i/addr0[7] has no pins on routing grid
[WARNING DRT-0418] Term mem_i/clk1 has no pins on routing grid
[WARNING DRT-0418] Term mem_i/dout1[0] has no pins on routing grid
[WARNING DRT-0418] Term mem_i/dout1[1] has no pins on routing grid
[WARNING DRT-0418] Term mem_i/dout1[3] has no pins on routing grid
[WARNING DRT-0418] Term mem_i/dout1[5] has no pins on routing grid
[WARNING DRT-0418] Term mem_i/dout1[7] has no pins on routing grid
[WARNING DRT-0418] Term mem_i/dout1[8] has no pins on routing grid
[WARNING DRT-0418] Term mem_i/dout1[10] has no pins on routing grid
[WARNING DRT-0418] Term mem_i/dout1[12] has no pins on routing grid
[WARNING DRT-0418] Term mem_i/dout1[14] has no pins on routing grid
[WARNING DRT-0418] Term mem_i/dout1[15] has no pins on routing grid
[INFO DRT-0167] List of default vias:
  Layer via
    default via: M1M2_PR
  Layer via2
    default via: M2M3_PR
  Layer via3
    default via: M3M4_PR
  Layer via4
    default via: M4M5_PR
[INFO DRT-0162] Library cell analysis.
[INFO DRT-0163] Instance analysis.
[INFO DRT-0164] Number of unique instances = 52.
[INFO DRT-0168] Init region query.
[INFO DRT-0024]   Complete FR_MASTERSLICE.
[INFO DRT-0024]   Complete licon.
[INFO DRT-0024]   Complete li1.
[INFO DRT-0024]   Complete mcon.
[INFO DRT-0024]   Complete met1.
[INFO DRT-0024]   Complete via.
[INFO DRT-0024]   Complete met2.
[INFO DRT-0024]   Complete via2.
[INFO DRT-0024]   Complete met3.
[INFO DRT-0024]   Complete via3.
[INFO DRT-0024]   Complete met4.
[INFO DRT-0024]   Complete via4.
[INFO DRT-0024]   Complete met5.
[INFO DRT-0033] FR_MASTERSLICE shape region query size = 0.
[INFO DRT-0033] licon shape region query size = 0.
[INFO DRT-0033] li1 shape region query size = 10274.
[INFO DRT-0033] mcon shape region query size = 0.
[INFO DRT-0033] met1 shape region query size = 3756.
[INFO DRT-0033] via shape region query size = 1540.
[INFO DRT-0033] met2 shape region query size = 959.
[INFO DRT-0033] via2 shape region query size = 1232.
[INFO DRT-0033] met3 shape region query size = 973.
[INFO DRT-0033] via3 shape region query size = 1232.
[INFO DRT-0033] met4 shape region query size = 464.
[INFO DRT-0033] via4 shape region query size = 24.
[INFO DRT-0033] met5 shape region query size = 36.
[INFO DRT-0165] Start pin access.
[INFO DRT-0078]   Complete 165 pins.
[INFO DRT-0081]   Complete 45 unique inst patterns.
[INFO DRT-0084]   Complete 129 groups.
#scanned instances     = 1439
#unique  instances     = 52
#stdCellGenAp          = 1078
#stdCellValidPlanarAp  = 20
#stdCellValidViaAp     = 732
#stdCellPinNoAp        = 0
#stdCellPinCnt         = 334
#instTermValidViaApCnt = 0
#macroGenAp            = 115
#macroValidPlanarAp    = 99
#macroValidViaAp       = 0
#macroNoAp             = 0
[INFO DRT-0166] Complete pin access.
[INFO DRT-0267] cpu time = 00:00:10, elapsed time = 00:00:01, memory = 141.64 (MB), peak = 141.64 (MB)

[INFO DRT-0157] Number of guides:     1155

[INFO DRT-0169] Post process guides.
[INFO DRT-0176] GCELLGRID X 0 DO 81 STEP 6900 ;
[INFO DRT-0177] GCELLGRID Y 0 DO 53 STEP 6900 ;
[INFO DRT-0028]   Complete FR_MASTERSLICE.
[INFO DRT-0028]   Complete licon.
[INFO DRT-0028]   Complete li1.
[INFO DRT-0028]   Complete mcon.
[INFO DRT-0028]   Complete met1.
[INFO DRT-0028]   Complete via.
[INFO DRT-0028]   Complete met2.
[INFO DRT-0028]   Complete via2.
[INFO DRT-0028]   Complete met3.
[INFO DRT-0028]   Complete via3.
[INFO DRT-0028]   Complete met4.
[INFO DRT-0028]   Complete via4.
[INFO DRT-0028]   Complete met5.
[INFO DRT-0178] Init guide query.
[INFO DRT-0035]   Complete FR_MASTERSLICE (guide).
[INFO DRT-0035]   Complete licon (guide).
[INFO DRT-0035]   Complete li1 (guide).
[INFO DRT-0035]   Complete mcon (guide).
[INFO DRT-0035]   Complete met1 (guide).
[INFO DRT-0035]   Complete via (guide).
[INFO DRT-0035]   Complete met2 (guide).
[INFO DRT-0035]   Complete via2 (guide).
[INFO DRT-0035]   Complete met3 (guide).
[INFO DRT-0035]   Complete via3 (guide).
[INFO DRT-0035]   Complete met4 (guide).
[INFO DRT-0035]   Complete via4 (guide).
[INFO DRT-0035]   Complete met5 (guide).
[INFO DRT-0036] FR_MASTERSLICE guide region query size = 0.
[INFO DRT-0036] licon guide region query size = 0.
[INFO DRT-0036] li1 guide region query size = 328.
[INFO DRT-0036] mcon guide region query size = 0.
[INFO DRT-0036] met1 guide region query size = 325.
[INFO DRT-0036] via guide region query size = 0.
[INFO DRT-0036] met2 guide region query size = 206.
[INFO DRT-0036] via2 guide region query size = 0.
[INFO DRT-0036] met3 guide region query size = 66.
[INFO DRT-0036] via3 guide region query size = 0.
[INFO DRT-0036] met4 guide region query size = 41.
[INFO DRT-0036] via4 guide region query size = 0.
[INFO DRT-0036] met5 guide region query size = 0.
[INFO DRT-0179] Init gr pin query.
[INFO DRT-0245] skipped writing guide updates to database.
[INFO DRT-0185] Post process initialize RPin region query.
[INFO DRT-0181] Start track assignment.
[INFO DRT-0184] Done with 575 vertical wires in 2 frboxes and 391 horizontal wires in 2 frboxes.
[INFO DRT-0186] Done with 22 vertical wires in 2 frboxes and 64 horizontal wires in 2 frboxes.
[INFO DRT-0182] Complete track assignment.
[INFO DRT-0267] cpu time = 00:00:02, elapsed time = 00:00:00, memory = 151.19 (MB), peak = 151.19 (MB)
[INFO DRT-0187] Start routing data preparation.
[INFO DRT-0267] cpu time = 00:00:00, elapsed time = 00:00:00, memory = 151.19 (MB), peak = 151.19 (MB)
[INFO DRT-0194] Start detail routing.
[INFO DRT-0195] Start 0th optimization iteration.
    Completing 10% with 0 violations.
    elapsed time = 00:00:00, memory = 154.95 (MB).
    Completing 20% with 0 violations.
    elapsed time = 00:00:00, memory = 177.21 (MB).
    Completing 30% with 10 violations.
    elapsed time = 00:00:00, memory = 173.77 (MB).
    Completing 40% with 10 violations.
    elapsed time = 00:00:00, memory = 187.35 (MB).
    Completing 50% with 10 violations.
    elapsed time = 00:00:00, memory = 189.93 (MB).
    Completing 60% with 10 violations.
    elapsed time = 00:00:00, memory = 197.02 (MB).
    Completing 70% with 10 violations.
    elapsed time = 00:00:00, memory = 197.53 (MB).
    Completing 80% with 17 violations.
    elapsed time = 00:00:00, memory = 198.05 (MB).
    Completing 90% with 17 violations.
    elapsed time = 00:00:00, memory = 202.11 (MB).
    Completing 100% with 20 violations.
    elapsed time = 00:00:00, memory = 202.11 (MB).
[INFO DRT-0199]   Number of violations = 37.
Viol/Layer        met1   met2   met3
Metal Spacing        1      0      3
Recheck             15      2      0
Short               16      0      0
[INFO DRT-0267] cpu time = 00:00:07, elapsed time = 00:00:01, memory = 545.30 (MB), peak = 557.14 (MB)
Total wire length = 7005 um.
Total wire length on LAYER li1 = 0 um.
Total wire length on LAYER met1 = 2227 um.
Total wire length on LAYER met2 = 3463 um.
Total wire length on LAYER met3 = 840 um.
Total wire length on LAYER met4 = 474 um.
Total wire length on LAYER met5 = 0 um.
Total number of vias = 887.
Up-via summary (total 887):

----------------------
 FR_MASTERSLICE      0
            li1    406
           met1    370
           met2     66
           met3     45
           met4      0
----------------------
                   887


[INFO DRT-0195] Start 1st optimization iteration.
    Completing 10% with 37 violations.
    elapsed time = 00:00:00, memory = 545.30 (MB).
    Completing 20% with 37 violations.
    elapsed time = 00:00:00, memory = 545.30 (MB).
    Completing 30% with 37 violations.
    elapsed time = 00:00:00, memory = 545.30 (MB).
    Completing 40% with 37 violations.
    elapsed time = 00:00:00, memory = 545.30 (MB).
    Completing 50% with 37 violations.
    elapsed time = 00:00:00, memory = 545.56 (MB).
    Completing 60% with 27 violations.
    elapsed time = 00:00:00, memory = 545.56 (MB).
    Completing 70% with 27 violations.
    elapsed time = 00:00:00, memory = 546.07 (MB).
    Completing 80% with 26 violations.
    elapsed time = 00:00:00, memory = 547.10 (MB).
    Completing 90% with 26 violations.
    elapsed time = 00:00:00, memory = 551.35 (MB).
    Completing 100% with 7 violations.
    elapsed time = 00:00:00, memory = 551.35 (MB).
[INFO DRT-0199]   Number of violations = 7.
Viol/Layer        met1
Short                7
[INFO DRT-0267] cpu time = 00:00:06, elapsed time = 00:00:00, memory = 551.65 (MB), peak = 563.44 (MB)
Total wire length = 6974 um.
Total wire length on LAYER li1 = 0 um.
Total wire length on LAYER met1 = 2242 um.
Total wire length on LAYER met2 = 3536 um.
Total wire length on LAYER met3 = 809 um.
Total wire length on LAYER met4 = 385 um.
Total wire length on LAYER met5 = 0 um.
Total number of vias = 889.
Up-via summary (total 889):

----------------------
 FR_MASTERSLICE      0
            li1    406
           met1    373
           met2     66
           met3     44
           met4      0
----------------------
                   889


[INFO DRT-0195] Start 2nd optimization iteration.
    Completing 10% with 7 violations.
    elapsed time = 00:00:00, memory = 551.65 (MB).
    Completing 20% with 7 violations.
    elapsed time = 00:00:00, memory = 551.65 (MB).
    Completing 30% with 7 violations.
    elapsed time = 00:00:00, memory = 551.65 (MB).
    Completing 40% with 7 violations.
    elapsed time = 00:00:00, memory = 551.65 (MB).
    Completing 50% with 7 violations.
    elapsed time = 00:00:00, memory = 551.65 (MB).
    Completing 60% with 5 violations.
    elapsed time = 00:00:00, memory = 551.65 (MB).
    Completing 70% with 5 violations.
    elapsed time = 00:00:00, memory = 551.65 (MB).
    Completing 80% with 5 violations.
    elapsed time = 00:00:00, memory = 551.65 (MB).
    Completing 90% with 5 violations.
    elapsed time = 00:00:00, memory = 551.65 (MB).
    Completing 100% with 9 violations.
    elapsed time = 00:00:00, memory = 555.75 (MB).
[INFO DRT-0199]   Number of violations = 9.
Viol/Layer        met1
Metal Spacing        1
Short                8
[INFO DRT-0267] cpu time = 00:00:03, elapsed time = 00:00:00, memory = 555.74 (MB), peak = 567.66 (MB)
Total wire length = 6980 um.
Total wire length on LAYER li1 = 0 um.
Total wire length on LAYER met1 = 2246 um.
Total wire length on LAYER met2 = 3548 um.
Total wire length on LAYER met3 = 812 um.
Total wire length on LAYER met4 = 373 um.
Total wire length on LAYER met5 = 0 um.
Total number of vias = 889.
Up-via summary (total 889):

----------------------
 FR_MASTERSLICE      0
            li1    406
           met1    372
           met2     66
           met3     45
           met4      0
----------------------
                   889


[INFO DRT-0195] Start 3rd optimization iteration.
    Completing 10% with 9 violations.
    elapsed time = 00:00:00, memory = 555.74 (MB).
    Completing 20% with 9 violations.
    elapsed time = 00:00:00, memory = 556.00 (MB).
    Completing 30% with 0 violations.
    elapsed time = 00:00:00, memory = 556.00 (MB).
    Completing 40% with 0 violations.
    elapsed time = 00:00:00, memory = 556.00 (MB).
    Completing 50% with 0 violations.
    elapsed time = 00:00:00, memory = 556.00 (MB).
    Completing 60% with 0 violations.
    elapsed time = 00:00:00, memory = 556.00 (MB).
    Completing 70% with 0 violations.
    elapsed time = 00:00:00, memory = 556.00 (MB).
    Completing 80% with 0 violations.
    elapsed time = 00:00:00, memory = 556.00 (MB).
    Completing 90% with 0 violations.
    elapsed time = 00:00:00, memory = 556.00 (MB).
    Completing 100% with 0 violations.
    elapsed time = 00:00:00, memory = 556.00 (MB).
[INFO DRT-0199]   Number of violations = 0.
[INFO DRT-0267] cpu time = 00:00:03, elapsed time = 00:00:00, memory = 556.00 (MB), peak = 567.91 (MB)
Total wire length = 6982 um.
Total wire length on LAYER li1 = 0 um.
Total wire length on LAYER met1 = 2246 um.
Total wire length on LAYER met2 = 3549 um.
Total wire length on LAYER met3 = 812 um.
Total wire length on LAYER met4 = 373 um.
Total wire length on LAYER met5 = 0 um.
Total number of vias = 893.
Up-via summary (total 893):

----------------------
 FR_MASTERSLICE      0
            li1    406
           met1    376
           met2     66
           met3     45
           met4      0
----------------------
                   893


[INFO DRT-0198] Complete detail routing.
Total wire length = 6982 um.
Total wire length on LAYER li1 = 0 um.
Total wire length on LAYER met1 = 2246 um.
Total wire length on LAYER met2 = 3549 um.
Total wire length on LAYER met3 = 812 um.
Total wire length on LAYER met4 = 373 um.
Total wire length on LAYER met5 = 0 um.
Total number of vias = 893.
Up-via summary (total 893):

----------------------
 FR_MASTERSLICE      0
            li1    406
           met1    376
           met2     66
           met3     45
           met4      0
----------------------
                   893


[INFO DRT-0267] cpu time = 00:00:21, elapsed time = 00:00:03, memory = 556.00 (MB), peak = 567.91 (MB)

[INFO DRT-0180] Post processing.
Setting global connections for newly added cells…
[INFO] Setting global connections...
mem_i matched with mem_i
Updating metrics…
Cell type report:                       Count       Area
  Macro                                     1  123515.34
  Fill cell                               470    1764.19
  Tap cell                                739     924.64
  Antenna cell                             96     240.23
  Clock buffer                              3      75.07
  Timing Repair Buffer                     65     322.81
  Inverter                                 25      93.84
  Clock inverter                            1      30.03
  Sequential cell                          24     604.33
  Multi-Input combinational cell           15      96.34
  Total                                  1439  127666.82
Writing OpenROAD database to '/home/lroot/NCOver2/runs/RUN_2025-02-26_06-21-21/181-openroad-detailedrouting/counter.odb'…
Writing netlist to '/home/lroot/NCOver2/runs/RUN_2025-02-26_06-21-21/181-openroad-detailedrouting/counter.nl.v'…
Writing powered netlist to '/home/lroot/NCOver2/runs/RUN_2025-02-26_06-21-21/181-openroad-detailedrouting/counter.pnl.v'…
Writing layout to '/home/lroot/NCOver2/runs/RUN_2025-02-26_06-21-21/181-openroad-detailedrouting/counter.def'…
Writing timing constraints to '/home/lroot/NCOver2/runs/RUN_2025-02-26_06-21-21/181-openroad-detailedrouting/counter.sdc'…
