
===========================================================================
report_checks -unconstrained
===========================================================================
======================= nom_tt_025C_1v80 Corner ===================================

Startpoint: rst (input port clocked by clk)
Endpoint: _134_ (recovery check against rising-edge clock clk)
Path Group: asynchronous
Path Type: max

Fanout         Cap        Slew       Delay        Time   Description
---------------------------------------------------------------------------------------------
                                  0.000000    0.000000   clock clk (rise edge)
                                  0.000000    0.000000   clock network delay (propagated)
                                  2.500000    2.500000 v input external delay
     1    0.002903    0.008869    0.004588    2.504588 v rst (in)
                                                         rst (net)
                      0.008869    0.000000    2.504588 v input51/A (sky130_fd_sc_hd__buf_1)
     1    0.010758    0.068655    0.108135    2.612723 v input51/X (sky130_fd_sc_hd__buf_1)
                                                         net51 (net)
                      0.068656    0.000381    2.613105 v fanout133/A (sky130_fd_sc_hd__clkbuf_4)
     7    0.042559    0.094596    0.205425    2.818530 v fanout133/X (sky130_fd_sc_hd__clkbuf_4)
                                                         net133 (net)
                      0.094596    0.000061    2.818590 v fanout132/A (sky130_fd_sc_hd__buf_4)
    10    0.053159    0.079979    0.211085    3.029675 v fanout132/X (sky130_fd_sc_hd__buf_4)
                                                         net132 (net)
                      0.079987    0.000843    3.030518 v fanout131/A (sky130_fd_sc_hd__buf_4)
    10    0.051077    0.078432    0.201828    3.232346 v fanout131/X (sky130_fd_sc_hd__buf_4)
                                                         net131 (net)
                      0.078432    0.000007    3.232353 v _109_/A (sky130_fd_sc_hd__inv_2)
     1    0.004755    0.035816    0.060034    3.292387 ^ _109_/Y (sky130_fd_sc_hd__inv_2)
                                                         _039_ (net)
                      0.035816    0.000024    3.292411 ^ _134_/RESET_B (sky130_fd_sc_hd__dfrtp_1)
                                              3.292411   data arrival time

                                  5.000000    5.000000   clock clk (rise edge)
                                  0.000000    5.000000   clock source latency
     1    0.064885    0.294461    0.210111    5.210111 ^ clk (in)
                                                         clk (net)
                      0.294955    0.000000    5.210111 ^ clkbuf_0_clk/A (sky130_fd_sc_hd__clkbuf_16)
     4    0.049450    0.071646    0.226881    5.436992 ^ clkbuf_0_clk/X (sky130_fd_sc_hd__clkbuf_16)
                                                         clknet_0_clk (net)
                      0.072100    0.003952    5.440945 ^ clkbuf_2_2_0_clk/A (sky130_fd_sc_hd__clkbuf_8)
     8    0.038112    0.078846    0.164175    5.605120 ^ clkbuf_2_2_0_clk/X (sky130_fd_sc_hd__clkbuf_8)
                                                         clknet_2_2_0_clk (net)
                      0.078861    0.001108    5.606228 ^ _134_/CLK (sky130_fd_sc_hd__dfrtp_1)
                                 -0.250000    5.356227   clock uncertainty
                                  0.000000    5.356227   clock reconvergence pessimism
                                  0.243078    5.599306   library recovery time
                                              5.599306   data required time
---------------------------------------------------------------------------------------------
                                              5.599306   data required time
                                             -3.292411   data arrival time
---------------------------------------------------------------------------------------------
                                              2.306895   slack (MET)


Startpoint: _125_ (rising edge-triggered flip-flop clocked by clk)
Endpoint: sine_out[13] (output port clocked by clk)
Path Group: clk
Path Type: max

Fanout         Cap        Slew       Delay        Time   Description
---------------------------------------------------------------------------------------------
                                  0.000000    0.000000   clock clk (rise edge)
                                  0.000000    0.000000   clock source latency
     1    0.064885    0.294461    0.210111    0.210111 ^ clk (in)
                                                         clk (net)
                      0.294955    0.000000    0.210111 ^ clkbuf_0_clk/A (sky130_fd_sc_hd__clkbuf_16)
     4    0.049450    0.071646    0.226881    0.436992 ^ clkbuf_0_clk/X (sky130_fd_sc_hd__clkbuf_16)
                                                         clknet_0_clk (net)
                      0.072102    0.003963    0.440955 ^ clkbuf_2_3_0_clk/A (sky130_fd_sc_hd__clkbuf_8)
    10    0.096455    0.172463    0.227599    0.668554 ^ clkbuf_2_3_0_clk/X (sky130_fd_sc_hd__clkbuf_8)
                                                         clknet_2_3_0_clk (net)
                      0.172838    0.006660    0.675214 ^ _125_/CLK (sky130_fd_sc_hd__dfrtp_1)
     1    0.011998    0.079302    0.443583    1.118797 v _125_/Q (sky130_fd_sc_hd__dfrtp_1)
                                                         net56 (net)
                      0.079302    0.000451    1.119248 v output56/A (sky130_fd_sc_hd__buf_1)
     1    0.000814    0.016902    0.091027    1.210274 v output56/X (sky130_fd_sc_hd__buf_1)
                                                         sine_out[13] (net)
                      0.016902    0.000002    1.210277 v sine_out[13] (out)
                                              1.210277   data arrival time

                                  5.000000    5.000000   clock clk (rise edge)
                                  0.000000    5.000000   clock network delay (propagated)
                                 -0.250000    4.750000   clock uncertainty
                                  0.000000    4.750000   clock reconvergence pessimism
                                 -2.500000    2.250000   output external delay
                                              2.250000   data required time
---------------------------------------------------------------------------------------------
                                              2.250000   data required time
                                             -1.210277   data arrival time
---------------------------------------------------------------------------------------------
                                              1.039723   slack (MET)




===========================================================================
report_checks --slack_max -0.01
============================================================================
======================= nom_tt_025C_1v80 Corner ===================================

No paths found.


===========================================================================
 report_check_types -max_slew -max_cap -max_fanout -violators
============================================================================
======================= nom_tt_025C_1v80 Corner ===================================

max slew

Pin                                        Limit        Slew       Slack
------------------------------------------------------------------------
mem_i0/addr0[1]                         0.040000    0.253841   -0.213841 (VIOLATED)
mem_i0/addr0[6]                         0.040000    0.251827   -0.211827 (VIOLATED)
mem_i0/addr0[7]                         0.040000    0.249551   -0.209551 (VIOLATED)
mem_i0/addr0[5]                         0.040000    0.248863   -0.208863 (VIOLATED)
mem_i0/addr0[4]                         0.040000    0.235546   -0.195546 (VIOLATED)
mem_i0/addr0[2]                         0.040000    0.230321   -0.190321 (VIOLATED)
mem_i0/addr0[3]                         0.040000    0.225190   -0.185190 (VIOLATED)
mem_i0/addr1[5]                         0.045000    0.192703   -0.147703 (VIOLATED)
mem_i0/addr1[7]                         0.045000    0.188879   -0.143879 (VIOLATED)
mem_i1/addr0[7]                         0.040000    0.177775   -0.137775 (VIOLATED)
mem_i0/addr1[6]                         0.045000    0.179916   -0.134916 (VIOLATED)
mem_i1/addr0[6]                         0.040000    0.171275   -0.131275 (VIOLATED)
mem_i1/addr0[1]                         0.040000    0.165929   -0.125929 (VIOLATED)
mem_i1/addr0[0]                         0.040000    0.165148   -0.125148 (VIOLATED)
mem_i1/addr0[5]                         0.040000    0.160512   -0.120512 (VIOLATED)
mem_i1/addr0[2]                         0.040000    0.160196   -0.120196 (VIOLATED)
mem_i1/addr0[4]                         0.040000    0.159876   -0.119876 (VIOLATED)
mem_i1/addr0[3]                         0.040000    0.158903   -0.118903 (VIOLATED)
mem_i0/addr1[2]                         0.045000    0.159127   -0.114127 (VIOLATED)
mem_i0/addr0[0]                         0.040000    0.137269   -0.097269 (VIOLATED)
mem_i0/addr1[3]                         0.045000    0.139234   -0.094234 (VIOLATED)
mem_i0/addr1[4]                         0.045000    0.138678   -0.093678 (VIOLATED)
mem_i0/addr1[1]                         0.045000    0.103653   -0.058653 (VIOLATED)
mem_i0/addr1[0]                         0.045000    0.101179   -0.056179 (VIOLATED)
mem_i1/addr1[7]                         0.045000    0.070349   -0.025349 (VIOLATED)
mem_i1/addr1[0]                         0.045000    0.068550   -0.023550 (VIOLATED)
mem_i1/addr1[1]                         0.045000    0.068376   -0.023376 (VIOLATED)
mem_i1/addr1[6]                         0.045000    0.067825   -0.022825 (VIOLATED)
mem_i1/addr1[5]                         0.045000    0.067600   -0.022600 (VIOLATED)
mem_i1/addr1[2]                         0.045000    0.058117   -0.013117 (VIOLATED)
mem_i1/addr1[3]                         0.045000    0.056735   -0.011735 (VIOLATED)
mem_i1/addr1[4]                         0.045000    0.056483   -0.011483 (VIOLATED)



===========================================================================
report_parasitic_annotation -report_unannotated
============================================================================
Found 5 unannotated drivers.
 clkload0/Y
 clkload1/Y
 clkload2/Y
 mem_i0_134/HI
 mem_i1_135/HI
Found 0 partially unannotated drivers.

===========================================================================
max slew violation count 32
Writing metric design__max_slew_violation__count__corner:nom_tt_025C_1v80: 32
max fanout violation count 0
Writing metric design__max_fanout_violation__count__corner:nom_tt_025C_1v80: 0
max cap violation count 0
Writing metric design__max_cap_violation__count__corner:nom_tt_025C_1v80: 0
============================================================================

===========================================================================
check_setup -verbose -unconstrained_endpoints -multiple_clock -no_clock -no_input_delay -loops -generated_clocks
===========================================================================
Warning: There are 50 input ports missing set_input_delay.
  addr00[0]
  addr00[1]
  addr00[2]
  addr00[3]
  addr00[4]
  addr00[5]
  addr00[6]
  addr00[7]
  addr01[0]
  addr01[1]
  addr01[2]
  addr01[3]
  addr01[4]
  addr01[5]
  addr01[6]
  addr01[7]
  csb00
  csb01
  din00[0]
  din00[10]
  din00[11]
  din00[12]
  din00[13]
  din00[14]
  din00[15]
  din00[1]
  din00[2]
  din00[3]
  din00[4]
  din00[5]
  din00[6]
  din00[7]
  din00[8]
  din00[9]
  din01[0]
  din01[10]
  din01[11]
  din01[12]
  din01[13]
  din01[14]
  din01[15]
  din01[1]
  din01[2]
  din01[3]
  din01[4]
  din01[5]
  din01[6]
  din01[7]
  din01[8]
  din01[9]
Warning: There are 52 unconstrained endpoints.
  mem_i0/addr0[0]
  mem_i0/addr0[1]
  mem_i0/addr0[2]
  mem_i0/addr0[3]
  mem_i0/addr0[4]
  mem_i0/addr0[5]
  mem_i0/addr0[6]
  mem_i0/addr0[7]
  mem_i0/csb0
  mem_i0/csb1
  mem_i0/din0[0]
  mem_i0/din0[10]
  mem_i0/din0[11]
  mem_i0/din0[12]
  mem_i0/din0[13]
  mem_i0/din0[14]
  mem_i0/din0[15]
  mem_i0/din0[1]
  mem_i0/din0[2]
  mem_i0/din0[3]
  mem_i0/din0[4]
  mem_i0/din0[5]
  mem_i0/din0[6]
  mem_i0/din0[7]
  mem_i0/din0[8]
  mem_i0/din0[9]
  mem_i1/addr0[0]
  mem_i1/addr0[1]
  mem_i1/addr0[2]
  mem_i1/addr0[3]
  mem_i1/addr0[4]
  mem_i1/addr0[5]
  mem_i1/addr0[6]
  mem_i1/addr0[7]
  mem_i1/csb0
  mem_i1/csb1
  mem_i1/din0[0]
  mem_i1/din0[10]
  mem_i1/din0[11]
  mem_i1/din0[12]
  mem_i1/din0[13]
  mem_i1/din0[14]
  mem_i1/din0[15]
  mem_i1/din0[1]
  mem_i1/din0[2]
  mem_i1/din0[3]
  mem_i1/din0[4]
  mem_i1/din0[5]
  mem_i1/din0[6]
  mem_i1/din0[7]
  mem_i1/din0[8]
  mem_i1/din0[9]
