Clock: clk
Sources: clk 
Generated: no
Virtual: yes
Propagated: no
Period: 5.000000

===========================================================================
report_clock_properties
============================================================================
Clock                   Period          Waveform
----------------------------------------------------
clk                   5.000000    0.000000  2.500000

===========================================================================
report_clock_latency
============================================================================
Clock clk
rise -> rise
    min     max
0.000000 0.000000 source latency
0.453859         network latency _094_/CLK
        0.459599 network latency _090_/CLK
---------------
0.453859 0.459599 latency
        0.005741 skew

fall -> fall
    min     max
0.000000 0.000000 source latency
0.363281         network latency _083_/CLK
        0.372828 network latency _090_/CLK
---------------
0.363281 0.372828 latency
        0.009547 skew



===========================================================================
report_clock_min_period
============================================================================
clk period_min = 1.42 fmax = 704.94
