Reading OpenROAD database at '/home/lroot/NCOver2/runs/RUN_2025-02-26_07-27-21/41-odb-heuristicdiodeinsertion/1-odb-fuzzydiodeplacement/counter.odb'…
Reading library file at '/home/lroot/.volare/volare/sky130/versions/0fe599b2afb6708d281543108caf8310912f54af/sky130A/libs.ref/sky130_fd_sc_hd/lib/sky130_fd_sc_hd__tt_025C_1v80.lib'…
Reading library file at '/home/lroot/NCOver2/ram_256x16/ram_256x16_TT_1p8V_25C.lib'…
Reading macro library file at '/home/lroot/NCOver2/ram_256x16/ram_256x16_TT_1p8V_25C.lib'…
[WARNING STA-1140] /home/lroot/NCOver2/ram_256x16/ram_256x16_TT_1p8V_25C.lib line 1, library ram_256x16_TT_1p8V_25C_lib already exists.
Reading design constraints file at '/home/lroot/NCOver2/counter.sdc'…
Placement Analysis
---------------------------------
total displacement         82.5 u
average displacement        0.1 u
max displacement            6.4 u
original HPWL            6882.1 u
legalized HPWL           7011.7 u
delta HPWL                    2 %

[INFO DPL-0020] Mirrored 115 instances
[INFO DPL-0021] HPWL before            7011.7 u
[INFO DPL-0022] HPWL after             6907.7 u
[INFO DPL-0023] HPWL delta               -1.5 %
Setting global connections for newly added cells…
[INFO] Setting global connections...
mem_i matched with mem_i
Updating metrics…
Cell type report:                       Count       Area
  Macro                                     1  123515.34
  Fill cell                               470    1764.19
  Tap cell                                739     924.64
  Antenna cell                             92     230.22
  Clock buffer                              3      75.07
  Timing Repair Buffer                     65     322.81
  Inverter                                 25      93.84
  Clock inverter                            1      30.03
  Sequential cell                          24     604.33
  Multi-Input combinational cell           15      96.34
  Total                                  1435  127656.82
Writing OpenROAD database to '/home/lroot/NCOver2/runs/RUN_2025-02-26_07-27-21/41-odb-heuristicdiodeinsertion/2-openroad-detailedplacement/counter.odb'…
Writing netlist to '/home/lroot/NCOver2/runs/RUN_2025-02-26_07-27-21/41-odb-heuristicdiodeinsertion/2-openroad-detailedplacement/counter.nl.v'…
Writing powered netlist to '/home/lroot/NCOver2/runs/RUN_2025-02-26_07-27-21/41-odb-heuristicdiodeinsertion/2-openroad-detailedplacement/counter.pnl.v'…
Writing layout to '/home/lroot/NCOver2/runs/RUN_2025-02-26_07-27-21/41-odb-heuristicdiodeinsertion/2-openroad-detailedplacement/counter.def'…
Writing timing constraints to '/home/lroot/NCOver2/runs/RUN_2025-02-26_07-27-21/41-odb-heuristicdiodeinsertion/2-openroad-detailedplacement/counter.sdc'…
