Reading OpenROAD database at '/home/lroot/NCOver2/runs/RUN_2025-02-26_06-21-21/23-openroad-globalplacementskipio/counter.odb'…
Reading library file at '/home/lroot/.volare/volare/sky130/versions/0fe599b2afb6708d281543108caf8310912f54af/sky130A/libs.ref/sky130_fd_sc_hd/lib/sky130_fd_sc_hd__tt_025C_1v80.lib'…
Reading library file at '/home/lroot/NCOver2/ram_256x16/ram_256x16_TT_1p8V_25C.lib'…
Reading macro library file at '/home/lroot/NCOver2/ram_256x16/ram_256x16_TT_1p8V_25C.lib'…
[WARNING STA-1140] /home/lroot/NCOver2/ram_256x16/ram_256x16_TT_1p8V_25C.lib line 1, library ram_256x16_TT_1p8V_25C_lib already exists.
Reading design constraints file at '/nix/store/1713bzlk8w8z17prigcs0xh0ha523ii5-python3-3.11.9-env/lib/python3.11/site-packages/openlane/scripts/base.sdc'…
[INFO] Using clock clk…
[INFO] Setting output delay to: 2
[INFO] Setting input delay to: 2
[INFO] Setting load to: 0.033442
[INFO] Setting clock uncertainty to: 0.25
[INFO] Setting clock transition to: 0.1499999999999999944488848768742172978818416595458984375
[INFO] Setting timing derate to: 5%
[INFO] place_pins args: -min_distance 3
Found 1 macro blocks.
[INFO PPL-0010] Tentative 0 to set up sections.
[INFO PPL-0001] Number of slots           566
[INFO PPL-0002] Number of I/O             43
[INFO PPL-0003] Number of I/O w/sink      43
[INFO PPL-0004] Number of I/O w/o sink    0
[INFO PPL-0005] Slots per section         200
[INFO PPL-0006] Slots increase factor     0.01
[INFO PPL-0008] Successfully assigned pins to sections.
[INFO PPL-0012] I/O nets HPWL: 3175.22 um.
Setting global connections for newly added cells…
[INFO] Setting global connections...
mem_i matched with mem_i
Updating metrics…
Cell type report:                       Count       Area
  Macro                                     1  123515.34
  Fill cell                               470    1764.19
  Tap cell                                739     924.64
  Inverter                                 25      93.84
  Sequential cell                          24     630.60
  Multi-Input combinational cell           15     146.39
  Total                                  1274  127075.01
Writing OpenROAD database to '/home/lroot/NCOver2/runs/RUN_2025-02-26_06-21-21/24-openroad-ioplacement/counter.odb'…
Writing netlist to '/home/lroot/NCOver2/runs/RUN_2025-02-26_06-21-21/24-openroad-ioplacement/counter.nl.v'…
Writing powered netlist to '/home/lroot/NCOver2/runs/RUN_2025-02-26_06-21-21/24-openroad-ioplacement/counter.pnl.v'…
Writing layout to '/home/lroot/NCOver2/runs/RUN_2025-02-26_06-21-21/24-openroad-ioplacement/counter.def'…
Writing timing constraints to '/home/lroot/NCOver2/runs/RUN_2025-02-26_06-21-21/24-openroad-ioplacement/counter.sdc'…
