Clock: clk
Sources: clk 
Generated: no
Virtual: yes
Propagated: no
Period: 5.000000

===========================================================================
report_clock_properties
============================================================================
Clock                   Period          Waveform
----------------------------------------------------
clk                   5.000000    0.000000  2.500000

===========================================================================
report_clock_latency
============================================================================
Clock clk
rise -> rise
    min     max
0.000000 0.000000 source latency
0.762819         network latency mem_i0/clk1
        0.802570 network latency _128_/CLK
---------------
0.762819 0.802570 latency
        0.039752 skew

fall -> fall
    min     max
0.000000 0.000000 source latency
0.606736         network latency mem_i0/clk1
        0.638354 network latency mem_i1/clk1
---------------
0.606736 0.638354 latency
        0.031617 skew



===========================================================================
report_clock_min_period
============================================================================
clk period_min = 2.02 fmax = 494.39
