[WARNING ORD-0039] .openroad ignored with -python
                                Cells by Master                                 
┏━━━━━━━━━━━━━━━━━━━━━━━━━━━━━━━━━━━━━━━━━━━━━━━━━━━━━━━━━━━━━━━━┳━━━━━━━━━━━━━┓
┃ Cell                                                           ┃ Count       ┃
┡━━━━━━━━━━━━━━━━━━━━━━━━━━━━━━━━━━━━━━━━━━━━━━━━━━━━━━━━━━━━━━━━╇━━━━━━━━━━━━━┩
│ ram_256x16                                                     │ 1           │
│ sky130_ef_sc_hd__decap_12                                      │ 2711        │
│ sky130_fd_sc_hd__a21oi_1                                       │ 2           │
│ sky130_fd_sc_hd__and3_1                                        │ 3           │
│ sky130_fd_sc_hd__and3_2                                        │ 1           │
│ sky130_fd_sc_hd__buf_1                                         │ 46          │
│ sky130_fd_sc_hd__buf_2                                         │ 1           │
│ sky130_fd_sc_hd__buf_4                                         │ 1           │
│ sky130_fd_sc_hd__bufinv_16                                     │ 1           │
│ sky130_fd_sc_hd__clkbuf_1                                      │ 1           │
│ sky130_fd_sc_hd__clkbuf_16                                     │ 3           │
│ sky130_fd_sc_hd__clkbuf_2                                      │ 6           │
│ sky130_fd_sc_hd__clkbuf_8                                      │ 1           │
│ sky130_fd_sc_hd__conb_1                                        │ 1           │
│ sky130_fd_sc_hd__decap_3                                       │ 626         │
│ sky130_fd_sc_hd__decap_4                                       │ 121         │
│ sky130_fd_sc_hd__decap_6                                       │ 455         │
│ sky130_fd_sc_hd__decap_8                                       │ 61          │
│ sky130_fd_sc_hd__dfrtp_1                                       │ 23          │
│ sky130_fd_sc_hd__dfrtp_4                                       │ 1           │
│ sky130_fd_sc_hd__diode_2                                       │ 96          │
│ sky130_fd_sc_hd__dlygate4sd3_1                                 │ 9           │
│ sky130_fd_sc_hd__fill_1                                        │ 595         │
│ sky130_fd_sc_hd__fill_2                                        │ 137         │
│ sky130_fd_sc_hd__inv_2                                         │ 25          │
│ sky130_fd_sc_hd__nand2_1                                       │ 1           │
│ sky130_fd_sc_hd__nor2_1                                        │ 2           │
│ sky130_fd_sc_hd__o2bb2a_1                                      │ 1           │
│ sky130_fd_sc_hd__tapvpwrvgnd_1                                 │ 739         │
│ sky130_fd_sc_hd__xnor2_1                                       │ 1           │
│ sky130_fd_sc_hd__xor2_1                                        │ 3           │
└────────────────────────────────────────────────────────────────┴─────────────┘
                               Cells by Function                                
┏━━━━━━━━━━━━━━━━━━━━━━━━━━━━━━━━━━━━━━━━━━━━━━━━━━━━━━━━━━━━━━━┳━━━━━━━━━━━━━━┓
┃ Cell Function                                                 ┃ Count        ┃
┡━━━━━━━━━━━━━━━━━━━━━━━━━━━━━━━━━━━━━━━━━━━━━━━━━━━━━━━━━━━━━━━╇━━━━━━━━━━━━━━┩
│ sky130_ef_sc_hd__decap                                        │ 2711         │
│ sky130_fd_sc_hd__a21oi                                        │ 2            │
│ sky130_fd_sc_hd__and3                                         │ 4            │
│ sky130_fd_sc_hd__buf                                          │ 48           │
│ sky130_fd_sc_hd__bufinv                                       │ 1            │
│ sky130_fd_sc_hd__clkbuf                                       │ 11           │
│ sky130_fd_sc_hd__conb                                         │ 1            │
│ sky130_fd_sc_hd__decap                                        │ 1263         │
│ sky130_fd_sc_hd__dfrtp                                        │ 24           │
│ sky130_fd_sc_hd__diode                                        │ 96           │
│ sky130_fd_sc_hd__dlygate4sd3                                  │ 9            │
│ sky130_fd_sc_hd__fill                                         │ 732          │
│ sky130_fd_sc_hd__inv                                          │ 25           │
│ sky130_fd_sc_hd__nand2                                        │ 1            │
│ sky130_fd_sc_hd__nor2                                         │ 2            │
│ sky130_fd_sc_hd__o2bb2a                                       │ 1            │
│ sky130_fd_sc_hd__tapvpwrvgnd                                  │ 739          │
│ sky130_fd_sc_hd__xnor2                                        │ 1            │
│ sky130_fd_sc_hd__xor2                                         │ 3            │
└───────────────────────────────────────────────────────────────┴──────────────┘
                                  Cells by SCL                                  
┏━━━━━━━━━━━━━━━━━━━━━━━━━━━━━━━━━━━━━━━━━━━━━━━━━━━━━━━┳━━━━━━━━━━━━━━━━━━━━━━┓
┃ SCL                                                   ┃ Count                ┃
┡━━━━━━━━━━━━━━━━━━━━━━━━━━━━━━━━━━━━━━━━━━━━━━━━━━━━━━━╇━━━━━━━━━━━━━━━━━━━━━━┩
│ sky130_ef_sc_hd                                       │ 2711                 │
│ sky130_fd_sc_hd                                       │ 2963                 │
└───────────────────────────────────────────────────────┴──────────────────────┘
                             Buffers by Cell Master                             
┏━━━━━━━━━━━━━━━━━━━━━━━━━━━━━━━━━━━━━━━━━━━━━━━━━━━━━━━━━━━━━━━━┳━━━━━━━━━━━━━┓
┃ Buffer                                                         ┃ Count       ┃
┡━━━━━━━━━━━━━━━━━━━━━━━━━━━━━━━━━━━━━━━━━━━━━━━━━━━━━━━━━━━━━━━━╇━━━━━━━━━━━━━┩
│ sky130_fd_sc_hd__buf_1                                         │ 46          │
│ sky130_fd_sc_hd__buf_2                                         │ 1           │
│ sky130_fd_sc_hd__buf_4                                         │ 1           │
│ sky130_fd_sc_hd__clkbuf_1                                      │ 1           │
│ sky130_fd_sc_hd__clkbuf_16                                     │ 3           │
│ sky130_fd_sc_hd__clkbuf_2                                      │ 6           │
│ sky130_fd_sc_hd__clkbuf_8                                      │ 1           │
│ sky130_fd_sc_hd__dlygate4sd3_1                                 │ 9           │
└────────────────────────────────────────────────────────────────┴─────────────┘
