Clock: clk
Sources: clk 
Generated: no
Virtual: yes
Propagated: no
Period: 5.000000

===========================================================================
report_clock_properties
============================================================================
Clock                   Period          Waveform
----------------------------------------------------
clk                   5.000000    0.000000  2.500000

===========================================================================
report_clock_latency
============================================================================
Clock clk
rise -> rise
    min     max
0.000000 0.000000 source latency
0.871607         network latency _134_/CLK
        0.894648 network latency mem_i1/clk1
---------------
0.871607 0.894648 latency
        0.023040 skew

fall -> fall
    min     max
0.000000 0.000000 source latency
0.676846         network latency _134_/CLK
        0.695860 network latency mem_i1/clk1
---------------
0.676846 0.695860 latency
        0.019014 skew



===========================================================================
report_clock_min_period
============================================================================
clk period_min = 2.22 fmax = 450.77
