[INFO PSM-0040] All shapes on net vccd1 are connected.
########## IR report #################
Net              : vccd1
Corner           : nom_tt_025C_1v80
Supply voltage   : 1.80e+00 V
Worstcase voltage: -6.13e+06 V
Average voltage  : -4.20e+03 V
Average IR drop  : 4.20e+03 V
Worstcase IR drop: 6.13e+06 V
Percentage drop  : 340755584.00 %
######################################
[INFO PSM-0040] All shapes on net vssd1 are connected.
########## IR report #################
Net              : vssd1
Corner           : nom_tt_025C_1v80
Supply voltage   : 0.00e+00 V
Worstcase voltage: 5.96e+06 V
Average voltage  : 4.03e+03 V
Average IR drop  : 4.03e+03 V
Worstcase IR drop: 5.96e+06 V
Percentage drop  : 331278784.00 %
######################################
