
===========================================================================
Violator List
============================================================================
[setup reg-out] _138_/Q -> sine_out[1] : -0.176870
[setup reg-out] _141_/Q -> sine_out[4] : -0.165433
[setup reg-out] _142_/Q -> sine_out[5] : -0.164484
[setup reg-out] _124_/Q -> sine_out[12] : -0.163308
[setup reg-out] _143_/Q -> sine_out[6] : -0.160041
[setup reg-out] _121_/Q -> sine_out[9] : -0.144374
[setup reg-out] _144_/Q -> sine_out[7] : -0.141784
[setup reg-reg] mem_i1/dout1[9] -> _121_/D : -0.140291
[setup reg-out] _139_/Q -> sine_out[2] : -0.128582
[setup reg-out] _123_/Q -> sine_out[11] : -0.126061
[setup reg-reg] mem_i1/dout1[10] -> _122_/D : -0.125200
[setup reg-out] _122_/Q -> sine_out[10] : -0.122484
[setup reg-out] _126_/Q -> sine_out[14] : -0.111111
[setup reg-out] _125_/Q -> sine_out[13] : -0.109174
[setup reg-out] _140_/Q -> sine_out[3] : -0.105910
[setup reg-reg] mem_i1/dout1[8] -> _120_/D : -0.103205
[setup reg-out] _137_/Q -> sine_out[0] : -0.103033
[setup reg-out] _120_/Q -> sine_out[8] : -0.062149
[setup reg-reg] mem_i1/dout1[4] -> _141_/D : -0.047106
[setup reg-reg] mem_i1/dout1[7] -> _144_/D : -0.046861
[setup reg-reg] mem_i1/dout1[12] -> _124_/D : -0.037922
[setup reg-reg] mem_i1/dout1[11] -> _123_/D : -0.034509
[setup reg-out] _127_/Q -> sine_out[15] : -0.001215
