Clock: clk
Sources: clk 
Generated: no
Virtual: yes
Propagated: no
Period: 5.000000

===========================================================================
report_clock_properties
============================================================================
Clock                   Period          Waveform
----------------------------------------------------
clk                   5.000000    0.000000  2.500000

===========================================================================
report_clock_latency
============================================================================
Clock clk
rise -> rise
    min     max
0.000000 0.000000 source latency
0.702301         network latency _134_/CLK
        0.845612 network latency mem_i1/clk1
---------------
0.702301 0.845612 latency
        0.143311 skew

fall -> fall
    min     max
0.000000 0.000000 source latency
0.556363         network latency _134_/CLK
        0.652899 network latency mem_i1/clk1
---------------
0.556363 0.652899 latency
        0.096536 skew



===========================================================================
report_clock_min_period
============================================================================
clk period_min = 2.24 fmax = 446.94
