
===========================================================================
report_checks -unconstrained
===========================================================================
======================= nom_ff_n40C_1v95 Corner ===================================

Startpoint: rst (input port clocked by clk)
Endpoint: _134_ (recovery check against rising-edge clock clk)
Path Group: asynchronous
Path Type: max

Fanout         Cap        Slew       Delay        Time   Description
---------------------------------------------------------------------------------------------
                                  0.000000    0.000000   clock clk (rise edge)
                                  0.000000    0.000000   clock network delay (propagated)
                                  2.500000    2.500000 v input external delay
     2    0.003703    0.006045    0.003074    2.503074 v rst (in)
                                                         rst (net)
                      0.006045    0.000000    2.503074 v input51/A (sky130_fd_sc_hd__buf_1)
     3    0.015673    0.065040    0.085592    2.588666 v input51/X (sky130_fd_sc_hd__buf_1)
                                                         net51 (net)
                      0.065072    0.001193    2.589859 v fanout133/A (sky130_fd_sc_hd__clkbuf_4)
    15    0.058700    0.088345    0.159582    2.749440 v fanout133/X (sky130_fd_sc_hd__clkbuf_4)
                                                         net133 (net)
                      0.088404    0.001045    2.750486 v fanout132/A (sky130_fd_sc_hd__buf_4)
    21    0.074173    0.072075    0.162502    2.912988 v fanout132/X (sky130_fd_sc_hd__buf_4)
                                                         net132 (net)
                      0.072762    0.005608    2.918597 v fanout131/A (sky130_fd_sc_hd__buf_4)
    10    0.057257    0.062193    0.144144    3.062741 v fanout131/X (sky130_fd_sc_hd__buf_4)
                                                         net131 (net)
                      0.062200    0.000763    3.063504 v _109_/A (sky130_fd_sc_hd__inv_2)
     1    0.005144    0.028848    0.045205    3.108709 ^ _109_/Y (sky130_fd_sc_hd__inv_2)
                                                         _039_ (net)
                      0.028849    0.000128    3.108837 ^ _134_/RESET_B (sky130_fd_sc_hd__dfrtp_1)
                                              3.108837   data arrival time

                                  5.000000    5.000000   clock clk (rise edge)
                                  0.000000    5.000000   clock source latency
     2    0.072974    0.248780    0.184203    5.184203 ^ clk (in)
                                                         clk (net)
                      0.252856    0.000000    5.184203 ^ clkbuf_0_clk/A (sky130_fd_sc_hd__clkbuf_16)
     9    0.072055    0.072110    0.152211    5.336414 ^ clkbuf_0_clk/X (sky130_fd_sc_hd__clkbuf_16)
                                                         clknet_0_clk (net)
                      0.075448    0.011900    5.348313 ^ clkbuf_2_2_0_clk/A (sky130_fd_sc_hd__clkbuf_8)
    17    0.057966    0.083670    0.133229    5.481543 ^ clkbuf_2_2_0_clk/X (sky130_fd_sc_hd__clkbuf_8)
                                                         clknet_2_2_0_clk (net)
                      0.083983    0.004118    5.485660 ^ _134_/CLK (sky130_fd_sc_hd__dfrtp_1)
                                 -0.250000    5.235660   clock uncertainty
                                  0.000000    5.235660   clock reconvergence pessimism
                                  0.151969    5.387629   library recovery time
                                              5.387629   data required time
---------------------------------------------------------------------------------------------
                                              5.387629   data required time
                                             -3.108837   data arrival time
---------------------------------------------------------------------------------------------
                                              2.278792   slack (MET)


Startpoint: _125_ (rising edge-triggered flip-flop clocked by clk)
Endpoint: sine_out[13] (output port clocked by clk)
Path Group: clk
Path Type: max

Fanout         Cap        Slew       Delay        Time   Description
---------------------------------------------------------------------------------------------
                                  0.000000    0.000000   clock clk (rise edge)
                                  0.000000    0.000000   clock source latency
     2    0.072974    0.248780    0.184203    0.184203 ^ clk (in)
                                                         clk (net)
                      0.252856    0.000000    0.184203 ^ clkbuf_0_clk/A (sky130_fd_sc_hd__clkbuf_16)
     9    0.072055    0.072110    0.152211    0.336414 ^ clkbuf_0_clk/X (sky130_fd_sc_hd__clkbuf_16)
                                                         clknet_0_clk (net)
                      0.075484    0.011968    0.348381 ^ clkbuf_2_3_0_clk/A (sky130_fd_sc_hd__clkbuf_8)
    21    0.164269    0.216713    0.197401    0.545783 ^ clkbuf_2_3_0_clk/X (sky130_fd_sc_hd__clkbuf_8)
                                                         clknet_2_3_0_clk (net)
                      0.222365    0.028032    0.573815 ^ _125_/CLK (sky130_fd_sc_hd__dfrtp_1)
     3    0.019484    0.078567    0.310959    0.884774 v _125_/Q (sky130_fd_sc_hd__dfrtp_1)
                                                         net56 (net)
                      0.078615    0.001802    0.886576 v output56/A (sky130_fd_sc_hd__buf_1)
     1    0.000928    0.013288    0.066633    0.953209 v output56/X (sky130_fd_sc_hd__buf_1)
                                                         sine_out[13] (net)
                      0.013288    0.000011    0.953220 v sine_out[13] (out)
                                              0.953220   data arrival time

                                  5.000000    5.000000   clock clk (rise edge)
                                  0.000000    5.000000   clock network delay (propagated)
                                 -0.250000    4.750000   clock uncertainty
                                  0.000000    4.750000   clock reconvergence pessimism
                                 -2.500000    2.250000   output external delay
                                              2.250000   data required time
---------------------------------------------------------------------------------------------
                                              2.250000   data required time
                                             -0.953220   data arrival time
---------------------------------------------------------------------------------------------
                                              1.296780   slack (MET)




===========================================================================
report_checks --slack_max -0.01
============================================================================
======================= nom_ff_n40C_1v95 Corner ===================================

No paths found.


===========================================================================
 report_check_types -max_slew -max_cap -max_fanout -violators
============================================================================
======================= nom_ff_n40C_1v95 Corner ===================================

max slew

Pin                                        Limit        Slew       Slack
------------------------------------------------------------------------
mem_i0/addr0[5]                         0.040000    0.295592   -0.255592 (VIOLATED)
mem_i0/addr0[6]                         0.040000    0.285150   -0.245150 (VIOLATED)
mem_i0/addr0[4]                         0.040000    0.276693   -0.236693 (VIOLATED)
mem_i0/addr0[7]                         0.040000    0.272594   -0.232594 (VIOLATED)
mem_i0/addr0[2]                         0.040000    0.267926   -0.227926 (VIOLATED)
mem_i0/addr1[5]                         0.045000    0.258771   -0.213771 (VIOLATED)
mem_i0/addr0[3]                         0.040000    0.243006   -0.203006 (VIOLATED)
mem_i0/addr1[6]                         0.045000    0.239936   -0.194936 (VIOLATED)
mem_i0/addr0[1]                         0.040000    0.232651   -0.192651 (VIOLATED)
mem_i0/addr1[7]                         0.045000    0.232597   -0.187597 (VIOLATED)
mem_i1/addr0[6]                         0.040000    0.226959   -0.186959 (VIOLATED)
mem_i1/addr0[7]                         0.040000    0.225210   -0.185210 (VIOLATED)
mem_i1/addr0[2]                         0.040000    0.222861   -0.182861 (VIOLATED)
mem_i1/addr0[4]                         0.040000    0.216932   -0.176932 (VIOLATED)
mem_i1/addr0[3]                         0.040000    0.200669   -0.160669 (VIOLATED)
mem_i1/addr0[5]                         0.040000    0.185765   -0.145765 (VIOLATED)
mem_i0/addr0[0]                         0.040000    0.157028   -0.117028 (VIOLATED)
mem_i0/addr1[2]                         0.045000    0.156093   -0.111093 (VIOLATED)
mem_i0/addr1[3]                         0.045000    0.155770   -0.110770 (VIOLATED)
mem_i0/addr1[0]                         0.045000    0.150834   -0.105834 (VIOLATED)
mem_i0/addr1[4]                         0.045000    0.143135   -0.098135 (VIOLATED)
mem_i1/addr0[1]                         0.040000    0.136782   -0.096782 (VIOLATED)
mem_i1/addr0[0]                         0.040000    0.136712   -0.096712 (VIOLATED)
mem_i0/addr1[1]                         0.045000    0.135508   -0.090508 (VIOLATED)
mem_i1/addr1[0]                         0.045000    0.061277   -0.016277 (VIOLATED)
mem_i1/addr1[7]                         0.045000    0.061205   -0.016205 (VIOLATED)
mem_i1/addr1[1]                         0.045000    0.060919   -0.015919 (VIOLATED)
mem_i1/addr1[5]                         0.045000    0.058545   -0.013545 (VIOLATED)
mem_i1/addr1[6]                         0.045000    0.056691   -0.011691 (VIOLATED)
mem_i1/addr1[2]                         0.045000    0.052702   -0.007702 (VIOLATED)
mem_i1/addr1[3]                         0.045000    0.049023   -0.004023 (VIOLATED)
mem_i1/addr1[4]                         0.045000    0.047408   -0.002408 (VIOLATED)

max fanout

Pin                                   Limit Fanout  Slack
---------------------------------------------------------
clkbuf_2_3_0_clk/X                       10     21    -11 (VIOLATED)
fanout132/X                              10     21    -11 (VIOLATED)
clkbuf_2_1_0_clk/X                       10     17     -7 (VIOLATED)
clkbuf_2_2_0_clk/X                       10     17     -7 (VIOLATED)
fanout101/X                              10     15     -5 (VIOLATED)
fanout133/X                              10     15     -5 (VIOLATED)
clkbuf_2_0_0_clk/X                       10     13     -3 (VIOLATED)

max capacitance

Pin                                        Limit         Cap       Slack
------------------------------------------------------------------------
mem_i1/dout1[15]                        0.027560    0.031882   -0.004322 (VIOLATED)
mem_i0/dout1[0]                         0.027560    0.031841   -0.004281 (VIOLATED)
mem_i0/dout1[1]                         0.027560    0.031497   -0.003937 (VIOLATED)
mem_i1/dout1[13]                        0.027560    0.030735   -0.003175 (VIOLATED)
mem_i0/dout1[2]                         0.027560    0.030652   -0.003092 (VIOLATED)
mem_i0/dout1[4]                         0.027560    0.030413   -0.002853 (VIOLATED)
mem_i1/dout1[11]                        0.027560    0.029977   -0.002417 (VIOLATED)
mem_i1/dout1[9]                         0.027560    0.029551   -0.001991 (VIOLATED)
mem_i0/dout1[3]                         0.027560    0.029466   -0.001906 (VIOLATED)
mem_i1/dout1[10]                        0.027560    0.028980   -0.001420 (VIOLATED)
mem_i1/dout1[14]                        0.027560    0.028722   -0.001162 (VIOLATED)
mem_i1/dout1[7]                         0.027560    0.028268   -0.000708 (VIOLATED)
mem_i0/dout1[6]                         0.027560    0.028108   -0.000548 (VIOLATED)
mem_i0/dout1[7]                         0.027560    0.027742   -0.000182 (VIOLATED)



===========================================================================
report_parasitic_annotation -report_unannotated
============================================================================
Found 5 unannotated drivers.
 clkload0/Y
 clkload1/Y
 clkload2/Y
 mem_i0_134/HI
 mem_i1_135/HI
Found 0 partially unannotated drivers.

===========================================================================
max slew violation count 32
max fanout violation count 7
max cap violation count 14
============================================================================

===========================================================================
check_setup -verbose -unconstrained_endpoints -multiple_clock -no_clock -no_input_delay -loops -generated_clocks
===========================================================================
Warning: There are 50 input ports missing set_input_delay.
  addr00[0]
  addr00[1]
  addr00[2]
  addr00[3]
  addr00[4]
  addr00[5]
  addr00[6]
  addr00[7]
  addr01[0]
  addr01[1]
  addr01[2]
  addr01[3]
  addr01[4]
  addr01[5]
  addr01[6]
  addr01[7]
  csb00
  csb01
  din00[0]
  din00[10]
  din00[11]
  din00[12]
  din00[13]
  din00[14]
  din00[15]
  din00[1]
  din00[2]
  din00[3]
  din00[4]
  din00[5]
  din00[6]
  din00[7]
  din00[8]
  din00[9]
  din01[0]
  din01[10]
  din01[11]
  din01[12]
  din01[13]
  din01[14]
  din01[15]
  din01[1]
  din01[2]
  din01[3]
  din01[4]
  din01[5]
  din01[6]
  din01[7]
  din01[8]
  din01[9]
Warning: There are 52 unconstrained endpoints.
  mem_i0/addr0[0]
  mem_i0/addr0[1]
  mem_i0/addr0[2]
  mem_i0/addr0[3]
  mem_i0/addr0[4]
  mem_i0/addr0[5]
  mem_i0/addr0[6]
  mem_i0/addr0[7]
  mem_i0/csb0
  mem_i0/csb1
  mem_i0/din0[0]
  mem_i0/din0[10]
  mem_i0/din0[11]
  mem_i0/din0[12]
  mem_i0/din0[13]
  mem_i0/din0[14]
  mem_i0/din0[15]
  mem_i0/din0[1]
  mem_i0/din0[2]
  mem_i0/din0[3]
  mem_i0/din0[4]
  mem_i0/din0[5]
  mem_i0/din0[6]
  mem_i0/din0[7]
  mem_i0/din0[8]
  mem_i0/din0[9]
  mem_i1/addr0[0]
  mem_i1/addr0[1]
  mem_i1/addr0[2]
  mem_i1/addr0[3]
  mem_i1/addr0[4]
  mem_i1/addr0[5]
  mem_i1/addr0[6]
  mem_i1/addr0[7]
  mem_i1/csb0
  mem_i1/csb1
  mem_i1/din0[0]
  mem_i1/din0[10]
  mem_i1/din0[11]
  mem_i1/din0[12]
  mem_i1/din0[13]
  mem_i1/din0[14]
  mem_i1/din0[15]
  mem_i1/din0[1]
  mem_i1/din0[2]
  mem_i1/din0[3]
  mem_i1/din0[4]
  mem_i1/din0[5]
  mem_i1/din0[6]
  mem_i1/din0[7]
  mem_i1/din0[8]
  mem_i1/din0[9]
