Clock: clk
Sources: clk 
Generated: no
Virtual: yes
Propagated: no
Period: 5.000000

===========================================================================
report_clock_properties
============================================================================
Clock                   Period          Waveform
----------------------------------------------------
clk                   5.000000    0.000000  2.500000

===========================================================================
report_clock_latency
============================================================================
Clock clk
rise -> rise
    min     max
0.000000 0.000000 source latency
0.485660         network latency _134_/CLK
        0.597797 network latency mem_i1/clk1
---------------
0.485660 0.597797 latency
        0.112137 skew

fall -> fall
    min     max
0.000000 0.000000 source latency
0.386180         network latency _134_/CLK
        0.461417 network latency mem_i1/clk1
---------------
0.386180 0.461417 latency
        0.075238 skew



===========================================================================
report_clock_min_period
============================================================================
clk period_min = 1.52 fmax = 657.28
