Clock: clk
Sources: clk 
Generated: no
Virtual: yes
Propagated: no
Period: 5.000000

===========================================================================
report_clock_properties
============================================================================
Clock                   Period          Waveform
----------------------------------------------------
clk                   5.000000    0.000000  2.500000

===========================================================================
report_clock_latency
============================================================================
Clock clk
rise -> rise
    min     max
0.000000 0.000000 source latency
1.324761         network latency mem_i0/clk1
        1.378207 network latency _128_/CLK
---------------
1.324761 1.378207 latency
        0.053446 skew

fall -> fall
    min     max
0.000000 0.000000 source latency
1.083434         network latency mem_i0/clk1
        1.125589 network latency mem_i1/clk1
---------------
1.083434 1.125589 latency
        0.042155 skew



===========================================================================
report_clock_min_period
============================================================================
clk period_min = 3.94 fmax = 253.69
