
===========================================================================
Violator List
============================================================================
[setup reg-out] _142_/Q -> sine_out[5] : -0.307218
[setup reg-out] _123_/Q -> sine_out[11] : -0.303254
[setup reg-out] _143_/Q -> sine_out[6] : -0.275561
[setup reg-out] _124_/Q -> sine_out[12] : -0.275405
[setup reg-out] _140_/Q -> sine_out[3] : -0.272657
[setup reg-out] _144_/Q -> sine_out[7] : -0.259953
[setup reg-out] _125_/Q -> sine_out[13] : -0.255693
[setup reg-out] _121_/Q -> sine_out[9] : -0.252760
[setup reg-reg] mem_i1/dout1[9] -> _121_/D : -0.247422
[setup reg-out] _126_/Q -> sine_out[14] : -0.246678
[setup reg-reg] mem_i1/dout1[10] -> _122_/D : -0.243249
[setup reg-out] _141_/Q -> sine_out[4] : -0.243214
[setup reg-out] _139_/Q -> sine_out[2] : -0.238597
[setup reg-reg] mem_i1/dout1[8] -> _120_/D : -0.237383
[setup reg-out] _138_/Q -> sine_out[1] : -0.232585
[setup reg-out] _137_/Q -> sine_out[0] : -0.216638
[setup reg-out] _122_/Q -> sine_out[10] : -0.193359
[setup reg-out] _120_/Q -> sine_out[8] : -0.177563
[setup reg-reg] mem_i1/dout1[7] -> _144_/D : -0.159189
[setup reg-out] _127_/Q -> sine_out[15] : -0.121128
[setup reg-reg] mem_i1/dout1[4] -> _141_/D : -0.116464
[setup reg-reg] mem_i1/dout1[12] -> _124_/D : -0.075289
[setup reg-reg] mem_i1/dout1[11] -> _123_/D : -0.065928
