[INFO PSM-0040] All shapes on net vccd1 are connected.
########## IR report #################
Net              : vccd1
Corner           : nom_tt_025C_1v80
Supply voltage   : 1.80e+00 V
Worstcase voltage: -1.11e+06 V
Average voltage  : -1.07e+03 V
Average IR drop  : 1.07e+03 V
Worstcase IR drop: 1.11e+06 V
Percentage drop  : 61549068.00 %
######################################
[INFO PSM-0040] All shapes on net vssd1 are connected.
########## IR report #################
Net              : vssd1
Corner           : nom_tt_025C_1v80
Supply voltage   : 0.00e+00 V
Worstcase voltage: 1.11e+06 V
Average voltage  : 1.02e+03 V
Average IR drop  : 1.02e+03 V
Worstcase IR drop: 1.11e+06 V
Percentage drop  : 61549068.00 %
######################################
