Clock: clk
Sources: clk 
Generated: no
Virtual: yes
Propagated: no
Period: 10.000000

===========================================================================
report_clock_properties
============================================================================
Clock                   Period          Waveform
----------------------------------------------------
clk                  10.000000    0.000000  5.000000

===========================================================================
report_clock_latency
============================================================================
Clock clk
rise -> rise
    min     max
0.000000 0.000000 source latency
1.217274         network latency _083_/CLK
        1.228470 network latency _090_/CLK
---------------
1.217274 1.228470 latency
        0.011196 skew

fall -> fall
    min     max
0.000000 0.000000 source latency
1.007226         network latency _083_/CLK
        1.024975 network latency _090_/CLK
---------------
1.007226 1.024975 latency
        0.017749 skew



===========================================================================
report_clock_min_period
============================================================================
clk period_min = 4.02 fmax = 248.74
