Clock: clk
Sources: clk 
Generated: no
Virtual: yes
Propagated: no
Period: 5.000000

===========================================================================
report_clock_properties
============================================================================
Clock                   Period          Waveform
----------------------------------------------------
clk                   5.000000    0.000000  2.500000

===========================================================================
report_clock_latency
============================================================================
Clock clk
rise -> rise
    min     max
0.000000 0.000000 source latency
0.599104         network latency _143_/CLK
        0.608223 network latency mem_i1/clk1
---------------
0.599104 0.608223 latency
        0.009120 skew

fall -> fall
    min     max
0.000000 0.000000 source latency
0.491062         network latency _136_/CLK
        0.498685 network latency mem_i1/clk1
---------------
0.491062 0.498685 latency
        0.007623 skew



===========================================================================
report_clock_min_period
============================================================================
clk period_min = 1.94 fmax = 516.65
