Clock: clk
Sources: clk 
Generated: no
Virtual: yes
Propagated: no
Period: 10.000000

===========================================================================
report_clock_properties
============================================================================
Clock                   Period          Waveform
----------------------------------------------------
clk                  10.000000    0.000000  5.000000

===========================================================================
report_clock_latency
============================================================================
Clock clk
rise -> rise
    min     max
0.000000 0.000000 source latency
0.473971         network latency _083_/CLK
        0.485609 network latency _090_/CLK
---------------
0.473971 0.485609 latency
        0.011638 skew

fall -> fall
    min     max
0.000000 0.000000 source latency
0.377265         network latency _083_/CLK
        0.392934 network latency _090_/CLK
---------------
0.377265 0.392934 latency
        0.015669 skew



===========================================================================
report_clock_min_period
============================================================================
clk period_min = 1.42 fmax = 702.74
