Reading technology LEF file at '/home/lroot/.volare/volare/sky130/versions/0fe599b2afb6708d281543108caf8310912f54af/sky130A/libs.ref/sky130_fd_sc_hd/techlef/sky130_fd_sc_hd__max.tlef'…
[INFO ODB-0227] LEF file: /home/lroot/.volare/volare/sky130/versions/0fe599b2afb6708d281543108caf8310912f54af/sky130A/libs.ref/sky130_fd_sc_hd/techlef/sky130_fd_sc_hd__max.tlef, created 14 layers, 25 vias
Reading cell LEF file at '/home/lroot/.volare/volare/sky130/versions/0fe599b2afb6708d281543108caf8310912f54af/sky130A/libs.ref/sky130_fd_sc_hd/lef/sky130_ef_sc_hd.lef'…
[WARNING ODB-0220] WARNING (LEFPARS-2008): NOWIREEXTENSIONATPIN statement is obsolete in version 5.6 or later.
The NOWIREEXTENSIONATPIN statement will be ignored. See file /home/lroot/.volare/volare/sky130/versions/0fe599b2afb6708d281543108caf8310912f54af/sky130A/libs.ref/sky130_fd_sc_hd/lef/sky130_ef_sc_hd.lef at line 2.

[INFO ODB-0227] LEF file: /home/lroot/.volare/volare/sky130/versions/0fe599b2afb6708d281543108caf8310912f54af/sky130A/libs.ref/sky130_fd_sc_hd/lef/sky130_ef_sc_hd.lef, created 4 library cells
Reading cell LEF file at '/home/lroot/.volare/volare/sky130/versions/0fe599b2afb6708d281543108caf8310912f54af/sky130A/libs.ref/sky130_fd_sc_hd/lef/sky130_fd_sc_hd.lef'…
[WARNING ODB-0220] WARNING (LEFPARS-2008): NOWIREEXTENSIONATPIN statement is obsolete in version 5.6 or later.
The NOWIREEXTENSIONATPIN statement will be ignored. See file /home/lroot/.volare/volare/sky130/versions/0fe599b2afb6708d281543108caf8310912f54af/sky130A/libs.ref/sky130_fd_sc_hd/lef/sky130_fd_sc_hd.lef at line 2.

[INFO ODB-0227] LEF file: /home/lroot/.volare/volare/sky130/versions/0fe599b2afb6708d281543108caf8310912f54af/sky130A/libs.ref/sky130_fd_sc_hd/lef/sky130_fd_sc_hd.lef, created 437 library cells
Reading macro LEF file at '/home/lroot/NCO2ram/ram_256x16/ram_256x16.lef'…
[INFO ODB-0227] LEF file: /home/lroot/NCO2ram/ram_256x16/ram_256x16.lef, created 1 library cells
[INFO ODB-0127] Reading DEF file: /home/lroot/NCO2ram/runs/RUN_2025-03-04_15-11-40/53-odb-cellfrequencytables/counter.def
[INFO ODB-0128] Design: counter
[INFO ODB-0130]     Created 70 pins.
[INFO ODB-0131]     Created 65972 components and 246415 component-terminals.
[INFO ODB-0132]     Created 2 special nets and 245334 connections.
[INFO ODB-0133]     Created 310 nets and 1076 connections.
[INFO ODB-0134] Finished DEF file: /home/lroot/NCO2ram/runs/RUN_2025-03-04_15-11-40/53-odb-cellfrequencytables/counter.def
Using RCX ruleset '/home/lroot/.volare/volare/sky130/versions/0fe599b2afb6708d281543108caf8310912f54af/sky130A/libs.tech/openlane/rules.openrcx.sky130A.max.calibre'…
[INFO RCX-0431] Defined process_corner CURRENT_CORNER with ext_model_index 0
[INFO RCX-0029] Defined extraction corner CURRENT_CORNER
[INFO RCX-0435] Reading extraction model file /home/lroot/.volare/volare/sky130/versions/0fe599b2afb6708d281543108caf8310912f54af/sky130A/libs.tech/openlane/rules.openrcx.sky130A.max.calibre ...
[INFO RCX-0436] RC segment generation counter (max_merge_res 50.0) ...
[INFO RCX-0040] Final 1905 rc segments
[INFO RCX-0439] Coupling Cap extraction counter ...
[INFO RCX-0440] Coupling threshhold is 0.1000 fF, coupling capacitance less than 0.1000 fF will be grounded.
[INFO RCX-0442] 82% of 6204 wires extracted
[INFO RCX-0442] 100% of 6204 wires extracted
[INFO RCX-0045] Extract 310 nets, 2215 rsegs, 2215 caps, 1602 ccs
Setting global connections for newly added cells…
[INFO] Setting global connections...
mem_i.* matched with mem_i0
mem_i.* matched with mem_i0_134
mem_i.* matched with mem_i1
mem_i.* matched with mem_i1_135
Updating metrics…
Cell type report:                       Count       Area
  Macro                                     2  247030.69
  Fill cell                             56057  630512.21
  Tap cell                               9275   11604.88
  Antenna cell                            409    1023.48
  Standard cell                           229    1854.28
  Total                                 65972  892025.54
Writing extracted parasitics to '/home/lroot/NCO2ram/runs/RUN_2025-03-04_15-11-40/54-openroad-rcx/max/counter.max.spef'…
[INFO RCX-0443] 310 nets finished
