Clock: clk
Sources: clk 
Generated: no
Virtual: yes
Propagated: no
Period: 5.000000

===========================================================================
report_clock_properties
============================================================================
Clock                   Period          Waveform
----------------------------------------------------
clk                   5.000000    0.000000  2.500000

===========================================================================
report_clock_latency
============================================================================
Clock clk
rise -> rise
    min     max
0.000000 0.000000 source latency
1.549566         network latency mem_i0/clk1
        1.595573 network latency _123_/CLK
---------------
1.549566 1.595573 latency
        0.046008 skew

fall -> fall
    min     max
0.000000 0.000000 source latency
1.230708         network latency mem_i0/clk1
        1.266013 network latency _123_/CLK
---------------
1.230708 1.266013 latency
        0.035305 skew



===========================================================================
report_clock_min_period
============================================================================
clk period_min = 3.25 fmax = 307.28
