
===========================================================================
report_checks -unconstrained
===========================================================================
======================= nom_tt_025C_1v80 Corner ===================================

Startpoint: rst (input port clocked by clk)
Endpoint: _131_ (recovery check against rising-edge clock clk)
Path Group: asynchronous
Path Type: max

Fanout         Cap        Slew       Delay        Time   Description
---------------------------------------------------------------------------------------------
                                  0.000000    0.000000   clock clk (rise edge)
                                  0.000000    0.000000   clock network delay (propagated)
                                  2.500000    2.500000 v input external delay
     2    0.003680    0.010673    0.005914    2.505914 v rst (in)
                                                         rst (net)
                      0.010673    0.000000    2.505914 v input51/A (sky130_fd_sc_hd__buf_1)
     3    0.016820    0.102449    0.133917    2.639831 v input51/X (sky130_fd_sc_hd__buf_1)
                                                         net51 (net)
                      0.102501    0.001250    2.641081 v fanout112/A (sky130_fd_sc_hd__buf_4)
    17    0.083082    0.111987    0.230903    2.871984 v fanout112/X (sky130_fd_sc_hd__buf_4)
                                                         net112 (net)
                      0.111994    0.000836    2.872820 v fanout111/A (sky130_fd_sc_hd__buf_2)
    11    0.041391    0.102356    0.221124    3.093944 v fanout111/X (sky130_fd_sc_hd__buf_2)
                                                         net111 (net)
                      0.102357    0.000648    3.094592 v fanout109/A (sky130_fd_sc_hd__buf_4)
    10    0.055214    0.079528    0.215762    3.310354 v fanout109/X (sky130_fd_sc_hd__buf_4)
                                                         net109 (net)
                      0.079531    0.000694    3.311048 v _106_/A (sky130_fd_sc_hd__inv_2)
     1    0.006738    0.043129    0.067109    3.378157 ^ _106_/Y (sky130_fd_sc_hd__inv_2)
                                                         _036_ (net)
                      0.043129    0.000196    3.378353 ^ _131_/RESET_B (sky130_fd_sc_hd__dfrtp_1)
                                              3.378353   data arrival time

                                  5.000000    5.000000   clock clk (rise edge)
                                  0.000000    5.000000   clock source latency
     2    0.119518    0.538983    0.374464    5.374464 ^ clk (in)
                                                         clk (net)
                      0.539126    0.000000    5.374464 ^ clkbuf_0_clk/A (sky130_fd_sc_hd__clkbuf_16)
     9    0.132538    0.149432    0.329131    5.703595 ^ clkbuf_0_clk/X (sky130_fd_sc_hd__clkbuf_16)
                                                         clknet_0_clk (net)
                      0.150594    0.010453    5.714048 ^ clkbuf_2_0__f_clk/A (sky130_fd_sc_hd__clkbuf_16)
    19    0.056087    0.075068    0.190009    5.904058 ^ clkbuf_2_0__f_clk/X (sky130_fd_sc_hd__clkbuf_16)
                                                         clknet_2_0__leaf_clk (net)
                      0.075120    0.001834    5.905891 ^ _131_/CLK (sky130_fd_sc_hd__dfrtp_1)
                                 -0.250000    5.655891   clock uncertainty
                                  0.000000    5.655891   clock reconvergence pessimism
                                  0.240048    5.895940   library recovery time
                                              5.895940   data required time
---------------------------------------------------------------------------------------------
                                              5.895940   data required time
                                             -3.378353   data arrival time
---------------------------------------------------------------------------------------------
                                              2.517587   slack (MET)


Startpoint: _142_ (rising edge-triggered flip-flop clocked by clk)
Endpoint: sine_out[5] (output port clocked by clk)
Path Group: clk
Path Type: max

Fanout         Cap        Slew       Delay        Time   Description
---------------------------------------------------------------------------------------------
                                  0.000000    0.000000   clock clk (rise edge)
                                  0.000000    0.000000   clock source latency
     2    0.119518    0.538983    0.374463    0.374463 ^ clk (in)
                                                         clk (net)
                      0.539126    0.000000    0.374463 ^ clkbuf_0_clk/A (sky130_fd_sc_hd__clkbuf_16)
     9    0.132538    0.149432    0.329132    0.703595 ^ clkbuf_0_clk/X (sky130_fd_sc_hd__clkbuf_16)
                                                         clknet_0_clk (net)
                      0.149950    0.007089    0.710684 ^ clkbuf_2_3__f_clk/A (sky130_fd_sc_hd__clkbuf_16)
    15    0.082308    0.099668    0.208581    0.919265 ^ clkbuf_2_3__f_clk/X (sky130_fd_sc_hd__clkbuf_16)
                                                         clknet_2_3__leaf_clk (net)
                      0.099957    0.003763    0.923028 ^ _142_/CLK (sky130_fd_sc_hd__dfrtp_1)
     3    0.030492    0.269437    0.505937    1.428965 ^ _142_/Q (sky130_fd_sc_hd__dfrtp_1)
                                                         net63 (net)
                      0.269461    0.002729    1.431695 ^ output63/A (sky130_fd_sc_hd__buf_1)
     1    0.000718    0.026564    0.104504    1.536198 ^ output63/X (sky130_fd_sc_hd__buf_1)
                                                         sine_out[5] (net)
                      0.026564    0.000008    1.536206 ^ sine_out[5] (out)
                                              1.536206   data arrival time

                                  5.000000    5.000000   clock clk (rise edge)
                                  0.000000    5.000000   clock network delay (propagated)
                                 -0.250000    4.750000   clock uncertainty
                                  0.000000    4.750000   clock reconvergence pessimism
                                 -2.500000    2.250000   output external delay
                                              2.250000   data required time
---------------------------------------------------------------------------------------------
                                              2.250000   data required time
                                             -1.536206   data arrival time
---------------------------------------------------------------------------------------------
                                              0.713794   slack (MET)




===========================================================================
report_checks --slack_max -0.01
============================================================================
======================= nom_tt_025C_1v80 Corner ===================================

No paths found.


===========================================================================
 report_check_types -max_slew -max_cap -max_fanout -violators
============================================================================
======================= nom_tt_025C_1v80 Corner ===================================

max slew

Pin                                        Limit        Slew       Slack
------------------------------------------------------------------------
mem_i1/addr1[0]                         0.045000    0.557190   -0.512190 (VIOLATED)
mem_i1/addr1[1]                         0.045000    0.541549   -0.496549 (VIOLATED)
mem_i0/addr1[7]                         0.045000    0.514949   -0.469949 (VIOLATED)
mem_i1/addr0[1]                         0.040000    0.477133   -0.437133 (VIOLATED)
mem_i0/addr1[6]                         0.045000    0.458730   -0.413730 (VIOLATED)
mem_i0/addr1[5]                         0.045000    0.432879   -0.387879 (VIOLATED)
mem_i0/addr1[2]                         0.045000    0.353346   -0.308346 (VIOLATED)
mem_i0/addr1[4]                         0.045000    0.302227   -0.257227 (VIOLATED)
mem_i0/addr0[4]                         0.040000    0.290276   -0.250276 (VIOLATED)
mem_i1/addr1[3]                         0.045000    0.284268   -0.239268 (VIOLATED)
mem_i1/addr1[2]                         0.045000    0.266313   -0.221313 (VIOLATED)
mem_i0/addr1[3]                         0.045000    0.265285   -0.220285 (VIOLATED)
mem_i0/addr0[3]                         0.040000    0.255062   -0.215062 (VIOLATED)
mem_i1/addr1[4]                         0.045000    0.245076   -0.200076 (VIOLATED)
mem_i1/addr0[0]                         0.040000    0.223881   -0.183881 (VIOLATED)
mem_i0/addr0[2]                         0.040000    0.221854   -0.181854 (VIOLATED)
mem_i0/addr1[0]                         0.045000    0.224292   -0.179292 (VIOLATED)
mem_i0/addr0[0]                         0.040000    0.215558   -0.175558 (VIOLATED)
mem_i0/addr0[6]                         0.040000    0.203906   -0.163906 (VIOLATED)
mem_i1/addr0[4]                         0.040000    0.196291   -0.156291 (VIOLATED)
mem_i1/addr0[3]                         0.040000    0.196189   -0.156189 (VIOLATED)
mem_i1/addr0[2]                         0.040000    0.194885   -0.154885 (VIOLATED)
mem_i1/addr0[7]                         0.040000    0.194786   -0.154786 (VIOLATED)
mem_i1/addr0[5]                         0.040000    0.194785   -0.154785 (VIOLATED)
mem_i1/addr0[6]                         0.040000    0.194237   -0.154237 (VIOLATED)
mem_i0/addr0[5]                         0.040000    0.192510   -0.152510 (VIOLATED)
mem_i0/addr0[7]                         0.040000    0.191320   -0.151320 (VIOLATED)
mem_i0/addr0[1]                         0.040000    0.185202   -0.145202 (VIOLATED)
mem_i1/addr1[6]                         0.045000    0.149261   -0.104261 (VIOLATED)
mem_i1/addr1[5]                         0.045000    0.129808   -0.084808 (VIOLATED)
mem_i1/addr1[7]                         0.045000    0.125955   -0.080955 (VIOLATED)
mem_i0/addr1[1]                         0.045000    0.108864   -0.063864 (VIOLATED)

max fanout

Pin                                   Limit Fanout  Slack
---------------------------------------------------------
clkbuf_2_1__f_clk/X                      10     21    -11 (VIOLATED)
fanout84/X                               10     21    -11 (VIOLATED)
clkbuf_2_0__f_clk/X                      10     19     -9 (VIOLATED)
fanout112/X                              10     17     -7 (VIOLATED)
clkbuf_2_3__f_clk/X                      10     15     -5 (VIOLATED)
fanout85/X                               10     15     -5 (VIOLATED)
clkbuf_2_2__f_clk/X                      10     13     -3 (VIOLATED)
fanout111/X                              10     11        (VIOLATED)



===========================================================================
report_parasitic_annotation -report_unannotated
============================================================================
Found 5 unannotated drivers.
 clkload0/X
 clkload1/X
 clkload2/Y
 mem_i0_113/HI
 mem_i1_114/HI
Found 0 partially unannotated drivers.

===========================================================================
max slew violation count 32
max fanout violation count 8
max cap violation count 0
============================================================================

===========================================================================
check_setup -verbose -unconstrained_endpoints -multiple_clock -no_clock -no_input_delay -loops -generated_clocks
===========================================================================
Warning: There are 50 input ports missing set_input_delay.
  addr00[0]
  addr00[1]
  addr00[2]
  addr00[3]
  addr00[4]
  addr00[5]
  addr00[6]
  addr00[7]
  addr01[0]
  addr01[1]
  addr01[2]
  addr01[3]
  addr01[4]
  addr01[5]
  addr01[6]
  addr01[7]
  csb00
  csb01
  din00[0]
  din00[10]
  din00[11]
  din00[12]
  din00[13]
  din00[14]
  din00[15]
  din00[1]
  din00[2]
  din00[3]
  din00[4]
  din00[5]
  din00[6]
  din00[7]
  din00[8]
  din00[9]
  din01[0]
  din01[10]
  din01[11]
  din01[12]
  din01[13]
  din01[14]
  din01[15]
  din01[1]
  din01[2]
  din01[3]
  din01[4]
  din01[5]
  din01[6]
  din01[7]
  din01[8]
  din01[9]
Warning: There are 52 unconstrained endpoints.
  mem_i0/addr0[0]
  mem_i0/addr0[1]
  mem_i0/addr0[2]
  mem_i0/addr0[3]
  mem_i0/addr0[4]
  mem_i0/addr0[5]
  mem_i0/addr0[6]
  mem_i0/addr0[7]
  mem_i0/csb0
  mem_i0/csb1
  mem_i0/din0[0]
  mem_i0/din0[10]
  mem_i0/din0[11]
  mem_i0/din0[12]
  mem_i0/din0[13]
  mem_i0/din0[14]
  mem_i0/din0[15]
  mem_i0/din0[1]
  mem_i0/din0[2]
  mem_i0/din0[3]
  mem_i0/din0[4]
  mem_i0/din0[5]
  mem_i0/din0[6]
  mem_i0/din0[7]
  mem_i0/din0[8]
  mem_i0/din0[9]
  mem_i1/addr0[0]
  mem_i1/addr0[1]
  mem_i1/addr0[2]
  mem_i1/addr0[3]
  mem_i1/addr0[4]
  mem_i1/addr0[5]
  mem_i1/addr0[6]
  mem_i1/addr0[7]
  mem_i1/csb0
  mem_i1/csb1
  mem_i1/din0[0]
  mem_i1/din0[10]
  mem_i1/din0[11]
  mem_i1/din0[12]
  mem_i1/din0[13]
  mem_i1/din0[14]
  mem_i1/din0[15]
  mem_i1/din0[1]
  mem_i1/din0[2]
  mem_i1/din0[3]
  mem_i1/din0[4]
  mem_i1/din0[5]
  mem_i1/din0[6]
  mem_i1/din0[7]
  mem_i1/din0[8]
  mem_i1/din0[9]
