Clock: clk
Sources: clk 
Generated: no
Virtual: yes
Propagated: no
Period: 5.000000

===========================================================================
report_clock_properties
============================================================================
Clock                   Period          Waveform
----------------------------------------------------
clk                   5.000000    0.000000  2.500000

===========================================================================
report_clock_latency
============================================================================
Clock clk
rise -> rise
    min     max
0.000000 0.000000 source latency
0.905132         network latency mem_i0/clk1
        0.942416 network latency _123_/CLK
---------------
0.905132 0.942416 latency
        0.037284 skew

fall -> fall
    min     max
0.000000 0.000000 source latency
0.695803         network latency mem_i0/clk1
        0.724669 network latency _123_/CLK
---------------
0.695803 0.724669 latency
        0.028867 skew



===========================================================================
report_clock_min_period
============================================================================
clk period_min = 1.75 fmax = 571.90
