Clock: clk
Sources: clk 
Generated: no
Virtual: yes
Propagated: no
Period: 5.000000

===========================================================================
report_clock_properties
============================================================================
Clock                   Period          Waveform
----------------------------------------------------
clk                   5.000000    0.000000  2.500000

===========================================================================
report_clock_latency
============================================================================
Clock clk
rise -> rise
    min     max
0.000000 0.000000 source latency
0.359207         network latency _120_/CLK
        0.359207 network latency _120_/CLK
---------------
0.359207 0.359207 latency
        0.000000 skew

fall -> fall
    min     max
0.000000 0.000000 source latency
0.208242         network latency _120_/CLK
        0.208242 network latency _120_/CLK
---------------
0.208242 0.208242 latency
        0.000000 skew



===========================================================================
report_clock_min_period
============================================================================
clk period_min = 3.10 fmax = 323.09
