
===========================================================================
report_checks -unconstrained
===========================================================================
======================= nom_tt_025C_1v80 Corner ===================================

Startpoint: rst (input port clocked by clk)
Endpoint: _079_ (recovery check against rising-edge clock clk)
Path Group: asynchronous
Path Type: max

Fanout         Cap        Slew       Delay        Time   Description
---------------------------------------------------------------------------------------------
                                  0.000000    0.000000   clock clk (rise edge)
                                  0.000000    0.000000   clock network delay (propagated)
                                  2.500000    2.500000 v input external delay
    24    0.102624    0.220909    0.165360    2.665360 v rst (in)
                                                         rst (net)
                      0.220909    0.000000    2.665360 v _041_/A (sky130_fd_sc_hd__inv_2)
     1    0.003612    0.058996    0.093226    2.758586 ^ _041_/Y (sky130_fd_sc_hd__inv_2)
                                                         _008_ (net)
                      0.058996    0.000000    2.758586 ^ _079_/RESET_B (sky130_fd_sc_hd__dfrtp_2)
                                              2.758586   data arrival time

                                  5.000000    5.000000   clock clk (rise edge)
                                  0.000000    5.000000   clock source latency
    26    0.058660    0.270998    0.185006    5.185006 ^ clk (in)
                                                         clk (net)
                      0.270998    0.000000    5.185006 ^ _079_/CLK (sky130_fd_sc_hd__dfrtp_2)
                                 -0.250000    4.935006   clock uncertainty
                                  0.000000    4.935006   clock reconvergence pessimism
                                  0.284536    5.219542   library recovery time
                                              5.219542   data required time
---------------------------------------------------------------------------------------------
                                              5.219542   data required time
                                             -2.758586   data arrival time
---------------------------------------------------------------------------------------------
                                              2.460956   slack (MET)


Startpoint: _100_ (rising edge-triggered flip-flop clocked by clk)
Endpoint: sine_out[0] (output port clocked by clk)
Path Group: clk
Path Type: max

Fanout         Cap        Slew       Delay        Time   Description
---------------------------------------------------------------------------------------------
                                  0.000000    0.000000   clock clk (rise edge)
                                  0.000000    0.000000   clock source latency
    26    0.058660    0.270998    0.185006    0.185006 ^ clk (in)
                                                         clk (net)
                      0.270998    0.000000    0.185006 ^ _100_/CLK (sky130_fd_sc_hd__dfrtp_2)
     1    0.000000    0.027771    0.432964    0.617969 v _100_/Q (sky130_fd_sc_hd__dfrtp_2)
                                                         sine_out[0] (net)
                      0.027771    0.000000    0.617969 v sine_out[0] (out)
                                              0.617969   data arrival time

                                  5.000000    5.000000   clock clk (rise edge)
                                  0.000000    5.000000   clock network delay (propagated)
                                 -0.250000    4.750000   clock uncertainty
                                  0.000000    4.750000   clock reconvergence pessimism
                                 -2.500000    2.250000   output external delay
                                              2.250000   data required time
---------------------------------------------------------------------------------------------
                                              2.250000   data required time
                                             -0.617969   data arrival time
---------------------------------------------------------------------------------------------
                                              1.632031   slack (MET)




===========================================================================
report_checks --slack_max -0.01
============================================================================
======================= nom_tt_025C_1v80 Corner ===================================

No paths found.


===========================================================================
 report_check_types -max_slew -max_cap -max_fanout -violators
============================================================================
======================= nom_tt_025C_1v80 Corner ===================================

max slew

Pin                                        Limit        Slew       Slack
------------------------------------------------------------------------
mem_i/addr1[0]                          0.045000    0.191678   -0.146678 (VIOLATED)
mem_i/addr1[3]                          0.045000    0.173005   -0.128005 (VIOLATED)
mem_i/addr1[1]                          0.045000    0.162949   -0.117949 (VIOLATED)
mem_i/addr1[4]                          0.045000    0.145854   -0.100854 (VIOLATED)
mem_i/addr1[7]                          0.045000    0.130117   -0.085117 (VIOLATED)
mem_i/addr1[2]                          0.045000    0.112412   -0.067412 (VIOLATED)
mem_i/addr1[6]                          0.045000    0.111571   -0.066571 (VIOLATED)
mem_i/addr1[5]                          0.045000    0.097029   -0.052029 (VIOLATED)
mem_i/addr0[0]                          0.040000    0.051715   -0.011715 (VIOLATED)
mem_i/addr0[1]                          0.040000    0.051715   -0.011715 (VIOLATED)
mem_i/addr0[2]                          0.040000    0.051715   -0.011715 (VIOLATED)
mem_i/addr0[3]                          0.040000    0.051715   -0.011715 (VIOLATED)
mem_i/addr0[4]                          0.040000    0.051715   -0.011715 (VIOLATED)
mem_i/addr0[5]                          0.040000    0.051715   -0.011715 (VIOLATED)
mem_i/addr0[6]                          0.040000    0.051715   -0.011715 (VIOLATED)
mem_i/addr0[7]                          0.040000    0.051715   -0.011715 (VIOLATED)

max fanout

Pin                                   Limit Fanout  Slack
---------------------------------------------------------
clk                                      10     26    -16 (VIOLATED)
rst                                      10     24    -14 (VIOLATED)



===========================================================================
report_parasitic_annotation -report_unannotated
============================================================================
Found 108 unannotated drivers.
 addr0[0]
 addr0[1]
 addr0[2]
 addr0[3]
 addr0[4]
 addr0[5]
 addr0[6]
 addr0[7]
 clk
 csb0
 din0[0]
 din0[10]
 din0[11]
 din0[12]
 din0[13]
 din0[14]
 din0[15]
 din0[1]
 din0[2]
 din0[3]
 din0[4]
 din0[5]
 din0[6]
 din0[7]
 din0[8]
 din0[9]
 rst
 _040_/Y
 _041_/Y
 _042_/X
 _043_/X
 _044_/Y
 _045_/Y
 _046_/Y
 _047_/X
 _048_/X
 _049_/Y
 _050_/X
 _051_/X
 _052_/X
 _053_/Y
 _054_/Y
 _055_/X
 _056_/Y
 _057_/Y
 _058_/Y
 _059_/Y
 _060_/Y
 _061_/Y
 _062_/Y
 _063_/Y
 _064_/Y
 _065_/Y
 _066_/Y
 _067_/Y
 _068_/Y
 _069_/Y
 _070_/Y
 _071_/Y
 _072_/Y
 _073_/Y
 _074_/Y
 _075_/Y
 _076_/Y
 _077_/Y
 _078_/Y
 _079_/Q
 _080_/Q
 _081_/Q
 _082_/Q
 _083_/Q
 _084_/Q
 _085_/Q
 _086_/Q
 _087_/Q
 _088_/Q
 _089_/Q
 _090_/Q
 _091_/Q
 _092_/Q
 _093_/Q
 _094_/Q
 _095_/Q
 _096_/Q
 _097_/Q
 _098_/Q
 _099_/Q
 _100_/Q
 _101_/Q
 _102_/Q
 _103_/HI
 _103_/LO
 mem_i/dout1[0]
 mem_i/dout1[10]
 mem_i/dout1[11]
 mem_i/dout1[12]
 mem_i/dout1[13]
 mem_i/dout1[14]
 mem_i/dout1[15]
 mem_i/dout1[1]
 mem_i/dout1[2]
 mem_i/dout1[3]
 mem_i/dout1[4]
 mem_i/dout1[5]
 mem_i/dout1[6]
 mem_i/dout1[7]
 mem_i/dout1[8]
 mem_i/dout1[9]
Found 0 partially unannotated drivers.

===========================================================================
max slew violation count 16
max fanout violation count 2
max cap violation count 0
============================================================================

===========================================================================
check_setup -verbose -unconstrained_endpoints -multiple_clock -no_clock -no_input_delay -loops -generated_clocks
===========================================================================
Warning: There is 1 unconstrained endpoint.
  mem_i/csb1
