
===========================================================================
report_checks -unconstrained
===========================================================================
======================= min_ff_n40C_1v95 Corner ===================================

Startpoint: rst (input port clocked by clk)
Endpoint: _131_ (recovery check against rising-edge clock clk)
Path Group: asynchronous
Path Type: max

Fanout         Cap        Slew       Delay        Time   Description
---------------------------------------------------------------------------------------------
                                  0.000000    0.000000   clock clk (rise edge)
                                  0.000000    0.000000   clock network delay (propagated)
                                  2.500000    2.500000 v input external delay
     2    0.003594    0.005896    0.002952    2.502952 v rst (in)
                                                         rst (net)
                      0.005896    0.000000    2.502952 v input51/A (sky130_fd_sc_hd__buf_1)
     3    0.015655    0.064881    0.085660    2.588612 v input51/X (sky130_fd_sc_hd__buf_1)
                                                         net51 (net)
                      0.064916    0.000820    2.589432 v fanout112/A (sky130_fd_sc_hd__buf_4)
    17    0.079129    0.076743    0.150303    2.739735 v fanout112/X (sky130_fd_sc_hd__buf_4)
                                                         net112 (net)
                      0.076743    0.000158    2.739893 v fanout111/A (sky130_fd_sc_hd__buf_2)
    11    0.039316    0.070731    0.141513    2.881406 v fanout111/X (sky130_fd_sc_hd__buf_2)
                                                         net111 (net)
                      0.070731    0.000190    2.881596 v fanout109/A (sky130_fd_sc_hd__buf_4)
    10    0.054187    0.058936    0.142431    3.024027 v fanout109/X (sky130_fd_sc_hd__buf_4)
                                                         net109 (net)
                      0.058936    0.000211    3.024238 v _106_/A (sky130_fd_sc_hd__inv_2)
     1    0.006373    0.031467    0.047213    3.071451 ^ _106_/Y (sky130_fd_sc_hd__inv_2)
                                                         _036_ (net)
                      0.031467    0.000105    3.071556 ^ _131_/RESET_B (sky130_fd_sc_hd__dfrtp_1)
                                              3.071556   data arrival time

                                  5.000000    5.000000   clock clk (rise edge)
                                  0.000000    5.000000   clock source latency
     2    0.114878    0.387063    0.269609    5.269609 ^ clk (in)
                                                         clk (net)
                      0.387132    0.000000    5.269609 ^ clkbuf_0_clk/A (sky130_fd_sc_hd__clkbuf_16)
     9    0.123573    0.109517    0.190755    5.460365 ^ clkbuf_0_clk/X (sky130_fd_sc_hd__clkbuf_16)
                                                         clknet_0_clk (net)
                      0.110301    0.007380    5.467745 ^ clkbuf_2_0__f_clk/A (sky130_fd_sc_hd__clkbuf_16)
    19    0.053421    0.055218    0.125747    5.593492 ^ clkbuf_2_0__f_clk/X (sky130_fd_sc_hd__clkbuf_16)
                                                         clknet_2_0__leaf_clk (net)
                      0.055232    0.000889    5.594380 ^ _131_/CLK (sky130_fd_sc_hd__dfrtp_1)
                                 -0.250000    5.344380   clock uncertainty
                                  0.000000    5.344380   clock reconvergence pessimism
                                  0.147195    5.491575   library recovery time
                                              5.491575   data required time
---------------------------------------------------------------------------------------------
                                              5.491575   data required time
                                             -3.071556   data arrival time
---------------------------------------------------------------------------------------------
                                              2.420019   slack (MET)


Startpoint: _142_ (rising edge-triggered flip-flop clocked by clk)
Endpoint: sine_out[5] (output port clocked by clk)
Path Group: clk
Path Type: max

Fanout         Cap        Slew       Delay        Time   Description
---------------------------------------------------------------------------------------------
                                  0.000000    0.000000   clock clk (rise edge)
                                  0.000000    0.000000   clock source latency
     2    0.114878    0.387063    0.269609    0.269609 ^ clk (in)
                                                         clk (net)
                      0.387132    0.000000    0.269609 ^ clkbuf_0_clk/A (sky130_fd_sc_hd__clkbuf_16)
     9    0.123573    0.109517    0.190756    0.460365 ^ clkbuf_0_clk/X (sky130_fd_sc_hd__clkbuf_16)
                                                         clknet_0_clk (net)
                      0.109785    0.004407    0.464772 ^ clkbuf_2_3__f_clk/A (sky130_fd_sc_hd__clkbuf_16)
    15    0.077238    0.072388    0.138283    0.603055 ^ clkbuf_2_3__f_clk/X (sky130_fd_sc_hd__clkbuf_16)
                                                         clknet_2_3__leaf_clk (net)
                      0.072493    0.002191    0.605246 ^ _142_/CLK (sky130_fd_sc_hd__dfrtp_1)
     3    0.027000    0.101585    0.305617    0.910863 v _142_/Q (sky130_fd_sc_hd__dfrtp_1)
                                                         net63 (net)
                      0.101619    0.001765    0.912628 v output63/A (sky130_fd_sc_hd__buf_1)
     1    0.000657    0.013356    0.072821    0.985449 v output63/X (sky130_fd_sc_hd__buf_1)
                                                         sine_out[5] (net)
                      0.013356    0.000003    0.985452 v sine_out[5] (out)
                                              0.985452   data arrival time

                                  5.000000    5.000000   clock clk (rise edge)
                                  0.000000    5.000000   clock network delay (propagated)
                                 -0.250000    4.750000   clock uncertainty
                                  0.000000    4.750000   clock reconvergence pessimism
                                 -2.500000    2.250000   output external delay
                                              2.250000   data required time
---------------------------------------------------------------------------------------------
                                              2.250000   data required time
                                             -0.985452   data arrival time
---------------------------------------------------------------------------------------------
                                              1.264548   slack (MET)




===========================================================================
report_checks --slack_max -0.01
============================================================================
======================= min_ff_n40C_1v95 Corner ===================================

No paths found.


===========================================================================
 report_check_types -max_slew -max_cap -max_fanout -violators
============================================================================
======================= min_ff_n40C_1v95 Corner ===================================

max slew

Pin                                        Limit        Slew       Slack
------------------------------------------------------------------------
mem_i1/addr1[0]                         0.045000    0.389508   -0.344508 (VIOLATED)
mem_i1/addr1[1]                         0.045000    0.380355   -0.335355 (VIOLATED)
mem_i0/addr1[7]                         0.045000    0.366440   -0.321440 (VIOLATED)
mem_i1/addr0[1]                         0.040000    0.331717   -0.291716 (VIOLATED)
mem_i0/addr1[6]                         0.045000    0.328870   -0.283870 (VIOLATED)
mem_i0/addr1[5]                         0.045000    0.303980   -0.258980 (VIOLATED)
mem_i0/addr1[2]                         0.045000    0.249557   -0.204557 (VIOLATED)
mem_i0/addr1[4]                         0.045000    0.212821   -0.167821 (VIOLATED)
mem_i0/addr0[4]                         0.040000    0.206717   -0.166717 (VIOLATED)
mem_i1/addr1[3]                         0.045000    0.202100   -0.157100 (VIOLATED)
mem_i1/addr1[2]                         0.045000    0.190666   -0.145666 (VIOLATED)
mem_i0/addr1[3]                         0.045000    0.188594   -0.143594 (VIOLATED)
mem_i0/addr0[3]                         0.040000    0.182820   -0.142820 (VIOLATED)
mem_i1/addr1[4]                         0.045000    0.177856   -0.132856 (VIOLATED)
mem_i0/addr0[2]                         0.040000    0.159161   -0.119161 (VIOLATED)
mem_i1/addr0[0]                         0.040000    0.159091   -0.119091 (VIOLATED)
mem_i0/addr1[0]                         0.045000    0.161140   -0.116140 (VIOLATED)
mem_i0/addr0[0]                         0.040000    0.152893   -0.112893 (VIOLATED)
mem_i0/addr0[6]                         0.040000    0.146227   -0.106227 (VIOLATED)
mem_i1/addr0[4]                         0.040000    0.141892   -0.101892 (VIOLATED)
mem_i1/addr0[3]                         0.040000    0.141833   -0.101833 (VIOLATED)
mem_i1/addr0[7]                         0.040000    0.140960   -0.100960 (VIOLATED)
mem_i1/addr0[2]                         0.040000    0.140937   -0.100937 (VIOLATED)
mem_i1/addr0[5]                         0.040000    0.140854   -0.100854 (VIOLATED)
mem_i1/addr0[6]                         0.040000    0.140482   -0.100482 (VIOLATED)
mem_i0/addr0[5]                         0.040000    0.139446   -0.099446 (VIOLATED)
mem_i0/addr0[7]                         0.040000    0.138869   -0.098869 (VIOLATED)
mem_i0/addr0[1]                         0.040000    0.134517   -0.094517 (VIOLATED)
mem_i1/addr1[6]                         0.045000    0.109729   -0.064729 (VIOLATED)
mem_i1/addr1[5]                         0.045000    0.094210   -0.049210 (VIOLATED)
mem_i1/addr1[7]                         0.045000    0.091882   -0.046882 (VIOLATED)
mem_i0/addr1[1]                         0.045000    0.080414   -0.035414 (VIOLATED)

max fanout

Pin                                   Limit Fanout  Slack
---------------------------------------------------------
clkbuf_2_1__f_clk/X                      10     21    -11 (VIOLATED)
fanout84/X                               10     21    -11 (VIOLATED)
clkbuf_2_0__f_clk/X                      10     19     -9 (VIOLATED)
fanout112/X                              10     17     -7 (VIOLATED)
clkbuf_2_3__f_clk/X                      10     15     -5 (VIOLATED)
fanout85/X                               10     15     -5 (VIOLATED)
clkbuf_2_2__f_clk/X                      10     13     -3 (VIOLATED)
fanout111/X                              10     11        (VIOLATED)



===========================================================================
report_parasitic_annotation -report_unannotated
============================================================================
Found 5 unannotated drivers.
 clkload0/X
 clkload1/X
 clkload2/Y
 mem_i0_113/HI
 mem_i1_114/HI
Found 0 partially unannotated drivers.

===========================================================================
max slew violation count 32
max fanout violation count 8
max cap violation count 0
============================================================================

===========================================================================
check_setup -verbose -unconstrained_endpoints -multiple_clock -no_clock -no_input_delay -loops -generated_clocks
===========================================================================
Warning: There are 50 input ports missing set_input_delay.
  addr00[0]
  addr00[1]
  addr00[2]
  addr00[3]
  addr00[4]
  addr00[5]
  addr00[6]
  addr00[7]
  addr01[0]
  addr01[1]
  addr01[2]
  addr01[3]
  addr01[4]
  addr01[5]
  addr01[6]
  addr01[7]
  csb00
  csb01
  din00[0]
  din00[10]
  din00[11]
  din00[12]
  din00[13]
  din00[14]
  din00[15]
  din00[1]
  din00[2]
  din00[3]
  din00[4]
  din00[5]
  din00[6]
  din00[7]
  din00[8]
  din00[9]
  din01[0]
  din01[10]
  din01[11]
  din01[12]
  din01[13]
  din01[14]
  din01[15]
  din01[1]
  din01[2]
  din01[3]
  din01[4]
  din01[5]
  din01[6]
  din01[7]
  din01[8]
  din01[9]
Warning: There are 52 unconstrained endpoints.
  mem_i0/addr0[0]
  mem_i0/addr0[1]
  mem_i0/addr0[2]
  mem_i0/addr0[3]
  mem_i0/addr0[4]
  mem_i0/addr0[5]
  mem_i0/addr0[6]
  mem_i0/addr0[7]
  mem_i0/csb0
  mem_i0/csb1
  mem_i0/din0[0]
  mem_i0/din0[10]
  mem_i0/din0[11]
  mem_i0/din0[12]
  mem_i0/din0[13]
  mem_i0/din0[14]
  mem_i0/din0[15]
  mem_i0/din0[1]
  mem_i0/din0[2]
  mem_i0/din0[3]
  mem_i0/din0[4]
  mem_i0/din0[5]
  mem_i0/din0[6]
  mem_i0/din0[7]
  mem_i0/din0[8]
  mem_i0/din0[9]
  mem_i1/addr0[0]
  mem_i1/addr0[1]
  mem_i1/addr0[2]
  mem_i1/addr0[3]
  mem_i1/addr0[4]
  mem_i1/addr0[5]
  mem_i1/addr0[6]
  mem_i1/addr0[7]
  mem_i1/csb0
  mem_i1/csb1
  mem_i1/din0[0]
  mem_i1/din0[10]
  mem_i1/din0[11]
  mem_i1/din0[12]
  mem_i1/din0[13]
  mem_i1/din0[14]
  mem_i1/din0[15]
  mem_i1/din0[1]
  mem_i1/din0[2]
  mem_i1/din0[3]
  mem_i1/din0[4]
  mem_i1/din0[5]
  mem_i1/din0[6]
  mem_i1/din0[7]
  mem_i1/din0[8]
  mem_i1/din0[9]
