
===========================================================================
report_checks -unconstrained
===========================================================================
======================= max_ff_n40C_1v95 Corner ===================================

Startpoint: rst (input port clocked by clk)
Endpoint: _131_ (recovery check against rising-edge clock clk)
Path Group: asynchronous
Path Type: max

Fanout         Cap        Slew       Delay        Time   Description
---------------------------------------------------------------------------------------------
                                  0.000000    0.000000   clock clk (rise edge)
                                  0.000000    0.000000   clock network delay (propagated)
                                  2.500000    2.500000 v input external delay
     2    0.003672    0.005994    0.003088    2.503088 v rst (in)
                                                         rst (net)
                      0.006002    0.000000    2.503088 v input51/A (sky130_fd_sc_hd__buf_1)
     3    0.017294    0.071273    0.089657    2.592745 v input51/X (sky130_fd_sc_hd__buf_1)
                                                         net51 (net)
                      0.071356    0.002031    2.594776 v fanout112/A (sky130_fd_sc_hd__buf_4)
    17    0.084988    0.081020    0.149949    2.744725 v fanout112/X (sky130_fd_sc_hd__buf_4)
                                                         net112 (net)
                      0.081075    0.002109    2.746834 v fanout111/A (sky130_fd_sc_hd__buf_2)
    11    0.042392    0.076552    0.144365    2.891199 v fanout111/X (sky130_fd_sc_hd__buf_2)
                                                         net111 (net)
                      0.076605    0.001730    2.892929 v fanout109/A (sky130_fd_sc_hd__buf_4)
    10    0.056171    0.061447    0.144741    3.037669 v fanout109/X (sky130_fd_sc_hd__buf_4)
                                                         net109 (net)
                      0.061490    0.001551    3.039221 v _106_/A (sky130_fd_sc_hd__inv_2)
     1    0.006982    0.033614    0.049437    3.088658 ^ _106_/Y (sky130_fd_sc_hd__inv_2)
                                                         _036_ (net)
                      0.033619    0.000379    3.089036 ^ _131_/RESET_B (sky130_fd_sc_hd__dfrtp_1)
                                              3.089036   data arrival time

                                  5.000000    5.000000   clock clk (rise edge)
                                  0.000000    5.000000   clock source latency
     2    0.119630    0.401369    0.282928    5.282928 ^ clk (in)
                                                         clk (net)
                      0.401737    0.000000    5.282928 ^ clkbuf_0_clk/A (sky130_fd_sc_hd__clkbuf_16)
     9    0.136901    0.119050    0.193279    5.476207 ^ clkbuf_0_clk/X (sky130_fd_sc_hd__clkbuf_16)
                                                         clknet_0_clk (net)
                      0.121908    0.014351    5.490558 ^ clkbuf_2_0__f_clk/A (sky130_fd_sc_hd__clkbuf_16)
    19    0.057368    0.058176    0.129176    5.619734 ^ clkbuf_2_0__f_clk/X (sky130_fd_sc_hd__clkbuf_16)
                                                         clknet_2_0__leaf_clk (net)
                      0.058712    0.004290    5.624024 ^ _131_/CLK (sky130_fd_sc_hd__dfrtp_1)
                                 -0.250000    5.374024   clock uncertainty
                                  0.000000    5.374024   clock reconvergence pessimism
                                  0.147315    5.521338   library recovery time
                                              5.521338   data required time
---------------------------------------------------------------------------------------------
                                              5.521338   data required time
                                             -3.089036   data arrival time
---------------------------------------------------------------------------------------------
                                              2.432302   slack (MET)


Startpoint: _142_ (rising edge-triggered flip-flop clocked by clk)
Endpoint: sine_out[5] (output port clocked by clk)
Path Group: clk
Path Type: max

Fanout         Cap        Slew       Delay        Time   Description
---------------------------------------------------------------------------------------------
                                  0.000000    0.000000   clock clk (rise edge)
                                  0.000000    0.000000   clock source latency
     2    0.119630    0.401369    0.282928    0.282928 ^ clk (in)
                                                         clk (net)
                      0.401737    0.000000    0.282928 ^ clkbuf_0_clk/A (sky130_fd_sc_hd__clkbuf_16)
     9    0.136901    0.119050    0.193279    0.476207 ^ clkbuf_0_clk/X (sky130_fd_sc_hd__clkbuf_16)
                                                         clknet_0_clk (net)
                      0.121190    0.012452    0.488659 ^ clkbuf_2_3__f_clk/A (sky130_fd_sc_hd__clkbuf_16)
    15    0.083911    0.077631    0.142718    0.631377 ^ clkbuf_2_3__f_clk/X (sky130_fd_sc_hd__clkbuf_16)
                                                         clknet_2_3__leaf_clk (net)
                      0.078743    0.007344    0.638721 ^ _142_/CLK (sky130_fd_sc_hd__dfrtp_1)
     3    0.030556    0.109110    0.315480    0.954201 v _142_/Q (sky130_fd_sc_hd__dfrtp_1)
                                                         net63 (net)
                      0.109301    0.004051    0.958252 v output63/A (sky130_fd_sc_hd__buf_1)
     1    0.000759    0.014022    0.075844    1.034096 v output63/X (sky130_fd_sc_hd__buf_1)
                                                         sine_out[5] (net)
                      0.014022    0.000022    1.034119 v sine_out[5] (out)
                                              1.034119   data arrival time

                                  5.000000    5.000000   clock clk (rise edge)
                                  0.000000    5.000000   clock network delay (propagated)
                                 -0.250000    4.750000   clock uncertainty
                                  0.000000    4.750000   clock reconvergence pessimism
                                 -2.500000    2.250000   output external delay
                                              2.250000   data required time
---------------------------------------------------------------------------------------------
                                              2.250000   data required time
                                             -1.034119   data arrival time
---------------------------------------------------------------------------------------------
                                              1.215882   slack (MET)




===========================================================================
report_checks --slack_max -0.01
============================================================================
======================= max_ff_n40C_1v95 Corner ===================================

No paths found.


===========================================================================
 report_check_types -max_slew -max_cap -max_fanout -violators
============================================================================
======================= max_ff_n40C_1v95 Corner ===================================

max slew

Pin                                        Limit        Slew       Slack
------------------------------------------------------------------------
mem_i1/addr1[0]                         0.045000    0.458369   -0.413369 (VIOLATED)
mem_i1/addr1[1]                         0.045000    0.436420   -0.391420 (VIOLATED)
mem_i0/addr1[7]                         0.045000    0.419729   -0.374729 (VIOLATED)
mem_i1/addr0[1]                         0.040000    0.372003   -0.332003 (VIOLATED)
mem_i0/addr1[6]                         0.045000    0.375418   -0.330418 (VIOLATED)
mem_i0/addr1[5]                         0.045000    0.348095   -0.303095 (VIOLATED)
mem_i0/addr1[2]                         0.045000    0.289124   -0.244124 (VIOLATED)
mem_i0/addr0[4]                         0.040000    0.237927   -0.197927 (VIOLATED)
mem_i0/addr1[4]                         0.045000    0.240794   -0.195794 (VIOLATED)
mem_i1/addr1[3]                         0.045000    0.228248   -0.183248 (VIOLATED)
mem_i1/addr1[2]                         0.045000    0.214843   -0.169843 (VIOLATED)
mem_i0/addr0[3]                         0.040000    0.207003   -0.167003 (VIOLATED)
mem_i0/addr1[3]                         0.045000    0.206978   -0.161978 (VIOLATED)
mem_i1/addr1[4]                         0.045000    0.198618   -0.153618 (VIOLATED)
mem_i0/addr0[2]                         0.040000    0.177962   -0.137962 (VIOLATED)
mem_i1/addr0[0]                         0.040000    0.176756   -0.136756 (VIOLATED)
mem_i0/addr1[0]                         0.045000    0.173158   -0.128158 (VIOLATED)
mem_i0/addr0[0]                         0.040000    0.167838   -0.127838 (VIOLATED)
mem_i0/addr0[6]                         0.040000    0.154471   -0.114471 (VIOLATED)
mem_i1/addr0[4]                         0.040000    0.149739   -0.109739 (VIOLATED)
mem_i1/addr0[3]                         0.040000    0.149631   -0.109631 (VIOLATED)
mem_i1/addr0[2]                         0.040000    0.148630   -0.108630 (VIOLATED)
mem_i1/addr0[5]                         0.040000    0.148587   -0.108587 (VIOLATED)
mem_i1/addr0[7]                         0.040000    0.148272   -0.108272 (VIOLATED)
mem_i1/addr0[6]                         0.040000    0.148115   -0.108115 (VIOLATED)
mem_i0/addr0[5]                         0.040000    0.146269   -0.106269 (VIOLATED)
mem_i0/addr0[1]                         0.040000    0.145639   -0.105639 (VIOLATED)
mem_i0/addr0[7]                         0.040000    0.145207   -0.105207 (VIOLATED)
mem_i1/addr1[6]                         0.045000    0.115728   -0.070728 (VIOLATED)
mem_i1/addr1[5]                         0.045000    0.104268   -0.059268 (VIOLATED)
mem_i1/addr1[7]                         0.045000    0.101675   -0.056675 (VIOLATED)
mem_i0/addr1[1]                         0.045000    0.086052   -0.041052 (VIOLATED)

max fanout

Pin                                   Limit Fanout  Slack
---------------------------------------------------------
clkbuf_2_1__f_clk/X                      10     21    -11 (VIOLATED)
fanout84/X                               10     21    -11 (VIOLATED)
clkbuf_2_0__f_clk/X                      10     19     -9 (VIOLATED)
fanout112/X                              10     17     -7 (VIOLATED)
clkbuf_2_3__f_clk/X                      10     15     -5 (VIOLATED)
fanout85/X                               10     15     -5 (VIOLATED)
clkbuf_2_2__f_clk/X                      10     13     -3 (VIOLATED)
fanout111/X                              10     11        (VIOLATED)



===========================================================================
report_parasitic_annotation -report_unannotated
============================================================================
Found 5 unannotated drivers.
 clkload0/X
 clkload1/X
 clkload2/Y
 mem_i0_113/HI
 mem_i1_114/HI
Found 0 partially unannotated drivers.

===========================================================================
max slew violation count 32
max fanout violation count 8
max cap violation count 0
============================================================================

===========================================================================
check_setup -verbose -unconstrained_endpoints -multiple_clock -no_clock -no_input_delay -loops -generated_clocks
===========================================================================
Warning: There are 50 input ports missing set_input_delay.
  addr00[0]
  addr00[1]
  addr00[2]
  addr00[3]
  addr00[4]
  addr00[5]
  addr00[6]
  addr00[7]
  addr01[0]
  addr01[1]
  addr01[2]
  addr01[3]
  addr01[4]
  addr01[5]
  addr01[6]
  addr01[7]
  csb00
  csb01
  din00[0]
  din00[10]
  din00[11]
  din00[12]
  din00[13]
  din00[14]
  din00[15]
  din00[1]
  din00[2]
  din00[3]
  din00[4]
  din00[5]
  din00[6]
  din00[7]
  din00[8]
  din00[9]
  din01[0]
  din01[10]
  din01[11]
  din01[12]
  din01[13]
  din01[14]
  din01[15]
  din01[1]
  din01[2]
  din01[3]
  din01[4]
  din01[5]
  din01[6]
  din01[7]
  din01[8]
  din01[9]
Warning: There are 52 unconstrained endpoints.
  mem_i0/addr0[0]
  mem_i0/addr0[1]
  mem_i0/addr0[2]
  mem_i0/addr0[3]
  mem_i0/addr0[4]
  mem_i0/addr0[5]
  mem_i0/addr0[6]
  mem_i0/addr0[7]
  mem_i0/csb0
  mem_i0/csb1
  mem_i0/din0[0]
  mem_i0/din0[10]
  mem_i0/din0[11]
  mem_i0/din0[12]
  mem_i0/din0[13]
  mem_i0/din0[14]
  mem_i0/din0[15]
  mem_i0/din0[1]
  mem_i0/din0[2]
  mem_i0/din0[3]
  mem_i0/din0[4]
  mem_i0/din0[5]
  mem_i0/din0[6]
  mem_i0/din0[7]
  mem_i0/din0[8]
  mem_i0/din0[9]
  mem_i1/addr0[0]
  mem_i1/addr0[1]
  mem_i1/addr0[2]
  mem_i1/addr0[3]
  mem_i1/addr0[4]
  mem_i1/addr0[5]
  mem_i1/addr0[6]
  mem_i1/addr0[7]
  mem_i1/csb0
  mem_i1/csb1
  mem_i1/din0[0]
  mem_i1/din0[10]
  mem_i1/din0[11]
  mem_i1/din0[12]
  mem_i1/din0[13]
  mem_i1/din0[14]
  mem_i1/din0[15]
  mem_i1/din0[1]
  mem_i1/din0[2]
  mem_i1/din0[3]
  mem_i1/din0[4]
  mem_i1/din0[5]
  mem_i1/din0[6]
  mem_i1/din0[7]
  mem_i1/din0[8]
  mem_i1/din0[9]
