Clock: clk
Sources: clk 
Generated: no
Virtual: yes
Propagated: no
Period: 5.000000

===========================================================================
report_clock_properties
============================================================================
Clock                   Period          Waveform
----------------------------------------------------
clk                   5.000000    0.000000  2.500000

===========================================================================
report_clock_latency
============================================================================
Clock clk
rise -> rise
    min     max
0.000000 0.000000 source latency
0.622503         network latency mem_i0/clk1
        0.657678 network latency _123_/CLK
---------------
0.622503 0.657678 latency
        0.035175 skew

fall -> fall
    min     max
0.000000 0.000000 source latency
0.482874         network latency mem_i0/clk1
        0.511562 network latency _139_/CLK
---------------
0.482874 0.511562 latency
        0.028688 skew



===========================================================================
report_clock_min_period
============================================================================
clk period_min = 1.22 fmax = 822.20
