Clock: clk
Sources: clk 
Generated: no
Virtual: yes
Propagated: no
Period: 5.000000

===========================================================================
report_clock_properties
============================================================================
Clock                   Period          Waveform
----------------------------------------------------
clk                   5.000000    0.000000  2.500000

===========================================================================
report_clock_latency
============================================================================
Clock clk
rise -> rise
    min     max
0.000000 0.000000 source latency
0.295918         network latency _079_/CLK
        0.295918 network latency _079_/CLK
---------------
0.295918 0.295918 latency
        0.000000 skew

fall -> fall
    min     max
0.000000 0.000000 source latency
0.176921         network latency _079_/CLK
        0.176921 network latency _079_/CLK
---------------
0.176921 0.176921 latency
        0.000000 skew



===========================================================================
report_clock_min_period
============================================================================
clk period_min = 3.16 fmax = 316.59
