[INFO PSM-0040] All shapes on net vccd1 are connected.
########## IR report #################
Net              : vccd1
Corner           : nom_tt_025C_1v80
Supply voltage   : 1.80e+00 V
Worstcase voltage: -2.22e+06 V
Average voltage  : -3.74e+03 V
Average IR drop  : 3.74e+03 V
Worstcase IR drop: 2.22e+06 V
Percentage drop  : 123098136.00 %
######################################
[INFO PSM-0040] All shapes on net vssd1 are connected.
########## IR report #################
Net              : vssd1
Corner           : nom_tt_025C_1v80
Supply voltage   : 0.00e+00 V
Worstcase voltage: 3.17e+06 V
Average voltage  : 5.12e+03 V
Average IR drop  : 5.12e+03 V
Worstcase IR drop: 3.17e+06 V
Percentage drop  : 176203168.00 %
######################################
