Reading OpenROAD database at '/home/lroot/NCO2ram/runs/RUN_2025-03-04_15-51-24/42-openroad-repairantennas/1-diodeinsertion/counter.odb'…
Reading library file at '/home/lroot/.volare/volare/sky130/versions/0fe599b2afb6708d281543108caf8310912f54af/sky130A/libs.ref/sky130_fd_sc_hd/lib/sky130_fd_sc_hd__tt_025C_1v80.lib'…
Reading library file at '/home/lroot/NCO2ram/ram_256x16/ram_256x16_TT_1p8V_25C.lib'…
Reading macro library file at '/home/lroot/NCO2ram/ram_256x16/ram_256x16_TT_1p8V_25C.lib'…
[WARNING STA-1140] /home/lroot/NCO2ram/ram_256x16/ram_256x16_TT_1p8V_25C.lib line 1, library ram_256x16_TT_1p8V_25C_lib already exists.
Reading design constraints file at '/home/lroot/NCO2ram/counter.sdc'…
[WARNING STA-0366] port 'addr0[0]' not found.
[WARNING STA-0366] port 'addr0[1]' not found.
[WARNING STA-0366] port 'addr0[2]' not found.
[WARNING STA-0366] port 'addr0[3]' not found.
[WARNING STA-0366] port 'addr0[4]' not found.
[WARNING STA-0366] port 'addr0[5]' not found.
[WARNING STA-0366] port 'addr0[6]' not found.
[WARNING STA-0366] port 'addr0[7]' not found.
[WARNING STA-0366] port 'csb0' not found.
[WARNING STA-0366] port 'din0[0]' not found.
[WARNING STA-0366] port 'din0[10]' not found.
[WARNING STA-0366] port 'din0[11]' not found.
[WARNING STA-0366] port 'din0[12]' not found.
[WARNING STA-0366] port 'din0[13]' not found.
[WARNING STA-0366] port 'din0[14]' not found.
[WARNING STA-0366] port 'din0[15]' not found.
[WARNING STA-0366] port 'din0[1]' not found.
[WARNING STA-0366] port 'din0[2]' not found.
[WARNING STA-0366] port 'din0[3]' not found.
[WARNING STA-0366] port 'din0[4]' not found.
[WARNING STA-0366] port 'din0[5]' not found.
[WARNING STA-0366] port 'din0[6]' not found.
[WARNING STA-0366] port 'din0[7]' not found.
[WARNING STA-0366] port 'din0[8]' not found.
[WARNING STA-0366] port 'din0[9]' not found.
[WARNING STA-0366] port 'csb0' not found.
[WARNING STA-0366] port 'addr0[7]' not found.
[WARNING STA-0366] port 'addr0[6]' not found.
[WARNING STA-0366] port 'addr0[5]' not found.
[WARNING STA-0366] port 'addr0[4]' not found.
[WARNING STA-0366] port 'addr0[3]' not found.
[WARNING STA-0366] port 'addr0[2]' not found.
[WARNING STA-0366] port 'addr0[1]' not found.
[WARNING STA-0366] port 'addr0[0]' not found.
[WARNING STA-0366] port 'din0[15]' not found.
[WARNING STA-0366] port 'din0[14]' not found.
[WARNING STA-0366] port 'din0[13]' not found.
[WARNING STA-0366] port 'din0[12]' not found.
[WARNING STA-0366] port 'din0[11]' not found.
[WARNING STA-0366] port 'din0[10]' not found.
[WARNING STA-0366] port 'din0[9]' not found.
[WARNING STA-0366] port 'din0[8]' not found.
[WARNING STA-0366] port 'din0[7]' not found.
[WARNING STA-0366] port 'din0[6]' not found.
[WARNING STA-0366] port 'din0[5]' not found.
[WARNING STA-0366] port 'din0[4]' not found.
[WARNING STA-0366] port 'din0[3]' not found.
[WARNING STA-0366] port 'din0[2]' not found.
[WARNING STA-0366] port 'din0[1]' not found.
[WARNING STA-0366] port 'din0[0]' not found.
[INFO ORD-0030] Using 8 thread(s).
[INFO DRT-0149] Reading tech and libs.
[WARNING DRT-0349] LEF58_ENCLOSURE with no CUTCLASS is not supported. Skipping for layer mcon
[WARNING DRT-0349] LEF58_ENCLOSURE with no CUTCLASS is not supported. Skipping for layer mcon
[WARNING DRT-0349] LEF58_ENCLOSURE with no CUTCLASS is not supported. Skipping for layer via
[WARNING DRT-0349] LEF58_ENCLOSURE with no CUTCLASS is not supported. Skipping for layer via
[WARNING DRT-0349] LEF58_ENCLOSURE with no CUTCLASS is not supported. Skipping for layer via2
[WARNING DRT-0349] LEF58_ENCLOSURE with no CUTCLASS is not supported. Skipping for layer via2
[WARNING DRT-0349] LEF58_ENCLOSURE with no CUTCLASS is not supported. Skipping for layer via3
[WARNING DRT-0349] LEF58_ENCLOSURE with no CUTCLASS is not supported. Skipping for layer via3
[WARNING DRT-0349] LEF58_ENCLOSURE with no CUTCLASS is not supported. Skipping for layer via4
[WARNING DRT-0349] LEF58_ENCLOSURE with no CUTCLASS is not supported. Skipping for layer via4

Units:                1000
Number of layers:     13
Number of macros:     442
Number of vias:       30
Number of viarulegen: 25

[INFO DRT-0150] Reading design.

Design:                   counter
Die area:                 ( 0 0 ) ( 550000 750000 )
Number of track patterns: 12
Number of DEF vias:       0
Number of components:     3026
Number of terminals:      70
Number of snets:          2
Number of nets:           292

[WARNING DRT-0418] Term mem_i0/addr0[3] has no pins on routing grid
[WARNING DRT-0418] Term mem_i0/addr0[4] has no pins on routing grid
[WARNING DRT-0418] Term mem_i0/addr0[7] has no pins on routing grid
[WARNING DRT-0418] Term mem_i0/clk1 has no pins on routing grid
[WARNING DRT-0418] Term mem_i0/dout1[0] has no pins on routing grid
[WARNING DRT-0418] Term mem_i0/dout1[1] has no pins on routing grid
[WARNING DRT-0418] Term mem_i0/dout1[3] has no pins on routing grid
[WARNING DRT-0418] Term mem_i0/dout1[5] has no pins on routing grid
[WARNING DRT-0418] Term mem_i0/dout1[7] has no pins on routing grid
[WARNING DRT-0418] Term mem_i0/dout1[8] has no pins on routing grid
[WARNING DRT-0418] Term mem_i0/dout1[10] has no pins on routing grid
[WARNING DRT-0418] Term mem_i0/dout1[12] has no pins on routing grid
[WARNING DRT-0418] Term mem_i0/dout1[14] has no pins on routing grid
[WARNING DRT-0418] Term mem_i0/dout1[15] has no pins on routing grid
[WARNING DRT-0418] Term mem_i1/din0[0] has no pins on routing grid
[WARNING DRT-0418] Term mem_i1/din0[2] has no pins on routing grid
[WARNING DRT-0418] Term mem_i1/din0[5] has no pins on routing grid
[WARNING DRT-0418] Term mem_i1/din0[8] has no pins on routing grid
[WARNING DRT-0418] Term mem_i1/din0[10] has no pins on routing grid
[WARNING DRT-0418] Term mem_i1/din0[11] has no pins on routing grid
[WARNING DRT-0418] Term mem_i1/din0[13] has no pins on routing grid
[WARNING DRT-0418] Term mem_i1/din0[14] has no pins on routing grid
[WARNING DRT-0418] Term mem_i1/addr0[1] has no pins on routing grid
[WARNING DRT-0418] Term mem_i1/addr0[2] has no pins on routing grid
[WARNING DRT-0418] Term mem_i1/addr0[5] has no pins on routing grid
[WARNING DRT-0418] Term mem_i1/addr0[7] has no pins on routing grid
[WARNING DRT-0418] Term mem_i1/addr1[5] has no pins on routing grid
[WARNING DRT-0418] Term mem_i1/addr1[6] has no pins on routing grid
[WARNING DRT-0418] Term mem_i1/addr1[7] has no pins on routing grid
[INFO DRT-0167] List of default vias:
  Layer via
    default via: M1M2_PR
  Layer via2
    default via: M2M3_PR
  Layer via3
    default via: M3M4_PR
  Layer via4
    default via: M4M5_PR
[INFO DRT-0162] Library cell analysis.
[INFO DRT-0163] Instance analysis.
[INFO DRT-0164] Number of unique instances = 62.
[INFO DRT-0168] Init region query.
[INFO DRT-0024]   Complete FR_MASTERSLICE.
[INFO DRT-0024]   Complete licon.
[INFO DRT-0024]   Complete li1.
[INFO DRT-0024]   Complete mcon.
[INFO DRT-0024]   Complete met1.
[INFO DRT-0024]   Complete via.
[INFO DRT-0024]   Complete met2.
[INFO DRT-0024]   Complete via2.
[INFO DRT-0024]   Complete met3.
[INFO DRT-0024]   Complete via3.
[INFO DRT-0024]   Complete met4.
[INFO DRT-0024]   Complete via4.
[INFO DRT-0024]   Complete met5.
[INFO DRT-0033] FR_MASTERSLICE shape region query size = 0.
[INFO DRT-0033] licon shape region query size = 0.
[INFO DRT-0033] li1 shape region query size = 18527.
[INFO DRT-0033] mcon shape region query size = 0.
[INFO DRT-0033] met1 shape region query size = 7536.
[INFO DRT-0033] via shape region query size = 3280.
[INFO DRT-0033] met2 shape region query size = 1982.
[INFO DRT-0033] via2 shape region query size = 2624.
[INFO DRT-0033] met3 shape region query size = 2104.
[INFO DRT-0033] via3 shape region query size = 2624.
[INFO DRT-0033] met4 shape region query size = 952.
[INFO DRT-0033] via4 shape region query size = 48.
[INFO DRT-0033] met5 shape region query size = 72.
[INFO DRT-0165] Start pin access.
[INFO DRT-0078]   Complete 242 pins.
[INFO DRT-0081]   Complete 54 unique inst patterns.
[INFO DRT-0084]   Complete 250 groups.
#scanned instances     = 3026
#unique  instances     = 62
#stdCellGenAp          = 1194
#stdCellValidPlanarAp  = 16
#stdCellValidViaAp     = 841
#stdCellPinNoAp        = 0
#stdCellPinCnt         = 526
#instTermValidViaApCnt = 0
#macroGenAp            = 230
#macroValidPlanarAp    = 198
#macroValidViaAp       = 0
#macroNoAp             = 0
[INFO DRT-0166] Complete pin access.
[INFO DRT-0267] cpu time = 00:00:11, elapsed time = 00:00:01, memory = 148.17 (MB), peak = 148.17 (MB)

[INFO DRT-0157] Number of guides:     2361

[INFO DRT-0169] Post process guides.
[INFO DRT-0176] GCELLGRID X 0 DO 79 STEP 6900 ;
[INFO DRT-0177] GCELLGRID Y 0 DO 108 STEP 6900 ;
[INFO DRT-0028]   Complete FR_MASTERSLICE.
[INFO DRT-0028]   Complete licon.
[INFO DRT-0028]   Complete li1.
[INFO DRT-0028]   Complete mcon.
[INFO DRT-0028]   Complete met1.
[INFO DRT-0028]   Complete via.
[INFO DRT-0028]   Complete met2.
[INFO DRT-0028]   Complete via2.
[INFO DRT-0028]   Complete met3.
[INFO DRT-0028]   Complete via3.
[INFO DRT-0028]   Complete met4.
[INFO DRT-0028]   Complete via4.
[INFO DRT-0028]   Complete met5.
[INFO DRT-0178] Init guide query.
[INFO DRT-0035]   Complete FR_MASTERSLICE (guide).
[INFO DRT-0035]   Complete licon (guide).
[INFO DRT-0035]   Complete li1 (guide).
[INFO DRT-0035]   Complete mcon (guide).
[INFO DRT-0035]   Complete met1 (guide).
[INFO DRT-0035]   Complete via (guide).
[INFO DRT-0035]   Complete met2 (guide).
[INFO DRT-0035]   Complete via2 (guide).
[INFO DRT-0035]   Complete met3 (guide).
[INFO DRT-0035]   Complete via3 (guide).
[INFO DRT-0035]   Complete met4 (guide).
[INFO DRT-0035]   Complete via4 (guide).
[INFO DRT-0035]   Complete met5 (guide).
[INFO DRT-0036] FR_MASTERSLICE guide region query size = 0.
[INFO DRT-0036] licon guide region query size = 0.
[INFO DRT-0036] li1 guide region query size = 586.
[INFO DRT-0036] mcon guide region query size = 0.
[INFO DRT-0036] met1 guide region query size = 579.
[INFO DRT-0036] via guide region query size = 0.
[INFO DRT-0036] met2 guide region query size = 364.
[INFO DRT-0036] via2 guide region query size = 0.
[INFO DRT-0036] met3 guide region query size = 174.
[INFO DRT-0036] via3 guide region query size = 0.
[INFO DRT-0036] met4 guide region query size = 82.
[INFO DRT-0036] via4 guide region query size = 0.
[INFO DRT-0036] met5 guide region query size = 0.
[INFO DRT-0179] Init gr pin query.
[INFO DRT-0245] skipped writing guide updates to database.
[INFO DRT-0185] Post process initialize RPin region query.
[INFO DRT-0181] Start track assignment.
[INFO DRT-0184] Done with 1032 vertical wires in 2 frboxes and 753 horizontal wires in 3 frboxes.
[INFO DRT-0186] Done with 29 vertical wires in 2 frboxes and 142 horizontal wires in 3 frboxes.
[INFO DRT-0182] Complete track assignment.
[INFO DRT-0267] cpu time = 00:00:03, elapsed time = 00:00:00, memory = 165.38 (MB), peak = 166.28 (MB)
[INFO DRT-0187] Start routing data preparation.
[INFO DRT-0267] cpu time = 00:00:00, elapsed time = 00:00:00, memory = 165.38 (MB), peak = 166.28 (MB)
[INFO DRT-0194] Start detail routing.
[INFO DRT-0195] Start 0th optimization iteration.
    Completing 10% with 0 violations.
    elapsed time = 00:00:00, memory = 193.06 (MB).
    Completing 20% with 0 violations.
    elapsed time = 00:00:00, memory = 204.24 (MB).
    Completing 30% with 9 violations.
    elapsed time = 00:00:00, memory = 207.85 (MB).
    Completing 40% with 9 violations.
    elapsed time = 00:00:00, memory = 217.77 (MB).
    Completing 50% with 9 violations.
    elapsed time = 00:00:00, memory = 220.01 (MB).
    Completing 60% with 23 violations.
    elapsed time = 00:00:00, memory = 235.46 (MB).
    Completing 70% with 23 violations.
    elapsed time = 00:00:00, memory = 235.72 (MB).
    Completing 80% with 49 violations.
    elapsed time = 00:00:01, memory = 233.85 (MB).
    Completing 90% with 49 violations.
    elapsed time = 00:00:01, memory = 241.90 (MB).
    Completing 100% with 53 violations.
    elapsed time = 00:00:01, memory = 233.93 (MB).
[INFO DRT-0199]   Number of violations = 61.
Viol/Layer        met1   met2   met3
Metal Spacing        5      1      7
Recheck              6      2      0
Short               39      1      0
[INFO DRT-0267] cpu time = 00:00:12, elapsed time = 00:00:01, memory = 584.59 (MB), peak = 584.59 (MB)
Total wire length = 31336 um.
Total wire length on LAYER li1 = 0 um.
Total wire length on LAYER met1 = 15071 um.
Total wire length on LAYER met2 = 12570 um.
Total wire length on LAYER met3 = 3087 um.
Total wire length on LAYER met4 = 607 um.
Total wire length on LAYER met5 = 0 um.
Total number of vias = 1911.
Up-via summary (total 1911):

-----------------------
 FR_MASTERSLICE       0
            li1     823
           met1     804
           met2     198
           met3      86
           met4       0
-----------------------
                   1911


[INFO DRT-0195] Start 1st optimization iteration.
    Completing 10% with 61 violations.
    elapsed time = 00:00:00, memory = 586.64 (MB).
    Completing 20% with 61 violations.
    elapsed time = 00:00:00, memory = 587.16 (MB).
    Completing 30% with 49 violations.
    elapsed time = 00:00:00, memory = 587.16 (MB).
    Completing 40% with 49 violations.
    elapsed time = 00:00:00, memory = 587.16 (MB).
    Completing 50% with 49 violations.
    elapsed time = 00:00:00, memory = 587.16 (MB).
    Completing 60% with 42 violations.
    elapsed time = 00:00:00, memory = 589.48 (MB).
    Completing 70% with 42 violations.
    elapsed time = 00:00:00, memory = 589.73 (MB).
    Completing 80% with 28 violations.
    elapsed time = 00:00:00, memory = 590.08 (MB).
    Completing 90% with 28 violations.
    elapsed time = 00:00:00, memory = 598.91 (MB).
    Completing 100% with 18 violations.
    elapsed time = 00:00:01, memory = 590.39 (MB).
[INFO DRT-0199]   Number of violations = 18.
Viol/Layer        met1
Metal Spacing        1
Short               17
[INFO DRT-0267] cpu time = 00:00:10, elapsed time = 00:00:01, memory = 593.18 (MB), peak = 599.16 (MB)
Total wire length = 31265 um.
Total wire length on LAYER li1 = 0 um.
Total wire length on LAYER met1 = 15062 um.
Total wire length on LAYER met2 = 12566 um.
Total wire length on LAYER met3 = 3083 um.
Total wire length on LAYER met4 = 553 um.
Total wire length on LAYER met5 = 0 um.
Total number of vias = 1883.
Up-via summary (total 1883):

-----------------------
 FR_MASTERSLICE       0
            li1     823
           met1     780
           met2     195
           met3      85
           met4       0
-----------------------
                   1883


[INFO DRT-0195] Start 2nd optimization iteration.
    Completing 10% with 18 violations.
    elapsed time = 00:00:00, memory = 593.18 (MB).
    Completing 20% with 18 violations.
    elapsed time = 00:00:00, memory = 593.18 (MB).
    Completing 30% with 10 violations.
    elapsed time = 00:00:00, memory = 593.95 (MB).
    Completing 40% with 10 violations.
    elapsed time = 00:00:00, memory = 593.95 (MB).
    Completing 50% with 10 violations.
    elapsed time = 00:00:00, memory = 593.95 (MB).
    Completing 60% with 10 violations.
    elapsed time = 00:00:00, memory = 593.95 (MB).
    Completing 70% with 10 violations.
    elapsed time = 00:00:00, memory = 593.95 (MB).
    Completing 80% with 9 violations.
    elapsed time = 00:00:00, memory = 599.55 (MB).
    Completing 90% with 9 violations.
    elapsed time = 00:00:00, memory = 599.55 (MB).
    Completing 100% with 6 violations.
    elapsed time = 00:00:00, memory = 599.55 (MB).
[INFO DRT-0199]   Number of violations = 6.
Viol/Layer        met1
Short                6
[INFO DRT-0267] cpu time = 00:00:06, elapsed time = 00:00:01, memory = 599.55 (MB), peak = 599.55 (MB)
Total wire length = 31258 um.
Total wire length on LAYER li1 = 0 um.
Total wire length on LAYER met1 = 15053 um.
Total wire length on LAYER met2 = 12579 um.
Total wire length on LAYER met3 = 3084 um.
Total wire length on LAYER met4 = 540 um.
Total wire length on LAYER met5 = 0 um.
Total number of vias = 1880.
Up-via summary (total 1880):

-----------------------
 FR_MASTERSLICE       0
            li1     823
           met1     780
           met2     195
           met3      82
           met4       0
-----------------------
                   1880


[INFO DRT-0195] Start 3rd optimization iteration.
    Completing 10% with 6 violations.
    elapsed time = 00:00:00, memory = 599.55 (MB).
    Completing 20% with 6 violations.
    elapsed time = 00:00:00, memory = 599.55 (MB).
    Completing 30% with 5 violations.
    elapsed time = 00:00:00, memory = 599.55 (MB).
    Completing 40% with 5 violations.
    elapsed time = 00:00:00, memory = 599.55 (MB).
    Completing 50% with 5 violations.
    elapsed time = 00:00:00, memory = 601.36 (MB).
    Completing 60% with 1 violations.
    elapsed time = 00:00:00, memory = 601.36 (MB).
    Completing 70% with 1 violations.
    elapsed time = 00:00:00, memory = 601.36 (MB).
    Completing 80% with 0 violations.
    elapsed time = 00:00:00, memory = 601.62 (MB).
    Completing 90% with 0 violations.
    elapsed time = 00:00:00, memory = 601.62 (MB).
    Completing 100% with 0 violations.
    elapsed time = 00:00:00, memory = 601.62 (MB).
[INFO DRT-0199]   Number of violations = 0.
[INFO DRT-0267] cpu time = 00:00:05, elapsed time = 00:00:00, memory = 601.62 (MB), peak = 601.62 (MB)
Total wire length = 31247 um.
Total wire length on LAYER li1 = 0 um.
Total wire length on LAYER met1 = 15030 um.
Total wire length on LAYER met2 = 12586 um.
Total wire length on LAYER met3 = 3089 um.
Total wire length on LAYER met4 = 540 um.
Total wire length on LAYER met5 = 0 um.
Total number of vias = 1885.
Up-via summary (total 1885):

-----------------------
 FR_MASTERSLICE       0
            li1     823
           met1     783
           met2     197
           met3      82
           met4       0
-----------------------
                   1885


[INFO DRT-0198] Complete detail routing.
Total wire length = 31247 um.
Total wire length on LAYER li1 = 0 um.
Total wire length on LAYER met1 = 15030 um.
Total wire length on LAYER met2 = 12586 um.
Total wire length on LAYER met3 = 3089 um.
Total wire length on LAYER met4 = 540 um.
Total wire length on LAYER met5 = 0 um.
Total number of vias = 1885.
Up-via summary (total 1885):

-----------------------
 FR_MASTERSLICE       0
            li1     823
           met1     783
           met2     197
           met3      82
           met4       0
-----------------------
                   1885


[INFO DRT-0267] cpu time = 00:00:34, elapsed time = 00:00:05, memory = 601.62 (MB), peak = 601.62 (MB)

[INFO DRT-0180] Post processing.
Setting global connections for newly added cells…
[INFO] Setting global connections...
mem_i.* matched with mem_i1_112
mem_i.* matched with mem_i0
mem_i.* matched with mem_i1
mem_i.* matched with mem_i0_111
Updating metrics…
Cell type report:                       Count       Area
  Macro                                     2  247030.69
  Fill cell                               962    3610.96
  Tap cell                               1530    1914.34
  Antenna cell                            322     805.77
  Clock buffer                              5     125.12
  Timing Repair Buffer                    117     594.32
  Inverter                                 26      97.59
  Clock inverter                            2      26.28
  Sequential cell                          25     625.60
  Multi-Input combinational cell           35     302.79
  Total                                  3026  255133.46
Writing OpenROAD database to '/home/lroot/NCO2ram/runs/RUN_2025-03-04_15-51-24/44-openroad-detailedrouting/counter.odb'…
Writing netlist to '/home/lroot/NCO2ram/runs/RUN_2025-03-04_15-51-24/44-openroad-detailedrouting/counter.nl.v'…
Writing powered netlist to '/home/lroot/NCO2ram/runs/RUN_2025-03-04_15-51-24/44-openroad-detailedrouting/counter.pnl.v'…
Writing layout to '/home/lroot/NCO2ram/runs/RUN_2025-03-04_15-51-24/44-openroad-detailedrouting/counter.def'…
Writing timing constraints to '/home/lroot/NCO2ram/runs/RUN_2025-03-04_15-51-24/44-openroad-detailedrouting/counter.sdc'…
