Clock: clk
Sources: clk 
Generated: no
Virtual: yes
Propagated: no
Period: 5.000000

===========================================================================
report_clock_properties
============================================================================
Clock                   Period          Waveform
----------------------------------------------------
clk                   5.000000    0.000000  2.500000

===========================================================================
report_clock_latency
============================================================================
Clock clk
rise -> rise
    min     max
0.000000 0.000000 source latency
0.513554         network latency mem_i0/clk1
        0.541483 network latency mem_i1/clk1
---------------
0.513554 0.541483 latency
        0.027929 skew

fall -> fall
    min     max
0.000000 0.000000 source latency
0.411013         network latency mem_i0/clk1
        0.432769 network latency mem_i1/clk1
---------------
0.411013 0.432769 latency
        0.021755 skew



===========================================================================
report_clock_min_period
============================================================================
clk period_min = 1.40 fmax = 713.17
