Clock: clk
Sources: clk 
Generated: no
Virtual: yes
Propagated: no
Period: 10.000000

===========================================================================
report_clock_properties
============================================================================
Clock                   Period          Waveform
----------------------------------------------------
clk                  10.000000    0.000000  5.000000

===========================================================================
report_clock_latency
============================================================================
Clock clk
rise -> rise
    min     max
0.000000 0.000000 source latency
0.657886         network latency _094_/CLK
        0.666055 network latency _100_/CLK
---------------
0.657886 0.666055 latency
        0.008169 skew

fall -> fall
    min     max
0.000000 0.000000 source latency
0.530599         network latency _083_/CLK
        0.536453 network latency _090_/CLK
---------------
0.530599 0.536453 latency
        0.005854 skew



===========================================================================
report_clock_min_period
============================================================================
clk period_min = 2.04 fmax = 489.06
