Clock: clk
Sources: clk 
Generated: no
Virtual: yes
Propagated: no
Period: 5.000000

===========================================================================
report_clock_properties
============================================================================
Clock                   Period          Waveform
----------------------------------------------------
clk                   5.000000    0.000000  2.500000

===========================================================================
report_clock_latency
============================================================================
Clock clk
rise -> rise
    min     max
0.000000 0.000000 source latency
0.565418         network latency mem_i0/clk1
        0.586412 network latency _139_/CLK
---------------
0.565418 0.586412 latency
        0.020993 skew

fall -> fall
    min     max
0.000000 0.000000 source latency
0.468373         network latency mem_i0/clk1
        0.484591 network latency _139_/CLK
---------------
0.468373 0.484591 latency
        0.016218 skew



===========================================================================
report_clock_min_period
============================================================================
clk period_min = 1.61 fmax = 620.05
