
===========================================================================
report_checks -unconstrained
===========================================================================
======================= nom_tt_025C_1v80 Corner ===================================

Startpoint: rst (input port clocked by clk)
Endpoint: _134_ (recovery check against rising-edge clock clk)
Path Group: asynchronous
Path Type: max

Fanout         Cap        Slew       Delay        Time   Description
---------------------------------------------------------------------------------------------
                                  0.000000    0.000000   clock clk (rise edge)
                                  0.000000    0.000000   clock network delay (propagated)
                                  2.500000    2.500000 v input external delay
     2    0.003680    0.010673    0.005914    2.505914 v rst (in)
                                                         rst (net)
                      0.010673    0.000000    2.505914 v input51/A (sky130_fd_sc_hd__buf_1)
     3    0.019489    0.117293    0.145096    2.651011 v input51/X (sky130_fd_sc_hd__buf_1)
                                                         net51 (net)
                      0.117347    0.001372    2.652383 v fanout110/A (sky130_fd_sc_hd__buf_4)
    17    0.082971    0.111840    0.238319    2.890702 v fanout110/X (sky130_fd_sc_hd__buf_4)
                                                         net110 (net)
                      0.111847    0.000813    2.891515 v fanout109/A (sky130_fd_sc_hd__buf_4)
    19    0.062712    0.088052    0.225197    3.116712 v fanout109/X (sky130_fd_sc_hd__buf_4)
                                                         net109 (net)
                      0.088054    0.000815    3.117527 v fanout108/A (sky130_fd_sc_hd__buf_4)
    10    0.055718    0.080019    0.210045    3.327573 v fanout108/X (sky130_fd_sc_hd__buf_4)
                                                         net108 (net)
                      0.080049    0.001483    3.329056 v _109_/A (sky130_fd_sc_hd__inv_2)
     1    0.005720    0.039530    0.063870    3.392926 ^ _109_/Y (sky130_fd_sc_hd__inv_2)
                                                         _039_ (net)
                      0.039530    0.000155    3.393081 ^ _134_/RESET_B (sky130_fd_sc_hd__dfrtp_1)
                                              3.393081   data arrival time

                                  5.000000    5.000000   clock clk (rise edge)
                                  0.000000    5.000000   clock source latency
     2    0.076069    0.346933    0.251055    5.251055 ^ clk (in)
                                                         clk (net)
                      0.349870    0.000000    5.251055 ^ clkbuf_0_clk/A (sky130_fd_sc_hd__clkbuf_16)
     9    0.126184    0.141274    0.290116    5.541171 ^ clkbuf_0_clk/X (sky130_fd_sc_hd__clkbuf_16)
                                                         clknet_0_clk (net)
                      0.142375    0.009913    5.551084 ^ clkbuf_2_1__f_clk/A (sky130_fd_sc_hd__clkbuf_16)
    19    0.060463    0.078994    0.190218    5.741302 ^ clkbuf_2_1__f_clk/X (sky130_fd_sc_hd__clkbuf_16)
                                                         clknet_2_1__leaf_clk (net)
                      0.079233    0.002800    5.744102 ^ _134_/CLK (sky130_fd_sc_hd__dfrtp_1)
                                 -0.250000    5.494102   clock uncertainty
                                  0.000000    5.494102   clock reconvergence pessimism
                                  0.242236    5.736338   library recovery time
                                              5.736338   data required time
---------------------------------------------------------------------------------------------
                                              5.736338   data required time
                                             -3.393081   data arrival time
---------------------------------------------------------------------------------------------
                                              2.343257   slack (MET)


Startpoint: _123_ (rising edge-triggered flip-flop clocked by clk)
Endpoint: sine_out[11] (output port clocked by clk)
Path Group: clk
Path Type: max

Fanout         Cap        Slew       Delay        Time   Description
---------------------------------------------------------------------------------------------
                                  0.000000    0.000000   clock clk (rise edge)
                                  0.000000    0.000000   clock source latency
     2    0.076069    0.346933    0.251055    0.251055 ^ clk (in)
                                                         clk (net)
                      0.349870    0.000000    0.251055 ^ clkbuf_0_clk/A (sky130_fd_sc_hd__clkbuf_16)
     9    0.126184    0.141274    0.290116    0.541171 ^ clkbuf_0_clk/X (sky130_fd_sc_hd__clkbuf_16)
                                                         clknet_0_clk (net)
                      0.142949    0.012199    0.553370 ^ clkbuf_2_0__f_clk/A (sky130_fd_sc_hd__clkbuf_16)
    19    0.097017    0.113951    0.214534    0.767904 ^ clkbuf_2_0__f_clk/X (sky130_fd_sc_hd__clkbuf_16)
                                                         clknet_2_0__leaf_clk (net)
                      0.114907    0.008382    0.776286 ^ _123_/CLK (sky130_fd_sc_hd__dfrtp_1)
     3    0.022544    0.126697    0.467341    1.243627 v _123_/Q (sky130_fd_sc_hd__dfrtp_1)
                                                         net54 (net)
                      0.126723    0.001739    1.245366 v output54/A (sky130_fd_sc_hd__buf_1)
     1    0.000489    0.016058    0.109020    1.354386 v output54/X (sky130_fd_sc_hd__buf_1)
                                                         sine_out[11] (net)
                      0.016058    0.000005    1.354391 v sine_out[11] (out)
                                              1.354391   data arrival time

                                  5.000000    5.000000   clock clk (rise edge)
                                  0.000000    5.000000   clock network delay (propagated)
                                 -0.250000    4.750000   clock uncertainty
                                  0.000000    4.750000   clock reconvergence pessimism
                                 -2.500000    2.250000   output external delay
                                              2.250000   data required time
---------------------------------------------------------------------------------------------
                                              2.250000   data required time
                                             -1.354391   data arrival time
---------------------------------------------------------------------------------------------
                                              0.895609   slack (MET)




===========================================================================
report_checks --slack_max -0.01
============================================================================
======================= nom_tt_025C_1v80 Corner ===================================

No paths found.


===========================================================================
 report_check_types -max_slew -max_cap -max_fanout -violators
============================================================================
======================= nom_tt_025C_1v80 Corner ===================================

max slew

Pin                                        Limit        Slew       Slack
------------------------------------------------------------------------
mem_i1/addr1[1]                         0.045000    0.570376   -0.525376 (VIOLATED)
mem_i1/addr0[1]                         0.040000    0.506940   -0.466940 (VIOLATED)
mem_i1/addr1[0]                         0.045000    0.510093   -0.465093 (VIOLATED)
mem_i0/addr1[7]                         0.045000    0.494244   -0.449244 (VIOLATED)
mem_i0/addr1[6]                         0.045000    0.462907   -0.417907 (VIOLATED)
mem_i0/addr1[5]                         0.045000    0.440680   -0.395680 (VIOLATED)
mem_i0/addr1[2]                         0.045000    0.361386   -0.316386 (VIOLATED)
mem_i0/addr0[1]                         0.040000    0.310754   -0.270754 (VIOLATED)
mem_i0/addr1[4]                         0.045000    0.296393   -0.251393 (VIOLATED)
mem_i1/addr1[4]                         0.045000    0.271406   -0.226406 (VIOLATED)
mem_i1/addr1[5]                         0.045000    0.270638   -0.225638 (VIOLATED)
mem_i0/addr1[3]                         0.045000    0.262625   -0.217625 (VIOLATED)
mem_i1/addr0[0]                         0.040000    0.250497   -0.210497 (VIOLATED)
mem_i1/addr1[2]                         0.045000    0.244001   -0.199001 (VIOLATED)
mem_i1/addr1[3]                         0.045000    0.243168   -0.198168 (VIOLATED)
mem_i0/addr0[2]                         0.040000    0.237812   -0.197812 (VIOLATED)
mem_i0/addr0[6]                         0.040000    0.228895   -0.188895 (VIOLATED)
mem_i0/addr0[4]                         0.040000    0.227755   -0.187755 (VIOLATED)
mem_i0/addr1[0]                         0.045000    0.231942   -0.186942 (VIOLATED)
mem_i0/addr0[5]                         0.040000    0.225147   -0.185147 (VIOLATED)
mem_i0/addr0[3]                         0.040000    0.225134   -0.185134 (VIOLATED)
mem_i0/addr0[7]                         0.040000    0.203142   -0.163142 (VIOLATED)
mem_i0/addr0[0]                         0.040000    0.200538   -0.160538 (VIOLATED)
mem_i1/addr0[4]                         0.040000    0.195958   -0.155958 (VIOLATED)
mem_i1/addr0[3]                         0.040000    0.195857   -0.155857 (VIOLATED)
mem_i1/addr0[2]                         0.040000    0.194548   -0.154548 (VIOLATED)
mem_i1/addr0[7]                         0.040000    0.194422   -0.154422 (VIOLATED)
mem_i1/addr0[5]                         0.040000    0.194274   -0.154274 (VIOLATED)
mem_i1/addr0[6]                         0.040000    0.193905   -0.153905 (VIOLATED)
mem_i1/addr1[6]                         0.045000    0.132733   -0.087733 (VIOLATED)
mem_i1/addr1[7]                         0.045000    0.123085   -0.078085 (VIOLATED)
mem_i0/addr1[1]                         0.045000    0.106961   -0.061961 (VIOLATED)

max fanout

Pin                                   Limit Fanout  Slack
---------------------------------------------------------
fanout83/X                               10     21    -11 (VIOLATED)
clkbuf_2_0__f_clk/X                      10     19     -9 (VIOLATED)
clkbuf_2_1__f_clk/X                      10     19     -9 (VIOLATED)
fanout109/X                              10     19     -9 (VIOLATED)
fanout110/X                              10     17     -7 (VIOLATED)
fanout84/X                               10     17     -7 (VIOLATED)
clkbuf_2_3__f_clk/X                      10     15     -5 (VIOLATED)
clkbuf_2_2__f_clk/X                      10     13     -3 (VIOLATED)

max capacitance

Pin                                        Limit         Cap       Slack
------------------------------------------------------------------------
mem_i1/dout1[0]                         0.027560    0.078458   -0.050898 (VIOLATED)



===========================================================================
report_parasitic_annotation -report_unannotated
============================================================================
Found 4 unannotated drivers.
 clkload0/Y
 clkload1/Y
 mem_i0_111/HI
 mem_i1_112/HI
Found 0 partially unannotated drivers.

===========================================================================
max slew violation count 32
max fanout violation count 8
max cap violation count 1
============================================================================

===========================================================================
check_setup -verbose -unconstrained_endpoints -multiple_clock -no_clock -no_input_delay -loops -generated_clocks
===========================================================================
Warning: There are 50 input ports missing set_input_delay.
  addr00[0]
  addr00[1]
  addr00[2]
  addr00[3]
  addr00[4]
  addr00[5]
  addr00[6]
  addr00[7]
  addr01[0]
  addr01[1]
  addr01[2]
  addr01[3]
  addr01[4]
  addr01[5]
  addr01[6]
  addr01[7]
  csb00
  csb01
  din00[0]
  din00[10]
  din00[11]
  din00[12]
  din00[13]
  din00[14]
  din00[15]
  din00[1]
  din00[2]
  din00[3]
  din00[4]
  din00[5]
  din00[6]
  din00[7]
  din00[8]
  din00[9]
  din01[0]
  din01[10]
  din01[11]
  din01[12]
  din01[13]
  din01[14]
  din01[15]
  din01[1]
  din01[2]
  din01[3]
  din01[4]
  din01[5]
  din01[6]
  din01[7]
  din01[8]
  din01[9]
Warning: There are 52 unconstrained endpoints.
  mem_i0/addr0[0]
  mem_i0/addr0[1]
  mem_i0/addr0[2]
  mem_i0/addr0[3]
  mem_i0/addr0[4]
  mem_i0/addr0[5]
  mem_i0/addr0[6]
  mem_i0/addr0[7]
  mem_i0/csb0
  mem_i0/csb1
  mem_i0/din0[0]
  mem_i0/din0[10]
  mem_i0/din0[11]
  mem_i0/din0[12]
  mem_i0/din0[13]
  mem_i0/din0[14]
  mem_i0/din0[15]
  mem_i0/din0[1]
  mem_i0/din0[2]
  mem_i0/din0[3]
  mem_i0/din0[4]
  mem_i0/din0[5]
  mem_i0/din0[6]
  mem_i0/din0[7]
  mem_i0/din0[8]
  mem_i0/din0[9]
  mem_i1/addr0[0]
  mem_i1/addr0[1]
  mem_i1/addr0[2]
  mem_i1/addr0[3]
  mem_i1/addr0[4]
  mem_i1/addr0[5]
  mem_i1/addr0[6]
  mem_i1/addr0[7]
  mem_i1/csb0
  mem_i1/csb1
  mem_i1/din0[0]
  mem_i1/din0[10]
  mem_i1/din0[11]
  mem_i1/din0[12]
  mem_i1/din0[13]
  mem_i1/din0[14]
  mem_i1/din0[15]
  mem_i1/din0[1]
  mem_i1/din0[2]
  mem_i1/din0[3]
  mem_i1/din0[4]
  mem_i1/din0[5]
  mem_i1/din0[6]
  mem_i1/din0[7]
  mem_i1/din0[8]
  mem_i1/din0[9]
