Clock: clk
Sources: clk 
Generated: no
Virtual: yes
Propagated: no
Period: 5.000000

===========================================================================
report_clock_properties
============================================================================
Clock                   Period          Waveform
----------------------------------------------------
clk                   5.000000    0.000000  2.500000

===========================================================================
report_clock_latency
============================================================================
Clock clk
rise -> rise
    min     max
0.000000 0.000000 source latency
0.742025         network latency mem_i0/clk1
        0.776970 network latency mem_i1/clk1
---------------
0.742025 0.776970 latency
        0.034945 skew

fall -> fall
    min     max
0.000000 0.000000 source latency
0.590150         network latency mem_i0/clk1
        0.617560 network latency mem_i1/clk1
---------------
0.590150 0.617560 latency
        0.027410 skew



===========================================================================
report_clock_min_period
============================================================================
clk period_min = 2.02 fmax = 495.40
