
===========================================================================
report_checks -unconstrained
===========================================================================
======================= nom_ss_100C_1v60 Corner ===================================

Startpoint: rst (input port clocked by clk)
Endpoint: _131_ (recovery check against rising-edge clock clk)
Path Group: asynchronous
Path Type: max

Fanout         Cap        Slew       Delay        Time   Description
---------------------------------------------------------------------------------------------
                                  0.000000    0.000000   clock clk (rise edge)
                                  0.000000    0.000000   clock network delay (propagated)
                                  2.500000    2.500000 v input external delay
     2    0.003759    0.022183    0.012246    2.512246 v rst (in)
                                                         rst (net)
                      0.022183    0.000000    2.512246 v input51/A (sky130_fd_sc_hd__buf_1)
     3    0.017058    0.200093    0.255943    2.768189 v input51/X (sky130_fd_sc_hd__buf_1)
                                                         net51 (net)
                      0.200098    0.001267    2.769456 v fanout112/A (sky130_fd_sc_hd__buf_4)
    17    0.084110    0.206885    0.440392    3.209848 v fanout112/X (sky130_fd_sc_hd__buf_4)
                                                         net112 (net)
                      0.206889    0.000847    3.210695 v fanout111/A (sky130_fd_sc_hd__buf_2)
    11    0.042071    0.197711    0.433619    3.644314 v fanout111/X (sky130_fd_sc_hd__buf_2)
                                                         net111 (net)
                      0.197711    0.000658    3.644972 v fanout109/A (sky130_fd_sc_hd__buf_4)
    10    0.055454    0.144784    0.400672    4.045644 v fanout109/X (sky130_fd_sc_hd__buf_4)
                                                         net109 (net)
                      0.144785    0.000698    4.046341 v _106_/A (sky130_fd_sc_hd__inv_2)
     1    0.006371    0.070241    0.117084    4.163425 ^ _106_/Y (sky130_fd_sc_hd__inv_2)
                                                         _036_ (net)
                      0.070241    0.000183    4.163609 ^ _131_/RESET_B (sky130_fd_sc_hd__dfrtp_1)
                                              4.163609   data arrival time

                                  5.000000    5.000000   clock clk (rise edge)
                                  0.000000    5.000000   clock source latency
     2    0.119625    0.859079    0.602085    5.602085 ^ clk (in)
                                                         clk (net)
                      0.859167    0.000000    5.602085 ^ clkbuf_0_clk/A (sky130_fd_sc_hd__clkbuf_16)
     9    0.133073    0.231231    0.646955    6.249040 ^ clkbuf_0_clk/X (sky130_fd_sc_hd__clkbuf_16)
                                                         clknet_0_clk (net)
                      0.231845    0.010528    6.259568 ^ clkbuf_2_0__f_clk/A (sky130_fd_sc_hd__clkbuf_16)
    19    0.056416    0.115761    0.341453    6.601020 ^ clkbuf_2_0__f_clk/X (sky130_fd_sc_hd__clkbuf_16)
                                                         clknet_2_0__leaf_clk (net)
                      0.115792    0.001837    6.602857 ^ _131_/CLK (sky130_fd_sc_hd__dfrtp_1)
                                 -0.250000    6.352857   clock uncertainty
                                  0.000000    6.352857   clock reconvergence pessimism
                                  0.477740    6.830597   library recovery time
                                              6.830597   data required time
---------------------------------------------------------------------------------------------
                                              6.830597   data required time
                                             -4.163609   data arrival time
---------------------------------------------------------------------------------------------
                                              2.666988   slack (MET)


Startpoint: _142_ (rising edge-triggered flip-flop clocked by clk)
Endpoint: sine_out[5] (output port clocked by clk)
Path Group: clk
Path Type: max

Fanout         Cap        Slew       Delay        Time   Description
---------------------------------------------------------------------------------------------
                                  0.000000    0.000000   clock clk (rise edge)
                                  0.000000    0.000000   clock source latency
     2    0.119625    0.859079    0.602085    0.602085 ^ clk (in)
                                                         clk (net)
                      0.859167    0.000000    0.602085 ^ clkbuf_0_clk/A (sky130_fd_sc_hd__clkbuf_16)
     9    0.133073    0.231231    0.646955    1.249040 ^ clkbuf_0_clk/X (sky130_fd_sc_hd__clkbuf_16)
                                                         clknet_0_clk (net)
                      0.231481    0.007128    1.256168 ^ clkbuf_2_3__f_clk/A (sky130_fd_sc_hd__clkbuf_16)
    15    0.082395    0.151427    0.368822    1.624990 ^ clkbuf_2_3__f_clk/X (sky130_fd_sc_hd__clkbuf_16)
                                                         clknet_2_3__leaf_clk (net)
                      0.151537    0.003766    1.628756 ^ _142_/CLK (sky130_fd_sc_hd__dfrtp_1)
     3    0.030407    0.307907    0.991273    2.620029 v _142_/Q (sky130_fd_sc_hd__dfrtp_1)
                                                         net63 (net)
                      0.307927    0.002710    2.622739 v output63/A (sky130_fd_sc_hd__buf_1)
     1    0.000718    0.033133    0.239548    2.862287 v output63/X (sky130_fd_sc_hd__buf_1)
                                                         sine_out[5] (net)
                      0.033133    0.000008    2.862295 v sine_out[5] (out)
                                              2.862295   data arrival time

                                  5.000000    5.000000   clock clk (rise edge)
                                  0.000000    5.000000   clock network delay (propagated)
                                 -0.250000    4.750000   clock uncertainty
                                  0.000000    4.750000   clock reconvergence pessimism
                                 -2.500000    2.250000   output external delay
                                              2.250000   data required time
---------------------------------------------------------------------------------------------
                                              2.250000   data required time
                                             -2.862295   data arrival time
---------------------------------------------------------------------------------------------
                                             -0.612295   slack (VIOLATED)




===========================================================================
report_checks --slack_max -0.01
============================================================================
======================= nom_ss_100C_1v60 Corner ===================================

Startpoint: _142_ (rising edge-triggered flip-flop clocked by clk)
Endpoint: sine_out[5] (output port clocked by clk)
Path Group: clk
Path Type: max

Fanout         Cap        Slew       Delay        Time   Description
---------------------------------------------------------------------------------------------
                                  0.000000    0.000000   clock clk (rise edge)
                                  0.000000    0.000000   clock source latency
     2    0.119625    0.859079    0.602085    0.602085 ^ clk (in)
                                                         clk (net)
                      0.859167    0.000000    0.602085 ^ clkbuf_0_clk/A (sky130_fd_sc_hd__clkbuf_16)
     9    0.133073    0.231231    0.646955    1.249040 ^ clkbuf_0_clk/X (sky130_fd_sc_hd__clkbuf_16)
                                                         clknet_0_clk (net)
                      0.231481    0.007128    1.256168 ^ clkbuf_2_3__f_clk/A (sky130_fd_sc_hd__clkbuf_16)
    15    0.082395    0.151427    0.368822    1.624990 ^ clkbuf_2_3__f_clk/X (sky130_fd_sc_hd__clkbuf_16)
                                                         clknet_2_3__leaf_clk (net)
                      0.151537    0.003766    1.628756 ^ _142_/CLK (sky130_fd_sc_hd__dfrtp_1)
     3    0.030407    0.307907    0.991273    2.620029 v _142_/Q (sky130_fd_sc_hd__dfrtp_1)
                                                         net63 (net)
                      0.307927    0.002710    2.622739 v output63/A (sky130_fd_sc_hd__buf_1)
     1    0.000718    0.033133    0.239548    2.862287 v output63/X (sky130_fd_sc_hd__buf_1)
                                                         sine_out[5] (net)
                      0.033133    0.000008    2.862295 v sine_out[5] (out)
                                              2.862295   data arrival time

                                  5.000000    5.000000   clock clk (rise edge)
                                  0.000000    5.000000   clock network delay (propagated)
                                 -0.250000    4.750000   clock uncertainty
                                  0.000000    4.750000   clock reconvergence pessimism
                                 -2.500000    2.250000   output external delay
                                              2.250000   data required time
---------------------------------------------------------------------------------------------
                                              2.250000   data required time
                                             -2.862295   data arrival time
---------------------------------------------------------------------------------------------
                                             -0.612295   slack (VIOLATED)




===========================================================================
 report_check_types -max_slew -max_cap -max_fanout -violators
============================================================================
======================= nom_ss_100C_1v60 Corner ===================================

max slew

Pin                                        Limit        Slew       Slack
------------------------------------------------------------------------
mem_i1/addr1[0]                         0.045000    0.883202   -0.838202 (VIOLATED)
mem_i1/addr1[1]                         0.045000    0.857993   -0.812993 (VIOLATED)
mem_i0/addr1[7]                         0.045000    0.797484   -0.752484 (VIOLATED)
mem_i1/addr0[1]                         0.040000    0.738896   -0.698896 (VIOLATED)
mem_i0/addr1[6]                         0.045000    0.711013   -0.666013 (VIOLATED)
mem_i0/addr1[5]                         0.045000    0.687389   -0.642389 (VIOLATED)
mem_i0/addr1[2]                         0.045000    0.563902   -0.518902 (VIOLATED)
mem_i0/addr1[4]                         0.045000    0.481452   -0.436452 (VIOLATED)
mem_i0/addr0[4]                         0.040000    0.451338   -0.411338 (VIOLATED)
mem_i1/addr1[3]                         0.045000    0.445221   -0.400221 (VIOLATED)
mem_i0/addr1[3]                         0.045000    0.424004   -0.379004 (VIOLATED)
ANTENNA__073__A1/DIODE                  0.750000    1.127895   -0.377895 (VIOLATED)
_073_/A1                                0.750000    1.127895   -0.377895 (VIOLATED)
ANTENNA_wire82_X/DIODE                  0.750000    1.124583   -0.374583 (VIOLATED)
wire82/X                                0.750000    1.124581   -0.374581 (VIOLATED)
mem_i1/addr1[2]                         0.045000    0.417624   -0.372624 (VIOLATED)
mem_i0/addr0[3]                         0.040000    0.398677   -0.358677 (VIOLATED)
ANTENNA__074__A1/DIODE                  0.750000    1.105760   -0.355760 (VIOLATED)
_074_/A1                                0.750000    1.105760   -0.355760 (VIOLATED)
ANTENNA_wire81_X/DIODE                  0.750000    1.102549   -0.352549 (VIOLATED)
wire81/X                                0.750000    1.102547   -0.352547 (VIOLATED)
mem_i1/addr1[4]                         0.045000    0.385647   -0.340647 (VIOLATED)
ANTENNA__068__A1/DIODE                  0.750000    1.084994   -0.334994 (VIOLATED)
_068_/A1                                0.750000    1.084994   -0.334994 (VIOLATED)
ANTENNA_wire72_X/DIODE                  0.750000    1.082083   -0.332083 (VIOLATED)
wire72/X                                0.750000    1.082081   -0.332081 (VIOLATED)
mem_i0/addr1[0]                         0.045000    0.359859   -0.314859 (VIOLATED)
mem_i1/addr0[0]                         0.040000    0.351507   -0.311507 (VIOLATED)
mem_i0/addr0[2]                         0.040000    0.347321   -0.307321 (VIOLATED)
ANTENNA__066__A1/DIODE                  0.750000    1.053618   -0.303618 (VIOLATED)
_066_/A1                                0.750000    1.053618   -0.303618 (VIOLATED)
ANTENNA_wire74_X/DIODE                  0.750000    1.050752   -0.300752 (VIOLATED)
wire74/X                                0.750000    1.050750   -0.300751 (VIOLATED)
mem_i0/addr0[0]                         0.040000    0.338594   -0.298594 (VIOLATED)
mem_i0/addr0[6]                         0.040000    0.327653   -0.287653 (VIOLATED)
ANTENNA__072__A1/DIODE                  0.750000    1.037650   -0.287650 (VIOLATED)
_072_/A1                                0.750000    1.037650   -0.287650 (VIOLATED)
ANTENNA__076__A1/DIODE                  0.750000    1.035165   -0.285165 (VIOLATED)
_076_/A1                                0.750000    1.035165   -0.285165 (VIOLATED)
ANTENNA_wire68_X/DIODE                  0.750000    1.034623   -0.284623 (VIOLATED)
wire68/X                                0.750000    1.034621   -0.284621 (VIOLATED)
ANTENNA_wire79_X/DIODE                  0.750000    1.032484   -0.282484 (VIOLATED)
wire79/X                                0.750000    1.032482   -0.282482 (VIOLATED)
mem_i1/addr0[4]                         0.040000    0.315532   -0.275532 (VIOLATED)
mem_i1/addr0[3]                         0.040000    0.315370   -0.275370 (VIOLATED)
mem_i1/addr0[2]                         0.040000    0.313298   -0.273298 (VIOLATED)
mem_i1/addr0[5]                         0.040000    0.313139   -0.273139 (VIOLATED)
mem_i1/addr0[7]                         0.040000    0.313139   -0.273139 (VIOLATED)
mem_i1/addr0[6]                         0.040000    0.312267   -0.272267 (VIOLATED)
mem_i0/addr0[5]                         0.040000    0.309521   -0.269521 (VIOLATED)
mem_i0/addr0[7]                         0.040000    0.307657   -0.267657 (VIOLATED)
ANTENNA__077__A1/DIODE                  0.750000    1.008565   -0.258565 (VIOLATED)
_077_/A1                                0.750000    1.008564   -0.258564 (VIOLATED)
ANTENNA_wire78_X/DIODE                  0.750000    1.005946   -0.255946 (VIOLATED)
wire78/X                                0.750000    1.005944   -0.255944 (VIOLATED)
mem_i0/addr0[1]                         0.040000    0.290910   -0.250910 (VIOLATED)
_075_/A1                                0.750000    0.953231   -0.203231 (VIOLATED)
ANTENNA__075__A1/DIODE                  0.750000    0.953231   -0.203231 (VIOLATED)
ANTENNA_wire80_X/DIODE                  0.750000    0.950886   -0.200886 (VIOLATED)
wire80/X                                0.750000    0.950884   -0.200884 (VIOLATED)
ANTENNA__071__A1/DIODE                  0.750000    0.938836   -0.188836 (VIOLATED)
_071_/A1                                0.750000    0.938836   -0.188836 (VIOLATED)
mem_i1/addr1[6]                         0.045000    0.233064   -0.188064 (VIOLATED)
ANTENNA_wire69_X/DIODE                  0.750000    0.936245   -0.186245 (VIOLATED)
wire69/X                                0.750000    0.936243   -0.186243 (VIOLATED)
ANTENNA__064__A1/DIODE                  0.750000    0.916783   -0.166783 (VIOLATED)
_064_/A1                                0.750000    0.916783   -0.166783 (VIOLATED)
ANTENNA_wire76_X/DIODE                  0.750000    0.914617   -0.164617 (VIOLATED)
wire76/X                                0.750000    0.914616   -0.164616 (VIOLATED)
mem_i1/addr1[5]                         0.045000    0.204583   -0.159583 (VIOLATED)
ANTENNA__078__A1/DIODE                  0.750000    0.905462   -0.155462 (VIOLATED)
_078_/A1                                0.750000    0.905462   -0.155462 (VIOLATED)
mem_i1/addr1[7]                         0.045000    0.198662   -0.153662 (VIOLATED)
ANTENNA_wire77_X/DIODE                  0.750000    0.903121   -0.153121 (VIOLATED)
wire77/X                                0.750000    0.903120   -0.153120 (VIOLATED)
ANTENNA__067__A1/DIODE                  0.750000    0.902281   -0.152281 (VIOLATED)
_067_/A1                                0.750000    0.902281   -0.152281 (VIOLATED)
ANTENNA_wire73_X/DIODE                  0.750000    0.899765   -0.149765 (VIOLATED)
wire73/X                                0.750000    0.899763   -0.149763 (VIOLATED)
ANTENNA__069__A1/DIODE                  0.750000    0.886534   -0.136534 (VIOLATED)
_069_/A1                                0.750000    0.886534   -0.136534 (VIOLATED)
ANTENNA_wire71_X/DIODE                  0.750000    0.883936   -0.133936 (VIOLATED)
wire71/X                                0.750000    0.883935   -0.133935 (VIOLATED)
mem_i0/addr1[1]                         0.045000    0.172989   -0.127989 (VIOLATED)
clkbuf_0_clk/A                          0.750000    0.859167   -0.109167 (VIOLATED)
ANTENNA_clkbuf_0_clk_A/DIODE            0.750000    0.859164   -0.109164 (VIOLATED)
clk                                     0.750000    0.859079   -0.109079 (VIOLATED)
ANTENNA__065__A1/DIODE                  0.750000    0.845615   -0.095615 (VIOLATED)
_065_/A1                                0.750000    0.845615   -0.095615 (VIOLATED)
ANTENNA_wire75_X/DIODE                  0.750000    0.843825   -0.093825 (VIOLATED)
wire75/X                                0.750000    0.843823   -0.093823 (VIOLATED)
ANTENNA__070__A1/DIODE                  0.750000    0.792908   -0.042908 (VIOLATED)
_070_/A1                                0.750000    0.792908   -0.042908 (VIOLATED)
ANTENNA_wire70_X/DIODE                  0.750000    0.790320   -0.040320 (VIOLATED)
wire70/X                                0.750000    0.790318   -0.040318 (VIOLATED)
_063_/A1                                0.750000    0.777331   -0.027331 (VIOLATED)
ANTENNA__063__A1/DIODE                  0.750000    0.777331   -0.027331 (VIOLATED)
ANTENNA_wire83_X/DIODE                  0.750000    0.775696   -0.025696 (VIOLATED)
wire83/X                                0.750000    0.775695   -0.025695 (VIOLATED)

max fanout

Pin                                   Limit Fanout  Slack
---------------------------------------------------------
clkbuf_2_1__f_clk/X                      10     21    -11 (VIOLATED)
fanout84/X                               10     21    -11 (VIOLATED)
clkbuf_2_0__f_clk/X                      10     19     -9 (VIOLATED)
fanout112/X                              10     17     -7 (VIOLATED)
clkbuf_2_3__f_clk/X                      10     15     -5 (VIOLATED)
fanout85/X                               10     15     -5 (VIOLATED)
clkbuf_2_2__f_clk/X                      10     13     -3 (VIOLATED)
fanout111/X                              10     11        (VIOLATED)



===========================================================================
report_parasitic_annotation -report_unannotated
============================================================================
Found 5 unannotated drivers.
 clkload0/X
 clkload1/X
 clkload2/Y
 mem_i0_113/HI
 mem_i1_114/HI
Found 0 partially unannotated drivers.

===========================================================================
max slew violation count 99
max fanout violation count 8
max cap violation count 0
============================================================================

===========================================================================
check_setup -verbose -unconstrained_endpoints -multiple_clock -no_clock -no_input_delay -loops -generated_clocks
===========================================================================
Warning: There are 50 input ports missing set_input_delay.
  addr00[0]
  addr00[1]
  addr00[2]
  addr00[3]
  addr00[4]
  addr00[5]
  addr00[6]
  addr00[7]
  addr01[0]
  addr01[1]
  addr01[2]
  addr01[3]
  addr01[4]
  addr01[5]
  addr01[6]
  addr01[7]
  csb00
  csb01
  din00[0]
  din00[10]
  din00[11]
  din00[12]
  din00[13]
  din00[14]
  din00[15]
  din00[1]
  din00[2]
  din00[3]
  din00[4]
  din00[5]
  din00[6]
  din00[7]
  din00[8]
  din00[9]
  din01[0]
  din01[10]
  din01[11]
  din01[12]
  din01[13]
  din01[14]
  din01[15]
  din01[1]
  din01[2]
  din01[3]
  din01[4]
  din01[5]
  din01[6]
  din01[7]
  din01[8]
  din01[9]
Warning: There are 52 unconstrained endpoints.
  mem_i0/addr0[0]
  mem_i0/addr0[1]
  mem_i0/addr0[2]
  mem_i0/addr0[3]
  mem_i0/addr0[4]
  mem_i0/addr0[5]
  mem_i0/addr0[6]
  mem_i0/addr0[7]
  mem_i0/csb0
  mem_i0/csb1
  mem_i0/din0[0]
  mem_i0/din0[10]
  mem_i0/din0[11]
  mem_i0/din0[12]
  mem_i0/din0[13]
  mem_i0/din0[14]
  mem_i0/din0[15]
  mem_i0/din0[1]
  mem_i0/din0[2]
  mem_i0/din0[3]
  mem_i0/din0[4]
  mem_i0/din0[5]
  mem_i0/din0[6]
  mem_i0/din0[7]
  mem_i0/din0[8]
  mem_i0/din0[9]
  mem_i1/addr0[0]
  mem_i1/addr0[1]
  mem_i1/addr0[2]
  mem_i1/addr0[3]
  mem_i1/addr0[4]
  mem_i1/addr0[5]
  mem_i1/addr0[6]
  mem_i1/addr0[7]
  mem_i1/csb0
  mem_i1/csb1
  mem_i1/din0[0]
  mem_i1/din0[10]
  mem_i1/din0[11]
  mem_i1/din0[12]
  mem_i1/din0[13]
  mem_i1/din0[14]
  mem_i1/din0[15]
  mem_i1/din0[1]
  mem_i1/din0[2]
  mem_i1/din0[3]
  mem_i1/din0[4]
  mem_i1/din0[5]
  mem_i1/din0[6]
  mem_i1/din0[7]
  mem_i1/din0[8]
  mem_i1/din0[9]
