Clock: clk
Sources: clk 
Generated: no
Virtual: yes
Propagated: no
Period: 5.000000

===========================================================================
report_clock_properties
============================================================================
Clock                   Period          Waveform
----------------------------------------------------
clk                   5.000000    0.000000  2.500000

===========================================================================
report_clock_latency
============================================================================
Clock clk
rise -> rise
    min     max
0.000000 0.000000 source latency
1.602102         network latency mem_i0/clk1
        1.653376 network latency _123_/CLK
---------------
1.602102 1.653376 latency
        0.051273 skew

fall -> fall
    min     max
0.000000 0.000000 source latency
1.269643         network latency mem_i0/clk1
        1.309320 network latency _123_/CLK
---------------
1.269643 1.309320 latency
        0.039677 skew



===========================================================================
report_clock_min_period
============================================================================
clk period_min = 3.30 fmax = 303.25
