
===========================================================================
Violator List
============================================================================
[setup reg-out] _142_/Q -> sine_out[5] : -0.612295
[setup reg-out] _122_/Q -> sine_out[10] : -0.560519
[setup reg-out] _141_/Q -> sine_out[4] : -0.551805
[setup reg-out] _140_/Q -> sine_out[3] : -0.549483
[setup reg-out] _124_/Q -> sine_out[12] : -0.549476
[setup reg-out] _144_/Q -> sine_out[7] : -0.542273
[setup reg-out] _123_/Q -> sine_out[11] : -0.520436
[setup reg-out] _137_/Q -> sine_out[0] : -0.518529
[setup reg-out] _138_/Q -> sine_out[1] : -0.518234
[setup reg-out] _120_/Q -> sine_out[8] : -0.515577
[setup reg-out] _143_/Q -> sine_out[6] : -0.514976
[setup reg-out] _139_/Q -> sine_out[2] : -0.512008
[setup reg-out] _121_/Q -> sine_out[9] : -0.493893
[setup reg-out] _126_/Q -> sine_out[14] : -0.482842
[setup reg-out] _125_/Q -> sine_out[13] : -0.455968
[setup reg-out] _127_/Q -> sine_out[15] : -0.433975
[setup reg-reg] mem_i1/dout1[11] -> _123_/D : -0.045235
[setup reg-reg] mem_i1/dout1[10] -> _122_/D : -0.041831
[setup reg-reg] mem_i1/dout1[5] -> _142_/D : -0.037775
[setup reg-reg] mem_i1/dout1[9] -> _121_/D : -0.005520
