Clock: clk
Sources: clk 
Generated: no
Virtual: yes
Propagated: no
Period: 5.200000

===========================================================================
report_clock_properties
============================================================================
Clock                   Period          Waveform
----------------------------------------------------
clk                   5.200000    0.000000  2.600000

===========================================================================
report_clock_latency
============================================================================
Clock clk
rise -> rise
    min     max
0.000000 0.000000 source latency
1.308256         network latency mem_i0/clk1
        1.362655 network latency mem_i1/clk1
---------------
1.308256 1.362655 latency
        0.054399 skew

fall -> fall
    min     max
0.000000 0.000000 source latency
1.073652         network latency mem_i0/clk1
        1.116365 network latency mem_i1/clk1
---------------
1.073652 1.116365 latency
        0.042714 skew



===========================================================================
report_clock_min_period
============================================================================
clk period_min = 3.37 fmax = 296.79
