Clock: clk
Sources: clk 
Generated: no
Virtual: yes
Propagated: no
Period: 5.000000

===========================================================================
report_clock_properties
============================================================================
Clock                   Period          Waveform
----------------------------------------------------
clk                   5.000000    0.000000  2.500000

===========================================================================
report_clock_latency
============================================================================
Clock clk
rise -> rise
    min     max
0.000000 0.000000 source latency
1.211719         network latency mem_i0/clk1
        1.255912 network latency mem_i1/clk1
---------------
1.211719 1.255912 latency
        0.044194 skew

fall -> fall
    min     max
0.000000 0.000000 source latency
1.006192         network latency mem_i0/clk1
        1.040255 network latency mem_i1/clk1
---------------
1.006192 1.040255 latency
        0.034063 skew



===========================================================================
report_clock_min_period
============================================================================
clk period_min = 3.37 fmax = 296.88
