Clock: clk
Sources: clk 
Generated: no
Virtual: yes
Propagated: no
Period: 5.000000

===========================================================================
report_clock_properties
============================================================================
Clock                   Period          Waveform
----------------------------------------------------
clk                   5.000000    0.000000  2.500000

===========================================================================
report_clock_latency
============================================================================
Clock clk
rise -> rise
    min     max
0.000000 0.000000 source latency
0.483507         network latency _083_/CLK
        0.505377 network latency _090_/CLK
---------------
0.483507 0.505377 latency
        0.021870 skew

fall -> fall
    min     max
0.000000 0.000000 source latency
0.383497         network latency _083_/CLK
        0.409963 network latency _090_/CLK
---------------
0.383497 0.409963 latency
        0.026466 skew



===========================================================================
report_clock_min_period
============================================================================
clk period_min = 1.43 fmax = 699.37
