Reading timing models for corner nom_tt_025C_1v80…
Reading timing library for the 'nom_tt_025C_1v80' corner at '/home/lroot/.volare/volare/sky130/versions/0fe599b2afb6708d281543108caf8310912f54af/sky130A/libs.ref/sky130_fd_sc_hd/lib/sky130_fd_sc_hd__tt_025C_1v80.lib'…
Reading timing library for the 'nom_tt_025C_1v80' corner at '/home/lroot/NCO2ram/ram_256x16/ram_256x16_TT_1p8V_25C.lib'…
Reading timing models for corner nom_ff_n40C_1v95…
Reading timing library for the 'nom_ff_n40C_1v95' corner at '/home/lroot/.volare/volare/sky130/versions/0fe599b2afb6708d281543108caf8310912f54af/sky130A/libs.ref/sky130_fd_sc_hd/lib/sky130_fd_sc_hd__ff_n40C_1v95.lib'…
Reading timing library for the 'nom_ff_n40C_1v95' corner at '/home/lroot/NCO2ram/ram_256x16/ram_256x16_TT_1p8V_25C.lib'…
[WARNING STA-1140] /home/lroot/NCO2ram/ram_256x16/ram_256x16_TT_1p8V_25C.lib line 1, library ram_256x16_TT_1p8V_25C_lib already exists.
Reading timing models for corner nom_ss_100C_1v60…
Reading timing library for the 'nom_ss_100C_1v60' corner at '/home/lroot/.volare/volare/sky130/versions/0fe599b2afb6708d281543108caf8310912f54af/sky130A/libs.ref/sky130_fd_sc_hd/lib/sky130_fd_sc_hd__ss_100C_1v60.lib'…
Reading timing library for the 'nom_ss_100C_1v60' corner at '/home/lroot/NCO2ram/ram_256x16/ram_256x16_TT_1p8V_25C.lib'…
[WARNING STA-1140] /home/lroot/NCO2ram/ram_256x16/ram_256x16_TT_1p8V_25C.lib line 1, library ram_256x16_TT_1p8V_25C_lib already exists.
Reading OpenROAD database at '/home/lroot/NCO2ram/runs/RUN_2025-03-04_15-37-33/27-openroad-globalplacement/counter.odb'…
Reading design constraints file at '/home/lroot/NCO2ram/counter.sdc'…
[WARNING STA-0366] port 'addr0[0]' not found.
[WARNING STA-0366] port 'addr0[1]' not found.
[WARNING STA-0366] port 'addr0[2]' not found.
[WARNING STA-0366] port 'addr0[3]' not found.
[WARNING STA-0366] port 'addr0[4]' not found.
[WARNING STA-0366] port 'addr0[5]' not found.
[WARNING STA-0366] port 'addr0[6]' not found.
[WARNING STA-0366] port 'addr0[7]' not found.
[WARNING STA-0366] port 'csb0' not found.
[WARNING STA-0366] port 'din0[0]' not found.
[WARNING STA-0366] port 'din0[10]' not found.
[WARNING STA-0366] port 'din0[11]' not found.
[WARNING STA-0366] port 'din0[12]' not found.
[WARNING STA-0366] port 'din0[13]' not found.
[WARNING STA-0366] port 'din0[14]' not found.
[WARNING STA-0366] port 'din0[15]' not found.
[WARNING STA-0366] port 'din0[1]' not found.
[WARNING STA-0366] port 'din0[2]' not found.
[WARNING STA-0366] port 'din0[3]' not found.
[WARNING STA-0366] port 'din0[4]' not found.
[WARNING STA-0366] port 'din0[5]' not found.
[WARNING STA-0366] port 'din0[6]' not found.
[WARNING STA-0366] port 'din0[7]' not found.
[WARNING STA-0366] port 'din0[8]' not found.
[WARNING STA-0366] port 'din0[9]' not found.
[WARNING STA-0366] port 'csb0' not found.
[WARNING STA-0366] port 'addr0[7]' not found.
[WARNING STA-0366] port 'addr0[6]' not found.
[WARNING STA-0366] port 'addr0[5]' not found.
[WARNING STA-0366] port 'addr0[4]' not found.
[WARNING STA-0366] port 'addr0[3]' not found.
[WARNING STA-0366] port 'addr0[2]' not found.
[WARNING STA-0366] port 'addr0[1]' not found.
[WARNING STA-0366] port 'addr0[0]' not found.
[WARNING STA-0366] port 'din0[15]' not found.
[WARNING STA-0366] port 'din0[14]' not found.
[WARNING STA-0366] port 'din0[13]' not found.
[WARNING STA-0366] port 'din0[12]' not found.
[WARNING STA-0366] port 'din0[11]' not found.
[WARNING STA-0366] port 'din0[10]' not found.
[WARNING STA-0366] port 'din0[9]' not found.
[WARNING STA-0366] port 'din0[8]' not found.
[WARNING STA-0366] port 'din0[7]' not found.
[WARNING STA-0366] port 'din0[6]' not found.
[WARNING STA-0366] port 'din0[5]' not found.
[WARNING STA-0366] port 'din0[4]' not found.
[WARNING STA-0366] port 'din0[3]' not found.
[WARNING STA-0366] port 'din0[2]' not found.
[WARNING STA-0366] port 'din0[1]' not found.
[WARNING STA-0366] port 'din0[0]' not found.
[INFO] Setting RC values…
[INFO RSZ-0027] Inserted 51 input buffers.
[INFO RSZ-0028] Inserted 16 output buffers.
[INFO RSZ-0058] Using max wire length 6335um.
Iteration | Resized | Buffers | Nets repaired | Remaining
---------------------------------------------------------
        0 |       0 |       0 |             0 |       239
       10 |       8 |       0 |             0 |       229
       20 |      15 |       0 |             0 |       219
       30 |      15 |       0 |             0 |       209
       40 |      15 |       0 |             0 |       199
       50 |      15 |       0 |             0 |       189
       60 |      15 |       9 |             9 |       179
       70 |      15 |      16 |            16 |       169
       80 |      15 |      16 |            16 |       159
       90 |      22 |      16 |            16 |       149
      100 |      42 |      44 |            25 |       139
      110 |      50 |      44 |            25 |       129
      120 |      50 |      44 |            25 |       119
      130 |      50 |      44 |            25 |       109
      140 |      55 |      47 |            31 |        99
      150 |      65 |      47 |            31 |        89
      160 |      70 |      47 |            32 |        79
      170 |      70 |      47 |            33 |        69
      180 |      70 |      47 |            38 |        59
      190 |      71 |      47 |            42 |        49
      200 |      71 |      47 |            42 |        39
      210 |      71 |      47 |            42 |        29
      220 |      71 |      47 |            42 |        19
      230 |      71 |      47 |            42 |         9
    final |      71 |      47 |            42 |         0
---------------------------------------------------------
[INFO RSZ-0034] Found 24 slew violations.
[INFO RSZ-0035] Found 2 fanout violations.
[INFO RSZ-0036] Found 16 capacitance violations.
[INFO RSZ-0038] Inserted 47 buffers in 42 nets.
[INFO RSZ-0039] Resized 71 instances.
[INFO RSZ-0042] Inserted 2 tie sky130_fd_sc_hd__conb_1 instances.
Placement Analysis
---------------------------------
total displacement       2764.8 u
average displacement        1.5 u
max displacement          104.8 u
original HPWL           21136.5 u
legalized HPWL          22025.6 u
delta HPWL                    4 %

[INFO DPL-0020] Mirrored 86 instances
[INFO DPL-0021] HPWL before           22025.6 u
[INFO DPL-0022] HPWL after            21828.7 u
[INFO DPL-0023] HPWL delta               -0.9 %
[INFO] Setting RC values…
Setting global connections for newly added cells…
[INFO] Setting global connections...
mem_i.* matched with mem_i1_116
mem_i.* matched with mem_i0
mem_i.* matched with mem_i1
mem_i.* matched with mem_i0_115
Updating metrics…
Cell type report:                       Count       Area
  Macro                                     2  247030.69
  Fill cell                               888    3333.20
  Tap cell                                772     965.93
  Timing Repair Buffer                    114     539.27
  Inverter                                 26      97.59
  Sequential cell                          25     625.60
  Multi-Input combinational cell           35     304.04
  Total                                  1862  252896.31
Writing OpenROAD database to '/home/lroot/NCO2ram/runs/RUN_2025-03-04_15-37-33/31-openroad-repairdesignpostgpl/counter.odb'…
Writing netlist to '/home/lroot/NCO2ram/runs/RUN_2025-03-04_15-37-33/31-openroad-repairdesignpostgpl/counter.nl.v'…
Writing powered netlist to '/home/lroot/NCO2ram/runs/RUN_2025-03-04_15-37-33/31-openroad-repairdesignpostgpl/counter.pnl.v'…
Writing layout to '/home/lroot/NCO2ram/runs/RUN_2025-03-04_15-37-33/31-openroad-repairdesignpostgpl/counter.def'…
Writing timing constraints to '/home/lroot/NCO2ram/runs/RUN_2025-03-04_15-37-33/31-openroad-repairdesignpostgpl/counter.sdc'…
