
===========================================================================
report_checks -unconstrained
===========================================================================
======================= max_tt_025C_1v80 Corner ===================================

Startpoint: rst (input port clocked by clk)
Endpoint: _134_ (recovery check against rising-edge clock clk)
Path Group: asynchronous
Path Type: max

Fanout         Cap        Slew       Delay        Time   Description
---------------------------------------------------------------------------------------------
                                  0.000000    0.000000   clock clk (rise edge)
                                  0.000000    0.000000   clock network delay (propagated)
                                  2.500000    2.500000 v input external delay
     2    0.003794    0.010923    0.006151    2.506151 v rst (in)
                                                         rst (net)
                      0.010925    0.000000    2.506151 v input51/A (sky130_fd_sc_hd__buf_1)
     3    0.016947    0.103264    0.134216    2.640367 v input51/X (sky130_fd_sc_hd__buf_1)
                                                         net51 (net)
                      0.103348    0.001902    2.642268 v fanout133/A (sky130_fd_sc_hd__clkbuf_4)
    15    0.060970    0.125473    0.242648    2.884917 v fanout133/X (sky130_fd_sc_hd__clkbuf_4)
                                                         net133 (net)
                      0.125549    0.002631    2.887548 v fanout132/A (sky130_fd_sc_hd__buf_4)
    21    0.076779    0.103644    0.241076    3.128624 v fanout132/X (sky130_fd_sc_hd__buf_4)
                                                         net132 (net)
                      0.105656    0.011472    3.140096 v fanout131/A (sky130_fd_sc_hd__buf_4)
    10    0.058455    0.083612    0.217845    3.357941 v fanout131/X (sky130_fd_sc_hd__buf_4)
                                                         net131 (net)
                      0.083664    0.001750    3.359691 v _109_/A (sky130_fd_sc_hd__inv_2)
     1    0.005248    0.038604    0.063595    3.423286 ^ _109_/Y (sky130_fd_sc_hd__inv_2)
                                                         _039_ (net)
                      0.038604    0.000290    3.423576 ^ _134_/RESET_B (sky130_fd_sc_hd__dfrtp_1)
                                              3.423576   data arrival time

                                  5.000000    5.000000   clock clk (rise edge)
                                  0.000000    5.000000   clock source latency
     2    0.076181    0.345291    0.255583    5.255583 ^ clk (in)
                                                         clk (net)
                      0.349913    0.000000    5.255583 ^ clkbuf_0_clk/A (sky130_fd_sc_hd__clkbuf_16)
     9    0.075264    0.097776    0.249607    5.505190 ^ clkbuf_0_clk/X (sky130_fd_sc_hd__clkbuf_16)
                                                         clknet_0_clk (net)
                      0.102405    0.016457    5.521647 ^ clkbuf_2_2_0_clk/A (sky130_fd_sc_hd__clkbuf_8)
    17    0.060349    0.114874    0.198868    5.720515 ^ clkbuf_2_2_0_clk/X (sky130_fd_sc_hd__clkbuf_8)
                                                         clknet_2_2_0_clk (net)
                      0.115625    0.007486    5.728001 ^ _134_/CLK (sky130_fd_sc_hd__dfrtp_1)
                                 -0.250000    5.478001   clock uncertainty
                                  0.000000    5.478001   clock reconvergence pessimism
                                  0.253622    5.731623   library recovery time
                                              5.731623   data required time
---------------------------------------------------------------------------------------------
                                              5.731623   data required time
                                             -3.423576   data arrival time
---------------------------------------------------------------------------------------------
                                              2.308048   slack (MET)


Startpoint: _125_ (rising edge-triggered flip-flop clocked by clk)
Endpoint: sine_out[13] (output port clocked by clk)
Path Group: clk
Path Type: max

Fanout         Cap        Slew       Delay        Time   Description
---------------------------------------------------------------------------------------------
                                  0.000000    0.000000   clock clk (rise edge)
                                  0.000000    0.000000   clock source latency
     2    0.076181    0.345291    0.255583    0.255583 ^ clk (in)
                                                         clk (net)
                      0.349913    0.000000    0.255583 ^ clkbuf_0_clk/A (sky130_fd_sc_hd__clkbuf_16)
     9    0.075264    0.097776    0.249607    0.505190 ^ clkbuf_0_clk/X (sky130_fd_sc_hd__clkbuf_16)
                                                         clknet_0_clk (net)
                      0.102500    0.016630    0.521820 ^ clkbuf_2_3_0_clk/A (sky130_fd_sc_hd__clkbuf_8)
    21    0.169117    0.292393    0.281377    0.803197 ^ clkbuf_2_3_0_clk/X (sky130_fd_sc_hd__clkbuf_8)
                                                         clknet_2_3_0_clk (net)
                      0.301598    0.041324    0.844521 ^ _125_/CLK (sky130_fd_sc_hd__dfrtp_1)
     3    0.021200    0.121095    0.515798    1.360319 v _125_/Q (sky130_fd_sc_hd__dfrtp_1)
                                                         net56 (net)
                      0.121170    0.002771    1.363090 v output56/A (sky130_fd_sc_hd__buf_1)
     1    0.001014    0.018589    0.110663    1.473752 v output56/X (sky130_fd_sc_hd__buf_1)
                                                         sine_out[13] (net)
                      0.018589    0.000027    1.473779 v sine_out[13] (out)
                                              1.473779   data arrival time

                                  5.000000    5.000000   clock clk (rise edge)
                                  0.000000    5.000000   clock network delay (propagated)
                                 -0.250000    4.750000   clock uncertainty
                                  0.000000    4.750000   clock reconvergence pessimism
                                 -2.500000    2.250000   output external delay
                                              2.250000   data required time
---------------------------------------------------------------------------------------------
                                              2.250000   data required time
                                             -1.473779   data arrival time
---------------------------------------------------------------------------------------------
                                              0.776221   slack (MET)




===========================================================================
report_checks --slack_max -0.01
============================================================================
======================= max_tt_025C_1v80 Corner ===================================

No paths found.


===========================================================================
 report_check_types -max_slew -max_cap -max_fanout -violators
============================================================================
======================= max_tt_025C_1v80 Corner ===================================

max slew

Pin                                        Limit        Slew       Slack
------------------------------------------------------------------------
mem_i0/addr0[5]                         0.040000    0.412303   -0.372303 (VIOLATED)
mem_i0/addr0[6]                         0.040000    0.398034   -0.358034 (VIOLATED)
mem_i0/addr0[4]                         0.040000    0.383264   -0.343264 (VIOLATED)
mem_i0/addr0[7]                         0.040000    0.377233   -0.337233 (VIOLATED)
mem_i0/addr0[2]                         0.040000    0.372109   -0.332109 (VIOLATED)
mem_i0/addr1[5]                         0.045000    0.349552   -0.304552 (VIOLATED)
mem_i0/addr0[3]                         0.040000    0.332501   -0.292501 (VIOLATED)
mem_i1/addr0[6]                         0.040000    0.315401   -0.275401 (VIOLATED)
mem_i0/addr0[1]                         0.040000    0.315112   -0.275112 (VIOLATED)
mem_i1/addr0[7]                         0.040000    0.314414   -0.274414 (VIOLATED)
mem_i0/addr1[6]                         0.045000    0.318806   -0.273805 (VIOLATED)
mem_i0/addr1[7]                         0.045000    0.312427   -0.267427 (VIOLATED)
mem_i1/addr0[2]                         0.040000    0.307321   -0.267321 (VIOLATED)
mem_i1/addr0[4]                         0.040000    0.297264   -0.257264 (VIOLATED)
mem_i1/addr0[3]                         0.040000    0.274420   -0.234420 (VIOLATED)
mem_i1/addr0[5]                         0.040000    0.254675   -0.214675 (VIOLATED)
mem_i0/addr0[0]                         0.040000    0.211813   -0.171813 (VIOLATED)
mem_i0/addr1[2]                         0.045000    0.215457   -0.170457 (VIOLATED)
mem_i0/addr1[3]                         0.045000    0.209284   -0.164284 (VIOLATED)
mem_i0/addr1[0]                         0.045000    0.203034   -0.158034 (VIOLATED)
mem_i1/addr0[1]                         0.040000    0.191080   -0.151080 (VIOLATED)
mem_i1/addr0[0]                         0.040000    0.190968   -0.150968 (VIOLATED)
mem_i0/addr1[4]                         0.045000    0.195783   -0.150783 (VIOLATED)
mem_i0/addr1[1]                         0.045000    0.185514   -0.140514 (VIOLATED)
mem_i1/addr1[1]                         0.045000    0.083139   -0.038139 (VIOLATED)
mem_i1/addr1[0]                         0.045000    0.083124   -0.038124 (VIOLATED)
mem_i1/addr1[7]                         0.045000    0.081404   -0.036404 (VIOLATED)
mem_i1/addr1[5]                         0.045000    0.080277   -0.035277 (VIOLATED)
mem_i1/addr1[6]                         0.045000    0.077247   -0.032247 (VIOLATED)
mem_i1/addr1[2]                         0.045000    0.069136   -0.024136 (VIOLATED)
mem_i1/addr1[3]                         0.045000    0.064478   -0.019478 (VIOLATED)
mem_i1/addr1[4]                         0.045000    0.062751   -0.017751 (VIOLATED)

max fanout

Pin                                   Limit Fanout  Slack
---------------------------------------------------------
clkbuf_2_3_0_clk/X                       10     21    -11 (VIOLATED)
fanout132/X                              10     21    -11 (VIOLATED)
clkbuf_2_1_0_clk/X                       10     17     -7 (VIOLATED)
clkbuf_2_2_0_clk/X                       10     17     -7 (VIOLATED)
fanout101/X                              10     15     -5 (VIOLATED)
fanout133/X                              10     15     -5 (VIOLATED)
clkbuf_2_0_0_clk/X                       10     13     -3 (VIOLATED)

max capacitance

Pin                                        Limit         Cap       Slack
------------------------------------------------------------------------
mem_i0/dout1[0]                         0.027560    0.032878   -0.005318 (VIOLATED)
mem_i0/dout1[1]                         0.027560    0.032609   -0.005049 (VIOLATED)
mem_i1/dout1[15]                        0.027560    0.032522   -0.004962 (VIOLATED)
mem_i1/dout1[13]                        0.027560    0.031952   -0.004392 (VIOLATED)
mem_i0/dout1[4]                         0.027560    0.031481   -0.003921 (VIOLATED)
mem_i0/dout1[2]                         0.027560    0.031293   -0.003733 (VIOLATED)
mem_i1/dout1[11]                        0.027560    0.031073   -0.003513 (VIOLATED)
mem_i0/dout1[3]                         0.027560    0.030761   -0.003201 (VIOLATED)
mem_i1/dout1[9]                         0.027560    0.030170   -0.002610 (VIOLATED)
mem_i1/dout1[14]                        0.027560    0.029890   -0.002330 (VIOLATED)
mem_i1/dout1[10]                        0.027560    0.029629   -0.002069 (VIOLATED)
mem_i1/dout1[7]                         0.027560    0.028823   -0.001263 (VIOLATED)
mem_i0/dout1[6]                         0.027560    0.028557   -0.000997 (VIOLATED)
mem_i0/dout1[7]                         0.027560    0.028291   -0.000731 (VIOLATED)
mem_i1/dout1[8]                         0.027560    0.027974   -0.000414 (VIOLATED)



===========================================================================
report_parasitic_annotation -report_unannotated
============================================================================
Found 5 unannotated drivers.
 clkload0/Y
 clkload1/Y
 clkload2/Y
 mem_i0_134/HI
 mem_i1_135/HI
Found 0 partially unannotated drivers.

===========================================================================
max slew violation count 32
max fanout violation count 7
max cap violation count 15
============================================================================

===========================================================================
check_setup -verbose -unconstrained_endpoints -multiple_clock -no_clock -no_input_delay -loops -generated_clocks
===========================================================================
Warning: There are 50 input ports missing set_input_delay.
  addr00[0]
  addr00[1]
  addr00[2]
  addr00[3]
  addr00[4]
  addr00[5]
  addr00[6]
  addr00[7]
  addr01[0]
  addr01[1]
  addr01[2]
  addr01[3]
  addr01[4]
  addr01[5]
  addr01[6]
  addr01[7]
  csb00
  csb01
  din00[0]
  din00[10]
  din00[11]
  din00[12]
  din00[13]
  din00[14]
  din00[15]
  din00[1]
  din00[2]
  din00[3]
  din00[4]
  din00[5]
  din00[6]
  din00[7]
  din00[8]
  din00[9]
  din01[0]
  din01[10]
  din01[11]
  din01[12]
  din01[13]
  din01[14]
  din01[15]
  din01[1]
  din01[2]
  din01[3]
  din01[4]
  din01[5]
  din01[6]
  din01[7]
  din01[8]
  din01[9]
Warning: There are 52 unconstrained endpoints.
  mem_i0/addr0[0]
  mem_i0/addr0[1]
  mem_i0/addr0[2]
  mem_i0/addr0[3]
  mem_i0/addr0[4]
  mem_i0/addr0[5]
  mem_i0/addr0[6]
  mem_i0/addr0[7]
  mem_i0/csb0
  mem_i0/csb1
  mem_i0/din0[0]
  mem_i0/din0[10]
  mem_i0/din0[11]
  mem_i0/din0[12]
  mem_i0/din0[13]
  mem_i0/din0[14]
  mem_i0/din0[15]
  mem_i0/din0[1]
  mem_i0/din0[2]
  mem_i0/din0[3]
  mem_i0/din0[4]
  mem_i0/din0[5]
  mem_i0/din0[6]
  mem_i0/din0[7]
  mem_i0/din0[8]
  mem_i0/din0[9]
  mem_i1/addr0[0]
  mem_i1/addr0[1]
  mem_i1/addr0[2]
  mem_i1/addr0[3]
  mem_i1/addr0[4]
  mem_i1/addr0[5]
  mem_i1/addr0[6]
  mem_i1/addr0[7]
  mem_i1/csb0
  mem_i1/csb1
  mem_i1/din0[0]
  mem_i1/din0[10]
  mem_i1/din0[11]
  mem_i1/din0[12]
  mem_i1/din0[13]
  mem_i1/din0[14]
  mem_i1/din0[15]
  mem_i1/din0[1]
  mem_i1/din0[2]
  mem_i1/din0[3]
  mem_i1/din0[4]
  mem_i1/din0[5]
  mem_i1/din0[6]
  mem_i1/din0[7]
  mem_i1/din0[8]
  mem_i1/din0[9]
