Clock: clk
Sources: clk 
Generated: no
Virtual: yes
Propagated: no
Period: 5.000000

===========================================================================
report_clock_properties
============================================================================
Clock                   Period          Waveform
----------------------------------------------------
clk                   5.000000    0.000000  2.500000

===========================================================================
report_clock_latency
============================================================================
Clock clk
rise -> rise
    min     max
0.000000 0.000000 source latency
0.728001         network latency _134_/CLK
        0.879515 network latency mem_i1/clk1
---------------
0.728001 0.879515 latency
        0.151514 skew

fall -> fall
    min     max
0.000000 0.000000 source latency
0.576788         network latency _134_/CLK
        0.683098 network latency mem_i1/clk1
---------------
0.576788 0.683098 latency
        0.106310 skew



===========================================================================
report_clock_min_period
============================================================================
clk period_min = 2.27 fmax = 440.29
