
===========================================================================
report_checks -unconstrained
===========================================================================
======================= nom_tt_025C_1v80 Corner ===================================

Startpoint: rst (input port clocked by clk)
Endpoint: _130_ (recovery check against rising-edge clock clk)
Path Group: asynchronous
Path Type: max

Fanout         Cap        Slew       Delay        Time   Description
---------------------------------------------------------------------------------------------
                                  0.000000    0.000000   clock clk (rise edge)
                                  0.000000    0.000000   clock network delay (propagated)
                                  2.500000    2.500000 v input external delay
     2    0.004721    0.013026    0.007665    2.507665 v rst (in)
                                                         rst (net)
                      0.013027    0.000000    2.507665 v input51/A (sky130_fd_sc_hd__buf_1)
     3    0.013432    0.083509    0.120814    2.628479 v input51/X (sky130_fd_sc_hd__buf_1)
                                                         net51 (net)
                      0.083517    0.000856    2.629335 v fanout112/A (sky130_fd_sc_hd__buf_4)
    17    0.074317    0.102110    0.215640    2.844975 v fanout112/X (sky130_fd_sc_hd__buf_4)
                                                         net112 (net)
                      0.102129    0.000891    2.845866 v fanout111/A (sky130_fd_sc_hd__buf_2)
    11    0.037283    0.093142    0.210397    3.056263 v fanout111/X (sky130_fd_sc_hd__buf_2)
                                                         net111 (net)
                      0.093142    0.000470    3.056732 v fanout109/A (sky130_fd_sc_hd__buf_4)
    10    0.053589    0.079006    0.209810    3.266542 v fanout109/X (sky130_fd_sc_hd__buf_4)
                                                         net109 (net)
                      0.079080    0.002196    3.268738 v _105_/A (sky130_fd_sc_hd__inv_2)
     1    0.005910    0.040020    0.064117    3.332855 ^ _105_/Y (sky130_fd_sc_hd__inv_2)
                                                         _035_ (net)
                      0.040021    0.000214    3.333069 ^ _130_/RESET_B (sky130_fd_sc_hd__dfrtp_1)
                                              3.333069   data arrival time

                                  5.000000    5.000000   clock clk (rise edge)
                                  0.000000    5.000000   clock source latency
     2    0.058851    0.268699    0.187103    5.187103 ^ clk (in)
                                                         clk (net)
                      0.268755    0.000000    5.187103 ^ clkbuf_0_clk/A (sky130_fd_sc_hd__clkbuf_16)
     9    0.099020    0.117321    0.254578    5.441681 ^ clkbuf_0_clk/X (sky130_fd_sc_hd__clkbuf_16)
                                                         clknet_0_clk (net)
                      0.118261    0.008445    5.450126 ^ clkbuf_2_0__f_clk/A (sky130_fd_sc_hd__clkbuf_16)
    19    0.051570    0.070403    0.176626    5.626752 ^ clkbuf_2_0__f_clk/X (sky130_fd_sc_hd__clkbuf_16)
                                                         clknet_2_0__leaf_clk (net)
                      0.070519    0.002462    5.629215 ^ _130_/CLK (sky130_fd_sc_hd__dfrtp_1)
                                 -0.250000    5.379215   clock uncertainty
                                  0.000000    5.379215   clock reconvergence pessimism
                                  0.239440    5.618654   library recovery time
                                              5.618654   data required time
---------------------------------------------------------------------------------------------
                                              5.618654   data required time
                                             -3.333069   data arrival time
---------------------------------------------------------------------------------------------
                                              2.285585   slack (MET)


Startpoint: _139_ (rising edge-triggered flip-flop clocked by clk)
Endpoint: sine_out[2] (output port clocked by clk)
Path Group: clk
Path Type: max

Fanout         Cap        Slew       Delay        Time   Description
---------------------------------------------------------------------------------------------
                                  0.000000    0.000000   clock clk (rise edge)
                                  0.000000    0.000000   clock source latency
     2    0.058851    0.268699    0.187103    0.187103 ^ clk (in)
                                                         clk (net)
                      0.268755    0.000000    0.187103 ^ clkbuf_0_clk/A (sky130_fd_sc_hd__clkbuf_16)
     9    0.099020    0.117321    0.254578    0.441681 ^ clkbuf_0_clk/X (sky130_fd_sc_hd__clkbuf_16)
                                                         clknet_0_clk (net)
                      0.118765    0.010393    0.452074 ^ clkbuf_2_2__f_clk/A (sky130_fd_sc_hd__clkbuf_16)
    13    0.072945    0.090575    0.190858    0.642932 ^ clkbuf_2_2__f_clk/X (sky130_fd_sc_hd__clkbuf_16)
                                                         clknet_2_2__leaf_clk (net)
                      0.091141    0.005673    0.648606 ^ _139_/CLK (sky130_fd_sc_hd__dfrtp_1)
     3    0.016418    0.098823    0.434238    1.082844 v _139_/Q (sky130_fd_sc_hd__dfrtp_1)
                                                         net60 (net)
                      0.098842    0.001363    1.084207 v output60/A (sky130_fd_sc_hd__buf_1)
     1    0.001512    0.020724    0.103966    1.188172 v output60/X (sky130_fd_sc_hd__buf_1)
                                                         sine_out[2] (net)
                      0.020724    0.000026    1.188199 v sine_out[2] (out)
                                              1.188199   data arrival time

                                  5.000000    5.000000   clock clk (rise edge)
                                  0.000000    5.000000   clock network delay (propagated)
                                 -0.250000    4.750000   clock uncertainty
                                  0.000000    4.750000   clock reconvergence pessimism
                                 -2.500000    2.250000   output external delay
                                              2.250000   data required time
---------------------------------------------------------------------------------------------
                                              2.250000   data required time
                                             -1.188199   data arrival time
---------------------------------------------------------------------------------------------
                                              1.061801   slack (MET)




===========================================================================
report_checks --slack_max -0.01
============================================================================
======================= nom_tt_025C_1v80 Corner ===================================

No paths found.


===========================================================================
 report_check_types -max_slew -max_cap -max_fanout -violators
============================================================================
======================= nom_tt_025C_1v80 Corner ===================================

max slew

Pin                                        Limit        Slew       Slack
------------------------------------------------------------------------
mem_i0/addr1[7]                         0.045000    0.336590   -0.291589 (VIOLATED)
mem_i0/addr1[6]                         0.045000    0.317880   -0.272880 (VIOLATED)
mem_i1/addr1[0]                         0.045000    0.315578   -0.270578 (VIOLATED)
mem_i1/addr1[1]                         0.045000    0.308437   -0.263437 (VIOLATED)
mem_i1/addr0[1]                         0.040000    0.293562   -0.253562 (VIOLATED)
mem_i0/addr1[5]                         0.045000    0.288819   -0.243819 (VIOLATED)
mem_i0/addr1[2]                         0.045000    0.228745   -0.183745 (VIOLATED)
mem_i0/addr1[4]                         0.045000    0.220157   -0.175157 (VIOLATED)
mem_i0/addr1[3]                         0.045000    0.212931   -0.167931 (VIOLATED)
mem_i0/addr0[3]                         0.040000    0.194862   -0.154862 (VIOLATED)
mem_i0/addr0[4]                         0.040000    0.194139   -0.154139 (VIOLATED)
mem_i0/addr0[7]                         0.040000    0.193538   -0.153538 (VIOLATED)
mem_i1/addr1[4]                         0.045000    0.196983   -0.151983 (VIOLATED)
mem_i0/addr0[6]                         0.040000    0.190889   -0.150889 (VIOLATED)
mem_i0/addr1[0]                         0.045000    0.194795   -0.149795 (VIOLATED)
mem_i0/addr0[2]                         0.040000    0.186131   -0.146131 (VIOLATED)
mem_i0/addr0[5]                         0.040000    0.181462   -0.141462 (VIOLATED)
mem_i1/addr0[4]                         0.040000    0.181313   -0.141313 (VIOLATED)
mem_i1/addr1[2]                         0.045000    0.185919   -0.140919 (VIOLATED)
mem_i1/addr0[2]                         0.040000    0.180248   -0.140248 (VIOLATED)
mem_i1/addr0[5]                         0.040000    0.179876   -0.139876 (VIOLATED)
mem_i1/addr0[6]                         0.040000    0.179274   -0.139274 (VIOLATED)
mem_i1/addr0[7]                         0.040000    0.178681   -0.138681 (VIOLATED)
mem_i1/addr0[3]                         0.040000    0.177795   -0.137795 (VIOLATED)
mem_i1/addr1[3]                         0.045000    0.180816   -0.135816 (VIOLATED)
mem_i1/addr0[0]                         0.040000    0.171735   -0.131735 (VIOLATED)
mem_i0/addr0[0]                         0.040000    0.167331   -0.127331 (VIOLATED)
mem_i0/addr0[1]                         0.040000    0.166517   -0.126517 (VIOLATED)
mem_i1/addr1[6]                         0.045000    0.107009   -0.062009 (VIOLATED)
mem_i1/addr1[5]                         0.045000    0.102692   -0.057692 (VIOLATED)
mem_i1/addr1[7]                         0.045000    0.101426   -0.056426 (VIOLATED)
mem_i0/addr1[1]                         0.045000    0.096632   -0.051632 (VIOLATED)

max fanout

Pin                                   Limit Fanout  Slack
---------------------------------------------------------
clkbuf_2_1__f_clk/X                      10     21    -11 (VIOLATED)
fanout84/X                               10     21    -11 (VIOLATED)
clkbuf_2_0__f_clk/X                      10     19     -9 (VIOLATED)
fanout112/X                              10     17     -7 (VIOLATED)
clkbuf_2_3__f_clk/X                      10     15     -5 (VIOLATED)
fanout85/X                               10     15     -5 (VIOLATED)
clkbuf_2_2__f_clk/X                      10     13     -3 (VIOLATED)
fanout111/X                              10     11        (VIOLATED)



===========================================================================
report_parasitic_annotation -report_unannotated
============================================================================
Found 5 unannotated drivers.
 clkload0/X
 clkload1/X
 clkload2/Y
 mem_i0_113/HI
 mem_i1_114/HI
Found 0 partially unannotated drivers.

===========================================================================
max slew violation count 32
Writing metric design__max_slew_violation__count__corner:nom_tt_025C_1v80: 32
max fanout violation count 8
Writing metric design__max_fanout_violation__count__corner:nom_tt_025C_1v80: 8
max cap violation count 0
Writing metric design__max_cap_violation__count__corner:nom_tt_025C_1v80: 0
============================================================================

===========================================================================
check_setup -verbose -unconstrained_endpoints -multiple_clock -no_clock -no_input_delay -loops -generated_clocks
===========================================================================
Warning: There are 50 input ports missing set_input_delay.
  addr00[0]
  addr00[1]
  addr00[2]
  addr00[3]
  addr00[4]
  addr00[5]
  addr00[6]
  addr00[7]
  addr01[0]
  addr01[1]
  addr01[2]
  addr01[3]
  addr01[4]
  addr01[5]
  addr01[6]
  addr01[7]
  csb00
  csb01
  din00[0]
  din00[10]
  din00[11]
  din00[12]
  din00[13]
  din00[14]
  din00[15]
  din00[1]
  din00[2]
  din00[3]
  din00[4]
  din00[5]
  din00[6]
  din00[7]
  din00[8]
  din00[9]
  din01[0]
  din01[10]
  din01[11]
  din01[12]
  din01[13]
  din01[14]
  din01[15]
  din01[1]
  din01[2]
  din01[3]
  din01[4]
  din01[5]
  din01[6]
  din01[7]
  din01[8]
  din01[9]
Warning: There are 52 unconstrained endpoints.
  mem_i0/addr0[0]
  mem_i0/addr0[1]
  mem_i0/addr0[2]
  mem_i0/addr0[3]
  mem_i0/addr0[4]
  mem_i0/addr0[5]
  mem_i0/addr0[6]
  mem_i0/addr0[7]
  mem_i0/csb0
  mem_i0/csb1
  mem_i0/din0[0]
  mem_i0/din0[10]
  mem_i0/din0[11]
  mem_i0/din0[12]
  mem_i0/din0[13]
  mem_i0/din0[14]
  mem_i0/din0[15]
  mem_i0/din0[1]
  mem_i0/din0[2]
  mem_i0/din0[3]
  mem_i0/din0[4]
  mem_i0/din0[5]
  mem_i0/din0[6]
  mem_i0/din0[7]
  mem_i0/din0[8]
  mem_i0/din0[9]
  mem_i1/addr0[0]
  mem_i1/addr0[1]
  mem_i1/addr0[2]
  mem_i1/addr0[3]
  mem_i1/addr0[4]
  mem_i1/addr0[5]
  mem_i1/addr0[6]
  mem_i1/addr0[7]
  mem_i1/csb0
  mem_i1/csb1
  mem_i1/din0[0]
  mem_i1/din0[10]
  mem_i1/din0[11]
  mem_i1/din0[12]
  mem_i1/din0[13]
  mem_i1/din0[14]
  mem_i1/din0[15]
  mem_i1/din0[1]
  mem_i1/din0[2]
  mem_i1/din0[3]
  mem_i1/din0[4]
  mem_i1/din0[5]
  mem_i1/din0[6]
  mem_i1/din0[7]
  mem_i1/din0[8]
  mem_i1/din0[9]
