Clock: clk
Sources: clk 
Generated: no
Virtual: yes
Propagated: no
Period: 5.000000

===========================================================================
report_clock_properties
============================================================================
Clock                   Period          Waveform
----------------------------------------------------
clk                   5.000000    0.000000  2.500000

===========================================================================
report_clock_latency
============================================================================
Clock clk
rise -> rise
    min     max
0.000000 0.000000 source latency
0.134086         network latency _079_/CLK
        0.134086 network latency _079_/CLK
---------------
0.134086 0.134086 latency
        0.000000 skew

fall -> fall
    min     max
0.000000 0.000000 source latency
0.054788         network latency _079_/CLK
        0.054788 network latency _079_/CLK
---------------
0.054788 0.054788 latency
        0.000000 skew



===========================================================================
report_clock_min_period
============================================================================
clk period_min = 1.12 fmax = 893.15
