Clock: clk
Sources: clk 
Generated: no
Virtual: yes
Propagated: no
Period: 5.000000

===========================================================================
report_clock_properties
============================================================================
Clock                   Period          Waveform
----------------------------------------------------
clk                   5.000000    0.000000  2.500000

===========================================================================
report_clock_latency
============================================================================
Clock clk
rise -> rise
    min     max
0.000000 0.000000 source latency
0.657881         network latency _094_/CLK
        0.665973 network latency _100_/CLK
---------------
0.657881 0.665973 latency
        0.008092 skew

fall -> fall
    min     max
0.000000 0.000000 source latency
0.530638         network latency _083_/CLK
        0.536447 network latency _090_/CLK
---------------
0.530638 0.536447 latency
        0.005809 skew



===========================================================================
report_clock_min_period
============================================================================
clk period_min = 2.04 fmax = 489.06
