Clock: clk
Sources: clk 
Generated: no
Virtual: yes
Propagated: no
Period: 5.000000

===========================================================================
report_clock_properties
============================================================================
Clock                   Period          Waveform
----------------------------------------------------
clk                   5.000000    0.000000  2.500000

===========================================================================
report_clock_latency
============================================================================
Clock clk
rise -> rise
    min     max
0.000000 0.000000 source latency
0.874481         network latency mem_i0/clk1
        0.907681 network latency _123_/CLK
---------------
0.874481 0.907681 latency
        0.033200 skew

fall -> fall
    min     max
0.000000 0.000000 source latency
0.673608         network latency mem_i0/clk1
        0.699255 network latency _123_/CLK
---------------
0.673608 0.699255 latency
        0.025647 skew



===========================================================================
report_clock_min_period
============================================================================
clk period_min = 1.72 fmax = 580.82
