Clock: clk
Sources: clk 
Generated: no
Virtual: yes
Propagated: no
Period: 10.000000

===========================================================================
report_clock_properties
============================================================================
Clock                   Period          Waveform
----------------------------------------------------
clk                  10.000000    0.000000  5.000000

===========================================================================
report_clock_latency
============================================================================
Clock clk
rise -> rise
    min     max
0.000000 0.000000 source latency
1.183757         network latency _094_/CLK
        1.197558 network latency _100_/CLK
---------------
1.183757 1.197558 latency
        0.013801 skew

fall -> fall
    min     max
0.000000 0.000000 source latency
0.989055         network latency _094_/CLK
        0.996758 network latency _090_/CLK
---------------
0.989055 0.996758 latency
        0.007703 skew



===========================================================================
report_clock_min_period
============================================================================
clk period_min = 4.01 fmax = 249.48
