Clock: clk
Sources: clk 
Generated: no
Virtual: yes
Propagated: no
Period: 5.000000

===========================================================================
report_clock_properties
============================================================================
Clock                   Period          Waveform
----------------------------------------------------
clk                   5.000000    0.000000  2.500000

===========================================================================
report_clock_latency
============================================================================
Clock clk
rise -> rise
    min     max
0.000000 0.000000 source latency
0.453863         network latency _094_/CLK
        0.459605 network latency _090_/CLK
---------------
0.453863 0.459605 latency
        0.005742 skew

fall -> fall
    min     max
0.000000 0.000000 source latency
0.363231         network latency _083_/CLK
        0.372833 network latency _090_/CLK
---------------
0.363231 0.372833 latency
        0.009601 skew



===========================================================================
report_clock_min_period
============================================================================
clk period_min = 1.42 fmax = 704.94
