Clock: clk
Sources: clk 
Generated: no
Virtual: yes
Propagated: no
Period: 10.000000

===========================================================================
report_clock_properties
============================================================================
Clock                   Period          Waveform
----------------------------------------------------
clk                  10.000000    0.000000  5.000000

===========================================================================
report_clock_latency
============================================================================
Clock clk
rise -> rise
    min     max
0.000000 0.000000 source latency
0.578788         network latency _094_/CLK
        0.587511 network latency _100_/CLK
---------------
0.578788 0.587511 latency
        0.008723 skew

fall -> fall
    min     max
0.000000 0.000000 source latency
0.479138         network latency _094_/CLK
        0.485594 network latency _090_/CLK
---------------
0.479138 0.485594 latency
        0.006456 skew



===========================================================================
report_clock_min_period
============================================================================
clk period_min = 2.05 fmax = 487.82
