
===========================================================================
report_checks -unconstrained
===========================================================================
======================= min_ff_n40C_1v95 Corner ===================================

Startpoint: rst (input port clocked by clk)
Endpoint: _130_ (recovery check against rising-edge clock clk)
Path Group: asynchronous
Path Type: max

Fanout         Cap        Slew       Delay        Time   Description
---------------------------------------------------------------------------------------------
                                  0.000000    0.000000   clock clk (rise edge)
                                  0.000000    0.000000   clock network delay (propagated)
                                  2.500000    2.500000 v input external delay
     2    0.003581    0.005876    0.002941    2.502941 v rst (in)
                                                         rst (net)
                      0.005876    0.000000    2.502941 v input51/A (sky130_fd_sc_hd__buf_1)
     1    0.009096    0.040602    0.066942    2.569883 v input51/X (sky130_fd_sc_hd__buf_1)
                                                         net51 (net)
                      0.040603    0.000298    2.570181 v fanout114/A (sky130_fd_sc_hd__buf_6)
    21    0.123952    0.079134    0.118886    2.689068 v fanout114/X (sky130_fd_sc_hd__buf_6)
                                                         net114 (net)
                      0.079136    0.000442    2.689509 v fanout113/A (sky130_fd_sc_hd__buf_4)
    15    0.074963    0.073291    0.157064    2.846574 v fanout113/X (sky130_fd_sc_hd__buf_4)
                                                         net113 (net)
                      0.074723    0.008104    2.854678 v fanout112/A (sky130_fd_sc_hd__buf_4)
    10    0.048065    0.053801    0.139885    2.994563 v fanout112/X (sky130_fd_sc_hd__buf_4)
                                                         net112 (net)
                      0.053805    0.000504    2.995068 v _105_/A (sky130_fd_sc_hd__inv_2)
     1    0.012860    0.049197    0.060667    3.055734 ^ _105_/Y (sky130_fd_sc_hd__inv_2)
                                                         _035_ (net)
                      0.049208    0.000597    3.056331 ^ _130_/RESET_B (sky130_fd_sc_hd__dfrtp_1)
                                              3.056331   data arrival time

                                  5.000000    5.000000   clock clk (rise edge)
                                  0.000000    5.000000   clock source latency
     2    0.090515    0.307844    0.218637    5.218637 ^ clk (in)
                                                         clk (net)
                      0.310139    0.000000    5.218637 ^ clkbuf_0_clk/A (sky130_fd_sc_hd__clkbuf_16)
     9    0.117796    0.104477    0.187001    5.405638 ^ clkbuf_0_clk/X (sky130_fd_sc_hd__clkbuf_16)
                                                         clknet_0_clk (net)
                      0.104682    0.003206    5.408844 ^ clkbuf_2_3__f_clk/A (sky130_fd_sc_hd__clkbuf_16)
    15    0.088012    0.080416    0.141174    5.550018 ^ clkbuf_2_3__f_clk/X (sky130_fd_sc_hd__clkbuf_16)
                                                         clknet_2_3__leaf_clk (net)
                      0.080614    0.003211    5.553230 ^ _130_/CLK (sky130_fd_sc_hd__dfrtp_1)
                                 -0.250000    5.303229   clock uncertainty
                                  0.000000    5.303229   clock reconvergence pessimism
                                  0.147703    5.450933   library recovery time
                                              5.450933   data required time
---------------------------------------------------------------------------------------------
                                              5.450933   data required time
                                             -3.056331   data arrival time
---------------------------------------------------------------------------------------------
                                              2.394602   slack (MET)


Startpoint: _139_ (rising edge-triggered flip-flop clocked by clk)
Endpoint: sine_out[2] (output port clocked by clk)
Path Group: clk
Path Type: max

Fanout         Cap        Slew       Delay        Time   Description
---------------------------------------------------------------------------------------------
                                  0.000000    0.000000   clock clk (rise edge)
                                  0.000000    0.000000   clock source latency
     2    0.090515    0.307844    0.218636    0.218636 ^ clk (in)
                                                         clk (net)
                      0.310139    0.000000    0.218636 ^ clkbuf_0_clk/A (sky130_fd_sc_hd__clkbuf_16)
     9    0.117796    0.104477    0.187001    0.405638 ^ clkbuf_0_clk/X (sky130_fd_sc_hd__clkbuf_16)
                                                         clknet_0_clk (net)
                      0.104788    0.004163    0.409801 ^ clkbuf_2_0__f_clk/A (sky130_fd_sc_hd__clkbuf_16)
    17    0.078210    0.073150    0.136851    0.546652 ^ clkbuf_2_0__f_clk/X (sky130_fd_sc_hd__clkbuf_16)
                                                         clknet_2_0__leaf_clk (net)
                      0.073153    0.000442    0.547094 ^ _139_/CLK (sky130_fd_sc_hd__dfrtp_1)
     3    0.026522    0.100110    0.304488    0.851582 v _139_/Q (sky130_fd_sc_hd__dfrtp_1)
                                                         net60 (net)
                      0.100141    0.001692    0.853274 v output60/A (sky130_fd_sc_hd__buf_1)
     1    0.000551    0.012941    0.071802    0.925075 v output60/X (sky130_fd_sc_hd__buf_1)
                                                         sine_out[2] (net)
                      0.012941    0.000002    0.925078 v sine_out[2] (out)
                                              0.925078   data arrival time

                                  5.000000    5.000000   clock clk (rise edge)
                                  0.000000    5.000000   clock network delay (propagated)
                                 -0.250000    4.750000   clock uncertainty
                                  0.000000    4.750000   clock reconvergence pessimism
                                 -2.500000    2.250000   output external delay
                                              2.250000   data required time
---------------------------------------------------------------------------------------------
                                              2.250000   data required time
                                             -0.925078   data arrival time
---------------------------------------------------------------------------------------------
                                              1.324922   slack (MET)




===========================================================================
report_checks --slack_max -0.01
============================================================================
======================= min_ff_n40C_1v95 Corner ===================================

No paths found.


===========================================================================
 report_check_types -max_slew -max_cap -max_fanout -violators
============================================================================
======================= min_ff_n40C_1v95 Corner ===================================

max slew

Pin                                        Limit        Slew       Slack
------------------------------------------------------------------------
mem_i1/addr0[1]                         0.040000    0.310727   -0.270727 (VIOLATED)
mem_i0/addr1[7]                         0.045000    0.249786   -0.204786 (VIOLATED)
mem_i1/addr1[1]                         0.045000    0.225155   -0.180155 (VIOLATED)
mem_i0/addr1[5]                         0.045000    0.219680   -0.174680 (VIOLATED)
mem_i1/addr1[0]                         0.045000    0.212470   -0.167470 (VIOLATED)
mem_i0/addr1[6]                         0.045000    0.211990   -0.166990 (VIOLATED)
mem_i1/addr1[6]                         0.045000    0.184284   -0.139284 (VIOLATED)
mem_i1/addr0[0]                         0.040000    0.178189   -0.138189 (VIOLATED)
mem_i0/addr1[2]                         0.045000    0.178003   -0.133003 (VIOLATED)
mem_i1/addr1[5]                         0.045000    0.172377   -0.127377 (VIOLATED)
mem_i0/addr1[3]                         0.045000    0.171411   -0.126411 (VIOLATED)
mem_i0/addr1[1]                         0.045000    0.158647   -0.113647 (VIOLATED)
mem_i0/addr1[0]                         0.045000    0.155343   -0.110343 (VIOLATED)
mem_i1/addr1[2]                         0.045000    0.155246   -0.110246 (VIOLATED)
mem_i0/addr0[3]                         0.040000    0.149886   -0.109886 (VIOLATED)
mem_i0/addr0[2]                         0.040000    0.146801   -0.106801 (VIOLATED)
mem_i0/addr0[6]                         0.040000    0.146370   -0.106370 (VIOLATED)
mem_i1/addr0[4]                         0.040000    0.142841   -0.102841 (VIOLATED)
mem_i1/addr0[3]                         0.040000    0.142475   -0.102475 (VIOLATED)
mem_i1/addr0[2]                         0.040000    0.142079   -0.102079 (VIOLATED)
mem_i1/addr0[7]                         0.040000    0.142023   -0.102023 (VIOLATED)
mem_i0/addr0[4]                         0.040000    0.141657   -0.101657 (VIOLATED)
mem_i1/addr0[6]                         0.040000    0.141630   -0.101630 (VIOLATED)
mem_i1/addr0[5]                         0.040000    0.141203   -0.101203 (VIOLATED)
mem_i0/addr0[5]                         0.040000    0.139549   -0.099549 (VIOLATED)
mem_i0/addr0[7]                         0.040000    0.138869   -0.098869 (VIOLATED)
mem_i0/addr1[4]                         0.045000    0.139325   -0.094325 (VIOLATED)
mem_i0/addr0[1]                         0.040000    0.127324   -0.087324 (VIOLATED)
mem_i0/addr0[0]                         0.040000    0.126577   -0.086577 (VIOLATED)
mem_i1/addr1[7]                         0.045000    0.108420   -0.063420 (VIOLATED)
mem_i1/addr1[4]                         0.045000    0.101591   -0.056591 (VIOLATED)
mem_i1/addr1[3]                         0.045000    0.094253   -0.049253 (VIOLATED)

max fanout

Pin                                   Limit Fanout  Slack
---------------------------------------------------------
clkbuf_2_2__f_clk/X                      10     23    -13 (VIOLATED)
fanout114/X                              10     21    -11 (VIOLATED)
fanout84/X                               10     21    -11 (VIOLATED)
clkbuf_2_0__f_clk/X                      10     17     -7 (VIOLATED)
clkbuf_2_3__f_clk/X                      10     15     -5 (VIOLATED)
fanout113/X                              10     15     -5 (VIOLATED)
_083_/X                                  10     13     -3 (VIOLATED)
clkbuf_2_1__f_clk/X                      10     13     -3 (VIOLATED)



===========================================================================
report_parasitic_annotation -report_unannotated
============================================================================
Found 5 unannotated drivers.
 clkload0/Y
 clkload1/Y
 clkload2/Y
 mem_i0_115/HI
 mem_i1_116/HI
Found 0 partially unannotated drivers.

===========================================================================
max slew violation count 32
max fanout violation count 8
max cap violation count 0
============================================================================

===========================================================================
check_setup -verbose -unconstrained_endpoints -multiple_clock -no_clock -no_input_delay -loops -generated_clocks
===========================================================================
Warning: There are 50 input ports missing set_input_delay.
  addr00[0]
  addr00[1]
  addr00[2]
  addr00[3]
  addr00[4]
  addr00[5]
  addr00[6]
  addr00[7]
  addr01[0]
  addr01[1]
  addr01[2]
  addr01[3]
  addr01[4]
  addr01[5]
  addr01[6]
  addr01[7]
  csb00
  csb01
  din00[0]
  din00[10]
  din00[11]
  din00[12]
  din00[13]
  din00[14]
  din00[15]
  din00[1]
  din00[2]
  din00[3]
  din00[4]
  din00[5]
  din00[6]
  din00[7]
  din00[8]
  din00[9]
  din01[0]
  din01[10]
  din01[11]
  din01[12]
  din01[13]
  din01[14]
  din01[15]
  din01[1]
  din01[2]
  din01[3]
  din01[4]
  din01[5]
  din01[6]
  din01[7]
  din01[8]
  din01[9]
Warning: There are 52 unconstrained endpoints.
  mem_i0/addr0[0]
  mem_i0/addr0[1]
  mem_i0/addr0[2]
  mem_i0/addr0[3]
  mem_i0/addr0[4]
  mem_i0/addr0[5]
  mem_i0/addr0[6]
  mem_i0/addr0[7]
  mem_i0/csb0
  mem_i0/csb1
  mem_i0/din0[0]
  mem_i0/din0[10]
  mem_i0/din0[11]
  mem_i0/din0[12]
  mem_i0/din0[13]
  mem_i0/din0[14]
  mem_i0/din0[15]
  mem_i0/din0[1]
  mem_i0/din0[2]
  mem_i0/din0[3]
  mem_i0/din0[4]
  mem_i0/din0[5]
  mem_i0/din0[6]
  mem_i0/din0[7]
  mem_i0/din0[8]
  mem_i0/din0[9]
  mem_i1/addr0[0]
  mem_i1/addr0[1]
  mem_i1/addr0[2]
  mem_i1/addr0[3]
  mem_i1/addr0[4]
  mem_i1/addr0[5]
  mem_i1/addr0[6]
  mem_i1/addr0[7]
  mem_i1/csb0
  mem_i1/csb1
  mem_i1/din0[0]
  mem_i1/din0[10]
  mem_i1/din0[11]
  mem_i1/din0[12]
  mem_i1/din0[13]
  mem_i1/din0[14]
  mem_i1/din0[15]
  mem_i1/din0[1]
  mem_i1/din0[2]
  mem_i1/din0[3]
  mem_i1/din0[4]
  mem_i1/din0[5]
  mem_i1/din0[6]
  mem_i1/din0[7]
  mem_i1/din0[8]
  mem_i1/din0[9]
