Clock: clk
Sources: clk 
Generated: no
Virtual: yes
Propagated: no
Period: 5.000000

===========================================================================
report_clock_properties
============================================================================
Clock                   Period          Waveform
----------------------------------------------------
clk                   5.000000    0.000000  2.500000

===========================================================================
report_clock_latency
============================================================================
Clock clk
rise -> rise
    min     max
0.000000 0.000000 source latency
0.544691         network latency _134_/CLK
        0.558011 network latency mem_i1/clk1
---------------
0.544691 0.558011 latency
        0.013320 skew

fall -> fall
    min     max
0.000000 0.000000 source latency
0.427378         network latency _134_/CLK
        0.438075 network latency mem_i1/clk1
---------------
0.427378 0.438075 latency
        0.010697 skew



===========================================================================
report_clock_min_period
============================================================================
clk period_min = 1.43 fmax = 700.76
