                                                                       Cells by Function                                                                        
┏━━━━━━━━━━━━━━━━━━━━━━━━━━━━━━━━━━━━━━━━━━━━━━━━━━━━━━━━━━━━━━━━━━━━━━━━━━━━━━━━━━━━━━━━━━━━━━━━━━━━━━━━━━━━━━━━━━━━━━━━━━━━━━━━━┳━━━━━━━━━━━━━━━━━━━━━━━━━━━━┓
┃ Cell Function                                                                                                                   ┃ Count                      ┃
┡━━━━━━━━━━━━━━━━━━━━━━━━━━━━━━━━━━━━━━━━━━━━━━━━━━━━━━━━━━━━━━━━━━━━━━━━━━━━━━━━━━━━━━━━━━━━━━━━━━━━━━━━━━━━━━━━━━━━━━━━━━━━━━━━━╇━━━━━━━━━━━━━━━━━━━━━━━━━━━━┩
│ sky130_ef_sc_hd__decap                                                                                                          │ 2827                       │
│ sky130_fd_sc_hd__a21oi                                                                                                          │ 2                          │
│ sky130_fd_sc_hd__a41o                                                                                                           │ 1                          │
│ sky130_fd_sc_hd__and2                                                                                                           │ 1                          │
│ sky130_fd_sc_hd__and2b                                                                                                          │ 1                          │
│ sky130_fd_sc_hd__and3                                                                                                           │ 2                          │
│ sky130_fd_sc_hd__and4                                                                                                           │ 2                          │
│ sky130_fd_sc_hd__buf                                                                                                            │ 67                         │
│ sky130_fd_sc_hd__bufinv                                                                                                         │ 1                          │
│ sky130_fd_sc_hd__clkbuf                                                                                                         │ 48                         │
│ sky130_fd_sc_hd__clkinvlp                                                                                                       │ 1                          │
│ sky130_fd_sc_hd__conb                                                                                                           │ 2                          │
│ sky130_fd_sc_hd__decap                                                                                                          │ 1846                       │
│ sky130_fd_sc_hd__dfrtp                                                                                                          │ 25                         │
│ sky130_fd_sc_hd__diode                                                                                                          │ 292                        │
│ sky130_fd_sc_hd__dlygate4sd3                                                                                                    │ 3                          │
│ sky130_fd_sc_hd__dlymetal6s2s                                                                                                   │ 4                          │
│ sky130_fd_sc_hd__fill                                                                                                           │ 788                        │
│ sky130_fd_sc_hd__inv                                                                                                            │ 27                         │
│ sky130_fd_sc_hd__mux2                                                                                                           │ 16                         │
│ sky130_fd_sc_hd__nor2                                                                                                           │ 4                          │
│ sky130_fd_sc_hd__tapvpwrvgnd                                                                                                    │ 772                        │
│ sky130_fd_sc_hd__xor2                                                                                                           │ 4                          │
└─────────────────────────────────────────────────────────────────────────────────────────────────────────────────────────────────┴────────────────────────────┘
