                                                                        Cells by Master                                                                         
┏━━━━━━━━━━━━━━━━━━━━━━━━━━━━━━━━━━━━━━━━━━━━━━━━━━━━━━━━━━━━━━━━━━━━━━━━━━━━━━━━━━━━━━━━━━━━━━━━━━━━━━━━━━━━━━━━━━━━━━━━━━━━━━━━━━┳━━━━━━━━━━━━━━━━━━━━━━━━━━━┓
┃ Cell                                                                                                                             ┃ Count                     ┃
┡━━━━━━━━━━━━━━━━━━━━━━━━━━━━━━━━━━━━━━━━━━━━━━━━━━━━━━━━━━━━━━━━━━━━━━━━━━━━━━━━━━━━━━━━━━━━━━━━━━━━━━━━━━━━━━━━━━━━━━━━━━━━━━━━━━╇━━━━━━━━━━━━━━━━━━━━━━━━━━━┩
│ ram_256x16                                                                                                                       │ 2                         │
│ sky130_ef_sc_hd__decap_12                                                                                                        │ 2827                      │
│ sky130_fd_sc_hd__a21oi_1                                                                                                         │ 2                         │
│ sky130_fd_sc_hd__a41o_1                                                                                                          │ 1                         │
│ sky130_fd_sc_hd__and2_1                                                                                                          │ 1                         │
│ sky130_fd_sc_hd__and2b_1                                                                                                         │ 1                         │
│ sky130_fd_sc_hd__and3_1                                                                                                          │ 2                         │
│ sky130_fd_sc_hd__and4_2                                                                                                          │ 2                         │
│ sky130_fd_sc_hd__buf_1                                                                                                           │ 60                        │
│ sky130_fd_sc_hd__buf_2                                                                                                           │ 3                         │
│ sky130_fd_sc_hd__buf_4                                                                                                           │ 3                         │
│ sky130_fd_sc_hd__buf_6                                                                                                           │ 1                         │
│ sky130_fd_sc_hd__bufinv_8                                                                                                        │ 1                         │
│ sky130_fd_sc_hd__clkbuf_16                                                                                                       │ 5                         │
│ sky130_fd_sc_hd__clkbuf_2                                                                                                        │ 43                        │
│ sky130_fd_sc_hd__clkinvlp_4                                                                                                      │ 1                         │
│ sky130_fd_sc_hd__conb_1                                                                                                          │ 2                         │
│ sky130_fd_sc_hd__decap_3                                                                                                         │ 1121                      │
│ sky130_fd_sc_hd__decap_4                                                                                                         │ 133                       │
│ sky130_fd_sc_hd__decap_6                                                                                                         │ 318                       │
│ sky130_fd_sc_hd__decap_8                                                                                                         │ 274                       │
│ sky130_fd_sc_hd__dfrtp_1                                                                                                         │ 25                        │
│ sky130_fd_sc_hd__diode_2                                                                                                         │ 292                       │
│ sky130_fd_sc_hd__dlygate4sd3_1                                                                                                   │ 3                         │
│ sky130_fd_sc_hd__dlymetal6s2s_1                                                                                                  │ 4                         │
│ sky130_fd_sc_hd__fill_1                                                                                                          │ 556                       │
│ sky130_fd_sc_hd__fill_2                                                                                                          │ 232                       │
│ sky130_fd_sc_hd__inv_2                                                                                                           │ 26                        │
│ sky130_fd_sc_hd__inv_8                                                                                                           │ 1                         │
│ sky130_fd_sc_hd__mux2_1                                                                                                          │ 16                        │
│ sky130_fd_sc_hd__nor2_1                                                                                                          │ 4                         │
│ sky130_fd_sc_hd__tapvpwrvgnd_1                                                                                                   │ 772                       │
│ sky130_fd_sc_hd__xor2_1                                                                                                          │ 4                         │
└──────────────────────────────────────────────────────────────────────────────────────────────────────────────────────────────────┴───────────────────────────┘
