
===========================================================================
report_checks -unconstrained
===========================================================================
======================= max_ff_n40C_1v95 Corner ===================================

Startpoint: rst (input port clocked by clk)
Endpoint: _134_ (recovery check against rising-edge clock clk)
Path Group: asynchronous
Path Type: max

Fanout         Cap        Slew       Delay        Time   Description
---------------------------------------------------------------------------------------------
                                  0.000000    0.000000   clock clk (rise edge)
                                  0.000000    0.000000   clock network delay (propagated)
                                  2.500000    2.500000 v input external delay
     2    0.003672    0.005994    0.003088    2.503088 v rst (in)
                                                         rst (net)
                      0.006002    0.000000    2.503088 v input51/A (sky130_fd_sc_hd__buf_1)
     3    0.019753    0.080468    0.096560    2.599648 v input51/X (sky130_fd_sc_hd__buf_1)
                                                         net51 (net)
                      0.080558    0.002246    2.601894 v fanout110/A (sky130_fd_sc_hd__buf_4)
    17    0.084727    0.081281    0.154784    2.756678 v fanout110/X (sky130_fd_sc_hd__buf_4)
                                                         net110 (net)
                      0.081332    0.002018    2.758696 v fanout109/A (sky130_fd_sc_hd__buf_4)
    19    0.063253    0.068842    0.148762    2.907458 v fanout109/X (sky130_fd_sc_hd__buf_4)
                                                         net109 (net)
                      0.068901    0.001751    2.909208 v fanout108/A (sky130_fd_sc_hd__buf_4)
    10    0.056706    0.061757    0.142092    3.051300 v fanout108/X (sky130_fd_sc_hd__buf_4)
                                                         net108 (net)
                      0.062018    0.003435    3.054735 v _109_/A (sky130_fd_sc_hd__inv_2)
     1    0.005865    0.030684    0.046860    3.101595 ^ _109_/Y (sky130_fd_sc_hd__inv_2)
                                                         _039_ (net)
                      0.030692    0.000334    3.101929 ^ _134_/RESET_B (sky130_fd_sc_hd__dfrtp_1)
                                              3.101929   data arrival time

                                  5.000000    5.000000   clock clk (rise edge)
                                  0.000000    5.000000   clock source latency
     2    0.078764    0.268863    0.199670    5.199670 ^ clk (in)
                                                         clk (net)
                      0.274983    0.000000    5.199670 ^ clkbuf_0_clk/A (sky130_fd_sc_hd__clkbuf_16)
     9    0.130175    0.112861    0.185045    5.384715 ^ clkbuf_0_clk/X (sky130_fd_sc_hd__clkbuf_16)
                                                         clknet_0_clk (net)
                      0.115568    0.013673    5.398387 ^ clkbuf_2_1__f_clk/A (sky130_fd_sc_hd__clkbuf_16)
    19    0.062335    0.061938    0.129561    5.527948 ^ clkbuf_2_1__f_clk/X (sky130_fd_sc_hd__clkbuf_16)
                                                         clknet_2_1__leaf_clk (net)
                      0.062734    0.005362    5.533310 ^ _134_/CLK (sky130_fd_sc_hd__dfrtp_1)
                                 -0.250000    5.283310   clock uncertainty
                                  0.000000    5.283310   clock reconvergence pessimism
                                  0.148458    5.431768   library recovery time
                                              5.431768   data required time
---------------------------------------------------------------------------------------------
                                              5.431768   data required time
                                             -3.101929   data arrival time
---------------------------------------------------------------------------------------------
                                              2.329840   slack (MET)


Startpoint: mem_i1 (falling edge-triggered flip-flop clocked by clk)
Endpoint: _122_ (rising edge-triggered flip-flop clocked by clk)
Path Group: clk
Path Type: max

Fanout         Cap        Slew       Delay        Time   Description
---------------------------------------------------------------------------------------------
                                  2.500000    2.500000   clock clk (fall edge)
                                  0.000000    2.500000   clock source latency
     2    0.077768    0.122076    0.096269    2.596269 v clk (in)
                                                         clk (net)
                      0.134978    0.000000    2.596269 v clkbuf_0_clk/A (sky130_fd_sc_hd__clkbuf_16)
     9    0.126158    0.069790    0.178779    2.775048 v clkbuf_0_clk/X (sky130_fd_sc_hd__clkbuf_16)
                                                         clknet_0_clk (net)
                      0.075922    0.015965    2.791013 v clkbuf_2_0__f_clk/A (sky130_fd_sc_hd__clkbuf_16)
    19    0.099573    0.062581    0.144345    2.935357 v clkbuf_2_0__f_clk/X (sky130_fd_sc_hd__clkbuf_16)
                                                         clknet_2_0__leaf_clk (net)
                      0.089123    0.012638    2.947995 v mem_i1/clk1 (ram_256x16)
     1    0.004859    0.003821    0.310599    3.258595 v mem_i1/dout1[10] (ram_256x16)
                                                         sine_out_temp1[10] (net)
                      0.002865    0.000190    3.258785 v wire82/A (sky130_fd_sc_hd__clkbuf_2)
     3    0.134107    0.348926    0.255155    3.513940 v wire82/X (sky130_fd_sc_hd__clkbuf_2)
                                                         net82 (net)
                      0.366519    0.061090    3.575029 v _073_/A1 (sky130_fd_sc_hd__mux2_1)
     3    0.022012    0.108623    0.344115    3.919145 v _073_/X (sky130_fd_sc_hd__mux2_1)
                                                         _001_ (net)
                      0.108725    0.002997    3.922141 v _122_/D (sky130_fd_sc_hd__dfrtp_1)
                                              3.922141   data arrival time

                                  5.000000    5.000000   clock clk (rise edge)
                                  0.000000    5.000000   clock source latency
     2    0.078764    0.268863    0.199670    5.199670 ^ clk (in)
                                                         clk (net)
                      0.274983    0.000000    5.199670 ^ clkbuf_0_clk/A (sky130_fd_sc_hd__clkbuf_16)
     9    0.130175    0.112861    0.185045    5.384715 ^ clkbuf_0_clk/X (sky130_fd_sc_hd__clkbuf_16)
                                                         clknet_0_clk (net)
                      0.115568    0.013673    5.398387 ^ clkbuf_2_1__f_clk/A (sky130_fd_sc_hd__clkbuf_16)
    19    0.062335    0.061938    0.129561    5.527948 ^ clkbuf_2_1__f_clk/X (sky130_fd_sc_hd__clkbuf_16)
                                                         clknet_2_1__leaf_clk (net)
                      0.063604    0.007923    5.535871 ^ _122_/CLK (sky130_fd_sc_hd__dfrtp_1)
                                 -0.250000    5.285871   clock uncertainty
                                  0.000000    5.285871   clock reconvergence pessimism
                                 -0.096768    5.189103   library setup time
                                              5.189103   data required time
---------------------------------------------------------------------------------------------
                                              5.189103   data required time
                                             -3.922141   data arrival time
---------------------------------------------------------------------------------------------
                                              1.266961   slack (MET)




===========================================================================
report_checks --slack_max -0.01
============================================================================
======================= max_ff_n40C_1v95 Corner ===================================

No paths found.


===========================================================================
 report_check_types -max_slew -max_cap -max_fanout -violators
============================================================================
======================= max_ff_n40C_1v95 Corner ===================================

max slew

Pin                                        Limit        Slew       Slack
------------------------------------------------------------------------
mem_i1/addr1[1]                         0.045000    0.467553   -0.422553 (VIOLATED)
mem_i1/addr1[0]                         0.045000    0.415105   -0.370105 (VIOLATED)
mem_i0/addr1[7]                         0.045000    0.402765   -0.357765 (VIOLATED)
mem_i1/addr0[1]                         0.040000    0.396050   -0.356050 (VIOLATED)
mem_i0/addr1[6]                         0.045000    0.378511   -0.333511 (VIOLATED)
mem_i0/addr1[5]                         0.045000    0.356547   -0.311547 (VIOLATED)
mem_i0/addr1[2]                         0.045000    0.295091   -0.250091 (VIOLATED)
mem_i0/addr0[1]                         0.040000    0.242480   -0.202480 (VIOLATED)
mem_i0/addr1[4]                         0.045000    0.237446   -0.192446 (VIOLATED)
mem_i1/addr1[4]                         0.045000    0.220490   -0.175490 (VIOLATED)
mem_i1/addr1[5]                         0.045000    0.214434   -0.169434 (VIOLATED)
mem_i0/addr1[3]                         0.045000    0.205133   -0.160133 (VIOLATED)
mem_i1/addr0[0]                         0.040000    0.197782   -0.157782 (VIOLATED)
mem_i0/addr0[2]                         0.040000    0.194485   -0.154485 (VIOLATED)
mem_i1/addr1[3]                         0.045000    0.198465   -0.153465 (VIOLATED)
mem_i1/addr1[2]                         0.045000    0.196246   -0.151246 (VIOLATED)
mem_i0/addr0[4]                         0.040000    0.185472   -0.145472 (VIOLATED)
mem_i0/addr0[6]                         0.040000    0.184576   -0.144576 (VIOLATED)
mem_i0/addr0[5]                         0.040000    0.183807   -0.143807 (VIOLATED)
mem_i0/addr0[3]                         0.040000    0.183133   -0.143133 (VIOLATED)
mem_i0/addr1[0]                         0.045000    0.178153   -0.133153 (VIOLATED)
mem_i0/addr0[7]                         0.040000    0.162885   -0.122885 (VIOLATED)
mem_i0/addr0[0]                         0.040000    0.156744   -0.116744 (VIOLATED)
mem_i1/addr0[4]                         0.040000    0.149409   -0.109409 (VIOLATED)
mem_i1/addr0[3]                         0.040000    0.149301   -0.109301 (VIOLATED)
mem_i1/addr0[2]                         0.040000    0.148297   -0.108297 (VIOLATED)
mem_i1/addr0[5]                         0.040000    0.148084   -0.108084 (VIOLATED)
mem_i1/addr0[7]                         0.040000    0.147913   -0.107913 (VIOLATED)
mem_i1/addr0[6]                         0.040000    0.147785   -0.107785 (VIOLATED)
mem_i1/addr1[6]                         0.045000    0.108985   -0.063985 (VIOLATED)
mem_i1/addr1[7]                         0.045000    0.099321   -0.054321 (VIOLATED)
mem_i0/addr1[1]                         0.045000    0.084846   -0.039846 (VIOLATED)

max fanout

Pin                                   Limit Fanout  Slack
---------------------------------------------------------
fanout83/X                               10     21    -11 (VIOLATED)
clkbuf_2_0__f_clk/X                      10     19     -9 (VIOLATED)
clkbuf_2_1__f_clk/X                      10     19     -9 (VIOLATED)
fanout109/X                              10     19     -9 (VIOLATED)
fanout110/X                              10     17     -7 (VIOLATED)
fanout84/X                               10     17     -7 (VIOLATED)
clkbuf_2_3__f_clk/X                      10     15     -5 (VIOLATED)
clkbuf_2_2__f_clk/X                      10     13     -3 (VIOLATED)

max capacitance

Pin                                        Limit         Cap       Slack
------------------------------------------------------------------------
mem_i1/dout1[0]                         0.027560    0.082872   -0.055312 (VIOLATED)



===========================================================================
report_parasitic_annotation -report_unannotated
============================================================================
Found 4 unannotated drivers.
 clkload0/Y
 clkload1/Y
 mem_i0_111/HI
 mem_i1_112/HI
Found 0 partially unannotated drivers.

===========================================================================
max slew violation count 32
max fanout violation count 8
max cap violation count 1
============================================================================

===========================================================================
check_setup -verbose -unconstrained_endpoints -multiple_clock -no_clock -no_input_delay -loops -generated_clocks
===========================================================================
Warning: There are 50 input ports missing set_input_delay.
  addr00[0]
  addr00[1]
  addr00[2]
  addr00[3]
  addr00[4]
  addr00[5]
  addr00[6]
  addr00[7]
  addr01[0]
  addr01[1]
  addr01[2]
  addr01[3]
  addr01[4]
  addr01[5]
  addr01[6]
  addr01[7]
  csb00
  csb01
  din00[0]
  din00[10]
  din00[11]
  din00[12]
  din00[13]
  din00[14]
  din00[15]
  din00[1]
  din00[2]
  din00[3]
  din00[4]
  din00[5]
  din00[6]
  din00[7]
  din00[8]
  din00[9]
  din01[0]
  din01[10]
  din01[11]
  din01[12]
  din01[13]
  din01[14]
  din01[15]
  din01[1]
  din01[2]
  din01[3]
  din01[4]
  din01[5]
  din01[6]
  din01[7]
  din01[8]
  din01[9]
Warning: There are 52 unconstrained endpoints.
  mem_i0/addr0[0]
  mem_i0/addr0[1]
  mem_i0/addr0[2]
  mem_i0/addr0[3]
  mem_i0/addr0[4]
  mem_i0/addr0[5]
  mem_i0/addr0[6]
  mem_i0/addr0[7]
  mem_i0/csb0
  mem_i0/csb1
  mem_i0/din0[0]
  mem_i0/din0[10]
  mem_i0/din0[11]
  mem_i0/din0[12]
  mem_i0/din0[13]
  mem_i0/din0[14]
  mem_i0/din0[15]
  mem_i0/din0[1]
  mem_i0/din0[2]
  mem_i0/din0[3]
  mem_i0/din0[4]
  mem_i0/din0[5]
  mem_i0/din0[6]
  mem_i0/din0[7]
  mem_i0/din0[8]
  mem_i0/din0[9]
  mem_i1/addr0[0]
  mem_i1/addr0[1]
  mem_i1/addr0[2]
  mem_i1/addr0[3]
  mem_i1/addr0[4]
  mem_i1/addr0[5]
  mem_i1/addr0[6]
  mem_i1/addr0[7]
  mem_i1/csb0
  mem_i1/csb1
  mem_i1/din0[0]
  mem_i1/din0[10]
  mem_i1/din0[11]
  mem_i1/din0[12]
  mem_i1/din0[13]
  mem_i1/din0[14]
  mem_i1/din0[15]
  mem_i1/din0[1]
  mem_i1/din0[2]
  mem_i1/din0[3]
  mem_i1/din0[4]
  mem_i1/din0[5]
  mem_i1/din0[6]
  mem_i1/din0[7]
  mem_i1/din0[8]
  mem_i1/din0[9]
