Clock: clk
Sources: clk 
Generated: no
Virtual: yes
Propagated: no
Period: 5.000000

===========================================================================
report_clock_properties
============================================================================
Clock                   Period          Waveform
----------------------------------------------------
clk                   5.000000    0.000000  2.500000

===========================================================================
report_clock_latency
============================================================================
Clock clk
rise -> rise
    min     max
0.000000 0.000000 source latency
0.529700         network latency mem_i0/clk1
        0.562130 network latency _128_/CLK
---------------
0.529700 0.562130 latency
        0.032430 skew

fall -> fall
    min     max
0.000000 0.000000 source latency
0.422472         network latency mem_i0/clk1
        0.447995 network latency mem_i1/clk1
---------------
0.422472 0.447995 latency
        0.025524 skew



===========================================================================
report_clock_min_period
============================================================================
clk period_min = 1.41 fmax = 711.44
