Clock: clk
Sources: clk 
Generated: no
Virtual: yes
Propagated: no
Period: 5.000000

===========================================================================
report_clock_properties
============================================================================
Clock                   Period          Waveform
----------------------------------------------------
clk                   5.000000    0.000000  2.500000

===========================================================================
report_clock_latency
============================================================================
Clock clk
rise -> rise
    min     max
0.000000 0.000000 source latency
0.703391         network latency _083_/CLK
        0.721900 network latency _090_/CLK
---------------
0.703391 0.721900 latency
        0.018508 skew

fall -> fall
    min     max
0.000000 0.000000 source latency
0.559881         network latency _083_/CLK
        0.582381 network latency _090_/CLK
---------------
0.559881 0.582381 latency
        0.022500 skew



===========================================================================
report_clock_min_period
============================================================================
clk period_min = 2.06 fmax = 486.24
